<?xml version="1.0" encoding="utf-8"?>
<TestRun id="403e033f-43d0-41d6-b680-5e046a131f37" name="runneradmin@fv-az448-595 2022-03-13 22:53:35" runUser="fv-az448-595\runneradmin" xmlns="http://microsoft.com/schemas/VisualStudio/TeamTest/2010">
  <Times creation="2022-03-13T22:53:35.6213448+00:00" queuing="2022-03-13T22:53:35.6213450+00:00" start="2022-03-13T22:53:33.0044151+00:00" finish="2022-03-13T22:53:40.9749612+00:00" />
  <TestSettings name="default" id="edd58126-c88b-4f3a-b570-c94f4d129fb4">
    <Deployment runDeploymentRoot="runneradmin_fv-az448-595_2022-03-13_22_53_35" />
  </TestSettings>
  <Results>
    <UnitTestResult executionId="022e97a8-ee91-4156-8750-cb6364b556c9" testId="0ebf358f-9eac-9438-b418-9c6aa81a6377" testName="UnitTests.Data.Repositories.GenericRepositoryTests.Repository_Update_UsesuserId" computerName="fv-az448-595" duration="00:00:00.0270000" startTime="2022-03-13T22:53:39.2230197+00:00" endTime="2022-03-13T22:53:39.2230197+00:00" testType="13cdc9d9-ddb5-4fa4-a97d-d965ccfc6d4b" outcome="Passed" testListId="8c84fa94-04c1-424b-9868-57a2d4851a1d" relativeResultsDirectory="022e97a8-ee91-4156-8750-cb6364b556c9" />
    <UnitTestResult executionId="34b2ffcd-3b0f-42fd-8973-e56ee62a0533" testId="f754f777-4449-23e8-f4ec-917f49117de2" testName="UnitTests.Data.Repositories.GenericRepositoryTests.Repository_DeleteMissing_DoesNotThrow" computerName="fv-az448-595" duration="00:00:00.0100000" startTime="2022-03-13T22:53:39.3410195+00:00" endTime="2022-03-13T22:53:39.3410195+00:00" testType="13cdc9d9-ddb5-4fa4-a97d-d965ccfc6d4b" outcome="Passed" testListId="8c84fa94-04c1-424b-9868-57a2d4851a1d" relativeResultsDirectory="34b2ffcd-3b0f-42fd-8973-e56ee62a0533" />
    <UnitTestResult executionId="192a9bda-fa3b-4fc6-9c1e-b781cc3a25f9" testId="e6610648-e456-1c64-d2b1-7e1242b871a8" testName="UnitTests.Services.ItemServiceTests.DeleteItem_Deletes" computerName="fv-az448-595" duration="00:00:00.0020000" startTime="2022-03-13T22:53:36.5472299+00:00" endTime="2022-03-13T22:53:36.5472299+00:00" testType="13cdc9d9-ddb5-4fa4-a97d-d965ccfc6d4b" outcome="Passed" testListId="8c84fa94-04c1-424b-9868-57a2d4851a1d" relativeResultsDirectory="192a9bda-fa3b-4fc6-9c1e-b781cc3a25f9" />
    <UnitTestResult executionId="20a1770a-6190-4f72-80dd-70e4817b4f51" testId="4fe0dd0f-2fa0-9c42-e816-a6df28150b72" testName="UnitTests.Data.Repositories.GenericRepositoryTests.GenericRepositoryGetsAll(iterations: 0)" computerName="fv-az448-595" duration="00:00:00.0080000" startTime="2022-03-13T22:53:39.2920199+00:00" endTime="2022-03-13T22:53:39.2920199+00:00" testType="13cdc9d9-ddb5-4fa4-a97d-d965ccfc6d4b" outcome="Passed" testListId="8c84fa94-04c1-424b-9868-57a2d4851a1d" relativeResultsDirectory="20a1770a-6190-4f72-80dd-70e4817b4f51" />
    <UnitTestResult executionId="3d3b63af-30b7-41e7-8e0e-3fba96709131" testId="9168bdef-a759-f4d6-b890-b643e17324cf" testName="UnitTests.Services.LoggingServiceTests.LogginService_TestableConstructorLogsErrorWithException" computerName="fv-az448-595" duration="00:00:00.0060000" startTime="2022-03-13T22:53:35.6472304+00:00" endTime="2022-03-13T22:53:35.6472304+00:00" testType="13cdc9d9-ddb5-4fa4-a97d-d965ccfc6d4b" outcome="Passed" testListId="8c84fa94-04c1-424b-9868-57a2d4851a1d" relativeResultsDirectory="3d3b63af-30b7-41e7-8e0e-3fba96709131" />
    <UnitTestResult executionId="160766e7-14ae-4345-b157-3a4c92ead9fa" testId="bae3532a-4a9e-c4ab-fc66-4dfa22d16170" testName="UnitTests.Controllers.ModuleApiControllerTests.HasUserInfo" computerName="fv-az448-595" duration="00:00:00.0770000" startTime="2022-03-13T22:53:35.3150891+00:00" endTime="2022-03-13T22:53:35.3150891+00:00" testType="13cdc9d9-ddb5-4fa4-a97d-d965ccfc6d4b" outcome="Passed" testListId="8c84fa94-04c1-424b-9868-57a2d4851a1d" relativeResultsDirectory="160766e7-14ae-4345-b157-3a4c92ead9fa" />
    <UnitTestResult executionId="33382471-c636-4a33-9300-d435158ed29a" testId="24cfa8b0-48c3-8aab-e4c2-88694c220e2c" testName="UnitTests.Data.Repositories.GenericRepositoryTests.GenericRepositoryUpdate_ThrowsWithNullEntity" computerName="fv-az448-595" duration="00:00:00.0010000" startTime="2022-03-13T22:53:40.8090967+00:00" endTime="2022-03-13T22:53:40.8090967+00:00" testType="13cdc9d9-ddb5-4fa4-a97d-d965ccfc6d4b" outcome="Passed" testListId="8c84fa94-04c1-424b-9868-57a2d4851a1d" relativeResultsDirectory="33382471-c636-4a33-9300-d435158ed29a" />
    <UnitTestResult executionId="4395f734-f796-4081-85d8-8d4656603841" testId="478b61ee-7d85-9dbe-985d-08c590f8666a" testName="UnitTests.Controllers.ItemControllerTests.DeleteItem_Deletes(itemId: 1)" computerName="fv-az448-595" duration="00:00:00.0010000" startTime="2022-03-13T22:53:35.7192295+00:00" endTime="2022-03-13T22:53:35.7192295+00:00" testType="13cdc9d9-ddb5-4fa4-a97d-d965ccfc6d4b" outcome="Passed" testListId="8c84fa94-04c1-424b-9868-57a2d4851a1d" relativeResultsDirectory="4395f734-f796-4081-85d8-8d4656603841" />
    <UnitTestResult executionId="2f8e953d-39ee-4e80-80d1-9b686928c418" testId="0247c7e7-7d1c-099b-2ac8-81a47ff2509a" testName="UnitTests.Controllers.ItemControllerTests.UserCanEdit_ReturnsBool(canEdit: False)" computerName="fv-az448-595" duration="00:00:00.2370000" startTime="2022-03-13T22:53:35.5772300+00:00" endTime="2022-03-13T22:53:35.5772300+00:00" testType="13cdc9d9-ddb5-4fa4-a97d-d965ccfc6d4b" outcome="Passed" testListId="8c84fa94-04c1-424b-9868-57a2d4851a1d" relativeResultsDirectory="2f8e953d-39ee-4e80-80d1-9b686928c418" />
    <UnitTestResult executionId="d01c543c-82c3-4034-b96b-f6f888c0d943" testId="b76e01b1-6afe-f33b-c6a9-ea3347176509" testName="UnitTests.Services.ItemServiceTests.UpdateItem_NoName_Throws(name: null)" computerName="fv-az448-595" duration="00:00:00.0010000" startTime="2022-03-13T22:53:36.4982301+00:00" endTime="2022-03-13T22:53:36.4982301+00:00" testType="13cdc9d9-ddb5-4fa4-a97d-d965ccfc6d4b" outcome="Passed" testListId="8c84fa94-04c1-424b-9868-57a2d4851a1d" relativeResultsDirectory="d01c543c-82c3-4034-b96b-f6f888c0d943" />
    <UnitTestResult executionId="79354b10-0ed6-4e40-8ec7-21dcc0c0513a" testId="a21637b0-54f8-4fa0-bc3b-95481a9fd90b" testName="UnitTests.Controllers.ModuleExceptionFilterAttributeTests.ArgumentException_BadRequest(exception: System.ArgumentException: Argument, expectedStatusCode: BadRequest)" computerName="fv-az448-595" duration="00:00:00.0010000" startTime="2022-03-13T22:53:35.7002306+00:00" endTime="2022-03-13T22:53:35.7002306+00:00" testType="13cdc9d9-ddb5-4fa4-a97d-d965ccfc6d4b" outcome="Passed" testListId="8c84fa94-04c1-424b-9868-57a2d4851a1d" relativeResultsDirectory="79354b10-0ed6-4e40-8ec7-21dcc0c0513a" />
    <UnitTestResult executionId="f22f085e-9307-491c-9ee7-a5272fc420b4" testId="96a18501-dea4-70b1-d572-baa1bb120da2" testName="UnitTests.Data.Entities.ItemTests.ItemPropertiesPersist(id: 2, name: &quot;Name2&quot;, description: &quot;Description2&quot;)" computerName="fv-az448-595" duration="00:00:00.0010000" startTime="2022-03-13T22:53:35.7262275+00:00" endTime="2022-03-13T22:53:35.7262275+00:00" testType="13cdc9d9-ddb5-4fa4-a97d-d965ccfc6d4b" outcome="Passed" testListId="8c84fa94-04c1-424b-9868-57a2d4851a1d" relativeResultsDirectory="f22f085e-9307-491c-9ee7-a5272fc420b4" />
    <UnitTestResult executionId="6ef6c067-6d06-464a-8092-4ab973233bea" testId="ffe5c770-9b99-42c0-ce21-7e50cccf4385" testName="UnitTests.Data.Repositories.GenericRepositoryTests.GenericRepositoryGetsAll(iterations: 2)" computerName="fv-az448-595" duration="00:00:00.0120000" startTime="2022-03-13T22:53:39.2840202+00:00" endTime="2022-03-13T22:53:39.2840202+00:00" testType="13cdc9d9-ddb5-4fa4-a97d-d965ccfc6d4b" outcome="Passed" testListId="8c84fa94-04c1-424b-9868-57a2d4851a1d" relativeResultsDirectory="6ef6c067-6d06-464a-8092-4ab973233bea" />
    <UnitTestResult executionId="565928ae-3b4a-4b44-aa2c-f4107b17d801" testId="ae39aa62-5ff2-56e7-d00e-ef116d711d51" testName="UnitTests.Data.Repositories.GenericRepositoryTests.Repository_Create_DefaultAudit" computerName="fv-az448-595" duration="00:00:00.0100000" startTime="2022-03-13T22:53:40.8181482+00:00" endTime="2022-03-13T22:53:40.8181482+00:00" testType="13cdc9d9-ddb5-4fa4-a97d-d965ccfc6d4b" outcome="Passed" testListId="8c84fa94-04c1-424b-9868-57a2d4851a1d" relativeResultsDirectory="565928ae-3b4a-4b44-aa2c-f4107b17d801" />
    <UnitTestResult executionId="776a08af-8d3f-436d-81c8-221673d67df7" testId="986d7e6e-d04d-b204-b01c-fbb8f09c7774" testName="UnitTests.Controllers.ServiceRouteMapperTests.RegisterRoutes_RegistersAtLestOneRoute" computerName="fv-az448-595" duration="00:00:00.0140000" startTime="2022-03-13T22:53:36.5702294+00:00" endTime="2022-03-13T22:53:36.5702294+00:00" testType="13cdc9d9-ddb5-4fa4-a97d-d965ccfc6d4b" outcome="Passed" testListId="8c84fa94-04c1-424b-9868-57a2d4851a1d" relativeResultsDirectory="776a08af-8d3f-436d-81c8-221673d67df7" />
    <UnitTestResult executionId="62542636-2291-4d24-9043-e4e37296a540" testId="1c164fbc-1ab1-9884-ccb8-9e84f4c977d0" testName="UnitTests.Services.ItemServiceTests.UpdateItem_NoName_Throws(name: &quot; &quot;)" computerName="fv-az448-595" duration="00:00:00.0010000" startTime="2022-03-13T22:53:36.5002293+00:00" endTime="2022-03-13T22:53:36.5002293+00:00" testType="13cdc9d9-ddb5-4fa4-a97d-d965ccfc6d4b" outcome="Passed" testListId="8c84fa94-04c1-424b-9868-57a2d4851a1d" relativeResultsDirectory="62542636-2291-4d24-9043-e4e37296a540" />
    <UnitTestResult executionId="b128324c-09e1-40e6-a4a9-3c42666c41d6" testId="263c08b1-704a-f3c2-309e-6dee831dbdc9" testName="UnitTests.Services.ItemServiceTests.UpdateItem_NullDto_Throws" computerName="fv-az448-595" duration="00:00:00.0320000" startTime="2022-03-13T22:53:36.4942291+00:00" endTime="2022-03-13T22:53:36.4942291+00:00" testType="13cdc9d9-ddb5-4fa4-a97d-d965ccfc6d4b" outcome="Passed" testListId="8c84fa94-04c1-424b-9868-57a2d4851a1d" relativeResultsDirectory="b128324c-09e1-40e6-a4a9-3c42666c41d6" />
    <UnitTestResult executionId="f60ea4ef-ba47-4312-b495-8fed82f34697" testId="8ba31d1b-48e3-e04e-cff0-b927c63b4a19" testName="UnitTests.Services.LoggingServiceTests.LoggingService_DefaultConstructorExists" computerName="fv-az448-595" duration="00:00:00.1840000" startTime="2022-03-13T22:53:35.4990891+00:00" endTime="2022-03-13T22:53:35.4990891+00:00" testType="13cdc9d9-ddb5-4fa4-a97d-d965ccfc6d4b" outcome="Passed" testListId="8c84fa94-04c1-424b-9868-57a2d4851a1d" relativeResultsDirectory="f60ea4ef-ba47-4312-b495-8fed82f34697" />
    <UnitTestResult executionId="11ef2568-3e55-4548-8c2f-8b6c6154ac8a" testId="a21637b0-54f8-4fa0-bc3b-95481a9fd90b" testName="UnitTests.Controllers.ModuleExceptionFilterAttributeTests.ArgumentException_BadRequest(exception: System.NotImplementedException: Not Implemented, expectedStatusCode: NotImplemented)" computerName="fv-az448-595" duration="00:00:00.0010000" startTime="2022-03-13T22:53:35.7012295+00:00" endTime="2022-03-13T22:53:35.7012295+00:00" testType="13cdc9d9-ddb5-4fa4-a97d-d965ccfc6d4b" outcome="Passed" testListId="8c84fa94-04c1-424b-9868-57a2d4851a1d" relativeResultsDirectory="11ef2568-3e55-4548-8c2f-8b6c6154ac8a" />
    <UnitTestResult executionId="4cf8e32c-29b4-4649-9f99-660ca04e16d4" testId="572fc310-4b67-9555-f147-153d39f2eb82" testName="UnitTests.Data.Entities.ItemTests.ItemConstructsProperly" computerName="fv-az448-595" duration="00:00:00.0010000" startTime="2022-03-13T22:53:35.7322284+00:00" endTime="2022-03-13T22:53:35.7322284+00:00" testType="13cdc9d9-ddb5-4fa4-a97d-d965ccfc6d4b" outcome="Passed" testListId="8c84fa94-04c1-424b-9868-57a2d4851a1d" relativeResultsDirectory="4cf8e32c-29b4-4649-9f99-660ca04e16d4" />
    <UnitTestResult executionId="982268b0-0cce-4630-a912-3f78ef0e5b71" testId="19b6234c-c2df-2304-54f9-54b0da4cd6ba" testName="UnitTests.Services.ItemServiceTests.CreateItem_NoNameThrows" computerName="fv-az448-595" duration="00:00:00.0020000" startTime="2022-03-13T22:53:36.4962305+00:00" endTime="2022-03-13T22:53:36.4962305+00:00" testType="13cdc9d9-ddb5-4fa4-a97d-d965ccfc6d4b" outcome="Passed" testListId="8c84fa94-04c1-424b-9868-57a2d4851a1d" relativeResultsDirectory="982268b0-0cce-4630-a912-3f78ef0e5b71" />
    <UnitTestResult executionId="a08859cb-1578-459a-9c43-9d6fa9f00152" testId="3cbfa5d3-e0f6-eff8-ed5c-556fa1f3e131" testName="UnitTests.Services.ItemServiceTests.UpdateItem_NoName_Throws(name: &quot;&quot;)" computerName="fv-az448-595" duration="00:00:00.0010000" startTime="2022-03-13T22:53:36.5032295+00:00" endTime="2022-03-13T22:53:36.5032295+00:00" testType="13cdc9d9-ddb5-4fa4-a97d-d965ccfc6d4b" outcome="Passed" testListId="8c84fa94-04c1-424b-9868-57a2d4851a1d" relativeResultsDirectory="a08859cb-1578-459a-9c43-9d6fa9f00152" />
    <UnitTestResult executionId="5306b152-f245-43c3-8e59-5c18dfefa4eb" testId="588a2c1b-7788-beb2-ade0-06788d455d25" testName="UnitTests.Controllers.ItemControllerTests.CreateItem_Creates" computerName="fv-az448-595" duration="00:00:00.0280000" startTime="2022-03-13T22:53:35.6782294+00:00" endTime="2022-03-13T22:53:35.6782294+00:00" testType="13cdc9d9-ddb5-4fa4-a97d-d965ccfc6d4b" outcome="Passed" testListId="8c84fa94-04c1-424b-9868-57a2d4851a1d" relativeResultsDirectory="5306b152-f245-43c3-8e59-5c18dfefa4eb" />
    <UnitTestResult executionId="55652b80-3241-42bd-b135-cf7ad8c1b5e3" testId="315adde5-f36d-a74f-aa46-fb22a0f78cd9" testName="UnitTests.Controllers.ItemControllerTests.UpdateItem_Updates" computerName="fv-az448-595" duration="00:00:00.0300000" startTime="2022-03-13T22:53:35.7152304+00:00" endTime="2022-03-13T22:53:35.7152304+00:00" testType="13cdc9d9-ddb5-4fa4-a97d-d965ccfc6d4b" outcome="Passed" testListId="8c84fa94-04c1-424b-9868-57a2d4851a1d" relativeResultsDirectory="55652b80-3241-42bd-b135-cf7ad8c1b5e3" />
    <UnitTestResult executionId="5dfe392f-b8df-4496-8aec-9f3335f626b8" testId="61a8ccc9-c5b1-047b-3c97-f777ccc7d30b" testName="UnitTests.Controllers.ValidateModelAttributeTests.OnActionExecuting_Invalid_Works" computerName="fv-az448-595" duration="00:00:00.7030000" startTime="2022-03-13T22:53:36.4622298+00:00" endTime="2022-03-13T22:53:36.4622298+00:00" testType="13cdc9d9-ddb5-4fa4-a97d-d965ccfc6d4b" outcome="Passed" testListId="8c84fa94-04c1-424b-9868-57a2d4851a1d" relativeResultsDirectory="5dfe392f-b8df-4496-8aec-9f3335f626b8" />
    <UnitTestResult executionId="235b0222-517b-4fd7-bca1-3366f7cb190f" testId="e6e0a140-85e7-6935-6160-ab95ecfd3c8a" testName="UnitTests.Data.Repositories.GenericRepositoryTests.GenericRepositoryCreatesAndGetsById" computerName="fv-az448-595" duration="00:00:00.0440000" startTime="2022-03-13T22:53:40.8620954+00:00" endTime="2022-03-13T22:53:40.8620954+00:00" testType="13cdc9d9-ddb5-4fa4-a97d-d965ccfc6d4b" outcome="Passed" testListId="8c84fa94-04c1-424b-9868-57a2d4851a1d" relativeResultsDirectory="235b0222-517b-4fd7-bca1-3366f7cb190f" />
    <UnitTestResult executionId="8775ab23-3623-43db-8e69-d406a535b3fa" testId="248341cb-553e-e275-a8eb-499567f40929" testName="UnitTests.Common.Extensions.IQueryableExtensionsTests.Order_OrdersBothWays(descending: False, expected: [1, 2, 3])" computerName="fv-az448-595" duration="00:00:00.0020000" startTime="2022-03-13T22:53:35.3390889+00:00" endTime="2022-03-13T22:53:35.3390889+00:00" testType="13cdc9d9-ddb5-4fa4-a97d-d965ccfc6d4b" outcome="Passed" testListId="8c84fa94-04c1-424b-9868-57a2d4851a1d" relativeResultsDirectory="8775ab23-3623-43db-8e69-d406a535b3fa" />
    <UnitTestResult executionId="9bca5dc6-a669-4244-accc-8573b2b3a284" testId="92b7b9f6-1294-7ea1-ffa3-91fba85074d4" testName="UnitTests.Services.ItemServiceTests.UpdateItem_NoName_Throws(name: &quot;  &quot;)" computerName="fv-az448-595" duration="00:00:00.0010000" startTime="2022-03-13T22:53:36.5022294+00:00" endTime="2022-03-13T22:53:36.5022294+00:00" testType="13cdc9d9-ddb5-4fa4-a97d-d965ccfc6d4b" outcome="Passed" testListId="8c84fa94-04c1-424b-9868-57a2d4851a1d" relativeResultsDirectory="9bca5dc6-a669-4244-accc-8573b2b3a284" />
    <UnitTestResult executionId="73c86414-3c58-45f1-91ba-9467a4446524" testId="1017c6c1-9dd0-57dc-36e7-bb573d02562e" testName="UnitTests.Controllers.ItemControllerTests.GetItemsPage_GetsProperPages" computerName="fv-az448-595" duration="00:00:00.0110000" startTime="2022-03-13T22:53:35.6942302+00:00" endTime="2022-03-13T22:53:35.6942302+00:00" testType="13cdc9d9-ddb5-4fa4-a97d-d965ccfc6d4b" outcome="Passed" testListId="8c84fa94-04c1-424b-9868-57a2d4851a1d" relativeResultsDirectory="73c86414-3c58-45f1-91ba-9467a4446524" />
    <UnitTestResult executionId="ad16f08e-8047-4d86-9dd1-74ae2857b253" testId="d16880d7-fb44-f209-43d9-ba2e0e1875de" testName="UnitTests.Data.Repositories.GenericRepositoryTests.GenericRepositoryGetsAll(iterations: 1)" computerName="fv-az448-595" duration="00:00:00.0270000" startTime="2022-03-13T22:53:39.3310199+00:00" endTime="2022-03-13T22:53:39.3310199+00:00" testType="13cdc9d9-ddb5-4fa4-a97d-d965ccfc6d4b" outcome="Passed" testListId="8c84fa94-04c1-424b-9868-57a2d4851a1d" relativeResultsDirectory="ad16f08e-8047-4d86-9dd1-74ae2857b253" />
    <UnitTestResult executionId="5aabc856-a1ed-4bb6-9626-df72b091988f" testId="168fc980-36e3-101b-62b1-f5ab71e9fc0d" testName="UnitTests.Controllers.LocalizationControllerTests.GetLocalization_CallsLocalizationService" computerName="fv-az448-595" duration="00:00:00.0110000" startTime="2022-03-13T22:53:35.7462305+00:00" endTime="2022-03-13T22:53:35.7462305+00:00" testType="13cdc9d9-ddb5-4fa4-a97d-d965ccfc6d4b" outcome="Passed" testListId="8c84fa94-04c1-424b-9868-57a2d4851a1d" relativeResultsDirectory="5aabc856-a1ed-4bb6-9626-df72b091988f" />
    <UnitTestResult executionId="702b099d-2968-4876-8f2b-b60bab071e02" testId="ad3412e8-5f64-2020-a5b6-bd4cca8c3b7d" testName="UnitTests.Data.Repositories.GenericRepositoryTests.GenericRepositoryGet" computerName="fv-az448-595" duration="00:00:00.1210000" startTime="2022-03-13T22:53:39.1950200+00:00" endTime="2022-03-13T22:53:39.1950200+00:00" testType="13cdc9d9-ddb5-4fa4-a97d-d965ccfc6d4b" outcome="Passed" testListId="8c84fa94-04c1-424b-9868-57a2d4851a1d" relativeResultsDirectory="702b099d-2968-4876-8f2b-b60bab071e02" />
    <UnitTestResult executionId="0aedfe71-fdfd-4a6f-bb96-ec079b825579" testId="392ed628-2028-c945-b97e-893658a1e82b" testName="UnitTests.Data.Entities.ItemTests.ItemPropertiesPersist(id: 1, name: &quot;Name1&quot;, description: &quot;Description1&quot;)" computerName="fv-az448-595" duration="00:00:00.0020000" startTime="2022-03-13T22:53:35.7252295+00:00" endTime="2022-03-13T22:53:35.7252295+00:00" testType="13cdc9d9-ddb5-4fa4-a97d-d965ccfc6d4b" outcome="Passed" testListId="8c84fa94-04c1-424b-9868-57a2d4851a1d" relativeResultsDirectory="0aedfe71-fdfd-4a6f-bb96-ec079b825579" />
    <UnitTestResult executionId="bcc51326-3fcf-4cd7-918f-d79dc2a55c4e" testId="113f48ce-a6a3-c5df-7589-ba5a5fcb9c59" testName="UnitTests.Controllers.ModuleExceptionFilterAttributeTests.NoException_DoesNothing" computerName="fv-az448-595" duration="00:00:00.0010000" startTime="2022-03-13T22:53:35.7072305+00:00" endTime="2022-03-13T22:53:35.7072305+00:00" testType="13cdc9d9-ddb5-4fa4-a97d-d965ccfc6d4b" outcome="Passed" testListId="8c84fa94-04c1-424b-9868-57a2d4851a1d" relativeResultsDirectory="bcc51326-3fcf-4cd7-918f-d79dc2a55c4e" />
    <UnitTestResult executionId="c419293d-81aa-423a-a28c-dbf85595cb3c" testId="0bc54975-0bff-692e-a9b3-fc69f2c95a39" testName="UnitTests.Data.Repositories.GenericRepositoryTests.GenericRepositoryDeletes" computerName="fv-az448-595" duration="00:00:03.0710000" startTime="2022-03-13T22:53:39.0640197+00:00" endTime="2022-03-13T22:53:39.0640197+00:00" testType="13cdc9d9-ddb5-4fa4-a97d-d965ccfc6d4b" outcome="Passed" testListId="8c84fa94-04c1-424b-9868-57a2d4851a1d" relativeResultsDirectory="c419293d-81aa-423a-a28c-dbf85595cb3c" />
    <UnitTestResult executionId="c3adad6d-7d9a-425c-8394-0cceb0f76fc3" testId="5f92ec4d-d570-0452-b891-d4cee75db9dd" testName="UnitTests.Controllers.ModuleApiControllerTests.CanEdit_Set_Throws" computerName="fv-az448-595" duration="00:00:00.0210000" startTime="2022-03-13T22:53:35.2410890+00:00" endTime="2022-03-13T22:53:35.2410890+00:00" testType="13cdc9d9-ddb5-4fa4-a97d-d965ccfc6d4b" outcome="Passed" testListId="8c84fa94-04c1-424b-9868-57a2d4851a1d" relativeResultsDirectory="c3adad6d-7d9a-425c-8394-0cceb0f76fc3" />
    <UnitTestResult executionId="dead95b6-6081-46af-9259-0fe99d22bac4" testId="e55f1742-c16d-5086-2251-ad3372dd48f5" testName="UnitTests.Controllers.ValidateModelAttributeTests.OnActionExecuting_Valid_Works" computerName="fv-az448-595" duration="00:00:00.0060000" startTime="2022-03-13T22:53:35.7562291+00:00" endTime="2022-03-13T22:53:35.7562291+00:00" testType="13cdc9d9-ddb5-4fa4-a97d-d965ccfc6d4b" outcome="Passed" testListId="8c84fa94-04c1-424b-9868-57a2d4851a1d" relativeResultsDirectory="dead95b6-6081-46af-9259-0fe99d22bac4" />
    <UnitTestResult executionId="6eef4d29-e971-4335-b564-d95e8a429da5" testId="130d9133-361f-a0da-f15e-423eb98947ac" testName="UnitTests.Services.ItemServiceTests.UpdateItem_Updates" computerName="fv-az448-595" duration="00:00:00.0310000" startTime="2022-03-13T22:53:36.5432295+00:00" endTime="2022-03-13T22:53:36.5432295+00:00" testType="13cdc9d9-ddb5-4fa4-a97d-d965ccfc6d4b" outcome="Passed" testListId="8c84fa94-04c1-424b-9868-57a2d4851a1d" relativeResultsDirectory="6eef4d29-e971-4335-b564-d95e8a429da5" />
    <UnitTestResult executionId="fd9fda09-3ca6-4087-9bf1-115981aebcad" testId="d6094ca1-b65b-5133-f464-9f7d01f0d023" testName="UnitTests.Controllers.ItemControllerTests.DeleteItem_Deletes(itemId: 10)" computerName="fv-az448-595" duration="00:00:00.0030000" startTime="2022-03-13T22:53:35.7182303+00:00" endTime="2022-03-13T22:53:35.7182303+00:00" testType="13cdc9d9-ddb5-4fa4-a97d-d965ccfc6d4b" outcome="Passed" testListId="8c84fa94-04c1-424b-9868-57a2d4851a1d" relativeResultsDirectory="fd9fda09-3ca6-4087-9bf1-115981aebcad" />
    <UnitTestResult executionId="1b497cac-c474-4bc7-8bd4-a7ee590395fc" testId="36689490-09d4-917f-648a-70dcfcfede10" testName="UnitTests.Data.Repositories.GenericRepositoryTests.GenericRepositoryCreate_ThrowsWithNullEntity" computerName="fv-az448-595" duration="00:00:00.0010000" startTime="2022-03-13T22:53:39.1970183+00:00" endTime="2022-03-13T22:53:39.1970183+00:00" testType="13cdc9d9-ddb5-4fa4-a97d-d965ccfc6d4b" outcome="Passed" testListId="8c84fa94-04c1-424b-9868-57a2d4851a1d" relativeResultsDirectory="1b497cac-c474-4bc7-8bd4-a7ee590395fc" />
    <UnitTestResult executionId="871df758-0a31-4886-a50c-5533d729775f" testId="1a74e347-4470-5271-97ab-1ebaf8693270" testName="UnitTests.Controllers.ModuleExceptionFilterAttributeTests.SystemException_DoesNotExposeDetails" computerName="fv-az448-595" duration="00:00:00.0190000" startTime="2022-03-13T22:53:35.7142303+00:00" endTime="2022-03-13T22:53:35.7142303+00:00" testType="13cdc9d9-ddb5-4fa4-a97d-d965ccfc6d4b" outcome="Passed" testListId="8c84fa94-04c1-424b-9868-57a2d4851a1d" relativeResultsDirectory="871df758-0a31-4886-a50c-5533d729775f" />
    <UnitTestResult executionId="bb851254-3db2-41c6-87da-4c85c6eb1bc3" testId="74c28fcf-aa9b-2bab-0ff6-cfa98a0ddf49" testName="UnitTests.Data.Repositories.GenericRepositoryTests.GetPage_Pages(page: 3, pageSize: 20, expectedItems: 10, expectedPages: 3)" computerName="fv-az448-595" duration="00:00:00.0410000" startTime="2022-03-13T22:53:39.4800205+00:00" endTime="2022-03-13T22:53:39.4800205+00:00" testType="13cdc9d9-ddb5-4fa4-a97d-d965ccfc6d4b" outcome="Passed" testListId="8c84fa94-04c1-424b-9868-57a2d4851a1d" relativeResultsDirectory="bb851254-3db2-41c6-87da-4c85c6eb1bc3" />
    <UnitTestResult executionId="636c10c9-68bd-427c-a4a8-7d3f6e892d72" testId="d6cab32e-cf28-1ba8-73a6-76c46cb62c4a" testName="UnitTests.Data.Repositories.GenericRepositoryTests.Pages_With_Related_Entities" computerName="fv-az448-595" duration="00:00:01.1540000" startTime="2022-03-13T22:53:40.6773159+00:00" endTime="2022-03-13T22:53:40.6773159+00:00" testType="13cdc9d9-ddb5-4fa4-a97d-d965ccfc6d4b" outcome="Passed" testListId="8c84fa94-04c1-424b-9868-57a2d4851a1d" relativeResultsDirectory="636c10c9-68bd-427c-a4a8-7d3f6e892d72" />
    <UnitTestResult executionId="b726476c-1cf8-4729-ac85-efb3c796ed4b" testId="a21637b0-54f8-4fa0-bc3b-95481a9fd90b" testName="UnitTests.Controllers.ModuleExceptionFilterAttributeTests.ArgumentException_BadRequest(exception: System.ArgumentOutOfRangeException: Specified argument was out of the range of valid values.&#xD;&#xA;Parameter name: Out of range, expectedStatusCode: BadRequest)" computerName="fv-az448-595" duration="00:00:00.0010000" startTime="2022-03-13T22:53:35.6992289+00:00" endTime="2022-03-13T22:53:35.6992289+00:00" testType="13cdc9d9-ddb5-4fa4-a97d-d965ccfc6d4b" outcome="Passed" testListId="8c84fa94-04c1-424b-9868-57a2d4851a1d" relativeResultsDirectory="b726476c-1cf8-4729-ac85-efb3c796ed4b" />
    <UnitTestResult executionId="b21ee5e3-e567-4efd-b91a-f01e7cd12d80" testId="ac2a99ba-3563-74a9-7d4c-8e91a58cd097" testName="UnitTests.Data.ModuleDbContextTests.DefaultConstructorThrows" computerName="fv-az448-595" duration="00:00:00.2730000" startTime="2022-03-13T22:53:35.9942296+00:00" endTime="2022-03-13T22:53:35.9942296+00:00" testType="13cdc9d9-ddb5-4fa4-a97d-d965ccfc6d4b" outcome="Passed" testListId="8c84fa94-04c1-424b-9868-57a2d4851a1d" relativeResultsDirectory="b21ee5e3-e567-4efd-b91a-f01e7cd12d80" />
    <UnitTestResult executionId="b72895e3-bdfc-4c0c-94bc-872064e1777b" testId="d15ea2a7-9f9f-b92b-50fa-470898da705d" testName="UnitTests.Data.Repositories.GenericRepositoryTests.GenericRepositoryGetsAll(iterations: 3)" computerName="fv-az448-595" duration="00:00:00.0120000" startTime="2022-03-13T22:53:39.3200184+00:00" endTime="2022-03-13T22:53:39.3200184+00:00" testType="13cdc9d9-ddb5-4fa4-a97d-d965ccfc6d4b" outcome="Passed" testListId="8c84fa94-04c1-424b-9868-57a2d4851a1d" relativeResultsDirectory="b72895e3-bdfc-4c0c-94bc-872064e1777b" />
    <UnitTestResult executionId="6c218beb-1806-4eb2-924f-1d227ba35984" testId="a21637b0-54f8-4fa0-bc3b-95481a9fd90b" testName="UnitTests.Controllers.ModuleExceptionFilterAttributeTests.ArgumentException_BadRequest(exception: System.UnauthorizedAccessException: Unauthorized, expectedStatusCode: Unauthorized)" computerName="fv-az448-595" duration="00:00:00.0010000" startTime="2022-03-13T22:53:35.7052295+00:00" endTime="2022-03-13T22:53:35.7052295+00:00" testType="13cdc9d9-ddb5-4fa4-a97d-d965ccfc6d4b" outcome="Passed" testListId="8c84fa94-04c1-424b-9868-57a2d4851a1d" relativeResultsDirectory="6c218beb-1806-4eb2-924f-1d227ba35984" />
    <UnitTestResult executionId="3ca16e6b-699e-4d25-b2b7-affd9ed3dd16" testId="70ede014-c412-e387-bb98-e95b3b42090d" testName="UnitTests.Data.Repositories.GenericRepositoryTests.GenericRepositoryUpdates" computerName="fv-az448-595" duration="00:00:00.0490000" startTime="2022-03-13T22:53:39.2720199+00:00" endTime="2022-03-13T22:53:39.2720199+00:00" testType="13cdc9d9-ddb5-4fa4-a97d-d965ccfc6d4b" outcome="Passed" testListId="8c84fa94-04c1-424b-9868-57a2d4851a1d" relativeResultsDirectory="3ca16e6b-699e-4d25-b2b7-affd9ed3dd16" />
    <UnitTestResult executionId="1a60b103-49a9-4412-b907-4118705f3d0c" testId="a21637b0-54f8-4fa0-bc3b-95481a9fd90b" testName="UnitTests.Controllers.ModuleExceptionFilterAttributeTests.ArgumentException_BadRequest(exception: System.TimeoutException: Timed out, expectedStatusCode: RequestTimeout)" computerName="fv-az448-595" duration="00:00:00.0010000" startTime="2022-03-13T22:53:35.7012295+00:00" endTime="2022-03-13T22:53:35.7012295+00:00" testType="13cdc9d9-ddb5-4fa4-a97d-d965ccfc6d4b" outcome="Passed" testListId="8c84fa94-04c1-424b-9868-57a2d4851a1d" relativeResultsDirectory="1a60b103-49a9-4412-b907-4118705f3d0c" />
    <UnitTestResult executionId="aaf52d96-ea76-4978-a8c6-b954c646d911" testId="c5867bfe-f023-3ae4-485c-eae070f2ace9" testName="UnitTests.Data.Repositories.GenericRepositoryTests.GetPage_Pages(page: 1, pageSize: 10, expectedItems: 10, expectedPages: 5)" computerName="fv-az448-595" duration="00:00:00.0430000" startTime="2022-03-13T22:53:39.5240205+00:00" endTime="2022-03-13T22:53:39.5240205+00:00" testType="13cdc9d9-ddb5-4fa4-a97d-d965ccfc6d4b" outcome="Passed" testListId="8c84fa94-04c1-424b-9868-57a2d4851a1d" relativeResultsDirectory="aaf52d96-ea76-4978-a8c6-b954c646d911" />
    <UnitTestResult executionId="c012baa9-5e3b-4edc-bd7c-b7ce63c55938" testId="a21637b0-54f8-4fa0-bc3b-95481a9fd90b" testName="UnitTests.Controllers.ModuleExceptionFilterAttributeTests.ArgumentException_BadRequest(exception: System.ArgumentNullException: Value cannot be null.&#xD;&#xA;Parameter name: Null, expectedStatusCode: BadRequest)" computerName="fv-az448-595" duration="00:00:00.0360000" startTime="2022-03-13T22:53:35.6952286+00:00" endTime="2022-03-13T22:53:35.6952286+00:00" testType="13cdc9d9-ddb5-4fa4-a97d-d965ccfc6d4b" outcome="Passed" testListId="8c84fa94-04c1-424b-9868-57a2d4851a1d" relativeResultsDirectory="c012baa9-5e3b-4edc-bd7c-b7ce63c55938" />
    <UnitTestResult executionId="f8020001-ee22-4c72-835c-422c3f55b1f3" testId="a9198ad3-782e-a37c-0b5f-1330f5318f55" testName="UnitTests.Services.ItemServiceTests.CreateItem_Creates" computerName="fv-az448-595" duration="00:00:00.0090000" startTime="2022-03-13T22:53:36.5552289+00:00" endTime="2022-03-13T22:53:36.5552289+00:00" testType="13cdc9d9-ddb5-4fa4-a97d-d965ccfc6d4b" outcome="Passed" testListId="8c84fa94-04c1-424b-9868-57a2d4851a1d" relativeResultsDirectory="f8020001-ee22-4c72-835c-422c3f55b1f3" />
    <UnitTestResult executionId="3f995b80-7d0f-439d-8423-c5ff83c372b7" testId="d1c63cb7-1f9a-a8bf-a217-a4cbb4e5f73b" testName="UnitTests.Common.GlobalsTests.ModulePrefixIsValid" computerName="fv-az448-595" duration="00:00:00.0010000" startTime="2022-03-13T22:53:36.5762299+00:00" endTime="2022-03-13T22:53:36.5762299+00:00" testType="13cdc9d9-ddb5-4fa4-a97d-d965ccfc6d4b" outcome="Passed" testListId="8c84fa94-04c1-424b-9868-57a2d4851a1d" relativeResultsDirectory="3f995b80-7d0f-439d-8423-c5ff83c372b7" />
    <UnitTestResult executionId="6e0eec7d-13cb-432a-a008-058065888593" testId="e4f8faa7-d0ad-86e6-1579-7bd52372b4c3" testName="UnitTests.Data.Repositories.GenericRepositoryTests.GenericRepositoryConstructs" computerName="fv-az448-595" duration="00:00:00.0010000" startTime="2022-03-13T22:53:39.3440202+00:00" endTime="2022-03-13T22:53:39.3440202+00:00" testType="13cdc9d9-ddb5-4fa4-a97d-d965ccfc6d4b" outcome="Passed" testListId="8c84fa94-04c1-424b-9868-57a2d4851a1d" relativeResultsDirectory="6e0eec7d-13cb-432a-a008-058065888593" />
    <UnitTestResult executionId="e34f0e48-55ba-483d-b355-0861e5ec8bf1" testId="44b00d3a-bad7-aefd-141c-4a35b11463b2" testName="UnitTests.Data.Repositories.GenericRepositoryTests.Repository_Update_DefaultAudit" computerName="fv-az448-595" duration="00:00:00.1280000" startTime="2022-03-13T22:53:40.8060966+00:00" endTime="2022-03-13T22:53:40.8060966+00:00" testType="13cdc9d9-ddb5-4fa4-a97d-d965ccfc6d4b" outcome="Passed" testListId="8c84fa94-04c1-424b-9868-57a2d4851a1d" relativeResultsDirectory="e34f0e48-55ba-483d-b355-0861e5ec8bf1" />
    <UnitTestResult executionId="f0a29a00-bd1e-4d66-bfc1-01a6c631b620" testId="3688eeeb-2a1a-6ffa-a193-543baf24437a" testName="UnitTests.Data.Repositories.GenericRepositoryTests.GetPage_Pages(page: 0, pageSize: 0, expectedItems: 1, expectedPages: 50)" computerName="fv-az448-595" duration="00:00:00.0970000" startTime="2022-03-13T22:53:39.4390203+00:00" endTime="2022-03-13T22:53:39.4390203+00:00" testType="13cdc9d9-ddb5-4fa4-a97d-d965ccfc6d4b" outcome="Passed" testListId="8c84fa94-04c1-424b-9868-57a2d4851a1d" relativeResultsDirectory="f0a29a00-bd1e-4d66-bfc1-01a6c631b620" />
    <UnitTestResult executionId="7f79ad92-8ef8-4cb4-9392-a07d06b6878c" testId="f5652070-1b22-f5a7-3f3f-68b37c9184a8" testName="UnitTests.Services.ItemServiceTests.CreateItem_NoItemThrows" computerName="fv-az448-595" duration="00:00:00.0010000" startTime="2022-03-13T22:53:36.5452293+00:00" endTime="2022-03-13T22:53:36.5452293+00:00" testType="13cdc9d9-ddb5-4fa4-a97d-d965ccfc6d4b" outcome="Passed" testListId="8c84fa94-04c1-424b-9868-57a2d4851a1d" relativeResultsDirectory="7f79ad92-8ef8-4cb4-9392-a07d06b6878c" />
    <UnitTestResult executionId="24a2cc8e-a0cb-44d4-a598-2c24ca431d4f" testId="b6579d24-7c4e-c42d-2ead-85e0f30e0a64" testName="UnitTests.Common.Extensions.IQueryableExtensionsTests.Order_OrdersBothWays(descending: True, expected: [3, 2, 1])" computerName="fv-az448-595" duration="00:00:00.1280000" startTime="2022-03-13T22:53:35.3370927+00:00" endTime="2022-03-13T22:53:35.3370927+00:00" testType="13cdc9d9-ddb5-4fa4-a97d-d965ccfc6d4b" outcome="Passed" testListId="8c84fa94-04c1-424b-9868-57a2d4851a1d" relativeResultsDirectory="24a2cc8e-a0cb-44d4-a598-2c24ca431d4f" />
    <UnitTestResult executionId="832a3e5e-2a4f-41ae-84e0-daa40105d949" testId="320e3c11-11d1-b3ef-0d2e-5e474f674ff1" testName="UnitTests.Controllers.ModuleApiControllerTests.CanEdit_DefaultsToFalse" computerName="fv-az448-595" duration="00:00:00.0040000" startTime="2022-03-13T22:53:35.3180891+00:00" endTime="2022-03-13T22:53:35.3180891+00:00" testType="13cdc9d9-ddb5-4fa4-a97d-d965ccfc6d4b" outcome="Passed" testListId="8c84fa94-04c1-424b-9868-57a2d4851a1d" relativeResultsDirectory="832a3e5e-2a4f-41ae-84e0-daa40105d949" />
    <UnitTestResult executionId="d1433b8b-7cf3-48ed-8431-cc6de22d1ae4" testId="e1c7f76f-6195-c844-23c0-304b47fbae66" testName="UnitTests.Data.Repositories.GenericRepositoryTests.Repository_Create_UsesUserId" computerName="fv-az448-595" duration="00:00:00.0090000" startTime="2022-03-13T22:53:39.0730203+00:00" endTime="2022-03-13T22:53:39.0730203+00:00" testType="13cdc9d9-ddb5-4fa4-a97d-d965ccfc6d4b" outcome="Passed" testListId="8c84fa94-04c1-424b-9868-57a2d4851a1d" relativeResultsDirectory="d1433b8b-7cf3-48ed-8431-cc6de22d1ae4" />
    <UnitTestResult executionId="3ad6a2fe-a508-40f6-a330-5bc7e1827f8e" testId="99806ad3-88f0-7495-8b3e-3799a4bbb6aa" testName="UnitTests.Services.ItemServiceTests.GetItemsPage_GetsPages(descending: False)" computerName="fv-az448-595" duration="00:00:00.0130000" startTime="2022-03-13T22:53:36.5122290+00:00" endTime="2022-03-13T22:53:36.5122290+00:00" testType="13cdc9d9-ddb5-4fa4-a97d-d965ccfc6d4b" outcome="Passed" testListId="8c84fa94-04c1-424b-9868-57a2d4851a1d" relativeResultsDirectory="3ad6a2fe-a508-40f6-a330-5bc7e1827f8e" />
    <UnitTestResult executionId="9e01dd3d-d8b2-4717-a681-04c818d3dd74" testId="ac1c50bc-98fd-036f-fe0f-d46cb187f90e" testName="UnitTests.Services.LoggingServiceTests.LogginService_TestableConstructorLogsError" computerName="fv-az448-595" duration="00:00:00.1300000" startTime="2022-03-13T22:53:35.6362307+00:00" endTime="2022-03-13T22:53:35.6362307+00:00" testType="13cdc9d9-ddb5-4fa4-a97d-d965ccfc6d4b" outcome="Passed" testListId="8c84fa94-04c1-424b-9868-57a2d4851a1d" relativeResultsDirectory="9e01dd3d-d8b2-4717-a681-04c818d3dd74" />
    <UnitTestResult executionId="6bf242c7-1396-4b6c-92e3-f934627d29af" testId="aec60494-3c2e-8ec9-f948-da5bb2043983" testName="UnitTests.Controllers.ItemControllerTests.UserCanEdit_ReturnsBool(canEdit: True)" computerName="fv-az448-595" duration="00:00:00.0010000" startTime="2022-03-13T22:53:35.5792299+00:00" endTime="2022-03-13T22:53:35.5792299+00:00" testType="13cdc9d9-ddb5-4fa4-a97d-d965ccfc6d4b" outcome="Passed" testListId="8c84fa94-04c1-424b-9868-57a2d4851a1d" relativeResultsDirectory="6bf242c7-1396-4b6c-92e3-f934627d29af" />
  </Results>
  <TestDefinitions>
    <UnitTest name="UnitTests.Controllers.ItemControllerTests.DeleteItem_Deletes(itemId: 1)" storage="d:\a\mymodule20220313\mymodule20220313\unittests\bin\unittests.dll" id="478b61ee-7d85-9dbe-985d-08c590f8666a">
      <Execution id="4395f734-f796-4081-85d8-8d4656603841" />
      <TestMethod codeBase="D:\a\MyModule20220313\MyModule20220313\UnitTests\bin\UnitTests.dll" adapterTypeName="executor://xunit/VsTestRunner2/net" className="UnitTests.Controllers.ItemControllerTests" name="DeleteItem_Deletes" />
    </UnitTest>
    <UnitTest name="UnitTests.Common.Extensions.IQueryableExtensionsTests.Order_OrdersBothWays(descending: True, expected: [3, 2, 1])" storage="d:\a\mymodule20220313\mymodule20220313\unittests\bin\unittests.dll" id="b6579d24-7c4e-c42d-2ead-85e0f30e0a64">
      <Execution id="24a2cc8e-a0cb-44d4-a598-2c24ca431d4f" />
      <TestMethod codeBase="D:\a\MyModule20220313\MyModule20220313\UnitTests\bin\UnitTests.dll" adapterTypeName="executor://xunit/VsTestRunner2/net" className="UnitTests.Common.Extensions.IQueryableExtensionsTests" name="Order_OrdersBothWays" />
    </UnitTest>
    <UnitTest name="UnitTests.Controllers.ItemControllerTests.UserCanEdit_ReturnsBool(canEdit: False)" storage="d:\a\mymodule20220313\mymodule20220313\unittests\bin\unittests.dll" id="0247c7e7-7d1c-099b-2ac8-81a47ff2509a">
      <Execution id="2f8e953d-39ee-4e80-80d1-9b686928c418" />
      <TestMethod codeBase="D:\a\MyModule20220313\MyModule20220313\UnitTests\bin\UnitTests.dll" adapterTypeName="executor://xunit/VsTestRunner2/net" className="UnitTests.Controllers.ItemControllerTests" name="UserCanEdit_ReturnsBool" />
    </UnitTest>
    <UnitTest name="UnitTests.Controllers.LocalizationControllerTests.GetLocalization_CallsLocalizationService" storage="d:\a\mymodule20220313\mymodule20220313\unittests\bin\unittests.dll" id="168fc980-36e3-101b-62b1-f5ab71e9fc0d">
      <Execution id="5aabc856-a1ed-4bb6-9626-df72b091988f" />
      <TestMethod codeBase="D:\a\MyModule20220313\MyModule20220313\UnitTests\bin\UnitTests.dll" adapterTypeName="executor://xunit/VsTestRunner2/net" className="UnitTests.Controllers.LocalizationControllerTests" name="GetLocalization_CallsLocalizationService" />
    </UnitTest>
    <UnitTest name="UnitTests.Data.ModuleDbContextTests.DefaultConstructorThrows" storage="d:\a\mymodule20220313\mymodule20220313\unittests\bin\unittests.dll" id="ac2a99ba-3563-74a9-7d4c-8e91a58cd097">
      <Execution id="b21ee5e3-e567-4efd-b91a-f01e7cd12d80" />
      <TestMethod codeBase="D:\a\MyModule20220313\MyModule20220313\UnitTests\bin\UnitTests.dll" adapterTypeName="executor://xunit/VsTestRunner2/net" className="UnitTests.Data.ModuleDbContextTests" name="DefaultConstructorThrows" />
    </UnitTest>
    <UnitTest name="UnitTests.Controllers.ModuleApiControllerTests.CanEdit_DefaultsToFalse" storage="d:\a\mymodule20220313\mymodule20220313\unittests\bin\unittests.dll" id="320e3c11-11d1-b3ef-0d2e-5e474f674ff1">
      <Execution id="832a3e5e-2a4f-41ae-84e0-daa40105d949" />
      <TestMethod codeBase="D:\a\MyModule20220313\MyModule20220313\UnitTests\bin\UnitTests.dll" adapterTypeName="executor://xunit/VsTestRunner2/net" className="UnitTests.Controllers.ModuleApiControllerTests" name="CanEdit_DefaultsToFalse" />
    </UnitTest>
    <UnitTest name="UnitTests.Data.Repositories.GenericRepositoryTests.GenericRepositoryCreatesAndGetsById" storage="d:\a\mymodule20220313\mymodule20220313\unittests\bin\unittests.dll" id="e6e0a140-85e7-6935-6160-ab95ecfd3c8a">
      <Execution id="235b0222-517b-4fd7-bca1-3366f7cb190f" />
      <TestMethod codeBase="D:\a\MyModule20220313\MyModule20220313\UnitTests\bin\UnitTests.dll" adapterTypeName="executor://xunit/VsTestRunner2/net" className="UnitTests.Data.Repositories.GenericRepositoryTests" name="GenericRepositoryCreatesAndGetsById" />
    </UnitTest>
    <UnitTest name="UnitTests.Services.ItemServiceTests.UpdateItem_NoName_Throws(name: &quot; &quot;)" storage="d:\a\mymodule20220313\mymodule20220313\unittests\bin\unittests.dll" id="1c164fbc-1ab1-9884-ccb8-9e84f4c977d0">
      <Execution id="62542636-2291-4d24-9043-e4e37296a540" />
      <TestMethod codeBase="D:\a\MyModule20220313\MyModule20220313\UnitTests\bin\UnitTests.dll" adapterTypeName="executor://xunit/VsTestRunner2/net" className="UnitTests.Services.ItemServiceTests" name="UpdateItem_NoName_Throws" />
    </UnitTest>
    <UnitTest name="UnitTests.Services.ItemServiceTests.GetItemsPage_GetsPages(descending: False)" storage="d:\a\mymodule20220313\mymodule20220313\unittests\bin\unittests.dll" id="99806ad3-88f0-7495-8b3e-3799a4bbb6aa">
      <Execution id="3ad6a2fe-a508-40f6-a330-5bc7e1827f8e" />
      <TestMethod codeBase="D:\a\MyModule20220313\MyModule20220313\UnitTests\bin\UnitTests.dll" adapterTypeName="executor://xunit/VsTestRunner2/net" className="UnitTests.Services.ItemServiceTests" name="GetItemsPage_GetsPages" />
    </UnitTest>
    <UnitTest name="UnitTests.Data.Repositories.GenericRepositoryTests.Repository_Update_UsesuserId" storage="d:\a\mymodule20220313\mymodule20220313\unittests\bin\unittests.dll" id="0ebf358f-9eac-9438-b418-9c6aa81a6377">
      <Execution id="022e97a8-ee91-4156-8750-cb6364b556c9" />
      <TestMethod codeBase="D:\a\MyModule20220313\MyModule20220313\UnitTests\bin\UnitTests.dll" adapterTypeName="executor://xunit/VsTestRunner2/net" className="UnitTests.Data.Repositories.GenericRepositoryTests" name="Repository_Update_UsesuserId" />
    </UnitTest>
    <UnitTest name="UnitTests.Services.ItemServiceTests.CreateItem_Creates" storage="d:\a\mymodule20220313\mymodule20220313\unittests\bin\unittests.dll" id="a9198ad3-782e-a37c-0b5f-1330f5318f55">
      <Execution id="f8020001-ee22-4c72-835c-422c3f55b1f3" />
      <TestMethod codeBase="D:\a\MyModule20220313\MyModule20220313\UnitTests\bin\UnitTests.dll" adapterTypeName="executor://xunit/VsTestRunner2/net" className="UnitTests.Services.ItemServiceTests" name="CreateItem_Creates" />
    </UnitTest>
    <UnitTest name="UnitTests.Controllers.ValidateModelAttributeTests.OnActionExecuting_Invalid_Works" storage="d:\a\mymodule20220313\mymodule20220313\unittests\bin\unittests.dll" id="61a8ccc9-c5b1-047b-3c97-f777ccc7d30b">
      <Execution id="5dfe392f-b8df-4496-8aec-9f3335f626b8" />
      <TestMethod codeBase="D:\a\MyModule20220313\MyModule20220313\UnitTests\bin\UnitTests.dll" adapterTypeName="executor://xunit/VsTestRunner2/net" className="UnitTests.Controllers.ValidateModelAttributeTests" name="OnActionExecuting_Invalid_Works" />
    </UnitTest>
    <UnitTest name="UnitTests.Data.Repositories.GenericRepositoryTests.GenericRepositoryGet" storage="d:\a\mymodule20220313\mymodule20220313\unittests\bin\unittests.dll" id="ad3412e8-5f64-2020-a5b6-bd4cca8c3b7d">
      <Execution id="702b099d-2968-4876-8f2b-b60bab071e02" />
      <TestMethod codeBase="D:\a\MyModule20220313\MyModule20220313\UnitTests\bin\UnitTests.dll" adapterTypeName="executor://xunit/VsTestRunner2/net" className="UnitTests.Data.Repositories.GenericRepositoryTests" name="GenericRepositoryGet" />
    </UnitTest>
    <UnitTest name="UnitTests.Data.Repositories.GenericRepositoryTests.GenericRepositoryUpdate_ThrowsWithNullEntity" storage="d:\a\mymodule20220313\mymodule20220313\unittests\bin\unittests.dll" id="24cfa8b0-48c3-8aab-e4c2-88694c220e2c">
      <Execution id="33382471-c636-4a33-9300-d435158ed29a" />
      <TestMethod codeBase="D:\a\MyModule20220313\MyModule20220313\UnitTests\bin\UnitTests.dll" adapterTypeName="executor://xunit/VsTestRunner2/net" className="UnitTests.Data.Repositories.GenericRepositoryTests" name="GenericRepositoryUpdate_ThrowsWithNullEntity" />
    </UnitTest>
    <UnitTest name="UnitTests.Data.Repositories.GenericRepositoryTests.Pages_With_Related_Entities" storage="d:\a\mymodule20220313\mymodule20220313\unittests\bin\unittests.dll" id="d6cab32e-cf28-1ba8-73a6-76c46cb62c4a">
      <Execution id="636c10c9-68bd-427c-a4a8-7d3f6e892d72" />
      <TestMethod codeBase="D:\a\MyModule20220313\MyModule20220313\UnitTests\bin\UnitTests.dll" adapterTypeName="executor://xunit/VsTestRunner2/net" className="UnitTests.Data.Repositories.GenericRepositoryTests" name="Pages_With_Related_Entities" />
    </UnitTest>
    <UnitTest name="UnitTests.Services.LoggingServiceTests.LogginService_TestableConstructorLogsError" storage="d:\a\mymodule20220313\mymodule20220313\unittests\bin\unittests.dll" id="ac1c50bc-98fd-036f-fe0f-d46cb187f90e">
      <Execution id="9e01dd3d-d8b2-4717-a681-04c818d3dd74" />
      <TestMethod codeBase="D:\a\MyModule20220313\MyModule20220313\UnitTests\bin\UnitTests.dll" adapterTypeName="executor://xunit/VsTestRunner2/net" className="UnitTests.Services.LoggingServiceTests" name="LogginService_TestableConstructorLogsError" />
    </UnitTest>
    <UnitTest name="UnitTests.Data.Repositories.GenericRepositoryTests.GenericRepositoryGetsAll(iterations: 3)" storage="d:\a\mymodule20220313\mymodule20220313\unittests\bin\unittests.dll" id="d15ea2a7-9f9f-b92b-50fa-470898da705d">
      <Execution id="b72895e3-bdfc-4c0c-94bc-872064e1777b" />
      <TestMethod codeBase="D:\a\MyModule20220313\MyModule20220313\UnitTests\bin\UnitTests.dll" adapterTypeName="executor://xunit/VsTestRunner2/net" className="UnitTests.Data.Repositories.GenericRepositoryTests" name="GenericRepositoryGetsAll" />
    </UnitTest>
    <UnitTest name="UnitTests.Common.GlobalsTests.ModulePrefixIsValid" storage="d:\a\mymodule20220313\mymodule20220313\unittests\bin\unittests.dll" id="d1c63cb7-1f9a-a8bf-a217-a4cbb4e5f73b">
      <Execution id="3f995b80-7d0f-439d-8423-c5ff83c372b7" />
      <TestMethod codeBase="D:\a\MyModule20220313\MyModule20220313\UnitTests\bin\UnitTests.dll" adapterTypeName="executor://xunit/VsTestRunner2/net" className="UnitTests.Common.GlobalsTests" name="ModulePrefixIsValid" />
    </UnitTest>
    <UnitTest name="UnitTests.Data.Entities.ItemTests.ItemPropertiesPersist(id: 2, name: &quot;Name2&quot;, description: &quot;Description2&quot;)" storage="d:\a\mymodule20220313\mymodule20220313\unittests\bin\unittests.dll" id="96a18501-dea4-70b1-d572-baa1bb120da2">
      <Execution id="f22f085e-9307-491c-9ee7-a5272fc420b4" />
      <TestMethod codeBase="D:\a\MyModule20220313\MyModule20220313\UnitTests\bin\UnitTests.dll" adapterTypeName="executor://xunit/VsTestRunner2/net" className="UnitTests.Data.Entities.ItemTests" name="ItemPropertiesPersist" />
    </UnitTest>
    <UnitTest name="UnitTests.Controllers.ServiceRouteMapperTests.RegisterRoutes_RegistersAtLestOneRoute" storage="d:\a\mymodule20220313\mymodule20220313\unittests\bin\unittests.dll" id="986d7e6e-d04d-b204-b01c-fbb8f09c7774">
      <Execution id="776a08af-8d3f-436d-81c8-221673d67df7" />
      <TestMethod codeBase="D:\a\MyModule20220313\MyModule20220313\UnitTests\bin\UnitTests.dll" adapterTypeName="executor://xunit/VsTestRunner2/net" className="UnitTests.Controllers.ServiceRouteMapperTests" name="RegisterRoutes_RegistersAtLestOneRoute" />
    </UnitTest>
    <UnitTest name="UnitTests.Controllers.ModuleExceptionFilterAttributeTests.SystemException_DoesNotExposeDetails" storage="d:\a\mymodule20220313\mymodule20220313\unittests\bin\unittests.dll" id="1a74e347-4470-5271-97ab-1ebaf8693270">
      <Execution id="871df758-0a31-4886-a50c-5533d729775f" />
      <TestMethod codeBase="D:\a\MyModule20220313\MyModule20220313\UnitTests\bin\UnitTests.dll" adapterTypeName="executor://xunit/VsTestRunner2/net" className="UnitTests.Controllers.ModuleExceptionFilterAttributeTests" name="SystemException_DoesNotExposeDetails" />
    </UnitTest>
    <UnitTest name="UnitTests.Data.Repositories.GenericRepositoryTests.GenericRepositoryConstructs" storage="d:\a\mymodule20220313\mymodule20220313\unittests\bin\unittests.dll" id="e4f8faa7-d0ad-86e6-1579-7bd52372b4c3">
      <Execution id="6e0eec7d-13cb-432a-a008-058065888593" />
      <TestMethod codeBase="D:\a\MyModule20220313\MyModule20220313\UnitTests\bin\UnitTests.dll" adapterTypeName="executor://xunit/VsTestRunner2/net" className="UnitTests.Data.Repositories.GenericRepositoryTests" name="GenericRepositoryConstructs" />
    </UnitTest>
    <UnitTest name="UnitTests.Data.Repositories.GenericRepositoryTests.Repository_DeleteMissing_DoesNotThrow" storage="d:\a\mymodule20220313\mymodule20220313\unittests\bin\unittests.dll" id="f754f777-4449-23e8-f4ec-917f49117de2">
      <Execution id="34b2ffcd-3b0f-42fd-8973-e56ee62a0533" />
      <TestMethod codeBase="D:\a\MyModule20220313\MyModule20220313\UnitTests\bin\UnitTests.dll" adapterTypeName="executor://xunit/VsTestRunner2/net" className="UnitTests.Data.Repositories.GenericRepositoryTests" name="Repository_DeleteMissing_DoesNotThrow" />
    </UnitTest>
    <UnitTest name="UnitTests.Services.ItemServiceTests.UpdateItem_NoName_Throws(name: null)" storage="d:\a\mymodule20220313\mymodule20220313\unittests\bin\unittests.dll" id="b76e01b1-6afe-f33b-c6a9-ea3347176509">
      <Execution id="d01c543c-82c3-4034-b96b-f6f888c0d943" />
      <TestMethod codeBase="D:\a\MyModule20220313\MyModule20220313\UnitTests\bin\UnitTests.dll" adapterTypeName="executor://xunit/VsTestRunner2/net" className="UnitTests.Services.ItemServiceTests" name="UpdateItem_NoName_Throws" />
    </UnitTest>
    <UnitTest name="UnitTests.Services.ItemServiceTests.CreateItem_NoNameThrows" storage="d:\a\mymodule20220313\mymodule20220313\unittests\bin\unittests.dll" id="19b6234c-c2df-2304-54f9-54b0da4cd6ba">
      <Execution id="982268b0-0cce-4630-a912-3f78ef0e5b71" />
      <TestMethod codeBase="D:\a\MyModule20220313\MyModule20220313\UnitTests\bin\UnitTests.dll" adapterTypeName="executor://xunit/VsTestRunner2/net" className="UnitTests.Services.ItemServiceTests" name="CreateItem_NoNameThrows" />
    </UnitTest>
    <UnitTest name="UnitTests.Services.ItemServiceTests.DeleteItem_Deletes" storage="d:\a\mymodule20220313\mymodule20220313\unittests\bin\unittests.dll" id="e6610648-e456-1c64-d2b1-7e1242b871a8">
      <Execution id="192a9bda-fa3b-4fc6-9c1e-b781cc3a25f9" />
      <TestMethod codeBase="D:\a\MyModule20220313\MyModule20220313\UnitTests\bin\UnitTests.dll" adapterTypeName="executor://xunit/VsTestRunner2/net" className="UnitTests.Services.ItemServiceTests" name="DeleteItem_Deletes" />
    </UnitTest>
    <UnitTest name="UnitTests.Data.Entities.ItemTests.ItemConstructsProperly" storage="d:\a\mymodule20220313\mymodule20220313\unittests\bin\unittests.dll" id="572fc310-4b67-9555-f147-153d39f2eb82">
      <Execution id="4cf8e32c-29b4-4649-9f99-660ca04e16d4" />
      <TestMethod codeBase="D:\a\MyModule20220313\MyModule20220313\UnitTests\bin\UnitTests.dll" adapterTypeName="executor://xunit/VsTestRunner2/net" className="UnitTests.Data.Entities.ItemTests" name="ItemConstructsProperly" />
    </UnitTest>
    <UnitTest name="UnitTests.Services.ItemServiceTests.UpdateItem_NoName_Throws(name: &quot;&quot;)" storage="d:\a\mymodule20220313\mymodule20220313\unittests\bin\unittests.dll" id="3cbfa5d3-e0f6-eff8-ed5c-556fa1f3e131">
      <Execution id="a08859cb-1578-459a-9c43-9d6fa9f00152" />
      <TestMethod codeBase="D:\a\MyModule20220313\MyModule20220313\UnitTests\bin\UnitTests.dll" adapterTypeName="executor://xunit/VsTestRunner2/net" className="UnitTests.Services.ItemServiceTests" name="UpdateItem_NoName_Throws" />
    </UnitTest>
    <UnitTest name="UnitTests.Services.LoggingServiceTests.LogginService_TestableConstructorLogsErrorWithException" storage="d:\a\mymodule20220313\mymodule20220313\unittests\bin\unittests.dll" id="9168bdef-a759-f4d6-b890-b643e17324cf">
      <Execution id="3d3b63af-30b7-41e7-8e0e-3fba96709131" />
      <TestMethod codeBase="D:\a\MyModule20220313\MyModule20220313\UnitTests\bin\UnitTests.dll" adapterTypeName="executor://xunit/VsTestRunner2/net" className="UnitTests.Services.LoggingServiceTests" name="LogginService_TestableConstructorLogsErrorWithException" />
    </UnitTest>
    <UnitTest name="UnitTests.Controllers.ItemControllerTests.UserCanEdit_ReturnsBool(canEdit: True)" storage="d:\a\mymodule20220313\mymodule20220313\unittests\bin\unittests.dll" id="aec60494-3c2e-8ec9-f948-da5bb2043983">
      <Execution id="6bf242c7-1396-4b6c-92e3-f934627d29af" />
      <TestMethod codeBase="D:\a\MyModule20220313\MyModule20220313\UnitTests\bin\UnitTests.dll" adapterTypeName="executor://xunit/VsTestRunner2/net" className="UnitTests.Controllers.ItemControllerTests" name="UserCanEdit_ReturnsBool" />
    </UnitTest>
    <UnitTest name="UnitTests.Controllers.ModuleApiControllerTests.HasUserInfo" storage="d:\a\mymodule20220313\mymodule20220313\unittests\bin\unittests.dll" id="bae3532a-4a9e-c4ab-fc66-4dfa22d16170">
      <Execution id="160766e7-14ae-4345-b157-3a4c92ead9fa" />
      <TestMethod codeBase="D:\a\MyModule20220313\MyModule20220313\UnitTests\bin\UnitTests.dll" adapterTypeName="executor://xunit/VsTestRunner2/net" className="UnitTests.Controllers.ModuleApiControllerTests" name="HasUserInfo" />
    </UnitTest>
    <UnitTest name="UnitTests.Services.ItemServiceTests.UpdateItem_NoName_Throws(name: &quot;  &quot;)" storage="d:\a\mymodule20220313\mymodule20220313\unittests\bin\unittests.dll" id="92b7b9f6-1294-7ea1-ffa3-91fba85074d4">
      <Execution id="9bca5dc6-a669-4244-accc-8573b2b3a284" />
      <TestMethod codeBase="D:\a\MyModule20220313\MyModule20220313\UnitTests\bin\UnitTests.dll" adapterTypeName="executor://xunit/VsTestRunner2/net" className="UnitTests.Services.ItemServiceTests" name="UpdateItem_NoName_Throws" />
    </UnitTest>
    <UnitTest name="UnitTests.Data.Repositories.GenericRepositoryTests.Repository_Create_DefaultAudit" storage="d:\a\mymodule20220313\mymodule20220313\unittests\bin\unittests.dll" id="ae39aa62-5ff2-56e7-d00e-ef116d711d51">
      <Execution id="565928ae-3b4a-4b44-aa2c-f4107b17d801" />
      <TestMethod codeBase="D:\a\MyModule20220313\MyModule20220313\UnitTests\bin\UnitTests.dll" adapterTypeName="executor://xunit/VsTestRunner2/net" className="UnitTests.Data.Repositories.GenericRepositoryTests" name="Repository_Create_DefaultAudit" />
    </UnitTest>
    <UnitTest name="UnitTests.Controllers.ValidateModelAttributeTests.OnActionExecuting_Valid_Works" storage="d:\a\mymodule20220313\mymodule20220313\unittests\bin\unittests.dll" id="e55f1742-c16d-5086-2251-ad3372dd48f5">
      <Execution id="dead95b6-6081-46af-9259-0fe99d22bac4" />
      <TestMethod codeBase="D:\a\MyModule20220313\MyModule20220313\UnitTests\bin\UnitTests.dll" adapterTypeName="executor://xunit/VsTestRunner2/net" className="UnitTests.Controllers.ValidateModelAttributeTests" name="OnActionExecuting_Valid_Works" />
    </UnitTest>
    <UnitTest name="UnitTests.Data.Repositories.GenericRepositoryTests.GenericRepositoryGetsAll(iterations: 1)" storage="d:\a\mymodule20220313\mymodule20220313\unittests\bin\unittests.dll" id="d16880d7-fb44-f209-43d9-ba2e0e1875de">
      <Execution id="ad16f08e-8047-4d86-9dd1-74ae2857b253" />
      <TestMethod codeBase="D:\a\MyModule20220313\MyModule20220313\UnitTests\bin\UnitTests.dll" adapterTypeName="executor://xunit/VsTestRunner2/net" className="UnitTests.Data.Repositories.GenericRepositoryTests" name="GenericRepositoryGetsAll" />
    </UnitTest>
    <UnitTest name="UnitTests.Services.ItemServiceTests.UpdateItem_NullDto_Throws" storage="d:\a\mymodule20220313\mymodule20220313\unittests\bin\unittests.dll" id="263c08b1-704a-f3c2-309e-6dee831dbdc9">
      <Execution id="b128324c-09e1-40e6-a4a9-3c42666c41d6" />
      <TestMethod codeBase="D:\a\MyModule20220313\MyModule20220313\UnitTests\bin\UnitTests.dll" adapterTypeName="executor://xunit/VsTestRunner2/net" className="UnitTests.Services.ItemServiceTests" name="UpdateItem_NullDto_Throws" />
    </UnitTest>
    <UnitTest name="UnitTests.Services.LoggingServiceTests.LoggingService_DefaultConstructorExists" storage="d:\a\mymodule20220313\mymodule20220313\unittests\bin\unittests.dll" id="8ba31d1b-48e3-e04e-cff0-b927c63b4a19">
      <Execution id="f60ea4ef-ba47-4312-b495-8fed82f34697" />
      <TestMethod codeBase="D:\a\MyModule20220313\MyModule20220313\UnitTests\bin\UnitTests.dll" adapterTypeName="executor://xunit/VsTestRunner2/net" className="UnitTests.Services.LoggingServiceTests" name="LoggingService_DefaultConstructorExists" />
    </UnitTest>
    <UnitTest name="UnitTests.Data.Repositories.GenericRepositoryTests.GenericRepositoryCreate_ThrowsWithNullEntity" storage="d:\a\mymodule20220313\mymodule20220313\unittests\bin\unittests.dll" id="36689490-09d4-917f-648a-70dcfcfede10">
      <Execution id="1b497cac-c474-4bc7-8bd4-a7ee590395fc" />
      <TestMethod codeBase="D:\a\MyModule20220313\MyModule20220313\UnitTests\bin\UnitTests.dll" adapterTypeName="executor://xunit/VsTestRunner2/net" className="UnitTests.Data.Repositories.GenericRepositoryTests" name="GenericRepositoryCreate_ThrowsWithNullEntity" />
    </UnitTest>
    <UnitTest name="UnitTests.Controllers.ItemControllerTests.CreateItem_Creates" storage="d:\a\mymodule20220313\mymodule20220313\unittests\bin\unittests.dll" id="588a2c1b-7788-beb2-ade0-06788d455d25">
      <Execution id="5306b152-f245-43c3-8e59-5c18dfefa4eb" />
      <TestMethod codeBase="D:\a\MyModule20220313\MyModule20220313\UnitTests\bin\UnitTests.dll" adapterTypeName="executor://xunit/VsTestRunner2/net" className="UnitTests.Controllers.ItemControllerTests" name="CreateItem_Creates" />
    </UnitTest>
    <UnitTest name="UnitTests.Controllers.ModuleApiControllerTests.CanEdit_Set_Throws" storage="d:\a\mymodule20220313\mymodule20220313\unittests\bin\unittests.dll" id="5f92ec4d-d570-0452-b891-d4cee75db9dd">
      <Execution id="c3adad6d-7d9a-425c-8394-0cceb0f76fc3" />
      <TestMethod codeBase="D:\a\MyModule20220313\MyModule20220313\UnitTests\bin\UnitTests.dll" adapterTypeName="executor://xunit/VsTestRunner2/net" className="UnitTests.Controllers.ModuleApiControllerTests" name="CanEdit_Set_Throws" />
    </UnitTest>
    <UnitTest name="UnitTests.Data.Repositories.GenericRepositoryTests.Repository_Create_UsesUserId" storage="d:\a\mymodule20220313\mymodule20220313\unittests\bin\unittests.dll" id="e1c7f76f-6195-c844-23c0-304b47fbae66">
      <Execution id="d1433b8b-7cf3-48ed-8431-cc6de22d1ae4" />
      <TestMethod codeBase="D:\a\MyModule20220313\MyModule20220313\UnitTests\bin\UnitTests.dll" adapterTypeName="executor://xunit/VsTestRunner2/net" className="UnitTests.Data.Repositories.GenericRepositoryTests" name="Repository_Create_UsesUserId" />
    </UnitTest>
    <UnitTest name="UnitTests.Controllers.ItemControllerTests.UpdateItem_Updates" storage="d:\a\mymodule20220313\mymodule20220313\unittests\bin\unittests.dll" id="315adde5-f36d-a74f-aa46-fb22a0f78cd9">
      <Execution id="55652b80-3241-42bd-b135-cf7ad8c1b5e3" />
      <TestMethod codeBase="D:\a\MyModule20220313\MyModule20220313\UnitTests\bin\UnitTests.dll" adapterTypeName="executor://xunit/VsTestRunner2/net" className="UnitTests.Controllers.ItemControllerTests" name="UpdateItem_Updates" />
    </UnitTest>
    <UnitTest name="UnitTests.Controllers.ModuleExceptionFilterAttributeTests.ArgumentException_BadRequest" storage="d:\a\mymodule20220313\mymodule20220313\unittests\bin\unittests.dll" id="a21637b0-54f8-4fa0-bc3b-95481a9fd90b">
      <Execution id="c012baa9-5e3b-4edc-bd7c-b7ce63c55938" />
      <TestMethod codeBase="D:\a\MyModule20220313\MyModule20220313\UnitTests\bin\UnitTests.dll" adapterTypeName="executor://xunit/VsTestRunner2/net" className="UnitTests.Controllers.ModuleExceptionFilterAttributeTests" name="ArgumentException_BadRequest" />
    </UnitTest>
    <UnitTest name="UnitTests.Data.Repositories.GenericRepositoryTests.GetPage_Pages(page: 3, pageSize: 20, expectedItems: 10, expectedPages: 3)" storage="d:\a\mymodule20220313\mymodule20220313\unittests\bin\unittests.dll" id="74c28fcf-aa9b-2bab-0ff6-cfa98a0ddf49">
      <Execution id="bb851254-3db2-41c6-87da-4c85c6eb1bc3" />
      <TestMethod codeBase="D:\a\MyModule20220313\MyModule20220313\UnitTests\bin\UnitTests.dll" adapterTypeName="executor://xunit/VsTestRunner2/net" className="UnitTests.Data.Repositories.GenericRepositoryTests" name="GetPage_Pages" />
    </UnitTest>
    <UnitTest name="UnitTests.Controllers.ModuleExceptionFilterAttributeTests.NoException_DoesNothing" storage="d:\a\mymodule20220313\mymodule20220313\unittests\bin\unittests.dll" id="113f48ce-a6a3-c5df-7589-ba5a5fcb9c59">
      <Execution id="bcc51326-3fcf-4cd7-918f-d79dc2a55c4e" />
      <TestMethod codeBase="D:\a\MyModule20220313\MyModule20220313\UnitTests\bin\UnitTests.dll" adapterTypeName="executor://xunit/VsTestRunner2/net" className="UnitTests.Controllers.ModuleExceptionFilterAttributeTests" name="NoException_DoesNothing" />
    </UnitTest>
    <UnitTest name="UnitTests.Controllers.ItemControllerTests.GetItemsPage_GetsProperPages" storage="d:\a\mymodule20220313\mymodule20220313\unittests\bin\unittests.dll" id="1017c6c1-9dd0-57dc-36e7-bb573d02562e">
      <Execution id="73c86414-3c58-45f1-91ba-9467a4446524" />
      <TestMethod codeBase="D:\a\MyModule20220313\MyModule20220313\UnitTests\bin\UnitTests.dll" adapterTypeName="executor://xunit/VsTestRunner2/net" className="UnitTests.Controllers.ItemControllerTests" name="GetItemsPage_GetsProperPages" />
    </UnitTest>
    <UnitTest name="UnitTests.Data.Repositories.GenericRepositoryTests.GenericRepositoryDeletes" storage="d:\a\mymodule20220313\mymodule20220313\unittests\bin\unittests.dll" id="0bc54975-0bff-692e-a9b3-fc69f2c95a39">
      <Execution id="c419293d-81aa-423a-a28c-dbf85595cb3c" />
      <TestMethod codeBase="D:\a\MyModule20220313\MyModule20220313\UnitTests\bin\UnitTests.dll" adapterTypeName="executor://xunit/VsTestRunner2/net" className="UnitTests.Data.Repositories.GenericRepositoryTests" name="GenericRepositoryDeletes" />
    </UnitTest>
    <UnitTest name="UnitTests.Controllers.ItemControllerTests.DeleteItem_Deletes(itemId: 10)" storage="d:\a\mymodule20220313\mymodule20220313\unittests\bin\unittests.dll" id="d6094ca1-b65b-5133-f464-9f7d01f0d023">
      <Execution id="fd9fda09-3ca6-4087-9bf1-115981aebcad" />
      <TestMethod codeBase="D:\a\MyModule20220313\MyModule20220313\UnitTests\bin\UnitTests.dll" adapterTypeName="executor://xunit/VsTestRunner2/net" className="UnitTests.Controllers.ItemControllerTests" name="DeleteItem_Deletes" />
    </UnitTest>
    <UnitTest name="UnitTests.Data.Repositories.GenericRepositoryTests.GenericRepositoryUpdates" storage="d:\a\mymodule20220313\mymodule20220313\unittests\bin\unittests.dll" id="70ede014-c412-e387-bb98-e95b3b42090d">
      <Execution id="3ca16e6b-699e-4d25-b2b7-affd9ed3dd16" />
      <TestMethod codeBase="D:\a\MyModule20220313\MyModule20220313\UnitTests\bin\UnitTests.dll" adapterTypeName="executor://xunit/VsTestRunner2/net" className="UnitTests.Data.Repositories.GenericRepositoryTests" name="GenericRepositoryUpdates" />
    </UnitTest>
    <UnitTest name="UnitTests.Data.Repositories.GenericRepositoryTests.Repository_Update_DefaultAudit" storage="d:\a\mymodule20220313\mymodule20220313\unittests\bin\unittests.dll" id="44b00d3a-bad7-aefd-141c-4a35b11463b2">
      <Execution id="e34f0e48-55ba-483d-b355-0861e5ec8bf1" />
      <TestMethod codeBase="D:\a\MyModule20220313\MyModule20220313\UnitTests\bin\UnitTests.dll" adapterTypeName="executor://xunit/VsTestRunner2/net" className="UnitTests.Data.Repositories.GenericRepositoryTests" name="Repository_Update_DefaultAudit" />
    </UnitTest>
    <UnitTest name="UnitTests.Services.ItemServiceTests.UpdateItem_Updates" storage="d:\a\mymodule20220313\mymodule20220313\unittests\bin\unittests.dll" id="130d9133-361f-a0da-f15e-423eb98947ac">
      <Execution id="6eef4d29-e971-4335-b564-d95e8a429da5" />
      <TestMethod codeBase="D:\a\MyModule20220313\MyModule20220313\UnitTests\bin\UnitTests.dll" adapterTypeName="executor://xunit/VsTestRunner2/net" className="UnitTests.Services.ItemServiceTests" name="UpdateItem_Updates" />
    </UnitTest>
    <UnitTest name="UnitTests.Data.Repositories.GenericRepositoryTests.GenericRepositoryGetsAll(iterations: 2)" storage="d:\a\mymodule20220313\mymodule20220313\unittests\bin\unittests.dll" id="ffe5c770-9b99-42c0-ce21-7e50cccf4385">
      <Execution id="6ef6c067-6d06-464a-8092-4ab973233bea" />
      <TestMethod codeBase="D:\a\MyModule20220313\MyModule20220313\UnitTests\bin\UnitTests.dll" adapterTypeName="executor://xunit/VsTestRunner2/net" className="UnitTests.Data.Repositories.GenericRepositoryTests" name="GenericRepositoryGetsAll" />
    </UnitTest>
    <UnitTest name="UnitTests.Data.Repositories.GenericRepositoryTests.GenericRepositoryGetsAll(iterations: 0)" storage="d:\a\mymodule20220313\mymodule20220313\unittests\bin\unittests.dll" id="4fe0dd0f-2fa0-9c42-e816-a6df28150b72">
      <Execution id="20a1770a-6190-4f72-80dd-70e4817b4f51" />
      <TestMethod codeBase="D:\a\MyModule20220313\MyModule20220313\UnitTests\bin\UnitTests.dll" adapterTypeName="executor://xunit/VsTestRunner2/net" className="UnitTests.Data.Repositories.GenericRepositoryTests" name="GenericRepositoryGetsAll" />
    </UnitTest>
    <UnitTest name="UnitTests.Data.Repositories.GenericRepositoryTests.GetPage_Pages(page: 1, pageSize: 10, expectedItems: 10, expectedPages: 5)" storage="d:\a\mymodule20220313\mymodule20220313\unittests\bin\unittests.dll" id="c5867bfe-f023-3ae4-485c-eae070f2ace9">
      <Execution id="aaf52d96-ea76-4978-a8c6-b954c646d911" />
      <TestMethod codeBase="D:\a\MyModule20220313\MyModule20220313\UnitTests\bin\UnitTests.dll" adapterTypeName="executor://xunit/VsTestRunner2/net" className="UnitTests.Data.Repositories.GenericRepositoryTests" name="GetPage_Pages" />
    </UnitTest>
    <UnitTest name="UnitTests.Common.Extensions.IQueryableExtensionsTests.Order_OrdersBothWays(descending: False, expected: [1, 2, 3])" storage="d:\a\mymodule20220313\mymodule20220313\unittests\bin\unittests.dll" id="248341cb-553e-e275-a8eb-499567f40929">
      <Execution id="8775ab23-3623-43db-8e69-d406a535b3fa" />
      <TestMethod codeBase="D:\a\MyModule20220313\MyModule20220313\UnitTests\bin\UnitTests.dll" adapterTypeName="executor://xunit/VsTestRunner2/net" className="UnitTests.Common.Extensions.IQueryableExtensionsTests" name="Order_OrdersBothWays" />
    </UnitTest>
    <UnitTest name="UnitTests.Data.Repositories.GenericRepositoryTests.GetPage_Pages(page: 0, pageSize: 0, expectedItems: 1, expectedPages: 50)" storage="d:\a\mymodule20220313\mymodule20220313\unittests\bin\unittests.dll" id="3688eeeb-2a1a-6ffa-a193-543baf24437a">
      <Execution id="f0a29a00-bd1e-4d66-bfc1-01a6c631b620" />
      <TestMethod codeBase="D:\a\MyModule20220313\MyModule20220313\UnitTests\bin\UnitTests.dll" adapterTypeName="executor://xunit/VsTestRunner2/net" className="UnitTests.Data.Repositories.GenericRepositoryTests" name="GetPage_Pages" />
    </UnitTest>
    <UnitTest name="UnitTests.Services.ItemServiceTests.CreateItem_NoItemThrows" storage="d:\a\mymodule20220313\mymodule20220313\unittests\bin\unittests.dll" id="f5652070-1b22-f5a7-3f3f-68b37c9184a8">
      <Execution id="7f79ad92-8ef8-4cb4-9392-a07d06b6878c" />
      <TestMethod codeBase="D:\a\MyModule20220313\MyModule20220313\UnitTests\bin\UnitTests.dll" adapterTypeName="executor://xunit/VsTestRunner2/net" className="UnitTests.Services.ItemServiceTests" name="CreateItem_NoItemThrows" />
    </UnitTest>
    <UnitTest name="UnitTests.Data.Entities.ItemTests.ItemPropertiesPersist(id: 1, name: &quot;Name1&quot;, description: &quot;Description1&quot;)" storage="d:\a\mymodule20220313\mymodule20220313\unittests\bin\unittests.dll" id="392ed628-2028-c945-b97e-893658a1e82b">
      <Execution id="0aedfe71-fdfd-4a6f-bb96-ec079b825579" />
      <TestMethod codeBase="D:\a\MyModule20220313\MyModule20220313\UnitTests\bin\UnitTests.dll" adapterTypeName="executor://xunit/VsTestRunner2/net" className="UnitTests.Data.Entities.ItemTests" name="ItemPropertiesPersist" />
    </UnitTest>
  </TestDefinitions>
  <TestEntries>
    <TestEntry testId="0ebf358f-9eac-9438-b418-9c6aa81a6377" executionId="022e97a8-ee91-4156-8750-cb6364b556c9" testListId="8c84fa94-04c1-424b-9868-57a2d4851a1d" />
    <TestEntry testId="f754f777-4449-23e8-f4ec-917f49117de2" executionId="34b2ffcd-3b0f-42fd-8973-e56ee62a0533" testListId="8c84fa94-04c1-424b-9868-57a2d4851a1d" />
    <TestEntry testId="e6610648-e456-1c64-d2b1-7e1242b871a8" executionId="192a9bda-fa3b-4fc6-9c1e-b781cc3a25f9" testListId="8c84fa94-04c1-424b-9868-57a2d4851a1d" />
    <TestEntry testId="4fe0dd0f-2fa0-9c42-e816-a6df28150b72" executionId="20a1770a-6190-4f72-80dd-70e4817b4f51" testListId="8c84fa94-04c1-424b-9868-57a2d4851a1d" />
    <TestEntry testId="9168bdef-a759-f4d6-b890-b643e17324cf" executionId="3d3b63af-30b7-41e7-8e0e-3fba96709131" testListId="8c84fa94-04c1-424b-9868-57a2d4851a1d" />
    <TestEntry testId="bae3532a-4a9e-c4ab-fc66-4dfa22d16170" executionId="160766e7-14ae-4345-b157-3a4c92ead9fa" testListId="8c84fa94-04c1-424b-9868-57a2d4851a1d" />
    <TestEntry testId="24cfa8b0-48c3-8aab-e4c2-88694c220e2c" executionId="33382471-c636-4a33-9300-d435158ed29a" testListId="8c84fa94-04c1-424b-9868-57a2d4851a1d" />
    <TestEntry testId="478b61ee-7d85-9dbe-985d-08c590f8666a" executionId="4395f734-f796-4081-85d8-8d4656603841" testListId="8c84fa94-04c1-424b-9868-57a2d4851a1d" />
    <TestEntry testId="0247c7e7-7d1c-099b-2ac8-81a47ff2509a" executionId="2f8e953d-39ee-4e80-80d1-9b686928c418" testListId="8c84fa94-04c1-424b-9868-57a2d4851a1d" />
    <TestEntry testId="b76e01b1-6afe-f33b-c6a9-ea3347176509" executionId="d01c543c-82c3-4034-b96b-f6f888c0d943" testListId="8c84fa94-04c1-424b-9868-57a2d4851a1d" />
    <TestEntry testId="a21637b0-54f8-4fa0-bc3b-95481a9fd90b" executionId="79354b10-0ed6-4e40-8ec7-21dcc0c0513a" testListId="8c84fa94-04c1-424b-9868-57a2d4851a1d" />
    <TestEntry testId="96a18501-dea4-70b1-d572-baa1bb120da2" executionId="f22f085e-9307-491c-9ee7-a5272fc420b4" testListId="8c84fa94-04c1-424b-9868-57a2d4851a1d" />
    <TestEntry testId="ffe5c770-9b99-42c0-ce21-7e50cccf4385" executionId="6ef6c067-6d06-464a-8092-4ab973233bea" testListId="8c84fa94-04c1-424b-9868-57a2d4851a1d" />
    <TestEntry testId="ae39aa62-5ff2-56e7-d00e-ef116d711d51" executionId="565928ae-3b4a-4b44-aa2c-f4107b17d801" testListId="8c84fa94-04c1-424b-9868-57a2d4851a1d" />
    <TestEntry testId="986d7e6e-d04d-b204-b01c-fbb8f09c7774" executionId="776a08af-8d3f-436d-81c8-221673d67df7" testListId="8c84fa94-04c1-424b-9868-57a2d4851a1d" />
    <TestEntry testId="1c164fbc-1ab1-9884-ccb8-9e84f4c977d0" executionId="62542636-2291-4d24-9043-e4e37296a540" testListId="8c84fa94-04c1-424b-9868-57a2d4851a1d" />
    <TestEntry testId="263c08b1-704a-f3c2-309e-6dee831dbdc9" executionId="b128324c-09e1-40e6-a4a9-3c42666c41d6" testListId="8c84fa94-04c1-424b-9868-57a2d4851a1d" />
    <TestEntry testId="8ba31d1b-48e3-e04e-cff0-b927c63b4a19" executionId="f60ea4ef-ba47-4312-b495-8fed82f34697" testListId="8c84fa94-04c1-424b-9868-57a2d4851a1d" />
    <TestEntry testId="a21637b0-54f8-4fa0-bc3b-95481a9fd90b" executionId="11ef2568-3e55-4548-8c2f-8b6c6154ac8a" testListId="8c84fa94-04c1-424b-9868-57a2d4851a1d" />
    <TestEntry testId="572fc310-4b67-9555-f147-153d39f2eb82" executionId="4cf8e32c-29b4-4649-9f99-660ca04e16d4" testListId="8c84fa94-04c1-424b-9868-57a2d4851a1d" />
    <TestEntry testId="19b6234c-c2df-2304-54f9-54b0da4cd6ba" executionId="982268b0-0cce-4630-a912-3f78ef0e5b71" testListId="8c84fa94-04c1-424b-9868-57a2d4851a1d" />
    <TestEntry testId="3cbfa5d3-e0f6-eff8-ed5c-556fa1f3e131" executionId="a08859cb-1578-459a-9c43-9d6fa9f00152" testListId="8c84fa94-04c1-424b-9868-57a2d4851a1d" />
    <TestEntry testId="588a2c1b-7788-beb2-ade0-06788d455d25" executionId="5306b152-f245-43c3-8e59-5c18dfefa4eb" testListId="8c84fa94-04c1-424b-9868-57a2d4851a1d" />
    <TestEntry testId="315adde5-f36d-a74f-aa46-fb22a0f78cd9" executionId="55652b80-3241-42bd-b135-cf7ad8c1b5e3" testListId="8c84fa94-04c1-424b-9868-57a2d4851a1d" />
    <TestEntry testId="61a8ccc9-c5b1-047b-3c97-f777ccc7d30b" executionId="5dfe392f-b8df-4496-8aec-9f3335f626b8" testListId="8c84fa94-04c1-424b-9868-57a2d4851a1d" />
    <TestEntry testId="e6e0a140-85e7-6935-6160-ab95ecfd3c8a" executionId="235b0222-517b-4fd7-bca1-3366f7cb190f" testListId="8c84fa94-04c1-424b-9868-57a2d4851a1d" />
    <TestEntry testId="248341cb-553e-e275-a8eb-499567f40929" executionId="8775ab23-3623-43db-8e69-d406a535b3fa" testListId="8c84fa94-04c1-424b-9868-57a2d4851a1d" />
    <TestEntry testId="92b7b9f6-1294-7ea1-ffa3-91fba85074d4" executionId="9bca5dc6-a669-4244-accc-8573b2b3a284" testListId="8c84fa94-04c1-424b-9868-57a2d4851a1d" />
    <TestEntry testId="1017c6c1-9dd0-57dc-36e7-bb573d02562e" executionId="73c86414-3c58-45f1-91ba-9467a4446524" testListId="8c84fa94-04c1-424b-9868-57a2d4851a1d" />
    <TestEntry testId="d16880d7-fb44-f209-43d9-ba2e0e1875de" executionId="ad16f08e-8047-4d86-9dd1-74ae2857b253" testListId="8c84fa94-04c1-424b-9868-57a2d4851a1d" />
    <TestEntry testId="168fc980-36e3-101b-62b1-f5ab71e9fc0d" executionId="5aabc856-a1ed-4bb6-9626-df72b091988f" testListId="8c84fa94-04c1-424b-9868-57a2d4851a1d" />
    <TestEntry testId="ad3412e8-5f64-2020-a5b6-bd4cca8c3b7d" executionId="702b099d-2968-4876-8f2b-b60bab071e02" testListId="8c84fa94-04c1-424b-9868-57a2d4851a1d" />
    <TestEntry testId="392ed628-2028-c945-b97e-893658a1e82b" executionId="0aedfe71-fdfd-4a6f-bb96-ec079b825579" testListId="8c84fa94-04c1-424b-9868-57a2d4851a1d" />
    <TestEntry testId="113f48ce-a6a3-c5df-7589-ba5a5fcb9c59" executionId="bcc51326-3fcf-4cd7-918f-d79dc2a55c4e" testListId="8c84fa94-04c1-424b-9868-57a2d4851a1d" />
    <TestEntry testId="0bc54975-0bff-692e-a9b3-fc69f2c95a39" executionId="c419293d-81aa-423a-a28c-dbf85595cb3c" testListId="8c84fa94-04c1-424b-9868-57a2d4851a1d" />
    <TestEntry testId="5f92ec4d-d570-0452-b891-d4cee75db9dd" executionId="c3adad6d-7d9a-425c-8394-0cceb0f76fc3" testListId="8c84fa94-04c1-424b-9868-57a2d4851a1d" />
    <TestEntry testId="e55f1742-c16d-5086-2251-ad3372dd48f5" executionId="dead95b6-6081-46af-9259-0fe99d22bac4" testListId="8c84fa94-04c1-424b-9868-57a2d4851a1d" />
    <TestEntry testId="130d9133-361f-a0da-f15e-423eb98947ac" executionId="6eef4d29-e971-4335-b564-d95e8a429da5" testListId="8c84fa94-04c1-424b-9868-57a2d4851a1d" />
    <TestEntry testId="d6094ca1-b65b-5133-f464-9f7d01f0d023" executionId="fd9fda09-3ca6-4087-9bf1-115981aebcad" testListId="8c84fa94-04c1-424b-9868-57a2d4851a1d" />
    <TestEntry testId="36689490-09d4-917f-648a-70dcfcfede10" executionId="1b497cac-c474-4bc7-8bd4-a7ee590395fc" testListId="8c84fa94-04c1-424b-9868-57a2d4851a1d" />
    <TestEntry testId="1a74e347-4470-5271-97ab-1ebaf8693270" executionId="871df758-0a31-4886-a50c-5533d729775f" testListId="8c84fa94-04c1-424b-9868-57a2d4851a1d" />
    <TestEntry testId="74c28fcf-aa9b-2bab-0ff6-cfa98a0ddf49" executionId="bb851254-3db2-41c6-87da-4c85c6eb1bc3" testListId="8c84fa94-04c1-424b-9868-57a2d4851a1d" />
    <TestEntry testId="d6cab32e-cf28-1ba8-73a6-76c46cb62c4a" executionId="636c10c9-68bd-427c-a4a8-7d3f6e892d72" testListId="8c84fa94-04c1-424b-9868-57a2d4851a1d" />
    <TestEntry testId="a21637b0-54f8-4fa0-bc3b-95481a9fd90b" executionId="b726476c-1cf8-4729-ac85-efb3c796ed4b" testListId="8c84fa94-04c1-424b-9868-57a2d4851a1d" />
    <TestEntry testId="ac2a99ba-3563-74a9-7d4c-8e91a58cd097" executionId="b21ee5e3-e567-4efd-b91a-f01e7cd12d80" testListId="8c84fa94-04c1-424b-9868-57a2d4851a1d" />
    <TestEntry testId="d15ea2a7-9f9f-b92b-50fa-470898da705d" executionId="b72895e3-bdfc-4c0c-94bc-872064e1777b" testListId="8c84fa94-04c1-424b-9868-57a2d4851a1d" />
    <TestEntry testId="a21637b0-54f8-4fa0-bc3b-95481a9fd90b" executionId="6c218beb-1806-4eb2-924f-1d227ba35984" testListId="8c84fa94-04c1-424b-9868-57a2d4851a1d" />
    <TestEntry testId="70ede014-c412-e387-bb98-e95b3b42090d" executionId="3ca16e6b-699e-4d25-b2b7-affd9ed3dd16" testListId="8c84fa94-04c1-424b-9868-57a2d4851a1d" />
    <TestEntry testId="a21637b0-54f8-4fa0-bc3b-95481a9fd90b" executionId="1a60b103-49a9-4412-b907-4118705f3d0c" testListId="8c84fa94-04c1-424b-9868-57a2d4851a1d" />
    <TestEntry testId="c5867bfe-f023-3ae4-485c-eae070f2ace9" executionId="aaf52d96-ea76-4978-a8c6-b954c646d911" testListId="8c84fa94-04c1-424b-9868-57a2d4851a1d" />
    <TestEntry testId="a21637b0-54f8-4fa0-bc3b-95481a9fd90b" executionId="c012baa9-5e3b-4edc-bd7c-b7ce63c55938" testListId="8c84fa94-04c1-424b-9868-57a2d4851a1d" />
    <TestEntry testId="a9198ad3-782e-a37c-0b5f-1330f5318f55" executionId="f8020001-ee22-4c72-835c-422c3f55b1f3" testListId="8c84fa94-04c1-424b-9868-57a2d4851a1d" />
    <TestEntry testId="d1c63cb7-1f9a-a8bf-a217-a4cbb4e5f73b" executionId="3f995b80-7d0f-439d-8423-c5ff83c372b7" testListId="8c84fa94-04c1-424b-9868-57a2d4851a1d" />
    <TestEntry testId="e4f8faa7-d0ad-86e6-1579-7bd52372b4c3" executionId="6e0eec7d-13cb-432a-a008-058065888593" testListId="8c84fa94-04c1-424b-9868-57a2d4851a1d" />
    <TestEntry testId="44b00d3a-bad7-aefd-141c-4a35b11463b2" executionId="e34f0e48-55ba-483d-b355-0861e5ec8bf1" testListId="8c84fa94-04c1-424b-9868-57a2d4851a1d" />
    <TestEntry testId="3688eeeb-2a1a-6ffa-a193-543baf24437a" executionId="f0a29a00-bd1e-4d66-bfc1-01a6c631b620" testListId="8c84fa94-04c1-424b-9868-57a2d4851a1d" />
    <TestEntry testId="f5652070-1b22-f5a7-3f3f-68b37c9184a8" executionId="7f79ad92-8ef8-4cb4-9392-a07d06b6878c" testListId="8c84fa94-04c1-424b-9868-57a2d4851a1d" />
    <TestEntry testId="b6579d24-7c4e-c42d-2ead-85e0f30e0a64" executionId="24a2cc8e-a0cb-44d4-a598-2c24ca431d4f" testListId="8c84fa94-04c1-424b-9868-57a2d4851a1d" />
    <TestEntry testId="320e3c11-11d1-b3ef-0d2e-5e474f674ff1" executionId="832a3e5e-2a4f-41ae-84e0-daa40105d949" testListId="8c84fa94-04c1-424b-9868-57a2d4851a1d" />
    <TestEntry testId="e1c7f76f-6195-c844-23c0-304b47fbae66" executionId="d1433b8b-7cf3-48ed-8431-cc6de22d1ae4" testListId="8c84fa94-04c1-424b-9868-57a2d4851a1d" />
    <TestEntry testId="99806ad3-88f0-7495-8b3e-3799a4bbb6aa" executionId="3ad6a2fe-a508-40f6-a330-5bc7e1827f8e" testListId="8c84fa94-04c1-424b-9868-57a2d4851a1d" />
    <TestEntry testId="ac1c50bc-98fd-036f-fe0f-d46cb187f90e" executionId="9e01dd3d-d8b2-4717-a681-04c818d3dd74" testListId="8c84fa94-04c1-424b-9868-57a2d4851a1d" />
    <TestEntry testId="aec60494-3c2e-8ec9-f948-da5bb2043983" executionId="6bf242c7-1396-4b6c-92e3-f934627d29af" testListId="8c84fa94-04c1-424b-9868-57a2d4851a1d" />
  </TestEntries>
  <TestLists>
    <TestList name="Results Not in a List" id="8c84fa94-04c1-424b-9868-57a2d4851a1d" />
    <TestList name="All Loaded Results" id="19431567-8539-422a-85d7-44ee4e166bda" />
  </TestLists>
  <ResultSummary outcome="Completed">
    <Counters total="63" executed="63" passed="63" failed="0" error="0" timeout="0" aborted="0" inconclusive="0" passedButRunAborted="0" notRunnable="0" notExecuted="0" disconnected="0" warning="0" completed="0" inProgress="0" pending="0" />
    <Output>
      <StdOut>[xUnit.net 00:00:00.00] xUnit.net VSTest Adapter v2.4.3+1b45f5407b (32-bit Desktop .NET 4.0.30319.42000)&#xD;
[xUnit.net 00:00:01.08]   Discovering: UnitTests&#xD;
[xUnit.net 00:00:01.29]   Discovered:  UnitTests&#xD;
[xUnit.net 00:00:01.29]   Starting:    UnitTests&#xD;
[xUnit.net 00:00:07.08]   Finished:    UnitTests&#xD;
</StdOut>
    </Output>
  </ResultSummary>
</TestRun>