<?xml version="1.0" encoding="utf-8"?>
<TestRun id="e174581f-569c-43d0-9f7d-2ab84d460c1e" name="runneradmin@fv-az448-595 2022-03-14 00:24:31" runUser="fv-az448-595\runneradmin" xmlns="http://microsoft.com/schemas/VisualStudio/TeamTest/2010">
  <Times creation="2022-03-14T00:24:31.9799882+00:00" queuing="2022-03-14T00:24:31.9799885+00:00" start="2022-03-14T00:24:29.1206813+00:00" finish="2022-03-14T00:24:38.0355443+00:00" />
  <TestSettings name="default" id="0bcd7cf3-701a-4ecb-8e73-64c142266677">
    <Deployment runDeploymentRoot="runneradmin_fv-az448-595_2022-03-14_00_24_31" />
  </TestSettings>
  <Results>
    <UnitTestResult executionId="c11e450e-a85c-45e4-869c-fc0a44c25447" testId="b76e01b1-6afe-f33b-c6a9-ea3347176509" testName="UnitTests.Services.ItemServiceTests.UpdateItem_NoName_Throws(name: null)" computerName="fv-az448-595" duration="00:00:00.0010000" startTime="2022-03-14T00:24:32.1065050+00:00" endTime="2022-03-14T00:24:32.1065050+00:00" testType="13cdc9d9-ddb5-4fa4-a97d-d965ccfc6d4b" outcome="Passed" testListId="8c84fa94-04c1-424b-9868-57a2d4851a1d" relativeResultsDirectory="c11e450e-a85c-45e4-869c-fc0a44c25447" />
    <UnitTestResult executionId="eab561e1-b396-4cc5-ba21-17991740a0a5" testId="1c164fbc-1ab1-9884-ccb8-9e84f4c977d0" testName="UnitTests.Services.ItemServiceTests.UpdateItem_NoName_Throws(name: &quot; &quot;)" computerName="fv-az448-595" duration="00:00:00.0010000" startTime="2022-03-14T00:24:32.1085050+00:00" endTime="2022-03-14T00:24:32.1085050+00:00" testType="13cdc9d9-ddb5-4fa4-a97d-d965ccfc6d4b" outcome="Passed" testListId="8c84fa94-04c1-424b-9868-57a2d4851a1d" relativeResultsDirectory="eab561e1-b396-4cc5-ba21-17991740a0a5" />
    <UnitTestResult executionId="a8d7e1ca-3062-4a0a-a5e0-a909dda5e694" testId="248341cb-553e-e275-a8eb-499567f40929" testName="UnitTests.Common.Extensions.IQueryableExtensionsTests.Order_OrdersBothWays(descending: False, expected: [1, 2, 3])" computerName="fv-az448-595" duration="00:00:00.0030000" startTime="2022-03-14T00:24:32.2365059+00:00" endTime="2022-03-14T00:24:32.2365059+00:00" testType="13cdc9d9-ddb5-4fa4-a97d-d965ccfc6d4b" outcome="Passed" testListId="8c84fa94-04c1-424b-9868-57a2d4851a1d" relativeResultsDirectory="a8d7e1ca-3062-4a0a-a5e0-a909dda5e694" />
    <UnitTestResult executionId="53b5b2ed-c809-4cd9-ae18-e4b830e30c51" testId="315adde5-f36d-a74f-aa46-fb22a0f78cd9" testName="UnitTests.Controllers.ItemControllerTests.UpdateItem_Updates" computerName="fv-az448-595" duration="00:00:00.0040000" startTime="2022-03-14T00:24:33.1267825+00:00" endTime="2022-03-14T00:24:33.1267825+00:00" testType="13cdc9d9-ddb5-4fa4-a97d-d965ccfc6d4b" outcome="Passed" testListId="8c84fa94-04c1-424b-9868-57a2d4851a1d" relativeResultsDirectory="53b5b2ed-c809-4cd9-ae18-e4b830e30c51" />
    <UnitTestResult executionId="212a284d-3f99-4186-9293-c5eddaf7a58b" testId="24cfa8b0-48c3-8aab-e4c2-88694c220e2c" testName="UnitTests.Data.Repositories.GenericRepositoryTests.GenericRepositoryUpdate_ThrowsWithNullEntity" computerName="fv-az448-595" duration="00:00:00.0010000" startTime="2022-03-14T00:24:37.8508404+00:00" endTime="2022-03-14T00:24:37.8508404+00:00" testType="13cdc9d9-ddb5-4fa4-a97d-d965ccfc6d4b" outcome="Passed" testListId="8c84fa94-04c1-424b-9868-57a2d4851a1d" relativeResultsDirectory="212a284d-3f99-4186-9293-c5eddaf7a58b" />
    <UnitTestResult executionId="c8831844-fc8b-4e2c-b69c-9115ea69a7ef" testId="e4f8faa7-d0ad-86e6-1579-7bd52372b4c3" testName="UnitTests.Data.Repositories.GenericRepositoryTests.GenericRepositoryConstructs" computerName="fv-az448-595" duration="00:00:00.0010000" startTime="2022-03-14T00:24:35.8852872+00:00" endTime="2022-03-14T00:24:35.8852872+00:00" testType="13cdc9d9-ddb5-4fa4-a97d-d965ccfc6d4b" outcome="Passed" testListId="8c84fa94-04c1-424b-9868-57a2d4851a1d" relativeResultsDirectory="c8831844-fc8b-4e2c-b69c-9115ea69a7ef" />
    <UnitTestResult executionId="3512c877-7e01-40fe-87d1-49ad8ebf7de6" testId="a21637b0-54f8-4fa0-bc3b-95481a9fd90b" testName="UnitTests.Controllers.ModuleExceptionFilterAttributeTests.ArgumentException_BadRequest(exception: System.NotImplementedException: Not Implemented, expectedStatusCode: NotImplemented)" computerName="fv-az448-595" duration="00:00:00.0010000" startTime="2022-03-14T00:24:31.9355017+00:00" endTime="2022-03-14T00:24:31.9355017+00:00" testType="13cdc9d9-ddb5-4fa4-a97d-d965ccfc6d4b" outcome="Passed" testListId="8c84fa94-04c1-424b-9868-57a2d4851a1d" relativeResultsDirectory="3512c877-7e01-40fe-87d1-49ad8ebf7de6" />
    <UnitTestResult executionId="835ca42b-cc86-4ce8-8f4a-62ab8b3f8549" testId="a21637b0-54f8-4fa0-bc3b-95481a9fd90b" testName="UnitTests.Controllers.ModuleExceptionFilterAttributeTests.ArgumentException_BadRequest(exception: System.TimeoutException: Timed out, expectedStatusCode: RequestTimeout)" computerName="fv-az448-595" duration="00:00:00.0010000" startTime="2022-03-14T00:24:31.9365015+00:00" endTime="2022-03-14T00:24:31.9365015+00:00" testType="13cdc9d9-ddb5-4fa4-a97d-d965ccfc6d4b" outcome="Passed" testListId="8c84fa94-04c1-424b-9868-57a2d4851a1d" relativeResultsDirectory="835ca42b-cc86-4ce8-8f4a-62ab8b3f8549" />
    <UnitTestResult executionId="26ecce89-437d-4be5-b326-8a450a59ac4a" testId="d15ea2a7-9f9f-b92b-50fa-470898da705d" testName="UnitTests.Data.Repositories.GenericRepositoryTests.GenericRepositoryGetsAll(iterations: 3)" computerName="fv-az448-595" duration="00:00:00.0100000" startTime="2022-03-14T00:24:35.8632868+00:00" endTime="2022-03-14T00:24:35.8632868+00:00" testType="13cdc9d9-ddb5-4fa4-a97d-d965ccfc6d4b" outcome="Passed" testListId="8c84fa94-04c1-424b-9868-57a2d4851a1d" relativeResultsDirectory="26ecce89-437d-4be5-b326-8a450a59ac4a" />
    <UnitTestResult executionId="39870f87-f4a6-4296-989f-b4d5db408c2b" testId="44b00d3a-bad7-aefd-141c-4a35b11463b2" testName="UnitTests.Data.Repositories.GenericRepositoryTests.Repository_Update_DefaultAudit" computerName="fv-az448-595" duration="00:00:00.1280000" startTime="2022-03-14T00:24:37.8488407+00:00" endTime="2022-03-14T00:24:37.8488407+00:00" testType="13cdc9d9-ddb5-4fa4-a97d-d965ccfc6d4b" outcome="Passed" testListId="8c84fa94-04c1-424b-9868-57a2d4851a1d" relativeResultsDirectory="39870f87-f4a6-4296-989f-b4d5db408c2b" />
    <UnitTestResult executionId="77d4e366-bcd4-4404-ba3e-3c429d41b264" testId="3688eeeb-2a1a-6ffa-a193-543baf24437a" testName="UnitTests.Data.Repositories.GenericRepositoryTests.GetPage_Pages(page: 0, pageSize: 0, expectedItems: 1, expectedPages: 50)" computerName="fv-az448-595" duration="00:00:00.0970000" startTime="2022-03-14T00:24:35.9802477+00:00" endTime="2022-03-14T00:24:35.9802477+00:00" testType="13cdc9d9-ddb5-4fa4-a97d-d965ccfc6d4b" outcome="Passed" testListId="8c84fa94-04c1-424b-9868-57a2d4851a1d" relativeResultsDirectory="77d4e366-bcd4-4404-ba3e-3c429d41b264" />
    <UnitTestResult executionId="5df4984d-5690-4e25-a3aa-a16fbecf03dd" testId="1a74e347-4470-5271-97ab-1ebaf8693270" testName="UnitTests.Controllers.ModuleExceptionFilterAttributeTests.SystemException_DoesNotExposeDetails" computerName="fv-az448-595" duration="00:00:00.0630000" startTime="2022-03-14T00:24:31.9965031+00:00" endTime="2022-03-14T00:24:31.9965031+00:00" testType="13cdc9d9-ddb5-4fa4-a97d-d965ccfc6d4b" outcome="Passed" testListId="8c84fa94-04c1-424b-9868-57a2d4851a1d" relativeResultsDirectory="5df4984d-5690-4e25-a3aa-a16fbecf03dd" />
    <UnitTestResult executionId="8257db7d-3c0c-497e-aff3-87bae0be50a3" testId="a9198ad3-782e-a37c-0b5f-1330f5318f55" testName="UnitTests.Services.ItemServiceTests.CreateItem_Creates" computerName="fv-az448-595" duration="00:00:00.0100000" startTime="2022-03-14T00:24:32.1915042+00:00" endTime="2022-03-14T00:24:32.1915042+00:00" testType="13cdc9d9-ddb5-4fa4-a97d-d965ccfc6d4b" outcome="Passed" testListId="8c84fa94-04c1-424b-9868-57a2d4851a1d" relativeResultsDirectory="8257db7d-3c0c-497e-aff3-87bae0be50a3" />
    <UnitTestResult executionId="4dac7daf-2f5c-4247-99fa-2181117509fe" testId="9168bdef-a759-f4d6-b890-b643e17324cf" testName="UnitTests.Services.LoggingServiceTests.LogginService_TestableConstructorLogsErrorWithException" computerName="fv-az448-595" duration="00:00:00.0020000" startTime="2022-03-14T00:24:33.0957830+00:00" endTime="2022-03-14T00:24:33.0957830+00:00" testType="13cdc9d9-ddb5-4fa4-a97d-d965ccfc6d4b" outcome="Passed" testListId="8c84fa94-04c1-424b-9868-57a2d4851a1d" relativeResultsDirectory="4dac7daf-2f5c-4247-99fa-2181117509fe" />
    <UnitTestResult executionId="f54fac31-d197-4c99-af9b-2006fedeffb9" testId="70ede014-c412-e387-bb98-e95b3b42090d" testName="UnitTests.Data.Repositories.GenericRepositoryTests.GenericRepositoryUpdates" computerName="fv-az448-595" duration="00:00:00.0450000" startTime="2022-03-14T00:24:35.7304387+00:00" endTime="2022-03-14T00:24:35.7304387+00:00" testType="13cdc9d9-ddb5-4fa4-a97d-d965ccfc6d4b" outcome="Passed" testListId="8c84fa94-04c1-424b-9868-57a2d4851a1d" relativeResultsDirectory="f54fac31-d197-4c99-af9b-2006fedeffb9" />
    <UnitTestResult executionId="58f138ad-7ffa-4811-8f93-021b0b3bdda8" testId="36689490-09d4-917f-648a-70dcfcfede10" testName="UnitTests.Data.Repositories.GenericRepositoryTests.GenericRepositoryCreate_ThrowsWithNullEntity" computerName="fv-az448-595" duration="00:00:00.0010000" startTime="2022-03-14T00:24:35.6584381+00:00" endTime="2022-03-14T00:24:35.6584381+00:00" testType="13cdc9d9-ddb5-4fa4-a97d-d965ccfc6d4b" outcome="Passed" testListId="8c84fa94-04c1-424b-9868-57a2d4851a1d" relativeResultsDirectory="58f138ad-7ffa-4811-8f93-021b0b3bdda8" />
    <UnitTestResult executionId="4fefda82-2871-4251-84dc-e53a149feaf1" testId="e6e0a140-85e7-6935-6160-ab95ecfd3c8a" testName="UnitTests.Data.Repositories.GenericRepositoryTests.GenericRepositoryCreatesAndGetsById" computerName="fv-az448-595" duration="00:00:00.0420000" startTime="2022-03-14T00:24:37.8998416+00:00" endTime="2022-03-14T00:24:37.8998416+00:00" testType="13cdc9d9-ddb5-4fa4-a97d-d965ccfc6d4b" outcome="Passed" testListId="8c84fa94-04c1-424b-9868-57a2d4851a1d" relativeResultsDirectory="4fefda82-2871-4251-84dc-e53a149feaf1" />
    <UnitTestResult executionId="f2354ada-c205-4f0e-8b45-dca1e4b28603" testId="f5652070-1b22-f5a7-3f3f-68b37c9184a8" testName="UnitTests.Services.ItemServiceTests.CreateItem_NoItemThrows" computerName="fv-az448-595" duration="00:00:00.0010000" startTime="2022-03-14T00:24:32.1795071+00:00" endTime="2022-03-14T00:24:32.1795071+00:00" testType="13cdc9d9-ddb5-4fa4-a97d-d965ccfc6d4b" outcome="Passed" testListId="8c84fa94-04c1-424b-9868-57a2d4851a1d" relativeResultsDirectory="f2354ada-c205-4f0e-8b45-dca1e4b28603" />
    <UnitTestResult executionId="44aa6858-4942-473a-b211-294c7607ee26" testId="113f48ce-a6a3-c5df-7589-ba5a5fcb9c59" testName="UnitTests.Controllers.ModuleExceptionFilterAttributeTests.NoException_DoesNothing" computerName="fv-az448-595" duration="00:00:00.0010000" startTime="2022-03-14T00:24:31.9615012+00:00" endTime="2022-03-14T00:24:31.9615012+00:00" testType="13cdc9d9-ddb5-4fa4-a97d-d965ccfc6d4b" outcome="Passed" testListId="8c84fa94-04c1-424b-9868-57a2d4851a1d" relativeResultsDirectory="44aa6858-4942-473a-b211-294c7607ee26" />
    <UnitTestResult executionId="498d9867-9a03-4c3d-921b-091f231432aa" testId="478b61ee-7d85-9dbe-985d-08c590f8666a" testName="UnitTests.Controllers.ItemControllerTests.DeleteItem_Deletes(itemId: 1)" computerName="fv-az448-595" duration="00:00:00.0010000" startTime="2022-03-14T00:24:33.1337830+00:00" endTime="2022-03-14T00:24:33.1337830+00:00" testType="13cdc9d9-ddb5-4fa4-a97d-d965ccfc6d4b" outcome="Passed" testListId="8c84fa94-04c1-424b-9868-57a2d4851a1d" relativeResultsDirectory="498d9867-9a03-4c3d-921b-091f231432aa" />
    <UnitTestResult executionId="369f1cb3-ef49-4420-bea8-7e69b2261b8a" testId="c5867bfe-f023-3ae4-485c-eae070f2ace9" testName="UnitTests.Data.Repositories.GenericRepositoryTests.GetPage_Pages(page: 1, pageSize: 10, expectedItems: 10, expectedPages: 5)" computerName="fv-az448-595" duration="00:00:00.0380000" startTime="2022-03-14T00:24:36.0642533+00:00" endTime="2022-03-14T00:24:36.0642533+00:00" testType="13cdc9d9-ddb5-4fa4-a97d-d965ccfc6d4b" outcome="Passed" testListId="8c84fa94-04c1-424b-9868-57a2d4851a1d" relativeResultsDirectory="369f1cb3-ef49-4420-bea8-7e69b2261b8a" />
    <UnitTestResult executionId="9580c0be-402a-4687-9579-2981c29a7266" testId="572fc310-4b67-9555-f147-153d39f2eb82" testName="UnitTests.Data.Entities.ItemTests.ItemConstructsProperly" computerName="fv-az448-595" duration="00:00:00.0010000" startTime="2022-03-14T00:24:32.0115026+00:00" endTime="2022-03-14T00:24:32.0115026+00:00" testType="13cdc9d9-ddb5-4fa4-a97d-d965ccfc6d4b" outcome="Passed" testListId="8c84fa94-04c1-424b-9868-57a2d4851a1d" relativeResultsDirectory="9580c0be-402a-4687-9579-2981c29a7266" />
    <UnitTestResult executionId="70357fd7-63bd-441e-8473-6a6520d85611" testId="a21637b0-54f8-4fa0-bc3b-95481a9fd90b" testName="UnitTests.Controllers.ModuleExceptionFilterAttributeTests.ArgumentException_BadRequest(exception: System.ArgumentException: Argument, expectedStatusCode: BadRequest)" computerName="fv-az448-595" duration="00:00:00.0010000" startTime="2022-03-14T00:24:31.9345008+00:00" endTime="2022-03-14T00:24:31.9345008+00:00" testType="13cdc9d9-ddb5-4fa4-a97d-d965ccfc6d4b" outcome="Passed" testListId="8c84fa94-04c1-424b-9868-57a2d4851a1d" relativeResultsDirectory="70357fd7-63bd-441e-8473-6a6520d85611" />
    <UnitTestResult executionId="7e5f5baf-32c5-45cf-b1d8-b19b6d4cc3e3" testId="a21637b0-54f8-4fa0-bc3b-95481a9fd90b" testName="UnitTests.Controllers.ModuleExceptionFilterAttributeTests.ArgumentException_BadRequest(exception: System.ArgumentOutOfRangeException: Specified argument was out of the range of valid values.&#xD;&#xA;Parameter name: Out of range, expectedStatusCode: BadRequest)" computerName="fv-az448-595" duration="00:00:00.0010000" startTime="2022-03-14T00:24:31.9345008+00:00" endTime="2022-03-14T00:24:31.9345008+00:00" testType="13cdc9d9-ddb5-4fa4-a97d-d965ccfc6d4b" outcome="Passed" testListId="8c84fa94-04c1-424b-9868-57a2d4851a1d" relativeResultsDirectory="7e5f5baf-32c5-45cf-b1d8-b19b6d4cc3e3" />
    <UnitTestResult executionId="d66dc52f-7d97-44c7-a959-c63214b43022" testId="0bc54975-0bff-692e-a9b3-fc69f2c95a39" testName="UnitTests.Data.Repositories.GenericRepositoryTests.GenericRepositoryDeletes" computerName="fv-az448-595" duration="00:00:02.9170000" startTime="2022-03-14T00:24:35.5354343+00:00" endTime="2022-03-14T00:24:35.5354343+00:00" testType="13cdc9d9-ddb5-4fa4-a97d-d965ccfc6d4b" outcome="Passed" testListId="8c84fa94-04c1-424b-9868-57a2d4851a1d" relativeResultsDirectory="d66dc52f-7d97-44c7-a959-c63214b43022" />
    <UnitTestResult executionId="29609dd3-e968-4d6b-9e68-2d41b4c377e4" testId="d6cab32e-cf28-1ba8-73a6-76c46cb62c4a" testName="UnitTests.Data.Repositories.GenericRepositoryTests.Pages_With_Related_Entities" computerName="fv-az448-595" duration="00:00:01.6570000" startTime="2022-03-14T00:24:37.7213022+00:00" endTime="2022-03-14T00:24:37.7213022+00:00" testType="13cdc9d9-ddb5-4fa4-a97d-d965ccfc6d4b" outcome="Passed" testListId="8c84fa94-04c1-424b-9868-57a2d4851a1d" relativeResultsDirectory="29609dd3-e968-4d6b-9e68-2d41b4c377e4" />
    <UnitTestResult executionId="b1a8a899-e38f-4917-8ca8-32acd8a60b95" testId="d6094ca1-b65b-5133-f464-9f7d01f0d023" testName="UnitTests.Controllers.ItemControllerTests.DeleteItem_Deletes(itemId: 10)" computerName="fv-az448-595" duration="00:00:00.0030000" startTime="2022-03-14T00:24:33.1317831+00:00" endTime="2022-03-14T00:24:33.1317831+00:00" testType="13cdc9d9-ddb5-4fa4-a97d-d965ccfc6d4b" outcome="Passed" testListId="8c84fa94-04c1-424b-9868-57a2d4851a1d" relativeResultsDirectory="b1a8a899-e38f-4917-8ca8-32acd8a60b95" />
    <UnitTestResult executionId="c0743140-8542-49e3-86d3-824770d39344" testId="a21637b0-54f8-4fa0-bc3b-95481a9fd90b" testName="UnitTests.Controllers.ModuleExceptionFilterAttributeTests.ArgumentException_BadRequest(exception: System.UnauthorizedAccessException: Unauthorized, expectedStatusCode: Unauthorized)" computerName="fv-az448-595" duration="00:00:00.0010000" startTime="2022-03-14T00:24:31.9365015+00:00" endTime="2022-03-14T00:24:31.9365015+00:00" testType="13cdc9d9-ddb5-4fa4-a97d-d965ccfc6d4b" outcome="Passed" testListId="8c84fa94-04c1-424b-9868-57a2d4851a1d" relativeResultsDirectory="c0743140-8542-49e3-86d3-824770d39344" />
    <UnitTestResult executionId="857b7451-6dab-423f-92c3-9351c075b22b" testId="168fc980-36e3-101b-62b1-f5ab71e9fc0d" testName="UnitTests.Controllers.LocalizationControllerTests.GetLocalization_CallsLocalizationService" computerName="fv-az448-595" duration="00:00:00.3020000" startTime="2022-03-14T00:24:31.5188354+00:00" endTime="2022-03-14T00:24:31.5188354+00:00" testType="13cdc9d9-ddb5-4fa4-a97d-d965ccfc6d4b" outcome="Passed" testListId="8c84fa94-04c1-424b-9868-57a2d4851a1d" relativeResultsDirectory="857b7451-6dab-423f-92c3-9351c075b22b" />
    <UnitTestResult executionId="683233db-28e4-46a7-9d8e-9134903d7954" testId="61a8ccc9-c5b1-047b-3c97-f777ccc7d30b" testName="UnitTests.Controllers.ValidateModelAttributeTests.OnActionExecuting_Invalid_Works" computerName="fv-az448-595" duration="00:00:01.5360000" startTime="2022-03-14T00:24:33.0647818+00:00" endTime="2022-03-14T00:24:33.0647818+00:00" testType="13cdc9d9-ddb5-4fa4-a97d-d965ccfc6d4b" outcome="Passed" testListId="8c84fa94-04c1-424b-9868-57a2d4851a1d" relativeResultsDirectory="683233db-28e4-46a7-9d8e-9134903d7954" />
    <UnitTestResult executionId="01fda48c-8cc7-4078-8733-6503546e7113" testId="ac1c50bc-98fd-036f-fe0f-d46cb187f90e" testName="UnitTests.Services.LoggingServiceTests.LogginService_TestableConstructorLogsError" computerName="fv-az448-595" duration="00:00:00.0290000" startTime="2022-03-14T00:24:33.0937830+00:00" endTime="2022-03-14T00:24:33.0937830+00:00" testType="13cdc9d9-ddb5-4fa4-a97d-d965ccfc6d4b" outcome="Passed" testListId="8c84fa94-04c1-424b-9868-57a2d4851a1d" relativeResultsDirectory="01fda48c-8cc7-4078-8733-6503546e7113" />
    <UnitTestResult executionId="251d2ac7-d2a6-43ce-af58-6f2feb41590d" testId="ae39aa62-5ff2-56e7-d00e-ef116d711d51" testName="UnitTests.Data.Repositories.GenericRepositoryTests.Repository_Create_DefaultAudit" computerName="fv-az448-595" duration="00:00:00.0080000" startTime="2022-03-14T00:24:37.8578387+00:00" endTime="2022-03-14T00:24:37.8578387+00:00" testType="13cdc9d9-ddb5-4fa4-a97d-d965ccfc6d4b" outcome="Passed" testListId="8c84fa94-04c1-424b-9868-57a2d4851a1d" relativeResultsDirectory="251d2ac7-d2a6-43ce-af58-6f2feb41590d" />
    <UnitTestResult executionId="896abb90-6add-427b-aa7b-9193b7dbaaa4" testId="aec60494-3c2e-8ec9-f948-da5bb2043983" testName="UnitTests.Controllers.ItemControllerTests.UserCanEdit_ReturnsBool(canEdit: True)" computerName="fv-az448-595" duration="00:00:00.0010000" startTime="2022-03-14T00:24:33.1087836+00:00" endTime="2022-03-14T00:24:33.1087836+00:00" testType="13cdc9d9-ddb5-4fa4-a97d-d965ccfc6d4b" outcome="Passed" testListId="8c84fa94-04c1-424b-9868-57a2d4851a1d" relativeResultsDirectory="896abb90-6add-427b-aa7b-9193b7dbaaa4" />
    <UnitTestResult executionId="3db631bb-93dd-4890-8559-7014e0234866" testId="ffe5c770-9b99-42c0-ce21-7e50cccf4385" testName="UnitTests.Data.Repositories.GenericRepositoryTests.GenericRepositoryGetsAll(iterations: 2)" computerName="fv-az448-595" duration="00:00:00.0120000" startTime="2022-03-14T00:24:35.8452851+00:00" endTime="2022-03-14T00:24:35.8452851+00:00" testType="13cdc9d9-ddb5-4fa4-a97d-d965ccfc6d4b" outcome="Passed" testListId="8c84fa94-04c1-424b-9868-57a2d4851a1d" relativeResultsDirectory="3db631bb-93dd-4890-8559-7014e0234866" />
    <UnitTestResult executionId="22e6c4ac-e375-4acd-ac59-4b7fc1d96b38" testId="a21637b0-54f8-4fa0-bc3b-95481a9fd90b" testName="UnitTests.Controllers.ModuleExceptionFilterAttributeTests.ArgumentException_BadRequest(exception: System.ArgumentNullException: Value cannot be null.&#xD;&#xA;Parameter name: Null, expectedStatusCode: BadRequest)" computerName="fv-az448-595" duration="00:00:00.7150000" startTime="2022-03-14T00:24:31.9335016+00:00" endTime="2022-03-14T00:24:31.9335016+00:00" testType="13cdc9d9-ddb5-4fa4-a97d-d965ccfc6d4b" outcome="Passed" testListId="8c84fa94-04c1-424b-9868-57a2d4851a1d" relativeResultsDirectory="22e6c4ac-e375-4acd-ac59-4b7fc1d96b38" />
    <UnitTestResult executionId="b0f147ac-9cad-4bc7-925d-691c244e4ac2" testId="99806ad3-88f0-7495-8b3e-3799a4bbb6aa" testName="UnitTests.Services.ItemServiceTests.GetItemsPage_GetsPages(descending: False)" computerName="fv-az448-595" duration="00:00:00.0160000" startTime="2022-03-14T00:24:32.1225058+00:00" endTime="2022-03-14T00:24:32.1225058+00:00" testType="13cdc9d9-ddb5-4fa4-a97d-d965ccfc6d4b" outcome="Passed" testListId="8c84fa94-04c1-424b-9868-57a2d4851a1d" relativeResultsDirectory="b0f147ac-9cad-4bc7-925d-691c244e4ac2" />
    <UnitTestResult executionId="addb03d1-d09c-4881-b95f-cee993b60801" testId="ad3412e8-5f64-2020-a5b6-bd4cca8c3b7d" testName="UnitTests.Data.Repositories.GenericRepositoryTests.GenericRepositoryGet" computerName="fv-az448-595" duration="00:00:00.1120000" startTime="2022-03-14T00:24:35.6564353+00:00" endTime="2022-03-14T00:24:35.6564353+00:00" testType="13cdc9d9-ddb5-4fa4-a97d-d965ccfc6d4b" outcome="Passed" testListId="8c84fa94-04c1-424b-9868-57a2d4851a1d" relativeResultsDirectory="addb03d1-d09c-4881-b95f-cee993b60801" />
    <UnitTestResult executionId="a9503897-9fee-46da-b39b-a8767e3d500b" testId="96a18501-dea4-70b1-d572-baa1bb120da2" testName="UnitTests.Data.Entities.ItemTests.ItemPropertiesPersist(id: 2, name: &quot;Name2&quot;, description: &quot;Description2&quot;)" computerName="fv-az448-595" duration="00:00:00.0010000" startTime="2022-03-14T00:24:32.0085025+00:00" endTime="2022-03-14T00:24:32.0085025+00:00" testType="13cdc9d9-ddb5-4fa4-a97d-d965ccfc6d4b" outcome="Passed" testListId="8c84fa94-04c1-424b-9868-57a2d4851a1d" relativeResultsDirectory="a9503897-9fee-46da-b39b-a8767e3d500b" />
    <UnitTestResult executionId="72f14383-da1e-4c37-81cc-3b86f70ad533" testId="74c28fcf-aa9b-2bab-0ff6-cfa98a0ddf49" testName="UnitTests.Data.Repositories.GenericRepositoryTests.GetPage_Pages(page: 3, pageSize: 20, expectedItems: 10, expectedPages: 3)" computerName="fv-az448-595" duration="00:00:00.0450000" startTime="2022-03-14T00:24:36.0252479+00:00" endTime="2022-03-14T00:24:36.0252479+00:00" testType="13cdc9d9-ddb5-4fa4-a97d-d965ccfc6d4b" outcome="Passed" testListId="8c84fa94-04c1-424b-9868-57a2d4851a1d" relativeResultsDirectory="72f14383-da1e-4c37-81cc-3b86f70ad533" />
    <UnitTestResult executionId="4f226fed-d689-4eb2-bae4-2ad95f88c7e0" testId="e6610648-e456-1c64-d2b1-7e1242b871a8" testName="UnitTests.Services.ItemServiceTests.DeleteItem_Deletes" computerName="fv-az448-595" duration="00:00:00.0020000" startTime="2022-03-14T00:24:32.1815070+00:00" endTime="2022-03-14T00:24:32.1815070+00:00" testType="13cdc9d9-ddb5-4fa4-a97d-d965ccfc6d4b" outcome="Passed" testListId="8c84fa94-04c1-424b-9868-57a2d4851a1d" relativeResultsDirectory="4f226fed-d689-4eb2-bae4-2ad95f88c7e0" />
    <UnitTestResult executionId="ec8fb577-9561-4102-b12e-1c8f4434106c" testId="ac2a99ba-3563-74a9-7d4c-8e91a58cd097" testName="UnitTests.Data.ModuleDbContextTests.DefaultConstructorThrows" computerName="fv-az448-595" duration="00:00:00.3670000" startTime="2022-03-14T00:24:32.6170970+00:00" endTime="2022-03-14T00:24:32.6170970+00:00" testType="13cdc9d9-ddb5-4fa4-a97d-d965ccfc6d4b" outcome="Passed" testListId="8c84fa94-04c1-424b-9868-57a2d4851a1d" relativeResultsDirectory="ec8fb577-9561-4102-b12e-1c8f4434106c" />
    <UnitTestResult executionId="b6a27ecf-b78b-43d2-a104-9e7e8862623c" testId="bae3532a-4a9e-c4ab-fc66-4dfa22d16170" testName="UnitTests.Controllers.ModuleApiControllerTests.HasUserInfo" computerName="fv-az448-595" duration="00:00:00.0020000" startTime="2022-03-14T00:24:33.1427842+00:00" endTime="2022-03-14T00:24:33.1427842+00:00" testType="13cdc9d9-ddb5-4fa4-a97d-d965ccfc6d4b" outcome="Passed" testListId="8c84fa94-04c1-424b-9868-57a2d4851a1d" relativeResultsDirectory="b6a27ecf-b78b-43d2-a104-9e7e8862623c" />
    <UnitTestResult executionId="e26a7217-6a48-4437-925c-d9255702929a" testId="392ed628-2028-c945-b97e-893658a1e82b" testName="UnitTests.Data.Entities.ItemTests.ItemPropertiesPersist(id: 1, name: &quot;Name1&quot;, description: &quot;Description1&quot;)" computerName="fv-az448-595" duration="00:00:00.0080000" startTime="2022-03-14T00:24:32.0075025+00:00" endTime="2022-03-14T00:24:32.0075025+00:00" testType="13cdc9d9-ddb5-4fa4-a97d-d965ccfc6d4b" outcome="Passed" testListId="8c84fa94-04c1-424b-9868-57a2d4851a1d" relativeResultsDirectory="e26a7217-6a48-4437-925c-d9255702929a" />
    <UnitTestResult executionId="6bbaab99-370b-4dfc-aff8-ee58a87ea328" testId="e1c7f76f-6195-c844-23c0-304b47fbae66" testName="UnitTests.Data.Repositories.GenericRepositoryTests.Repository_Create_UsesUserId" computerName="fv-az448-595" duration="00:00:00.0090000" startTime="2022-03-14T00:24:35.5454347+00:00" endTime="2022-03-14T00:24:35.5454347+00:00" testType="13cdc9d9-ddb5-4fa4-a97d-d965ccfc6d4b" outcome="Passed" testListId="8c84fa94-04c1-424b-9868-57a2d4851a1d" relativeResultsDirectory="6bbaab99-370b-4dfc-aff8-ee58a87ea328" />
    <UnitTestResult executionId="302111a3-d7a1-4983-affb-97317af30f2c" testId="d1c63cb7-1f9a-a8bf-a217-a4cbb4e5f73b" testName="UnitTests.Common.GlobalsTests.ModulePrefixIsValid" computerName="fv-az448-595" duration="00:00:00.0010000" startTime="2022-03-14T00:24:32.2525064+00:00" endTime="2022-03-14T00:24:32.2525064+00:00" testType="13cdc9d9-ddb5-4fa4-a97d-d965ccfc6d4b" outcome="Passed" testListId="8c84fa94-04c1-424b-9868-57a2d4851a1d" relativeResultsDirectory="302111a3-d7a1-4983-affb-97317af30f2c" />
    <UnitTestResult executionId="8692eacb-c11e-4fb9-af3c-6242b7f05a39" testId="5f92ec4d-d570-0452-b891-d4cee75db9dd" testName="UnitTests.Controllers.ModuleApiControllerTests.CanEdit_Set_Throws" computerName="fv-az448-595" duration="00:00:00.0020000" startTime="2022-03-14T00:24:33.1387830+00:00" endTime="2022-03-14T00:24:33.1387830+00:00" testType="13cdc9d9-ddb5-4fa4-a97d-d965ccfc6d4b" outcome="Passed" testListId="8c84fa94-04c1-424b-9868-57a2d4851a1d" relativeResultsDirectory="8692eacb-c11e-4fb9-af3c-6242b7f05a39" />
    <UnitTestResult executionId="73013349-9425-491d-a412-d3c82be3d67e" testId="0ebf358f-9eac-9438-b418-9c6aa81a6377" testName="UnitTests.Data.Repositories.GenericRepositoryTests.Repository_Update_UsesuserId" computerName="fv-az448-595" duration="00:00:00.0270000" startTime="2022-03-14T00:24:35.6854381+00:00" endTime="2022-03-14T00:24:35.6854381+00:00" testType="13cdc9d9-ddb5-4fa4-a97d-d965ccfc6d4b" outcome="Passed" testListId="8c84fa94-04c1-424b-9868-57a2d4851a1d" relativeResultsDirectory="73013349-9425-491d-a412-d3c82be3d67e" />
    <UnitTestResult executionId="d52177ae-541c-42cc-8f7f-f1ebd080fdf8" testId="d16880d7-fb44-f209-43d9-ba2e0e1875de" testName="UnitTests.Data.Repositories.GenericRepositoryTests.GenericRepositoryGetsAll(iterations: 1)" computerName="fv-az448-595" duration="00:00:00.0100000" startTime="2022-03-14T00:24:35.8732871+00:00" endTime="2022-03-14T00:24:35.8732871+00:00" testType="13cdc9d9-ddb5-4fa4-a97d-d965ccfc6d4b" outcome="Passed" testListId="8c84fa94-04c1-424b-9868-57a2d4851a1d" relativeResultsDirectory="d52177ae-541c-42cc-8f7f-f1ebd080fdf8" />
    <UnitTestResult executionId="7f914432-bba2-4ebd-91d7-dd3d62651b64" testId="4fe0dd0f-2fa0-9c42-e816-a6df28150b72" testName="UnitTests.Data.Repositories.GenericRepositoryTests.GenericRepositoryGetsAll(iterations: 0)" computerName="fv-az448-595" duration="00:00:00.0090000" startTime="2022-03-14T00:24:35.8532860+00:00" endTime="2022-03-14T00:24:35.8532860+00:00" testType="13cdc9d9-ddb5-4fa4-a97d-d965ccfc6d4b" outcome="Passed" testListId="8c84fa94-04c1-424b-9868-57a2d4851a1d" relativeResultsDirectory="7f914432-bba2-4ebd-91d7-dd3d62651b64" />
    <UnitTestResult executionId="0c147ce8-07a5-4228-9f73-faf3d070ef63" testId="92b7b9f6-1294-7ea1-ffa3-91fba85074d4" testName="UnitTests.Services.ItemServiceTests.UpdateItem_NoName_Throws(name: &quot;  &quot;)" computerName="fv-az448-595" duration="00:00:00.0010000" startTime="2022-03-14T00:24:32.1115056+00:00" endTime="2022-03-14T00:24:32.1115056+00:00" testType="13cdc9d9-ddb5-4fa4-a97d-d965ccfc6d4b" outcome="Passed" testListId="8c84fa94-04c1-424b-9868-57a2d4851a1d" relativeResultsDirectory="0c147ce8-07a5-4228-9f73-faf3d070ef63" />
    <UnitTestResult executionId="4186d0b7-5d1b-411b-a739-09d16449ab1c" testId="19b6234c-c2df-2304-54f9-54b0da4cd6ba" testName="UnitTests.Services.ItemServiceTests.CreateItem_NoNameThrows" computerName="fv-az448-595" duration="00:00:00.0020000" startTime="2022-03-14T00:24:32.1055041+00:00" endTime="2022-03-14T00:24:32.1055041+00:00" testType="13cdc9d9-ddb5-4fa4-a97d-d965ccfc6d4b" outcome="Passed" testListId="8c84fa94-04c1-424b-9868-57a2d4851a1d" relativeResultsDirectory="4186d0b7-5d1b-411b-a739-09d16449ab1c" />
    <UnitTestResult executionId="32dcff28-90f3-4765-bb4f-e7e3c5dfedeb" testId="f754f777-4449-23e8-f4ec-917f49117de2" testName="UnitTests.Data.Repositories.GenericRepositoryTests.Repository_DeleteMissing_DoesNotThrow" computerName="fv-az448-595" duration="00:00:00.0100000" startTime="2022-03-14T00:24:35.8832868+00:00" endTime="2022-03-14T00:24:35.8832868+00:00" testType="13cdc9d9-ddb5-4fa4-a97d-d965ccfc6d4b" outcome="Passed" testListId="8c84fa94-04c1-424b-9868-57a2d4851a1d" relativeResultsDirectory="32dcff28-90f3-4765-bb4f-e7e3c5dfedeb" />
    <UnitTestResult executionId="46e2699f-c660-4c14-8cc6-48b977956240" testId="0247c7e7-7d1c-099b-2ac8-81a47ff2509a" testName="UnitTests.Controllers.ItemControllerTests.UserCanEdit_ReturnsBool(canEdit: False)" computerName="fv-az448-595" duration="00:00:00.0110000" startTime="2022-03-14T00:24:33.1067842+00:00" endTime="2022-03-14T00:24:33.1067842+00:00" testType="13cdc9d9-ddb5-4fa4-a97d-d965ccfc6d4b" outcome="Passed" testListId="8c84fa94-04c1-424b-9868-57a2d4851a1d" relativeResultsDirectory="46e2699f-c660-4c14-8cc6-48b977956240" />
    <UnitTestResult executionId="0883c0a7-9823-405c-821d-4f2d39f32ab7" testId="986d7e6e-d04d-b204-b01c-fbb8f09c7774" testName="UnitTests.Controllers.ServiceRouteMapperTests.RegisterRoutes_RegistersAtLestOneRoute" computerName="fv-az448-595" duration="00:00:00.0130000" startTime="2022-03-14T00:24:32.2495076+00:00" endTime="2022-03-14T00:24:32.2495076+00:00" testType="13cdc9d9-ddb5-4fa4-a97d-d965ccfc6d4b" outcome="Passed" testListId="8c84fa94-04c1-424b-9868-57a2d4851a1d" relativeResultsDirectory="0883c0a7-9823-405c-821d-4f2d39f32ab7" />
    <UnitTestResult executionId="a5247d7a-fce6-4067-84ce-ccba1970f9ec" testId="b6579d24-7c4e-c42d-2ead-85e0f30e0a64" testName="UnitTests.Common.Extensions.IQueryableExtensionsTests.Order_OrdersBothWays(descending: True, expected: [3, 2, 1])" computerName="fv-az448-595" duration="00:00:00.0410000" startTime="2022-03-14T00:24:32.2335087+00:00" endTime="2022-03-14T00:24:32.2335087+00:00" testType="13cdc9d9-ddb5-4fa4-a97d-d965ccfc6d4b" outcome="Passed" testListId="8c84fa94-04c1-424b-9868-57a2d4851a1d" relativeResultsDirectory="a5247d7a-fce6-4067-84ce-ccba1970f9ec" />
    <UnitTestResult executionId="92b894df-715e-44d1-b5ad-9449379bf01b" testId="130d9133-361f-a0da-f15e-423eb98947ac" testName="UnitTests.Services.ItemServiceTests.UpdateItem_Updates" computerName="fv-az448-595" duration="00:00:00.0540000" startTime="2022-03-14T00:24:32.1785062+00:00" endTime="2022-03-14T00:24:32.1785062+00:00" testType="13cdc9d9-ddb5-4fa4-a97d-d965ccfc6d4b" outcome="Passed" testListId="8c84fa94-04c1-424b-9868-57a2d4851a1d" relativeResultsDirectory="92b894df-715e-44d1-b5ad-9449379bf01b" />
    <UnitTestResult executionId="9023891f-2474-475a-b4b0-de17bc06e611" testId="320e3c11-11d1-b3ef-0d2e-5e474f674ff1" testName="UnitTests.Controllers.ModuleApiControllerTests.CanEdit_DefaultsToFalse" computerName="fv-az448-595" duration="00:00:00.0030000" startTime="2022-03-14T00:24:33.1447839+00:00" endTime="2022-03-14T00:24:33.1447839+00:00" testType="13cdc9d9-ddb5-4fa4-a97d-d965ccfc6d4b" outcome="Passed" testListId="8c84fa94-04c1-424b-9868-57a2d4851a1d" relativeResultsDirectory="9023891f-2474-475a-b4b0-de17bc06e611" />
    <UnitTestResult executionId="ac28dc4a-1e58-42ae-b6d5-f09fb3c40c8c" testId="588a2c1b-7788-beb2-ade0-06788d455d25" testName="UnitTests.Controllers.ItemControllerTests.CreateItem_Creates" computerName="fv-az448-595" duration="00:00:00.0070000" startTime="2022-03-14T00:24:33.1137822+00:00" endTime="2022-03-14T00:24:33.1137822+00:00" testType="13cdc9d9-ddb5-4fa4-a97d-d965ccfc6d4b" outcome="Passed" testListId="8c84fa94-04c1-424b-9868-57a2d4851a1d" relativeResultsDirectory="ac28dc4a-1e58-42ae-b6d5-f09fb3c40c8c" />
    <UnitTestResult executionId="c0feb76f-3236-4ce6-9868-d6170728cf43" testId="1017c6c1-9dd0-57dc-36e7-bb573d02562e" testName="UnitTests.Controllers.ItemControllerTests.GetItemsPage_GetsProperPages" computerName="fv-az448-595" duration="00:00:00.0080000" startTime="2022-03-14T00:24:33.1217824+00:00" endTime="2022-03-14T00:24:33.1217824+00:00" testType="13cdc9d9-ddb5-4fa4-a97d-d965ccfc6d4b" outcome="Passed" testListId="8c84fa94-04c1-424b-9868-57a2d4851a1d" relativeResultsDirectory="c0feb76f-3236-4ce6-9868-d6170728cf43" />
    <UnitTestResult executionId="3b608adb-2907-45ae-a48b-916148f69d2c" testId="e55f1742-c16d-5086-2251-ad3372dd48f5" testName="UnitTests.Controllers.ValidateModelAttributeTests.OnActionExecuting_Valid_Works" computerName="fv-az448-595" duration="00:00:00.0080000" startTime="2022-03-14T00:24:31.5288343+00:00" endTime="2022-03-14T00:24:31.5288343+00:00" testType="13cdc9d9-ddb5-4fa4-a97d-d965ccfc6d4b" outcome="Passed" testListId="8c84fa94-04c1-424b-9868-57a2d4851a1d" relativeResultsDirectory="3b608adb-2907-45ae-a48b-916148f69d2c" />
    <UnitTestResult executionId="3ba7c4e8-f6c7-46fe-8a7e-b47fe7b1c168" testId="3cbfa5d3-e0f6-eff8-ed5c-556fa1f3e131" testName="UnitTests.Services.ItemServiceTests.UpdateItem_NoName_Throws(name: &quot;&quot;)" computerName="fv-az448-595" duration="00:00:00.0010000" startTime="2022-03-14T00:24:32.1125046+00:00" endTime="2022-03-14T00:24:32.1125046+00:00" testType="13cdc9d9-ddb5-4fa4-a97d-d965ccfc6d4b" outcome="Passed" testListId="8c84fa94-04c1-424b-9868-57a2d4851a1d" relativeResultsDirectory="3ba7c4e8-f6c7-46fe-8a7e-b47fe7b1c168" />
    <UnitTestResult executionId="11c9f392-c432-4f84-b593-f725cd2235cc" testId="263c08b1-704a-f3c2-309e-6dee831dbdc9" testName="UnitTests.Services.ItemServiceTests.UpdateItem_NullDto_Throws" computerName="fv-az448-595" duration="00:00:00.0880000" startTime="2022-03-14T00:24:32.1025019+00:00" endTime="2022-03-14T00:24:32.1025019+00:00" testType="13cdc9d9-ddb5-4fa4-a97d-d965ccfc6d4b" outcome="Passed" testListId="8c84fa94-04c1-424b-9868-57a2d4851a1d" relativeResultsDirectory="11c9f392-c432-4f84-b593-f725cd2235cc" />
    <UnitTestResult executionId="7b874d0a-1c93-44d9-8f26-ee5b56e79b37" testId="8ba31d1b-48e3-e04e-cff0-b927c63b4a19" testName="UnitTests.Services.LoggingServiceTests.LoggingService_DefaultConstructorExists" computerName="fv-az448-595" duration="00:00:00.0010000" startTime="2022-03-14T00:24:33.0667833+00:00" endTime="2022-03-14T00:24:33.0667833+00:00" testType="13cdc9d9-ddb5-4fa4-a97d-d965ccfc6d4b" outcome="Passed" testListId="8c84fa94-04c1-424b-9868-57a2d4851a1d" relativeResultsDirectory="7b874d0a-1c93-44d9-8f26-ee5b56e79b37" />
  </Results>
  <TestDefinitions>
    <UnitTest name="UnitTests.Controllers.ItemControllerTests.DeleteItem_Deletes(itemId: 1)" storage="d:\a\mymodule20220313\mymodule20220313\unittests\bin\unittests.dll" id="478b61ee-7d85-9dbe-985d-08c590f8666a">
      <Execution id="498d9867-9a03-4c3d-921b-091f231432aa" />
      <TestMethod codeBase="D:\a\MyModule20220313\MyModule20220313\UnitTests\bin\UnitTests.dll" adapterTypeName="executor://xunit/VsTestRunner2/net" className="UnitTests.Controllers.ItemControllerTests" name="DeleteItem_Deletes" />
    </UnitTest>
    <UnitTest name="UnitTests.Common.Extensions.IQueryableExtensionsTests.Order_OrdersBothWays(descending: True, expected: [3, 2, 1])" storage="d:\a\mymodule20220313\mymodule20220313\unittests\bin\unittests.dll" id="b6579d24-7c4e-c42d-2ead-85e0f30e0a64">
      <Execution id="a5247d7a-fce6-4067-84ce-ccba1970f9ec" />
      <TestMethod codeBase="D:\a\MyModule20220313\MyModule20220313\UnitTests\bin\UnitTests.dll" adapterTypeName="executor://xunit/VsTestRunner2/net" className="UnitTests.Common.Extensions.IQueryableExtensionsTests" name="Order_OrdersBothWays" />
    </UnitTest>
    <UnitTest name="UnitTests.Controllers.ItemControllerTests.UserCanEdit_ReturnsBool(canEdit: False)" storage="d:\a\mymodule20220313\mymodule20220313\unittests\bin\unittests.dll" id="0247c7e7-7d1c-099b-2ac8-81a47ff2509a">
      <Execution id="46e2699f-c660-4c14-8cc6-48b977956240" />
      <TestMethod codeBase="D:\a\MyModule20220313\MyModule20220313\UnitTests\bin\UnitTests.dll" adapterTypeName="executor://xunit/VsTestRunner2/net" className="UnitTests.Controllers.ItemControllerTests" name="UserCanEdit_ReturnsBool" />
    </UnitTest>
    <UnitTest name="UnitTests.Controllers.LocalizationControllerTests.GetLocalization_CallsLocalizationService" storage="d:\a\mymodule20220313\mymodule20220313\unittests\bin\unittests.dll" id="168fc980-36e3-101b-62b1-f5ab71e9fc0d">
      <Execution id="857b7451-6dab-423f-92c3-9351c075b22b" />
      <TestMethod codeBase="D:\a\MyModule20220313\MyModule20220313\UnitTests\bin\UnitTests.dll" adapterTypeName="executor://xunit/VsTestRunner2/net" className="UnitTests.Controllers.LocalizationControllerTests" name="GetLocalization_CallsLocalizationService" />
    </UnitTest>
    <UnitTest name="UnitTests.Data.ModuleDbContextTests.DefaultConstructorThrows" storage="d:\a\mymodule20220313\mymodule20220313\unittests\bin\unittests.dll" id="ac2a99ba-3563-74a9-7d4c-8e91a58cd097">
      <Execution id="ec8fb577-9561-4102-b12e-1c8f4434106c" />
      <TestMethod codeBase="D:\a\MyModule20220313\MyModule20220313\UnitTests\bin\UnitTests.dll" adapterTypeName="executor://xunit/VsTestRunner2/net" className="UnitTests.Data.ModuleDbContextTests" name="DefaultConstructorThrows" />
    </UnitTest>
    <UnitTest name="UnitTests.Controllers.ModuleApiControllerTests.CanEdit_DefaultsToFalse" storage="d:\a\mymodule20220313\mymodule20220313\unittests\bin\unittests.dll" id="320e3c11-11d1-b3ef-0d2e-5e474f674ff1">
      <Execution id="9023891f-2474-475a-b4b0-de17bc06e611" />
      <TestMethod codeBase="D:\a\MyModule20220313\MyModule20220313\UnitTests\bin\UnitTests.dll" adapterTypeName="executor://xunit/VsTestRunner2/net" className="UnitTests.Controllers.ModuleApiControllerTests" name="CanEdit_DefaultsToFalse" />
    </UnitTest>
    <UnitTest name="UnitTests.Data.Repositories.GenericRepositoryTests.GenericRepositoryCreatesAndGetsById" storage="d:\a\mymodule20220313\mymodule20220313\unittests\bin\unittests.dll" id="e6e0a140-85e7-6935-6160-ab95ecfd3c8a">
      <Execution id="4fefda82-2871-4251-84dc-e53a149feaf1" />
      <TestMethod codeBase="D:\a\MyModule20220313\MyModule20220313\UnitTests\bin\UnitTests.dll" adapterTypeName="executor://xunit/VsTestRunner2/net" className="UnitTests.Data.Repositories.GenericRepositoryTests" name="GenericRepositoryCreatesAndGetsById" />
    </UnitTest>
    <UnitTest name="UnitTests.Services.ItemServiceTests.UpdateItem_NoName_Throws(name: &quot; &quot;)" storage="d:\a\mymodule20220313\mymodule20220313\unittests\bin\unittests.dll" id="1c164fbc-1ab1-9884-ccb8-9e84f4c977d0">
      <Execution id="eab561e1-b396-4cc5-ba21-17991740a0a5" />
      <TestMethod codeBase="D:\a\MyModule20220313\MyModule20220313\UnitTests\bin\UnitTests.dll" adapterTypeName="executor://xunit/VsTestRunner2/net" className="UnitTests.Services.ItemServiceTests" name="UpdateItem_NoName_Throws" />
    </UnitTest>
    <UnitTest name="UnitTests.Services.ItemServiceTests.GetItemsPage_GetsPages(descending: False)" storage="d:\a\mymodule20220313\mymodule20220313\unittests\bin\unittests.dll" id="99806ad3-88f0-7495-8b3e-3799a4bbb6aa">
      <Execution id="b0f147ac-9cad-4bc7-925d-691c244e4ac2" />
      <TestMethod codeBase="D:\a\MyModule20220313\MyModule20220313\UnitTests\bin\UnitTests.dll" adapterTypeName="executor://xunit/VsTestRunner2/net" className="UnitTests.Services.ItemServiceTests" name="GetItemsPage_GetsPages" />
    </UnitTest>
    <UnitTest name="UnitTests.Data.Repositories.GenericRepositoryTests.Repository_Update_UsesuserId" storage="d:\a\mymodule20220313\mymodule20220313\unittests\bin\unittests.dll" id="0ebf358f-9eac-9438-b418-9c6aa81a6377">
      <Execution id="73013349-9425-491d-a412-d3c82be3d67e" />
      <TestMethod codeBase="D:\a\MyModule20220313\MyModule20220313\UnitTests\bin\UnitTests.dll" adapterTypeName="executor://xunit/VsTestRunner2/net" className="UnitTests.Data.Repositories.GenericRepositoryTests" name="Repository_Update_UsesuserId" />
    </UnitTest>
    <UnitTest name="UnitTests.Services.ItemServiceTests.CreateItem_Creates" storage="d:\a\mymodule20220313\mymodule20220313\unittests\bin\unittests.dll" id="a9198ad3-782e-a37c-0b5f-1330f5318f55">
      <Execution id="8257db7d-3c0c-497e-aff3-87bae0be50a3" />
      <TestMethod codeBase="D:\a\MyModule20220313\MyModule20220313\UnitTests\bin\UnitTests.dll" adapterTypeName="executor://xunit/VsTestRunner2/net" className="UnitTests.Services.ItemServiceTests" name="CreateItem_Creates" />
    </UnitTest>
    <UnitTest name="UnitTests.Controllers.ValidateModelAttributeTests.OnActionExecuting_Invalid_Works" storage="d:\a\mymodule20220313\mymodule20220313\unittests\bin\unittests.dll" id="61a8ccc9-c5b1-047b-3c97-f777ccc7d30b">
      <Execution id="683233db-28e4-46a7-9d8e-9134903d7954" />
      <TestMethod codeBase="D:\a\MyModule20220313\MyModule20220313\UnitTests\bin\UnitTests.dll" adapterTypeName="executor://xunit/VsTestRunner2/net" className="UnitTests.Controllers.ValidateModelAttributeTests" name="OnActionExecuting_Invalid_Works" />
    </UnitTest>
    <UnitTest name="UnitTests.Data.Repositories.GenericRepositoryTests.GenericRepositoryGet" storage="d:\a\mymodule20220313\mymodule20220313\unittests\bin\unittests.dll" id="ad3412e8-5f64-2020-a5b6-bd4cca8c3b7d">
      <Execution id="addb03d1-d09c-4881-b95f-cee993b60801" />
      <TestMethod codeBase="D:\a\MyModule20220313\MyModule20220313\UnitTests\bin\UnitTests.dll" adapterTypeName="executor://xunit/VsTestRunner2/net" className="UnitTests.Data.Repositories.GenericRepositoryTests" name="GenericRepositoryGet" />
    </UnitTest>
    <UnitTest name="UnitTests.Data.Repositories.GenericRepositoryTests.GenericRepositoryUpdate_ThrowsWithNullEntity" storage="d:\a\mymodule20220313\mymodule20220313\unittests\bin\unittests.dll" id="24cfa8b0-48c3-8aab-e4c2-88694c220e2c">
      <Execution id="212a284d-3f99-4186-9293-c5eddaf7a58b" />
      <TestMethod codeBase="D:\a\MyModule20220313\MyModule20220313\UnitTests\bin\UnitTests.dll" adapterTypeName="executor://xunit/VsTestRunner2/net" className="UnitTests.Data.Repositories.GenericRepositoryTests" name="GenericRepositoryUpdate_ThrowsWithNullEntity" />
    </UnitTest>
    <UnitTest name="UnitTests.Data.Repositories.GenericRepositoryTests.Pages_With_Related_Entities" storage="d:\a\mymodule20220313\mymodule20220313\unittests\bin\unittests.dll" id="d6cab32e-cf28-1ba8-73a6-76c46cb62c4a">
      <Execution id="29609dd3-e968-4d6b-9e68-2d41b4c377e4" />
      <TestMethod codeBase="D:\a\MyModule20220313\MyModule20220313\UnitTests\bin\UnitTests.dll" adapterTypeName="executor://xunit/VsTestRunner2/net" className="UnitTests.Data.Repositories.GenericRepositoryTests" name="Pages_With_Related_Entities" />
    </UnitTest>
    <UnitTest name="UnitTests.Services.LoggingServiceTests.LogginService_TestableConstructorLogsError" storage="d:\a\mymodule20220313\mymodule20220313\unittests\bin\unittests.dll" id="ac1c50bc-98fd-036f-fe0f-d46cb187f90e">
      <Execution id="01fda48c-8cc7-4078-8733-6503546e7113" />
      <TestMethod codeBase="D:\a\MyModule20220313\MyModule20220313\UnitTests\bin\UnitTests.dll" adapterTypeName="executor://xunit/VsTestRunner2/net" className="UnitTests.Services.LoggingServiceTests" name="LogginService_TestableConstructorLogsError" />
    </UnitTest>
    <UnitTest name="UnitTests.Data.Repositories.GenericRepositoryTests.GenericRepositoryGetsAll(iterations: 3)" storage="d:\a\mymodule20220313\mymodule20220313\unittests\bin\unittests.dll" id="d15ea2a7-9f9f-b92b-50fa-470898da705d">
      <Execution id="26ecce89-437d-4be5-b326-8a450a59ac4a" />
      <TestMethod codeBase="D:\a\MyModule20220313\MyModule20220313\UnitTests\bin\UnitTests.dll" adapterTypeName="executor://xunit/VsTestRunner2/net" className="UnitTests.Data.Repositories.GenericRepositoryTests" name="GenericRepositoryGetsAll" />
    </UnitTest>
    <UnitTest name="UnitTests.Common.GlobalsTests.ModulePrefixIsValid" storage="d:\a\mymodule20220313\mymodule20220313\unittests\bin\unittests.dll" id="d1c63cb7-1f9a-a8bf-a217-a4cbb4e5f73b">
      <Execution id="302111a3-d7a1-4983-affb-97317af30f2c" />
      <TestMethod codeBase="D:\a\MyModule20220313\MyModule20220313\UnitTests\bin\UnitTests.dll" adapterTypeName="executor://xunit/VsTestRunner2/net" className="UnitTests.Common.GlobalsTests" name="ModulePrefixIsValid" />
    </UnitTest>
    <UnitTest name="UnitTests.Data.Entities.ItemTests.ItemPropertiesPersist(id: 2, name: &quot;Name2&quot;, description: &quot;Description2&quot;)" storage="d:\a\mymodule20220313\mymodule20220313\unittests\bin\unittests.dll" id="96a18501-dea4-70b1-d572-baa1bb120da2">
      <Execution id="a9503897-9fee-46da-b39b-a8767e3d500b" />
      <TestMethod codeBase="D:\a\MyModule20220313\MyModule20220313\UnitTests\bin\UnitTests.dll" adapterTypeName="executor://xunit/VsTestRunner2/net" className="UnitTests.Data.Entities.ItemTests" name="ItemPropertiesPersist" />
    </UnitTest>
    <UnitTest name="UnitTests.Controllers.ServiceRouteMapperTests.RegisterRoutes_RegistersAtLestOneRoute" storage="d:\a\mymodule20220313\mymodule20220313\unittests\bin\unittests.dll" id="986d7e6e-d04d-b204-b01c-fbb8f09c7774">
      <Execution id="0883c0a7-9823-405c-821d-4f2d39f32ab7" />
      <TestMethod codeBase="D:\a\MyModule20220313\MyModule20220313\UnitTests\bin\UnitTests.dll" adapterTypeName="executor://xunit/VsTestRunner2/net" className="UnitTests.Controllers.ServiceRouteMapperTests" name="RegisterRoutes_RegistersAtLestOneRoute" />
    </UnitTest>
    <UnitTest name="UnitTests.Controllers.ModuleExceptionFilterAttributeTests.SystemException_DoesNotExposeDetails" storage="d:\a\mymodule20220313\mymodule20220313\unittests\bin\unittests.dll" id="1a74e347-4470-5271-97ab-1ebaf8693270">
      <Execution id="5df4984d-5690-4e25-a3aa-a16fbecf03dd" />
      <TestMethod codeBase="D:\a\MyModule20220313\MyModule20220313\UnitTests\bin\UnitTests.dll" adapterTypeName="executor://xunit/VsTestRunner2/net" className="UnitTests.Controllers.ModuleExceptionFilterAttributeTests" name="SystemException_DoesNotExposeDetails" />
    </UnitTest>
    <UnitTest name="UnitTests.Data.Repositories.GenericRepositoryTests.GenericRepositoryConstructs" storage="d:\a\mymodule20220313\mymodule20220313\unittests\bin\unittests.dll" id="e4f8faa7-d0ad-86e6-1579-7bd52372b4c3">
      <Execution id="c8831844-fc8b-4e2c-b69c-9115ea69a7ef" />
      <TestMethod codeBase="D:\a\MyModule20220313\MyModule20220313\UnitTests\bin\UnitTests.dll" adapterTypeName="executor://xunit/VsTestRunner2/net" className="UnitTests.Data.Repositories.GenericRepositoryTests" name="GenericRepositoryConstructs" />
    </UnitTest>
    <UnitTest name="UnitTests.Data.Repositories.GenericRepositoryTests.Repository_DeleteMissing_DoesNotThrow" storage="d:\a\mymodule20220313\mymodule20220313\unittests\bin\unittests.dll" id="f754f777-4449-23e8-f4ec-917f49117de2">
      <Execution id="32dcff28-90f3-4765-bb4f-e7e3c5dfedeb" />
      <TestMethod codeBase="D:\a\MyModule20220313\MyModule20220313\UnitTests\bin\UnitTests.dll" adapterTypeName="executor://xunit/VsTestRunner2/net" className="UnitTests.Data.Repositories.GenericRepositoryTests" name="Repository_DeleteMissing_DoesNotThrow" />
    </UnitTest>
    <UnitTest name="UnitTests.Services.ItemServiceTests.UpdateItem_NoName_Throws(name: null)" storage="d:\a\mymodule20220313\mymodule20220313\unittests\bin\unittests.dll" id="b76e01b1-6afe-f33b-c6a9-ea3347176509">
      <Execution id="c11e450e-a85c-45e4-869c-fc0a44c25447" />
      <TestMethod codeBase="D:\a\MyModule20220313\MyModule20220313\UnitTests\bin\UnitTests.dll" adapterTypeName="executor://xunit/VsTestRunner2/net" className="UnitTests.Services.ItemServiceTests" name="UpdateItem_NoName_Throws" />
    </UnitTest>
    <UnitTest name="UnitTests.Services.ItemServiceTests.CreateItem_NoNameThrows" storage="d:\a\mymodule20220313\mymodule20220313\unittests\bin\unittests.dll" id="19b6234c-c2df-2304-54f9-54b0da4cd6ba">
      <Execution id="4186d0b7-5d1b-411b-a739-09d16449ab1c" />
      <TestMethod codeBase="D:\a\MyModule20220313\MyModule20220313\UnitTests\bin\UnitTests.dll" adapterTypeName="executor://xunit/VsTestRunner2/net" className="UnitTests.Services.ItemServiceTests" name="CreateItem_NoNameThrows" />
    </UnitTest>
    <UnitTest name="UnitTests.Services.ItemServiceTests.DeleteItem_Deletes" storage="d:\a\mymodule20220313\mymodule20220313\unittests\bin\unittests.dll" id="e6610648-e456-1c64-d2b1-7e1242b871a8">
      <Execution id="4f226fed-d689-4eb2-bae4-2ad95f88c7e0" />
      <TestMethod codeBase="D:\a\MyModule20220313\MyModule20220313\UnitTests\bin\UnitTests.dll" adapterTypeName="executor://xunit/VsTestRunner2/net" className="UnitTests.Services.ItemServiceTests" name="DeleteItem_Deletes" />
    </UnitTest>
    <UnitTest name="UnitTests.Data.Entities.ItemTests.ItemConstructsProperly" storage="d:\a\mymodule20220313\mymodule20220313\unittests\bin\unittests.dll" id="572fc310-4b67-9555-f147-153d39f2eb82">
      <Execution id="9580c0be-402a-4687-9579-2981c29a7266" />
      <TestMethod codeBase="D:\a\MyModule20220313\MyModule20220313\UnitTests\bin\UnitTests.dll" adapterTypeName="executor://xunit/VsTestRunner2/net" className="UnitTests.Data.Entities.ItemTests" name="ItemConstructsProperly" />
    </UnitTest>
    <UnitTest name="UnitTests.Services.ItemServiceTests.UpdateItem_NoName_Throws(name: &quot;&quot;)" storage="d:\a\mymodule20220313\mymodule20220313\unittests\bin\unittests.dll" id="3cbfa5d3-e0f6-eff8-ed5c-556fa1f3e131">
      <Execution id="3ba7c4e8-f6c7-46fe-8a7e-b47fe7b1c168" />
      <TestMethod codeBase="D:\a\MyModule20220313\MyModule20220313\UnitTests\bin\UnitTests.dll" adapterTypeName="executor://xunit/VsTestRunner2/net" className="UnitTests.Services.ItemServiceTests" name="UpdateItem_NoName_Throws" />
    </UnitTest>
    <UnitTest name="UnitTests.Services.LoggingServiceTests.LogginService_TestableConstructorLogsErrorWithException" storage="d:\a\mymodule20220313\mymodule20220313\unittests\bin\unittests.dll" id="9168bdef-a759-f4d6-b890-b643e17324cf">
      <Execution id="4dac7daf-2f5c-4247-99fa-2181117509fe" />
      <TestMethod codeBase="D:\a\MyModule20220313\MyModule20220313\UnitTests\bin\UnitTests.dll" adapterTypeName="executor://xunit/VsTestRunner2/net" className="UnitTests.Services.LoggingServiceTests" name="LogginService_TestableConstructorLogsErrorWithException" />
    </UnitTest>
    <UnitTest name="UnitTests.Controllers.ItemControllerTests.UserCanEdit_ReturnsBool(canEdit: True)" storage="d:\a\mymodule20220313\mymodule20220313\unittests\bin\unittests.dll" id="aec60494-3c2e-8ec9-f948-da5bb2043983">
      <Execution id="896abb90-6add-427b-aa7b-9193b7dbaaa4" />
      <TestMethod codeBase="D:\a\MyModule20220313\MyModule20220313\UnitTests\bin\UnitTests.dll" adapterTypeName="executor://xunit/VsTestRunner2/net" className="UnitTests.Controllers.ItemControllerTests" name="UserCanEdit_ReturnsBool" />
    </UnitTest>
    <UnitTest name="UnitTests.Controllers.ModuleApiControllerTests.HasUserInfo" storage="d:\a\mymodule20220313\mymodule20220313\unittests\bin\unittests.dll" id="bae3532a-4a9e-c4ab-fc66-4dfa22d16170">
      <Execution id="b6a27ecf-b78b-43d2-a104-9e7e8862623c" />
      <TestMethod codeBase="D:\a\MyModule20220313\MyModule20220313\UnitTests\bin\UnitTests.dll" adapterTypeName="executor://xunit/VsTestRunner2/net" className="UnitTests.Controllers.ModuleApiControllerTests" name="HasUserInfo" />
    </UnitTest>
    <UnitTest name="UnitTests.Services.ItemServiceTests.UpdateItem_NoName_Throws(name: &quot;  &quot;)" storage="d:\a\mymodule20220313\mymodule20220313\unittests\bin\unittests.dll" id="92b7b9f6-1294-7ea1-ffa3-91fba85074d4">
      <Execution id="0c147ce8-07a5-4228-9f73-faf3d070ef63" />
      <TestMethod codeBase="D:\a\MyModule20220313\MyModule20220313\UnitTests\bin\UnitTests.dll" adapterTypeName="executor://xunit/VsTestRunner2/net" className="UnitTests.Services.ItemServiceTests" name="UpdateItem_NoName_Throws" />
    </UnitTest>
    <UnitTest name="UnitTests.Data.Repositories.GenericRepositoryTests.Repository_Create_DefaultAudit" storage="d:\a\mymodule20220313\mymodule20220313\unittests\bin\unittests.dll" id="ae39aa62-5ff2-56e7-d00e-ef116d711d51">
      <Execution id="251d2ac7-d2a6-43ce-af58-6f2feb41590d" />
      <TestMethod codeBase="D:\a\MyModule20220313\MyModule20220313\UnitTests\bin\UnitTests.dll" adapterTypeName="executor://xunit/VsTestRunner2/net" className="UnitTests.Data.Repositories.GenericRepositoryTests" name="Repository_Create_DefaultAudit" />
    </UnitTest>
    <UnitTest name="UnitTests.Controllers.ValidateModelAttributeTests.OnActionExecuting_Valid_Works" storage="d:\a\mymodule20220313\mymodule20220313\unittests\bin\unittests.dll" id="e55f1742-c16d-5086-2251-ad3372dd48f5">
      <Execution id="3b608adb-2907-45ae-a48b-916148f69d2c" />
      <TestMethod codeBase="D:\a\MyModule20220313\MyModule20220313\UnitTests\bin\UnitTests.dll" adapterTypeName="executor://xunit/VsTestRunner2/net" className="UnitTests.Controllers.ValidateModelAttributeTests" name="OnActionExecuting_Valid_Works" />
    </UnitTest>
    <UnitTest name="UnitTests.Data.Repositories.GenericRepositoryTests.GenericRepositoryGetsAll(iterations: 1)" storage="d:\a\mymodule20220313\mymodule20220313\unittests\bin\unittests.dll" id="d16880d7-fb44-f209-43d9-ba2e0e1875de">
      <Execution id="d52177ae-541c-42cc-8f7f-f1ebd080fdf8" />
      <TestMethod codeBase="D:\a\MyModule20220313\MyModule20220313\UnitTests\bin\UnitTests.dll" adapterTypeName="executor://xunit/VsTestRunner2/net" className="UnitTests.Data.Repositories.GenericRepositoryTests" name="GenericRepositoryGetsAll" />
    </UnitTest>
    <UnitTest name="UnitTests.Services.ItemServiceTests.UpdateItem_NullDto_Throws" storage="d:\a\mymodule20220313\mymodule20220313\unittests\bin\unittests.dll" id="263c08b1-704a-f3c2-309e-6dee831dbdc9">
      <Execution id="11c9f392-c432-4f84-b593-f725cd2235cc" />
      <TestMethod codeBase="D:\a\MyModule20220313\MyModule20220313\UnitTests\bin\UnitTests.dll" adapterTypeName="executor://xunit/VsTestRunner2/net" className="UnitTests.Services.ItemServiceTests" name="UpdateItem_NullDto_Throws" />
    </UnitTest>
    <UnitTest name="UnitTests.Services.LoggingServiceTests.LoggingService_DefaultConstructorExists" storage="d:\a\mymodule20220313\mymodule20220313\unittests\bin\unittests.dll" id="8ba31d1b-48e3-e04e-cff0-b927c63b4a19">
      <Execution id="7b874d0a-1c93-44d9-8f26-ee5b56e79b37" />
      <TestMethod codeBase="D:\a\MyModule20220313\MyModule20220313\UnitTests\bin\UnitTests.dll" adapterTypeName="executor://xunit/VsTestRunner2/net" className="UnitTests.Services.LoggingServiceTests" name="LoggingService_DefaultConstructorExists" />
    </UnitTest>
    <UnitTest name="UnitTests.Data.Repositories.GenericRepositoryTests.GenericRepositoryCreate_ThrowsWithNullEntity" storage="d:\a\mymodule20220313\mymodule20220313\unittests\bin\unittests.dll" id="36689490-09d4-917f-648a-70dcfcfede10">
      <Execution id="58f138ad-7ffa-4811-8f93-021b0b3bdda8" />
      <TestMethod codeBase="D:\a\MyModule20220313\MyModule20220313\UnitTests\bin\UnitTests.dll" adapterTypeName="executor://xunit/VsTestRunner2/net" className="UnitTests.Data.Repositories.GenericRepositoryTests" name="GenericRepositoryCreate_ThrowsWithNullEntity" />
    </UnitTest>
    <UnitTest name="UnitTests.Controllers.ItemControllerTests.CreateItem_Creates" storage="d:\a\mymodule20220313\mymodule20220313\unittests\bin\unittests.dll" id="588a2c1b-7788-beb2-ade0-06788d455d25">
      <Execution id="ac28dc4a-1e58-42ae-b6d5-f09fb3c40c8c" />
      <TestMethod codeBase="D:\a\MyModule20220313\MyModule20220313\UnitTests\bin\UnitTests.dll" adapterTypeName="executor://xunit/VsTestRunner2/net" className="UnitTests.Controllers.ItemControllerTests" name="CreateItem_Creates" />
    </UnitTest>
    <UnitTest name="UnitTests.Controllers.ModuleApiControllerTests.CanEdit_Set_Throws" storage="d:\a\mymodule20220313\mymodule20220313\unittests\bin\unittests.dll" id="5f92ec4d-d570-0452-b891-d4cee75db9dd">
      <Execution id="8692eacb-c11e-4fb9-af3c-6242b7f05a39" />
      <TestMethod codeBase="D:\a\MyModule20220313\MyModule20220313\UnitTests\bin\UnitTests.dll" adapterTypeName="executor://xunit/VsTestRunner2/net" className="UnitTests.Controllers.ModuleApiControllerTests" name="CanEdit_Set_Throws" />
    </UnitTest>
    <UnitTest name="UnitTests.Data.Repositories.GenericRepositoryTests.Repository_Create_UsesUserId" storage="d:\a\mymodule20220313\mymodule20220313\unittests\bin\unittests.dll" id="e1c7f76f-6195-c844-23c0-304b47fbae66">
      <Execution id="6bbaab99-370b-4dfc-aff8-ee58a87ea328" />
      <TestMethod codeBase="D:\a\MyModule20220313\MyModule20220313\UnitTests\bin\UnitTests.dll" adapterTypeName="executor://xunit/VsTestRunner2/net" className="UnitTests.Data.Repositories.GenericRepositoryTests" name="Repository_Create_UsesUserId" />
    </UnitTest>
    <UnitTest name="UnitTests.Controllers.ItemControllerTests.UpdateItem_Updates" storage="d:\a\mymodule20220313\mymodule20220313\unittests\bin\unittests.dll" id="315adde5-f36d-a74f-aa46-fb22a0f78cd9">
      <Execution id="53b5b2ed-c809-4cd9-ae18-e4b830e30c51" />
      <TestMethod codeBase="D:\a\MyModule20220313\MyModule20220313\UnitTests\bin\UnitTests.dll" adapterTypeName="executor://xunit/VsTestRunner2/net" className="UnitTests.Controllers.ItemControllerTests" name="UpdateItem_Updates" />
    </UnitTest>
    <UnitTest name="UnitTests.Controllers.ModuleExceptionFilterAttributeTests.ArgumentException_BadRequest" storage="d:\a\mymodule20220313\mymodule20220313\unittests\bin\unittests.dll" id="a21637b0-54f8-4fa0-bc3b-95481a9fd90b">
      <Execution id="22e6c4ac-e375-4acd-ac59-4b7fc1d96b38" />
      <TestMethod codeBase="D:\a\MyModule20220313\MyModule20220313\UnitTests\bin\UnitTests.dll" adapterTypeName="executor://xunit/VsTestRunner2/net" className="UnitTests.Controllers.ModuleExceptionFilterAttributeTests" name="ArgumentException_BadRequest" />
    </UnitTest>
    <UnitTest name="UnitTests.Data.Repositories.GenericRepositoryTests.GetPage_Pages(page: 3, pageSize: 20, expectedItems: 10, expectedPages: 3)" storage="d:\a\mymodule20220313\mymodule20220313\unittests\bin\unittests.dll" id="74c28fcf-aa9b-2bab-0ff6-cfa98a0ddf49">
      <Execution id="72f14383-da1e-4c37-81cc-3b86f70ad533" />
      <TestMethod codeBase="D:\a\MyModule20220313\MyModule20220313\UnitTests\bin\UnitTests.dll" adapterTypeName="executor://xunit/VsTestRunner2/net" className="UnitTests.Data.Repositories.GenericRepositoryTests" name="GetPage_Pages" />
    </UnitTest>
    <UnitTest name="UnitTests.Controllers.ModuleExceptionFilterAttributeTests.NoException_DoesNothing" storage="d:\a\mymodule20220313\mymodule20220313\unittests\bin\unittests.dll" id="113f48ce-a6a3-c5df-7589-ba5a5fcb9c59">
      <Execution id="44aa6858-4942-473a-b211-294c7607ee26" />
      <TestMethod codeBase="D:\a\MyModule20220313\MyModule20220313\UnitTests\bin\UnitTests.dll" adapterTypeName="executor://xunit/VsTestRunner2/net" className="UnitTests.Controllers.ModuleExceptionFilterAttributeTests" name="NoException_DoesNothing" />
    </UnitTest>
    <UnitTest name="UnitTests.Controllers.ItemControllerTests.GetItemsPage_GetsProperPages" storage="d:\a\mymodule20220313\mymodule20220313\unittests\bin\unittests.dll" id="1017c6c1-9dd0-57dc-36e7-bb573d02562e">
      <Execution id="c0feb76f-3236-4ce6-9868-d6170728cf43" />
      <TestMethod codeBase="D:\a\MyModule20220313\MyModule20220313\UnitTests\bin\UnitTests.dll" adapterTypeName="executor://xunit/VsTestRunner2/net" className="UnitTests.Controllers.ItemControllerTests" name="GetItemsPage_GetsProperPages" />
    </UnitTest>
    <UnitTest name="UnitTests.Data.Repositories.GenericRepositoryTests.GenericRepositoryDeletes" storage="d:\a\mymodule20220313\mymodule20220313\unittests\bin\unittests.dll" id="0bc54975-0bff-692e-a9b3-fc69f2c95a39">
      <Execution id="d66dc52f-7d97-44c7-a959-c63214b43022" />
      <TestMethod codeBase="D:\a\MyModule20220313\MyModule20220313\UnitTests\bin\UnitTests.dll" adapterTypeName="executor://xunit/VsTestRunner2/net" className="UnitTests.Data.Repositories.GenericRepositoryTests" name="GenericRepositoryDeletes" />
    </UnitTest>
    <UnitTest name="UnitTests.Controllers.ItemControllerTests.DeleteItem_Deletes(itemId: 10)" storage="d:\a\mymodule20220313\mymodule20220313\unittests\bin\unittests.dll" id="d6094ca1-b65b-5133-f464-9f7d01f0d023">
      <Execution id="b1a8a899-e38f-4917-8ca8-32acd8a60b95" />
      <TestMethod codeBase="D:\a\MyModule20220313\MyModule20220313\UnitTests\bin\UnitTests.dll" adapterTypeName="executor://xunit/VsTestRunner2/net" className="UnitTests.Controllers.ItemControllerTests" name="DeleteItem_Deletes" />
    </UnitTest>
    <UnitTest name="UnitTests.Data.Repositories.GenericRepositoryTests.GenericRepositoryUpdates" storage="d:\a\mymodule20220313\mymodule20220313\unittests\bin\unittests.dll" id="70ede014-c412-e387-bb98-e95b3b42090d">
      <Execution id="f54fac31-d197-4c99-af9b-2006fedeffb9" />
      <TestMethod codeBase="D:\a\MyModule20220313\MyModule20220313\UnitTests\bin\UnitTests.dll" adapterTypeName="executor://xunit/VsTestRunner2/net" className="UnitTests.Data.Repositories.GenericRepositoryTests" name="GenericRepositoryUpdates" />
    </UnitTest>
    <UnitTest name="UnitTests.Data.Repositories.GenericRepositoryTests.Repository_Update_DefaultAudit" storage="d:\a\mymodule20220313\mymodule20220313\unittests\bin\unittests.dll" id="44b00d3a-bad7-aefd-141c-4a35b11463b2">
      <Execution id="39870f87-f4a6-4296-989f-b4d5db408c2b" />
      <TestMethod codeBase="D:\a\MyModule20220313\MyModule20220313\UnitTests\bin\UnitTests.dll" adapterTypeName="executor://xunit/VsTestRunner2/net" className="UnitTests.Data.Repositories.GenericRepositoryTests" name="Repository_Update_DefaultAudit" />
    </UnitTest>
    <UnitTest name="UnitTests.Services.ItemServiceTests.UpdateItem_Updates" storage="d:\a\mymodule20220313\mymodule20220313\unittests\bin\unittests.dll" id="130d9133-361f-a0da-f15e-423eb98947ac">
      <Execution id="92b894df-715e-44d1-b5ad-9449379bf01b" />
      <TestMethod codeBase="D:\a\MyModule20220313\MyModule20220313\UnitTests\bin\UnitTests.dll" adapterTypeName="executor://xunit/VsTestRunner2/net" className="UnitTests.Services.ItemServiceTests" name="UpdateItem_Updates" />
    </UnitTest>
    <UnitTest name="UnitTests.Data.Repositories.GenericRepositoryTests.GenericRepositoryGetsAll(iterations: 2)" storage="d:\a\mymodule20220313\mymodule20220313\unittests\bin\unittests.dll" id="ffe5c770-9b99-42c0-ce21-7e50cccf4385">
      <Execution id="3db631bb-93dd-4890-8559-7014e0234866" />
      <TestMethod codeBase="D:\a\MyModule20220313\MyModule20220313\UnitTests\bin\UnitTests.dll" adapterTypeName="executor://xunit/VsTestRunner2/net" className="UnitTests.Data.Repositories.GenericRepositoryTests" name="GenericRepositoryGetsAll" />
    </UnitTest>
    <UnitTest name="UnitTests.Data.Repositories.GenericRepositoryTests.GenericRepositoryGetsAll(iterations: 0)" storage="d:\a\mymodule20220313\mymodule20220313\unittests\bin\unittests.dll" id="4fe0dd0f-2fa0-9c42-e816-a6df28150b72">
      <Execution id="7f914432-bba2-4ebd-91d7-dd3d62651b64" />
      <TestMethod codeBase="D:\a\MyModule20220313\MyModule20220313\UnitTests\bin\UnitTests.dll" adapterTypeName="executor://xunit/VsTestRunner2/net" className="UnitTests.Data.Repositories.GenericRepositoryTests" name="GenericRepositoryGetsAll" />
    </UnitTest>
    <UnitTest name="UnitTests.Data.Repositories.GenericRepositoryTests.GetPage_Pages(page: 1, pageSize: 10, expectedItems: 10, expectedPages: 5)" storage="d:\a\mymodule20220313\mymodule20220313\unittests\bin\unittests.dll" id="c5867bfe-f023-3ae4-485c-eae070f2ace9">
      <Execution id="369f1cb3-ef49-4420-bea8-7e69b2261b8a" />
      <TestMethod codeBase="D:\a\MyModule20220313\MyModule20220313\UnitTests\bin\UnitTests.dll" adapterTypeName="executor://xunit/VsTestRunner2/net" className="UnitTests.Data.Repositories.GenericRepositoryTests" name="GetPage_Pages" />
    </UnitTest>
    <UnitTest name="UnitTests.Common.Extensions.IQueryableExtensionsTests.Order_OrdersBothWays(descending: False, expected: [1, 2, 3])" storage="d:\a\mymodule20220313\mymodule20220313\unittests\bin\unittests.dll" id="248341cb-553e-e275-a8eb-499567f40929">
      <Execution id="a8d7e1ca-3062-4a0a-a5e0-a909dda5e694" />
      <TestMethod codeBase="D:\a\MyModule20220313\MyModule20220313\UnitTests\bin\UnitTests.dll" adapterTypeName="executor://xunit/VsTestRunner2/net" className="UnitTests.Common.Extensions.IQueryableExtensionsTests" name="Order_OrdersBothWays" />
    </UnitTest>
    <UnitTest name="UnitTests.Data.Repositories.GenericRepositoryTests.GetPage_Pages(page: 0, pageSize: 0, expectedItems: 1, expectedPages: 50)" storage="d:\a\mymodule20220313\mymodule20220313\unittests\bin\unittests.dll" id="3688eeeb-2a1a-6ffa-a193-543baf24437a">
      <Execution id="77d4e366-bcd4-4404-ba3e-3c429d41b264" />
      <TestMethod codeBase="D:\a\MyModule20220313\MyModule20220313\UnitTests\bin\UnitTests.dll" adapterTypeName="executor://xunit/VsTestRunner2/net" className="UnitTests.Data.Repositories.GenericRepositoryTests" name="GetPage_Pages" />
    </UnitTest>
    <UnitTest name="UnitTests.Services.ItemServiceTests.CreateItem_NoItemThrows" storage="d:\a\mymodule20220313\mymodule20220313\unittests\bin\unittests.dll" id="f5652070-1b22-f5a7-3f3f-68b37c9184a8">
      <Execution id="f2354ada-c205-4f0e-8b45-dca1e4b28603" />
      <TestMethod codeBase="D:\a\MyModule20220313\MyModule20220313\UnitTests\bin\UnitTests.dll" adapterTypeName="executor://xunit/VsTestRunner2/net" className="UnitTests.Services.ItemServiceTests" name="CreateItem_NoItemThrows" />
    </UnitTest>
    <UnitTest name="UnitTests.Data.Entities.ItemTests.ItemPropertiesPersist(id: 1, name: &quot;Name1&quot;, description: &quot;Description1&quot;)" storage="d:\a\mymodule20220313\mymodule20220313\unittests\bin\unittests.dll" id="392ed628-2028-c945-b97e-893658a1e82b">
      <Execution id="e26a7217-6a48-4437-925c-d9255702929a" />
      <TestMethod codeBase="D:\a\MyModule20220313\MyModule20220313\UnitTests\bin\UnitTests.dll" adapterTypeName="executor://xunit/VsTestRunner2/net" className="UnitTests.Data.Entities.ItemTests" name="ItemPropertiesPersist" />
    </UnitTest>
  </TestDefinitions>
  <TestEntries>
    <TestEntry testId="b76e01b1-6afe-f33b-c6a9-ea3347176509" executionId="c11e450e-a85c-45e4-869c-fc0a44c25447" testListId="8c84fa94-04c1-424b-9868-57a2d4851a1d" />
    <TestEntry testId="1c164fbc-1ab1-9884-ccb8-9e84f4c977d0" executionId="eab561e1-b396-4cc5-ba21-17991740a0a5" testListId="8c84fa94-04c1-424b-9868-57a2d4851a1d" />
    <TestEntry testId="248341cb-553e-e275-a8eb-499567f40929" executionId="a8d7e1ca-3062-4a0a-a5e0-a909dda5e694" testListId="8c84fa94-04c1-424b-9868-57a2d4851a1d" />
    <TestEntry testId="315adde5-f36d-a74f-aa46-fb22a0f78cd9" executionId="53b5b2ed-c809-4cd9-ae18-e4b830e30c51" testListId="8c84fa94-04c1-424b-9868-57a2d4851a1d" />
    <TestEntry testId="24cfa8b0-48c3-8aab-e4c2-88694c220e2c" executionId="212a284d-3f99-4186-9293-c5eddaf7a58b" testListId="8c84fa94-04c1-424b-9868-57a2d4851a1d" />
    <TestEntry testId="e4f8faa7-d0ad-86e6-1579-7bd52372b4c3" executionId="c8831844-fc8b-4e2c-b69c-9115ea69a7ef" testListId="8c84fa94-04c1-424b-9868-57a2d4851a1d" />
    <TestEntry testId="a21637b0-54f8-4fa0-bc3b-95481a9fd90b" executionId="3512c877-7e01-40fe-87d1-49ad8ebf7de6" testListId="8c84fa94-04c1-424b-9868-57a2d4851a1d" />
    <TestEntry testId="a21637b0-54f8-4fa0-bc3b-95481a9fd90b" executionId="835ca42b-cc86-4ce8-8f4a-62ab8b3f8549" testListId="8c84fa94-04c1-424b-9868-57a2d4851a1d" />
    <TestEntry testId="d15ea2a7-9f9f-b92b-50fa-470898da705d" executionId="26ecce89-437d-4be5-b326-8a450a59ac4a" testListId="8c84fa94-04c1-424b-9868-57a2d4851a1d" />
    <TestEntry testId="44b00d3a-bad7-aefd-141c-4a35b11463b2" executionId="39870f87-f4a6-4296-989f-b4d5db408c2b" testListId="8c84fa94-04c1-424b-9868-57a2d4851a1d" />
    <TestEntry testId="3688eeeb-2a1a-6ffa-a193-543baf24437a" executionId="77d4e366-bcd4-4404-ba3e-3c429d41b264" testListId="8c84fa94-04c1-424b-9868-57a2d4851a1d" />
    <TestEntry testId="1a74e347-4470-5271-97ab-1ebaf8693270" executionId="5df4984d-5690-4e25-a3aa-a16fbecf03dd" testListId="8c84fa94-04c1-424b-9868-57a2d4851a1d" />
    <TestEntry testId="a9198ad3-782e-a37c-0b5f-1330f5318f55" executionId="8257db7d-3c0c-497e-aff3-87bae0be50a3" testListId="8c84fa94-04c1-424b-9868-57a2d4851a1d" />
    <TestEntry testId="9168bdef-a759-f4d6-b890-b643e17324cf" executionId="4dac7daf-2f5c-4247-99fa-2181117509fe" testListId="8c84fa94-04c1-424b-9868-57a2d4851a1d" />
    <TestEntry testId="70ede014-c412-e387-bb98-e95b3b42090d" executionId="f54fac31-d197-4c99-af9b-2006fedeffb9" testListId="8c84fa94-04c1-424b-9868-57a2d4851a1d" />
    <TestEntry testId="36689490-09d4-917f-648a-70dcfcfede10" executionId="58f138ad-7ffa-4811-8f93-021b0b3bdda8" testListId="8c84fa94-04c1-424b-9868-57a2d4851a1d" />
    <TestEntry testId="e6e0a140-85e7-6935-6160-ab95ecfd3c8a" executionId="4fefda82-2871-4251-84dc-e53a149feaf1" testListId="8c84fa94-04c1-424b-9868-57a2d4851a1d" />
    <TestEntry testId="f5652070-1b22-f5a7-3f3f-68b37c9184a8" executionId="f2354ada-c205-4f0e-8b45-dca1e4b28603" testListId="8c84fa94-04c1-424b-9868-57a2d4851a1d" />
    <TestEntry testId="113f48ce-a6a3-c5df-7589-ba5a5fcb9c59" executionId="44aa6858-4942-473a-b211-294c7607ee26" testListId="8c84fa94-04c1-424b-9868-57a2d4851a1d" />
    <TestEntry testId="478b61ee-7d85-9dbe-985d-08c590f8666a" executionId="498d9867-9a03-4c3d-921b-091f231432aa" testListId="8c84fa94-04c1-424b-9868-57a2d4851a1d" />
    <TestEntry testId="c5867bfe-f023-3ae4-485c-eae070f2ace9" executionId="369f1cb3-ef49-4420-bea8-7e69b2261b8a" testListId="8c84fa94-04c1-424b-9868-57a2d4851a1d" />
    <TestEntry testId="572fc310-4b67-9555-f147-153d39f2eb82" executionId="9580c0be-402a-4687-9579-2981c29a7266" testListId="8c84fa94-04c1-424b-9868-57a2d4851a1d" />
    <TestEntry testId="a21637b0-54f8-4fa0-bc3b-95481a9fd90b" executionId="70357fd7-63bd-441e-8473-6a6520d85611" testListId="8c84fa94-04c1-424b-9868-57a2d4851a1d" />
    <TestEntry testId="a21637b0-54f8-4fa0-bc3b-95481a9fd90b" executionId="7e5f5baf-32c5-45cf-b1d8-b19b6d4cc3e3" testListId="8c84fa94-04c1-424b-9868-57a2d4851a1d" />
    <TestEntry testId="0bc54975-0bff-692e-a9b3-fc69f2c95a39" executionId="d66dc52f-7d97-44c7-a959-c63214b43022" testListId="8c84fa94-04c1-424b-9868-57a2d4851a1d" />
    <TestEntry testId="d6cab32e-cf28-1ba8-73a6-76c46cb62c4a" executionId="29609dd3-e968-4d6b-9e68-2d41b4c377e4" testListId="8c84fa94-04c1-424b-9868-57a2d4851a1d" />
    <TestEntry testId="d6094ca1-b65b-5133-f464-9f7d01f0d023" executionId="b1a8a899-e38f-4917-8ca8-32acd8a60b95" testListId="8c84fa94-04c1-424b-9868-57a2d4851a1d" />
    <TestEntry testId="a21637b0-54f8-4fa0-bc3b-95481a9fd90b" executionId="c0743140-8542-49e3-86d3-824770d39344" testListId="8c84fa94-04c1-424b-9868-57a2d4851a1d" />
    <TestEntry testId="168fc980-36e3-101b-62b1-f5ab71e9fc0d" executionId="857b7451-6dab-423f-92c3-9351c075b22b" testListId="8c84fa94-04c1-424b-9868-57a2d4851a1d" />
    <TestEntry testId="61a8ccc9-c5b1-047b-3c97-f777ccc7d30b" executionId="683233db-28e4-46a7-9d8e-9134903d7954" testListId="8c84fa94-04c1-424b-9868-57a2d4851a1d" />
    <TestEntry testId="ac1c50bc-98fd-036f-fe0f-d46cb187f90e" executionId="01fda48c-8cc7-4078-8733-6503546e7113" testListId="8c84fa94-04c1-424b-9868-57a2d4851a1d" />
    <TestEntry testId="ae39aa62-5ff2-56e7-d00e-ef116d711d51" executionId="251d2ac7-d2a6-43ce-af58-6f2feb41590d" testListId="8c84fa94-04c1-424b-9868-57a2d4851a1d" />
    <TestEntry testId="aec60494-3c2e-8ec9-f948-da5bb2043983" executionId="896abb90-6add-427b-aa7b-9193b7dbaaa4" testListId="8c84fa94-04c1-424b-9868-57a2d4851a1d" />
    <TestEntry testId="ffe5c770-9b99-42c0-ce21-7e50cccf4385" executionId="3db631bb-93dd-4890-8559-7014e0234866" testListId="8c84fa94-04c1-424b-9868-57a2d4851a1d" />
    <TestEntry testId="a21637b0-54f8-4fa0-bc3b-95481a9fd90b" executionId="22e6c4ac-e375-4acd-ac59-4b7fc1d96b38" testListId="8c84fa94-04c1-424b-9868-57a2d4851a1d" />
    <TestEntry testId="99806ad3-88f0-7495-8b3e-3799a4bbb6aa" executionId="b0f147ac-9cad-4bc7-925d-691c244e4ac2" testListId="8c84fa94-04c1-424b-9868-57a2d4851a1d" />
    <TestEntry testId="ad3412e8-5f64-2020-a5b6-bd4cca8c3b7d" executionId="addb03d1-d09c-4881-b95f-cee993b60801" testListId="8c84fa94-04c1-424b-9868-57a2d4851a1d" />
    <TestEntry testId="96a18501-dea4-70b1-d572-baa1bb120da2" executionId="a9503897-9fee-46da-b39b-a8767e3d500b" testListId="8c84fa94-04c1-424b-9868-57a2d4851a1d" />
    <TestEntry testId="74c28fcf-aa9b-2bab-0ff6-cfa98a0ddf49" executionId="72f14383-da1e-4c37-81cc-3b86f70ad533" testListId="8c84fa94-04c1-424b-9868-57a2d4851a1d" />
    <TestEntry testId="e6610648-e456-1c64-d2b1-7e1242b871a8" executionId="4f226fed-d689-4eb2-bae4-2ad95f88c7e0" testListId="8c84fa94-04c1-424b-9868-57a2d4851a1d" />
    <TestEntry testId="ac2a99ba-3563-74a9-7d4c-8e91a58cd097" executionId="ec8fb577-9561-4102-b12e-1c8f4434106c" testListId="8c84fa94-04c1-424b-9868-57a2d4851a1d" />
    <TestEntry testId="bae3532a-4a9e-c4ab-fc66-4dfa22d16170" executionId="b6a27ecf-b78b-43d2-a104-9e7e8862623c" testListId="8c84fa94-04c1-424b-9868-57a2d4851a1d" />
    <TestEntry testId="392ed628-2028-c945-b97e-893658a1e82b" executionId="e26a7217-6a48-4437-925c-d9255702929a" testListId="8c84fa94-04c1-424b-9868-57a2d4851a1d" />
    <TestEntry testId="e1c7f76f-6195-c844-23c0-304b47fbae66" executionId="6bbaab99-370b-4dfc-aff8-ee58a87ea328" testListId="8c84fa94-04c1-424b-9868-57a2d4851a1d" />
    <TestEntry testId="d1c63cb7-1f9a-a8bf-a217-a4cbb4e5f73b" executionId="302111a3-d7a1-4983-affb-97317af30f2c" testListId="8c84fa94-04c1-424b-9868-57a2d4851a1d" />
    <TestEntry testId="5f92ec4d-d570-0452-b891-d4cee75db9dd" executionId="8692eacb-c11e-4fb9-af3c-6242b7f05a39" testListId="8c84fa94-04c1-424b-9868-57a2d4851a1d" />
    <TestEntry testId="0ebf358f-9eac-9438-b418-9c6aa81a6377" executionId="73013349-9425-491d-a412-d3c82be3d67e" testListId="8c84fa94-04c1-424b-9868-57a2d4851a1d" />
    <TestEntry testId="d16880d7-fb44-f209-43d9-ba2e0e1875de" executionId="d52177ae-541c-42cc-8f7f-f1ebd080fdf8" testListId="8c84fa94-04c1-424b-9868-57a2d4851a1d" />
    <TestEntry testId="4fe0dd0f-2fa0-9c42-e816-a6df28150b72" executionId="7f914432-bba2-4ebd-91d7-dd3d62651b64" testListId="8c84fa94-04c1-424b-9868-57a2d4851a1d" />
    <TestEntry testId="92b7b9f6-1294-7ea1-ffa3-91fba85074d4" executionId="0c147ce8-07a5-4228-9f73-faf3d070ef63" testListId="8c84fa94-04c1-424b-9868-57a2d4851a1d" />
    <TestEntry testId="19b6234c-c2df-2304-54f9-54b0da4cd6ba" executionId="4186d0b7-5d1b-411b-a739-09d16449ab1c" testListId="8c84fa94-04c1-424b-9868-57a2d4851a1d" />
    <TestEntry testId="f754f777-4449-23e8-f4ec-917f49117de2" executionId="32dcff28-90f3-4765-bb4f-e7e3c5dfedeb" testListId="8c84fa94-04c1-424b-9868-57a2d4851a1d" />
    <TestEntry testId="0247c7e7-7d1c-099b-2ac8-81a47ff2509a" executionId="46e2699f-c660-4c14-8cc6-48b977956240" testListId="8c84fa94-04c1-424b-9868-57a2d4851a1d" />
    <TestEntry testId="986d7e6e-d04d-b204-b01c-fbb8f09c7774" executionId="0883c0a7-9823-405c-821d-4f2d39f32ab7" testListId="8c84fa94-04c1-424b-9868-57a2d4851a1d" />
    <TestEntry testId="b6579d24-7c4e-c42d-2ead-85e0f30e0a64" executionId="a5247d7a-fce6-4067-84ce-ccba1970f9ec" testListId="8c84fa94-04c1-424b-9868-57a2d4851a1d" />
    <TestEntry testId="130d9133-361f-a0da-f15e-423eb98947ac" executionId="92b894df-715e-44d1-b5ad-9449379bf01b" testListId="8c84fa94-04c1-424b-9868-57a2d4851a1d" />
    <TestEntry testId="320e3c11-11d1-b3ef-0d2e-5e474f674ff1" executionId="9023891f-2474-475a-b4b0-de17bc06e611" testListId="8c84fa94-04c1-424b-9868-57a2d4851a1d" />
    <TestEntry testId="588a2c1b-7788-beb2-ade0-06788d455d25" executionId="ac28dc4a-1e58-42ae-b6d5-f09fb3c40c8c" testListId="8c84fa94-04c1-424b-9868-57a2d4851a1d" />
    <TestEntry testId="1017c6c1-9dd0-57dc-36e7-bb573d02562e" executionId="c0feb76f-3236-4ce6-9868-d6170728cf43" testListId="8c84fa94-04c1-424b-9868-57a2d4851a1d" />
    <TestEntry testId="e55f1742-c16d-5086-2251-ad3372dd48f5" executionId="3b608adb-2907-45ae-a48b-916148f69d2c" testListId="8c84fa94-04c1-424b-9868-57a2d4851a1d" />
    <TestEntry testId="3cbfa5d3-e0f6-eff8-ed5c-556fa1f3e131" executionId="3ba7c4e8-f6c7-46fe-8a7e-b47fe7b1c168" testListId="8c84fa94-04c1-424b-9868-57a2d4851a1d" />
    <TestEntry testId="263c08b1-704a-f3c2-309e-6dee831dbdc9" executionId="11c9f392-c432-4f84-b593-f725cd2235cc" testListId="8c84fa94-04c1-424b-9868-57a2d4851a1d" />
    <TestEntry testId="8ba31d1b-48e3-e04e-cff0-b927c63b4a19" executionId="7b874d0a-1c93-44d9-8f26-ee5b56e79b37" testListId="8c84fa94-04c1-424b-9868-57a2d4851a1d" />
  </TestEntries>
  <TestLists>
    <TestList name="Results Not in a List" id="8c84fa94-04c1-424b-9868-57a2d4851a1d" />
    <TestList name="All Loaded Results" id="19431567-8539-422a-85d7-44ee4e166bda" />
  </TestLists>
  <ResultSummary outcome="Completed">
    <Counters total="63" executed="63" passed="63" failed="0" error="0" timeout="0" aborted="0" inconclusive="0" passedButRunAborted="0" notRunnable="0" notExecuted="0" disconnected="0" warning="0" completed="0" inProgress="0" pending="0" />
    <Output>
      <StdOut>[xUnit.net 00:00:00.00] xUnit.net VSTest Adapter v2.4.3+1b45f5407b (32-bit Desktop .NET 4.0.30319.42000)&#xD;
[xUnit.net 00:00:01.01]   Discovering: UnitTests&#xD;
[xUnit.net 00:00:01.24]   Discovered:  UnitTests&#xD;
[xUnit.net 00:00:01.24]   Starting:    UnitTests&#xD;
[xUnit.net 00:00:08.05]   Finished:    UnitTests&#xD;
</StdOut>
    </Output>
  </ResultSummary>
</TestRun>