<?xml version="1.0" encoding="utf-8"?>
<TestRun id="f5070581-09a1-4543-9805-469bbebbf87d" name="runneradmin@fv-az449-811 2022-03-14 04:46:14" runUser="fv-az449-811\runneradmin" xmlns="http://microsoft.com/schemas/VisualStudio/TeamTest/2010">
  <Times creation="2022-03-14T04:46:14.0686040+00:00" queuing="2022-03-14T04:46:14.0686042+00:00" start="2022-03-14T04:46:10.8316341+00:00" finish="2022-03-14T04:46:18.9252330+00:00" />
  <TestSettings name="default" id="ed1fb2d8-1ab3-489e-afe1-c9b03b3096d4">
    <Deployment runDeploymentRoot="runneradmin_fv-az449-811_2022-03-14_04_46_14" />
  </TestSettings>
  <Results>
    <UnitTestResult executionId="fc0dcf8e-ac53-4a4c-8138-79ac12b298e9" testId="320e3c11-11d1-b3ef-0d2e-5e474f674ff1" testName="UnitTests.Controllers.ModuleApiControllerTests.CanEdit_DefaultsToFalse" computerName="fv-az449-811" duration="00:00:00.0030000" startTime="2022-03-14T04:46:13.0941047+00:00" endTime="2022-03-14T04:46:13.0941047+00:00" testType="13cdc9d9-ddb5-4fa4-a97d-d965ccfc6d4b" outcome="Passed" testListId="8c84fa94-04c1-424b-9868-57a2d4851a1d" relativeResultsDirectory="fc0dcf8e-ac53-4a4c-8138-79ac12b298e9" />
    <UnitTestResult executionId="3b4ebd73-33c8-40c2-acf7-4a3c42dc6019" testId="3688eeeb-2a1a-6ffa-a193-543baf24437a" testName="UnitTests.Data.Repositories.GenericRepositoryTests.GetPage_Pages(page: 0, pageSize: 0, expectedItems: 1, expectedPages: 50)" computerName="fv-az449-811" duration="00:00:00.0890000" startTime="2022-03-14T04:46:17.3061235+00:00" endTime="2022-03-14T04:46:17.3061235+00:00" testType="13cdc9d9-ddb5-4fa4-a97d-d965ccfc6d4b" outcome="Passed" testListId="8c84fa94-04c1-424b-9868-57a2d4851a1d" relativeResultsDirectory="3b4ebd73-33c8-40c2-acf7-4a3c42dc6019" />
    <UnitTestResult executionId="13075766-bcb3-438e-a09a-5ab5e4d4cdd2" testId="96a18501-dea4-70b1-d572-baa1bb120da2" testName="UnitTests.Data.Entities.ItemTests.ItemPropertiesPersist(id: 2, name: &quot;Name2&quot;, description: &quot;Description2&quot;)" computerName="fv-az449-811" duration="00:00:00.0010000" startTime="2022-03-14T04:46:14.1963154+00:00" endTime="2022-03-14T04:46:14.1963154+00:00" testType="13cdc9d9-ddb5-4fa4-a97d-d965ccfc6d4b" outcome="Passed" testListId="8c84fa94-04c1-424b-9868-57a2d4851a1d" relativeResultsDirectory="13075766-bcb3-438e-a09a-5ab5e4d4cdd2" />
    <UnitTestResult executionId="0b122039-059e-4f02-9f71-649c53e7e1ad" testId="9168bdef-a759-f4d6-b890-b643e17324cf" testName="UnitTests.Services.LoggingServiceTests.LogginService_TestableConstructorLogsErrorWithException" computerName="fv-az449-811" duration="00:00:00.0060000" startTime="2022-03-14T04:46:14.1323137+00:00" endTime="2022-03-14T04:46:14.1323137+00:00" testType="13cdc9d9-ddb5-4fa4-a97d-d965ccfc6d4b" outcome="Passed" testListId="8c84fa94-04c1-424b-9868-57a2d4851a1d" relativeResultsDirectory="0b122039-059e-4f02-9f71-649c53e7e1ad" />
    <UnitTestResult executionId="e83f4025-e037-433b-ae83-221f6c112bac" testId="588a2c1b-7788-beb2-ade0-06788d455d25" testName="UnitTests.Controllers.ItemControllerTests.CreateItem_Creates" computerName="fv-az449-811" duration="00:00:00.0040000" startTime="2022-03-14T04:46:14.1593150+00:00" endTime="2022-03-14T04:46:14.1593150+00:00" testType="13cdc9d9-ddb5-4fa4-a97d-d965ccfc6d4b" outcome="Passed" testListId="8c84fa94-04c1-424b-9868-57a2d4851a1d" relativeResultsDirectory="e83f4025-e037-433b-ae83-221f6c112bac" />
    <UnitTestResult executionId="c179efa9-9754-4b88-b2c6-562eba551572" testId="c5867bfe-f023-3ae4-485c-eae070f2ace9" testName="UnitTests.Data.Repositories.GenericRepositoryTests.GetPage_Pages(page: 1, pageSize: 10, expectedItems: 10, expectedPages: 5)" computerName="fv-az449-811" duration="00:00:00.0400000" startTime="2022-03-14T04:46:17.3891313+00:00" endTime="2022-03-14T04:46:17.3891313+00:00" testType="13cdc9d9-ddb5-4fa4-a97d-d965ccfc6d4b" outcome="Passed" testListId="8c84fa94-04c1-424b-9868-57a2d4851a1d" relativeResultsDirectory="c179efa9-9754-4b88-b2c6-562eba551572" />
    <UnitTestResult executionId="186db5c9-7deb-40ea-a942-39448678ade3" testId="d6094ca1-b65b-5133-f464-9f7d01f0d023" testName="UnitTests.Controllers.ItemControllerTests.DeleteItem_Deletes(itemId: 10)" computerName="fv-az449-811" duration="00:00:00.0030000" startTime="2022-03-14T04:46:14.1803163+00:00" endTime="2022-03-14T04:46:14.1803163+00:00" testType="13cdc9d9-ddb5-4fa4-a97d-d965ccfc6d4b" outcome="Passed" testListId="8c84fa94-04c1-424b-9868-57a2d4851a1d" relativeResultsDirectory="186db5c9-7deb-40ea-a942-39448678ade3" />
    <UnitTestResult executionId="a4eaf5e5-4b27-48dc-af69-e9b8b7b2771d" testId="44b00d3a-bad7-aefd-141c-4a35b11463b2" testName="UnitTests.Data.Repositories.GenericRepositoryTests.Repository_Update_DefaultAudit" computerName="fv-az449-811" duration="00:00:00.1440000" startTime="2022-03-14T04:46:18.7716377+00:00" endTime="2022-03-14T04:46:18.7716377+00:00" testType="13cdc9d9-ddb5-4fa4-a97d-d965ccfc6d4b" outcome="Passed" testListId="8c84fa94-04c1-424b-9868-57a2d4851a1d" relativeResultsDirectory="a4eaf5e5-4b27-48dc-af69-e9b8b7b2771d" />
    <UnitTestResult executionId="e56d06bb-3615-4275-b41d-17a0eb399ad7" testId="d1c63cb7-1f9a-a8bf-a217-a4cbb4e5f73b" testName="UnitTests.Common.GlobalsTests.ModulePrefixIsValid" computerName="fv-az449-811" duration="00:00:00.0170000" startTime="2022-03-14T04:46:14.1993142+00:00" endTime="2022-03-14T04:46:14.1993142+00:00" testType="13cdc9d9-ddb5-4fa4-a97d-d965ccfc6d4b" outcome="Passed" testListId="8c84fa94-04c1-424b-9868-57a2d4851a1d" relativeResultsDirectory="e56d06bb-3615-4275-b41d-17a0eb399ad7" />
    <UnitTestResult executionId="b3b94228-a051-42e2-ad8f-16e27c248310" testId="f5652070-1b22-f5a7-3f3f-68b37c9184a8" testName="UnitTests.Services.ItemServiceTests.CreateItem_NoItemThrows" computerName="fv-az449-811" duration="00:00:00.0010000" startTime="2022-03-14T04:46:14.1383160+00:00" endTime="2022-03-14T04:46:14.1383160+00:00" testType="13cdc9d9-ddb5-4fa4-a97d-d965ccfc6d4b" outcome="Passed" testListId="8c84fa94-04c1-424b-9868-57a2d4851a1d" relativeResultsDirectory="b3b94228-a051-42e2-ad8f-16e27c248310" />
    <UnitTestResult executionId="ecf3d5cf-5010-4ec7-ab20-2e3289b12abd" testId="572fc310-4b67-9555-f147-153d39f2eb82" testName="UnitTests.Data.Entities.ItemTests.ItemConstructsProperly" computerName="fv-az449-811" duration="00:00:00.0010000" startTime="2022-03-14T04:46:14.1973157+00:00" endTime="2022-03-14T04:46:14.1973157+00:00" testType="13cdc9d9-ddb5-4fa4-a97d-d965ccfc6d4b" outcome="Passed" testListId="8c84fa94-04c1-424b-9868-57a2d4851a1d" relativeResultsDirectory="ecf3d5cf-5010-4ec7-ab20-2e3289b12abd" />
    <UnitTestResult executionId="35348787-8fe8-487b-a179-75123ac81d60" testId="a21637b0-54f8-4fa0-bc3b-95481a9fd90b" testName="UnitTests.Controllers.ModuleExceptionFilterAttributeTests.ArgumentException_BadRequest(exception: System.ArgumentOutOfRangeException: Specified argument was out of the range of valid values.&#xD;&#xA;Parameter name: Out of range, expectedStatusCode: BadRequest)" computerName="fv-az449-811" duration="00:00:00.0010000" startTime="2022-03-14T04:46:14.2393198+00:00" endTime="2022-03-14T04:46:14.2393198+00:00" testType="13cdc9d9-ddb5-4fa4-a97d-d965ccfc6d4b" outcome="Passed" testListId="8c84fa94-04c1-424b-9868-57a2d4851a1d" relativeResultsDirectory="35348787-8fe8-487b-a179-75123ac81d60" />
    <UnitTestResult executionId="0db85c29-a9d4-45b9-ba26-6716372c420d" testId="d15ea2a7-9f9f-b92b-50fa-470898da705d" testName="UnitTests.Data.Repositories.GenericRepositoryTests.GenericRepositoryGetsAll(iterations: 3)" computerName="fv-az449-811" duration="00:00:00.0100000" startTime="2022-03-14T04:46:17.1961167+00:00" endTime="2022-03-14T04:46:17.1961167+00:00" testType="13cdc9d9-ddb5-4fa4-a97d-d965ccfc6d4b" outcome="Passed" testListId="8c84fa94-04c1-424b-9868-57a2d4851a1d" relativeResultsDirectory="0db85c29-a9d4-45b9-ba26-6716372c420d" />
    <UnitTestResult executionId="13439710-2bc0-4de9-8469-88419a67535c" testId="a21637b0-54f8-4fa0-bc3b-95481a9fd90b" testName="UnitTests.Controllers.ModuleExceptionFilterAttributeTests.ArgumentException_BadRequest(exception: System.NotImplementedException: Not Implemented, expectedStatusCode: NotImplemented)" computerName="fv-az449-811" duration="00:00:00.0010000" startTime="2022-03-14T04:46:14.2403188+00:00" endTime="2022-03-14T04:46:14.2403188+00:00" testType="13cdc9d9-ddb5-4fa4-a97d-d965ccfc6d4b" outcome="Passed" testListId="8c84fa94-04c1-424b-9868-57a2d4851a1d" relativeResultsDirectory="13439710-2bc0-4de9-8469-88419a67535c" />
    <UnitTestResult executionId="426b5b10-675d-4d9a-9811-184dbafc4387" testId="3cbfa5d3-e0f6-eff8-ed5c-556fa1f3e131" testName="UnitTests.Services.ItemServiceTests.UpdateItem_NoName_Throws(name: &quot;&quot;)" computerName="fv-az449-811" duration="00:00:00.0010000" startTime="2022-03-14T04:46:14.0973121+00:00" endTime="2022-03-14T04:46:14.0973121+00:00" testType="13cdc9d9-ddb5-4fa4-a97d-d965ccfc6d4b" outcome="Passed" testListId="8c84fa94-04c1-424b-9868-57a2d4851a1d" relativeResultsDirectory="426b5b10-675d-4d9a-9811-184dbafc4387" />
    <UnitTestResult executionId="27580f99-20bf-45a6-82b5-2c38f263f044" testId="b6579d24-7c4e-c42d-2ead-85e0f30e0a64" testName="UnitTests.Common.Extensions.IQueryableExtensionsTests.Order_OrdersBothWays(descending: True, expected: [3, 2, 1])" computerName="fv-az449-811" duration="00:00:00.0230000" startTime="2022-03-14T04:46:14.2243171+00:00" endTime="2022-03-14T04:46:14.2243171+00:00" testType="13cdc9d9-ddb5-4fa4-a97d-d965ccfc6d4b" outcome="Passed" testListId="8c84fa94-04c1-424b-9868-57a2d4851a1d" relativeResultsDirectory="27580f99-20bf-45a6-82b5-2c38f263f044" />
    <UnitTestResult executionId="8a851838-9e2d-4d05-a282-cb4def76dc9c" testId="478b61ee-7d85-9dbe-985d-08c590f8666a" testName="UnitTests.Controllers.ItemControllerTests.DeleteItem_Deletes(itemId: 1)" computerName="fv-az449-811" duration="00:00:00.0010000" startTime="2022-03-14T04:46:14.1923145+00:00" endTime="2022-03-14T04:46:14.1923145+00:00" testType="13cdc9d9-ddb5-4fa4-a97d-d965ccfc6d4b" outcome="Passed" testListId="8c84fa94-04c1-424b-9868-57a2d4851a1d" relativeResultsDirectory="8a851838-9e2d-4d05-a282-cb4def76dc9c" />
    <UnitTestResult executionId="5d60bb83-350d-4eb5-9f45-a845f03ab059" testId="315adde5-f36d-a74f-aa46-fb22a0f78cd9" testName="UnitTests.Controllers.ItemControllerTests.UpdateItem_Updates" computerName="fv-az449-811" duration="00:00:00.0040000" startTime="2022-03-14T04:46:14.1773132+00:00" endTime="2022-03-14T04:46:14.1773132+00:00" testType="13cdc9d9-ddb5-4fa4-a97d-d965ccfc6d4b" outcome="Passed" testListId="8c84fa94-04c1-424b-9868-57a2d4851a1d" relativeResultsDirectory="5d60bb83-350d-4eb5-9f45-a845f03ab059" />
    <UnitTestResult executionId="42c8ab85-78c0-4f36-ba5b-eb41af219cd5" testId="b76e01b1-6afe-f33b-c6a9-ea3347176509" testName="UnitTests.Services.ItemServiceTests.UpdateItem_NoName_Throws(name: null)" computerName="fv-az449-811" duration="00:00:00.0010000" startTime="2022-03-14T04:46:14.0933135+00:00" endTime="2022-03-14T04:46:14.0933135+00:00" testType="13cdc9d9-ddb5-4fa4-a97d-d965ccfc6d4b" outcome="Passed" testListId="8c84fa94-04c1-424b-9868-57a2d4851a1d" relativeResultsDirectory="42c8ab85-78c0-4f36-ba5b-eb41af219cd5" />
    <UnitTestResult executionId="0f1256bc-dcdd-4294-b142-0ade9df188c0" testId="5f92ec4d-d570-0452-b891-d4cee75db9dd" testName="UnitTests.Controllers.ModuleApiControllerTests.CanEdit_Set_Throws" computerName="fv-az449-811" duration="00:00:00.0240000" startTime="2022-03-14T04:46:13.0239815+00:00" endTime="2022-03-14T04:46:13.0239815+00:00" testType="13cdc9d9-ddb5-4fa4-a97d-d965ccfc6d4b" outcome="Passed" testListId="8c84fa94-04c1-424b-9868-57a2d4851a1d" relativeResultsDirectory="0f1256bc-dcdd-4294-b142-0ade9df188c0" />
    <UnitTestResult executionId="56c34ec3-86fc-440e-81b2-8a54a9f7a674" testId="0bc54975-0bff-692e-a9b3-fc69f2c95a39" testName="UnitTests.Data.Repositories.GenericRepositoryTests.GenericRepositoryDeletes" computerName="fv-az449-811" duration="00:00:02.8060000" startTime="2022-03-14T04:46:16.9555530+00:00" endTime="2022-03-14T04:46:16.9555530+00:00" testType="13cdc9d9-ddb5-4fa4-a97d-d965ccfc6d4b" outcome="Passed" testListId="8c84fa94-04c1-424b-9868-57a2d4851a1d" relativeResultsDirectory="56c34ec3-86fc-440e-81b2-8a54a9f7a674" />
    <UnitTestResult executionId="4ef1bbeb-046f-4510-bf4f-9b570e0574c2" testId="19b6234c-c2df-2304-54f9-54b0da4cd6ba" testName="UnitTests.Services.ItemServiceTests.CreateItem_NoNameThrows" computerName="fv-az449-811" duration="00:00:00.0020000" startTime="2022-03-14T04:46:14.0923118+00:00" endTime="2022-03-14T04:46:14.0923118+00:00" testType="13cdc9d9-ddb5-4fa4-a97d-d965ccfc6d4b" outcome="Passed" testListId="8c84fa94-04c1-424b-9868-57a2d4851a1d" relativeResultsDirectory="4ef1bbeb-046f-4510-bf4f-9b570e0574c2" />
    <UnitTestResult executionId="eb63624b-0536-4ffb-bffd-1a83598cfa7e" testId="70ede014-c412-e387-bb98-e95b3b42090d" testName="UnitTests.Data.Repositories.GenericRepositoryTests.GenericRepositoryUpdates" computerName="fv-az449-811" duration="00:00:00.0420000" startTime="2022-03-14T04:46:17.1521161+00:00" endTime="2022-03-14T04:46:17.1521161+00:00" testType="13cdc9d9-ddb5-4fa4-a97d-d965ccfc6d4b" outcome="Passed" testListId="8c84fa94-04c1-424b-9868-57a2d4851a1d" relativeResultsDirectory="eb63624b-0536-4ffb-bffd-1a83598cfa7e" />
    <UnitTestResult executionId="b96d3fb9-9dc8-4477-bed8-d2cc0c6331c1" testId="392ed628-2028-c945-b97e-893658a1e82b" testName="UnitTests.Data.Entities.ItemTests.ItemPropertiesPersist(id: 1, name: &quot;Name1&quot;, description: &quot;Description1&quot;)" computerName="fv-az449-811" duration="00:00:00.0010000" startTime="2022-03-14T04:46:14.1953158+00:00" endTime="2022-03-14T04:46:14.1953158+00:00" testType="13cdc9d9-ddb5-4fa4-a97d-d965ccfc6d4b" outcome="Passed" testListId="8c84fa94-04c1-424b-9868-57a2d4851a1d" relativeResultsDirectory="b96d3fb9-9dc8-4477-bed8-d2cc0c6331c1" />
    <UnitTestResult executionId="532a998a-02d5-481e-acc8-94a52c8c6495" testId="24cfa8b0-48c3-8aab-e4c2-88694c220e2c" testName="UnitTests.Data.Repositories.GenericRepositoryTests.GenericRepositoryUpdate_ThrowsWithNullEntity" computerName="fv-az449-811" duration="00:00:00.0010000" startTime="2022-03-14T04:46:18.7736374+00:00" endTime="2022-03-14T04:46:18.7736374+00:00" testType="13cdc9d9-ddb5-4fa4-a97d-d965ccfc6d4b" outcome="Passed" testListId="8c84fa94-04c1-424b-9868-57a2d4851a1d" relativeResultsDirectory="532a998a-02d5-481e-acc8-94a52c8c6495" />
    <UnitTestResult executionId="19150368-15ed-4f20-803b-de301e1b3381" testId="e6e0a140-85e7-6935-6160-ab95ecfd3c8a" testName="UnitTests.Data.Repositories.GenericRepositoryTests.GenericRepositoryCreatesAndGetsById" computerName="fv-az449-811" duration="00:00:00.0400000" startTime="2022-03-14T04:46:18.8206367+00:00" endTime="2022-03-14T04:46:18.8206367+00:00" testType="13cdc9d9-ddb5-4fa4-a97d-d965ccfc6d4b" outcome="Passed" testListId="8c84fa94-04c1-424b-9868-57a2d4851a1d" relativeResultsDirectory="19150368-15ed-4f20-803b-de301e1b3381" />
    <UnitTestResult executionId="a2691c18-7e77-48e3-b771-840ee38223b8" testId="4fe0dd0f-2fa0-9c42-e816-a6df28150b72" testName="UnitTests.Data.Repositories.GenericRepositoryTests.GenericRepositoryGetsAll(iterations: 0)" computerName="fv-az449-811" duration="00:00:00.0080000" startTime="2022-03-14T04:46:17.1701176+00:00" endTime="2022-03-14T04:46:17.1701176+00:00" testType="13cdc9d9-ddb5-4fa4-a97d-d965ccfc6d4b" outcome="Passed" testListId="8c84fa94-04c1-424b-9868-57a2d4851a1d" relativeResultsDirectory="a2691c18-7e77-48e3-b771-840ee38223b8" />
    <UnitTestResult executionId="0b688427-1509-42ec-87a4-791c1a06ccfb" testId="a9198ad3-782e-a37c-0b5f-1330f5318f55" testName="UnitTests.Services.ItemServiceTests.CreateItem_Creates" computerName="fv-az449-811" duration="00:00:00.0080000" startTime="2022-03-14T04:46:14.1483148+00:00" endTime="2022-03-14T04:46:14.1483148+00:00" testType="13cdc9d9-ddb5-4fa4-a97d-d965ccfc6d4b" outcome="Passed" testListId="8c84fa94-04c1-424b-9868-57a2d4851a1d" relativeResultsDirectory="0b688427-1509-42ec-87a4-791c1a06ccfb" />
    <UnitTestResult executionId="85139a8d-5ea4-4780-9a6a-95dc8a9328a6" testId="1017c6c1-9dd0-57dc-36e7-bb573d02562e" testName="UnitTests.Controllers.ItemControllerTests.GetItemsPage_GetsProperPages" computerName="fv-az449-811" duration="00:00:00.0080000" startTime="2022-03-14T04:46:14.1743153+00:00" endTime="2022-03-14T04:46:14.1743153+00:00" testType="13cdc9d9-ddb5-4fa4-a97d-d965ccfc6d4b" outcome="Passed" testListId="8c84fa94-04c1-424b-9868-57a2d4851a1d" relativeResultsDirectory="85139a8d-5ea4-4780-9a6a-95dc8a9328a6" />
    <UnitTestResult executionId="c6cdedfe-2f00-4592-9a4d-ac07e39f6384" testId="e6610648-e456-1c64-d2b1-7e1242b871a8" testName="UnitTests.Services.ItemServiceTests.DeleteItem_Deletes" computerName="fv-az449-811" duration="00:00:00.0020000" startTime="2022-03-14T04:46:14.1403154+00:00" endTime="2022-03-14T04:46:14.1403154+00:00" testType="13cdc9d9-ddb5-4fa4-a97d-d965ccfc6d4b" outcome="Passed" testListId="8c84fa94-04c1-424b-9868-57a2d4851a1d" relativeResultsDirectory="c6cdedfe-2f00-4592-9a4d-ac07e39f6384" />
    <UnitTestResult executionId="2cbb99c4-5ec5-4315-a258-f249d68ad77a" testId="e4f8faa7-d0ad-86e6-1579-7bd52372b4c3" testName="UnitTests.Data.Repositories.GenericRepositoryTests.GenericRepositoryConstructs" computerName="fv-az449-811" duration="00:00:00.0010000" startTime="2022-03-14T04:46:17.2221207+00:00" endTime="2022-03-14T04:46:17.2221207+00:00" testType="13cdc9d9-ddb5-4fa4-a97d-d965ccfc6d4b" outcome="Passed" testListId="8c84fa94-04c1-424b-9868-57a2d4851a1d" relativeResultsDirectory="2cbb99c4-5ec5-4315-a258-f249d68ad77a" />
    <UnitTestResult executionId="b06ab1fc-ffb3-4179-8246-1ec9cbfa152e" testId="d6cab32e-cf28-1ba8-73a6-76c46cb62c4a" testName="UnitTests.Data.Repositories.GenericRepositoryTests.Pages_With_Related_Entities" computerName="fv-az449-811" duration="00:00:01.2370000" startTime="2022-03-14T04:46:18.6263751+00:00" endTime="2022-03-14T04:46:18.6263751+00:00" testType="13cdc9d9-ddb5-4fa4-a97d-d965ccfc6d4b" outcome="Passed" testListId="8c84fa94-04c1-424b-9868-57a2d4851a1d" relativeResultsDirectory="b06ab1fc-ffb3-4179-8246-1ec9cbfa152e" />
    <UnitTestResult executionId="14b735f7-5b7d-4c8e-a0d7-0fa8ab43cef9" testId="36689490-09d4-917f-648a-70dcfcfede10" testName="UnitTests.Data.Repositories.GenericRepositoryTests.GenericRepositoryCreate_ThrowsWithNullEntity" computerName="fv-az449-811" duration="00:00:00.0010000" startTime="2022-03-14T04:46:17.0851149+00:00" endTime="2022-03-14T04:46:17.0851149+00:00" testType="13cdc9d9-ddb5-4fa4-a97d-d965ccfc6d4b" outcome="Passed" testListId="8c84fa94-04c1-424b-9868-57a2d4851a1d" relativeResultsDirectory="14b735f7-5b7d-4c8e-a0d7-0fa8ab43cef9" />
    <UnitTestResult executionId="289099cc-f81f-4df2-a198-1f19a8a31c6d" testId="e1c7f76f-6195-c844-23c0-304b47fbae66" testName="UnitTests.Data.Repositories.GenericRepositoryTests.Repository_Create_UsesUserId" computerName="fv-az449-811" duration="00:00:00.0080000" startTime="2022-03-14T04:46:16.9645548+00:00" endTime="2022-03-14T04:46:16.9645548+00:00" testType="13cdc9d9-ddb5-4fa4-a97d-d965ccfc6d4b" outcome="Passed" testListId="8c84fa94-04c1-424b-9868-57a2d4851a1d" relativeResultsDirectory="289099cc-f81f-4df2-a198-1f19a8a31c6d" />
    <UnitTestResult executionId="8e500e3d-11ab-4e0c-a7b6-948f24415a35" testId="263c08b1-704a-f3c2-309e-6dee831dbdc9" testName="UnitTests.Services.ItemServiceTests.UpdateItem_NullDto_Throws" computerName="fv-az449-811" duration="00:00:00.0240000" startTime="2022-03-14T04:46:14.0903120+00:00" endTime="2022-03-14T04:46:14.0903120+00:00" testType="13cdc9d9-ddb5-4fa4-a97d-d965ccfc6d4b" outcome="Passed" testListId="8c84fa94-04c1-424b-9868-57a2d4851a1d" relativeResultsDirectory="8e500e3d-11ab-4e0c-a7b6-948f24415a35" />
    <UnitTestResult executionId="fd1dc3d6-49b6-4dcb-b08c-24de2b1c11a8" testId="1a74e347-4470-5271-97ab-1ebaf8693270" testName="UnitTests.Controllers.ModuleExceptionFilterAttributeTests.SystemException_DoesNotExposeDetails" computerName="fv-az449-811" duration="00:00:00.0100000" startTime="2022-03-14T04:46:14.2503186+00:00" endTime="2022-03-14T04:46:14.2503186+00:00" testType="13cdc9d9-ddb5-4fa4-a97d-d965ccfc6d4b" outcome="Passed" testListId="8c84fa94-04c1-424b-9868-57a2d4851a1d" relativeResultsDirectory="fd1dc3d6-49b6-4dcb-b08c-24de2b1c11a8" />
    <UnitTestResult executionId="c02e8201-8e08-47f0-8fd6-934fc46a9a8d" testId="248341cb-553e-e275-a8eb-499567f40929" testName="UnitTests.Common.Extensions.IQueryableExtensionsTests.Order_OrdersBothWays(descending: False, expected: [1, 2, 3])" computerName="fv-az449-811" duration="00:00:00.0020000" startTime="2022-03-14T04:46:14.2283179+00:00" endTime="2022-03-14T04:46:14.2283179+00:00" testType="13cdc9d9-ddb5-4fa4-a97d-d965ccfc6d4b" outcome="Passed" testListId="8c84fa94-04c1-424b-9868-57a2d4851a1d" relativeResultsDirectory="c02e8201-8e08-47f0-8fd6-934fc46a9a8d" />
    <UnitTestResult executionId="cdfe9df5-226b-4168-8721-4fb7f9198c20" testId="0247c7e7-7d1c-099b-2ac8-81a47ff2509a" testName="UnitTests.Controllers.ItemControllerTests.UserCanEdit_ReturnsBool(canEdit: False)" computerName="fv-az449-811" duration="00:00:00.0170000" startTime="2022-03-14T04:46:14.1523141+00:00" endTime="2022-03-14T04:46:14.1523141+00:00" testType="13cdc9d9-ddb5-4fa4-a97d-d965ccfc6d4b" outcome="Passed" testListId="8c84fa94-04c1-424b-9868-57a2d4851a1d" relativeResultsDirectory="cdfe9df5-226b-4168-8721-4fb7f9198c20" />
    <UnitTestResult executionId="67a7e2a9-5251-48af-9a83-dcdff3eaccc6" testId="986d7e6e-d04d-b204-b01c-fbb8f09c7774" testName="UnitTests.Controllers.ServiceRouteMapperTests.RegisterRoutes_RegistersAtLestOneRoute" computerName="fv-az449-811" duration="00:00:00.1200000" startTime="2022-03-14T04:46:14.0643123+00:00" endTime="2022-03-14T04:46:14.0643123+00:00" testType="13cdc9d9-ddb5-4fa4-a97d-d965ccfc6d4b" outcome="Passed" testListId="8c84fa94-04c1-424b-9868-57a2d4851a1d" relativeResultsDirectory="67a7e2a9-5251-48af-9a83-dcdff3eaccc6" />
    <UnitTestResult executionId="2a64497e-49dc-40b8-a107-d89cc303e26d" testId="0ebf358f-9eac-9438-b418-9c6aa81a6377" testName="UnitTests.Data.Repositories.GenericRepositoryTests.Repository_Update_UsesuserId" computerName="fv-az449-811" duration="00:00:00.0250000" startTime="2022-03-14T04:46:17.1091138+00:00" endTime="2022-03-14T04:46:17.1091138+00:00" testType="13cdc9d9-ddb5-4fa4-a97d-d965ccfc6d4b" outcome="Passed" testListId="8c84fa94-04c1-424b-9868-57a2d4851a1d" relativeResultsDirectory="2a64497e-49dc-40b8-a107-d89cc303e26d" />
    <UnitTestResult executionId="464668cf-dd04-4cbf-98c7-24924bca377c" testId="ad3412e8-5f64-2020-a5b6-bd4cca8c3b7d" testName="UnitTests.Data.Repositories.GenericRepositoryTests.GenericRepositoryGet" computerName="fv-az449-811" duration="00:00:00.1190000" startTime="2022-03-14T04:46:17.0831158+00:00" endTime="2022-03-14T04:46:17.0831158+00:00" testType="13cdc9d9-ddb5-4fa4-a97d-d965ccfc6d4b" outcome="Passed" testListId="8c84fa94-04c1-424b-9868-57a2d4851a1d" relativeResultsDirectory="464668cf-dd04-4cbf-98c7-24924bca377c" />
    <UnitTestResult executionId="f310faae-cb84-4c0b-b86c-72491c56e31a" testId="168fc980-36e3-101b-62b1-f5ab71e9fc0d" testName="UnitTests.Controllers.LocalizationControllerTests.GetLocalization_CallsLocalizationService" computerName="fv-az449-811" duration="00:00:00.4110000" startTime="2022-03-14T04:46:13.8336283+00:00" endTime="2022-03-14T04:46:13.8336283+00:00" testType="13cdc9d9-ddb5-4fa4-a97d-d965ccfc6d4b" outcome="Passed" testListId="8c84fa94-04c1-424b-9868-57a2d4851a1d" relativeResultsDirectory="f310faae-cb84-4c0b-b86c-72491c56e31a" />
    <UnitTestResult executionId="406dda8e-43e0-4820-8c06-deb3d3be5e58" testId="d16880d7-fb44-f209-43d9-ba2e0e1875de" testName="UnitTests.Data.Repositories.GenericRepositoryTests.GenericRepositoryGetsAll(iterations: 1)" computerName="fv-az449-811" duration="00:00:00.0260000" startTime="2022-03-14T04:46:17.2061197+00:00" endTime="2022-03-14T04:46:17.2061197+00:00" testType="13cdc9d9-ddb5-4fa4-a97d-d965ccfc6d4b" outcome="Passed" testListId="8c84fa94-04c1-424b-9868-57a2d4851a1d" relativeResultsDirectory="406dda8e-43e0-4820-8c06-deb3d3be5e58" />
    <UnitTestResult executionId="8b85f748-1a35-44a3-9777-19608a77d568" testId="ae39aa62-5ff2-56e7-d00e-ef116d711d51" testName="UnitTests.Data.Repositories.GenericRepositoryTests.Repository_Create_DefaultAudit" computerName="fv-az449-811" duration="00:00:00.0080000" startTime="2022-03-14T04:46:18.7806378+00:00" endTime="2022-03-14T04:46:18.7806378+00:00" testType="13cdc9d9-ddb5-4fa4-a97d-d965ccfc6d4b" outcome="Passed" testListId="8c84fa94-04c1-424b-9868-57a2d4851a1d" relativeResultsDirectory="8b85f748-1a35-44a3-9777-19608a77d568" />
    <UnitTestResult executionId="3fc863a0-c791-4a83-8086-3323413e20c9" testId="99806ad3-88f0-7495-8b3e-3799a4bbb6aa" testName="UnitTests.Services.ItemServiceTests.GetItemsPage_GetsPages(descending: False)" computerName="fv-az449-811" duration="00:00:00.0100000" startTime="2022-03-14T04:46:14.1043116+00:00" endTime="2022-03-14T04:46:14.1043116+00:00" testType="13cdc9d9-ddb5-4fa4-a97d-d965ccfc6d4b" outcome="Passed" testListId="8c84fa94-04c1-424b-9868-57a2d4851a1d" relativeResultsDirectory="3fc863a0-c791-4a83-8086-3323413e20c9" />
    <UnitTestResult executionId="cb252708-592a-4558-a9c7-9906555749d3" testId="bae3532a-4a9e-c4ab-fc66-4dfa22d16170" testName="UnitTests.Controllers.ModuleApiControllerTests.HasUserInfo" computerName="fv-az449-811" duration="00:00:00.0850000" startTime="2022-03-14T04:46:13.0911071+00:00" endTime="2022-03-14T04:46:13.0911071+00:00" testType="13cdc9d9-ddb5-4fa4-a97d-d965ccfc6d4b" outcome="Passed" testListId="8c84fa94-04c1-424b-9868-57a2d4851a1d" relativeResultsDirectory="cb252708-592a-4558-a9c7-9906555749d3" />
    <UnitTestResult executionId="4d3b7326-6036-4828-a98c-87e5e9e95b84" testId="ac2a99ba-3563-74a9-7d4c-8e91a58cd097" testName="UnitTests.Data.ModuleDbContextTests.DefaultConstructorThrows" computerName="fv-az449-811" duration="00:00:00.3210000" startTime="2022-03-14T04:46:13.4211196+00:00" endTime="2022-03-14T04:46:13.4211196+00:00" testType="13cdc9d9-ddb5-4fa4-a97d-d965ccfc6d4b" outcome="Passed" testListId="8c84fa94-04c1-424b-9868-57a2d4851a1d" relativeResultsDirectory="4d3b7326-6036-4828-a98c-87e5e9e95b84" />
    <UnitTestResult executionId="0cef805b-f6a0-4bfe-bc40-f0a70a2704c7" testId="92b7b9f6-1294-7ea1-ffa3-91fba85074d4" testName="UnitTests.Services.ItemServiceTests.UpdateItem_NoName_Throws(name: &quot;  &quot;)" computerName="fv-az449-811" duration="00:00:00.0010000" startTime="2022-03-14T04:46:14.0963121+00:00" endTime="2022-03-14T04:46:14.0963121+00:00" testType="13cdc9d9-ddb5-4fa4-a97d-d965ccfc6d4b" outcome="Passed" testListId="8c84fa94-04c1-424b-9868-57a2d4851a1d" relativeResultsDirectory="0cef805b-f6a0-4bfe-bc40-f0a70a2704c7" />
    <UnitTestResult executionId="9dbd3716-bb64-46c8-bef6-1e18f2ddb94c" testId="ffe5c770-9b99-42c0-ce21-7e50cccf4385" testName="UnitTests.Data.Repositories.GenericRepositoryTests.GenericRepositoryGetsAll(iterations: 2)" computerName="fv-az449-811" duration="00:00:00.0110000" startTime="2022-03-14T04:46:17.1621179+00:00" endTime="2022-03-14T04:46:17.1621179+00:00" testType="13cdc9d9-ddb5-4fa4-a97d-d965ccfc6d4b" outcome="Passed" testListId="8c84fa94-04c1-424b-9868-57a2d4851a1d" relativeResultsDirectory="9dbd3716-bb64-46c8-bef6-1e18f2ddb94c" />
    <UnitTestResult executionId="8f15873c-28a8-4974-988f-5dc2a29607c8" testId="aec60494-3c2e-8ec9-f948-da5bb2043983" testName="UnitTests.Controllers.ItemControllerTests.UserCanEdit_ReturnsBool(canEdit: True)" computerName="fv-az449-811" duration="00:00:00.0010000" startTime="2022-03-14T04:46:14.1533133+00:00" endTime="2022-03-14T04:46:14.1533133+00:00" testType="13cdc9d9-ddb5-4fa4-a97d-d965ccfc6d4b" outcome="Passed" testListId="8c84fa94-04c1-424b-9868-57a2d4851a1d" relativeResultsDirectory="8f15873c-28a8-4974-988f-5dc2a29607c8" />
    <UnitTestResult executionId="54ac7b02-e79b-4d54-b85b-2457b1f83082" testId="a21637b0-54f8-4fa0-bc3b-95481a9fd90b" testName="UnitTests.Controllers.ModuleExceptionFilterAttributeTests.ArgumentException_BadRequest(exception: System.ArgumentNullException: Value cannot be null.&#xD;&#xA;Parameter name: Null, expectedStatusCode: BadRequest)" computerName="fv-az449-811" duration="00:00:00.0030000" startTime="2022-03-14T04:46:14.2383180+00:00" endTime="2022-03-14T04:46:14.2383180+00:00" testType="13cdc9d9-ddb5-4fa4-a97d-d965ccfc6d4b" outcome="Passed" testListId="8c84fa94-04c1-424b-9868-57a2d4851a1d" relativeResultsDirectory="54ac7b02-e79b-4d54-b85b-2457b1f83082" />
    <UnitTestResult executionId="3baef431-d4fb-42fa-ae21-73ae467b58cd" testId="1c164fbc-1ab1-9884-ccb8-9e84f4c977d0" testName="UnitTests.Services.ItemServiceTests.UpdateItem_NoName_Throws(name: &quot; &quot;)" computerName="fv-az449-811" duration="00:00:00.0010000" startTime="2022-03-14T04:46:14.0953100+00:00" endTime="2022-03-14T04:46:14.0953100+00:00" testType="13cdc9d9-ddb5-4fa4-a97d-d965ccfc6d4b" outcome="Passed" testListId="8c84fa94-04c1-424b-9868-57a2d4851a1d" relativeResultsDirectory="3baef431-d4fb-42fa-ae21-73ae467b58cd" />
    <UnitTestResult executionId="4d7e2cb4-d0c9-4cda-86cb-d4cc9c468740" testId="f754f777-4449-23e8-f4ec-917f49117de2" testName="UnitTests.Data.Repositories.GenericRepositoryTests.Repository_DeleteMissing_DoesNotThrow" computerName="fv-az449-811" duration="00:00:00.0100000" startTime="2022-03-14T04:46:17.2201175+00:00" endTime="2022-03-14T04:46:17.2201175+00:00" testType="13cdc9d9-ddb5-4fa4-a97d-d965ccfc6d4b" outcome="Passed" testListId="8c84fa94-04c1-424b-9868-57a2d4851a1d" relativeResultsDirectory="4d7e2cb4-d0c9-4cda-86cb-d4cc9c468740" />
    <UnitTestResult executionId="1539b616-5d61-4c9f-901a-4493ae4777a5" testId="a21637b0-54f8-4fa0-bc3b-95481a9fd90b" testName="UnitTests.Controllers.ModuleExceptionFilterAttributeTests.ArgumentException_BadRequest(exception: System.TimeoutException: Timed out, expectedStatusCode: RequestTimeout)" computerName="fv-az449-811" duration="00:00:00.0010000" startTime="2022-03-14T04:46:14.2413187+00:00" endTime="2022-03-14T04:46:14.2413187+00:00" testType="13cdc9d9-ddb5-4fa4-a97d-d965ccfc6d4b" outcome="Passed" testListId="8c84fa94-04c1-424b-9868-57a2d4851a1d" relativeResultsDirectory="1539b616-5d61-4c9f-901a-4493ae4777a5" />
    <UnitTestResult executionId="e306083e-1f13-4d7d-a407-3b6001ab9685" testId="e55f1742-c16d-5086-2251-ad3372dd48f5" testName="UnitTests.Controllers.ValidateModelAttributeTests.OnActionExecuting_Valid_Works" computerName="fv-az449-811" duration="00:00:00.0560000" startTime="2022-03-14T04:46:13.0169879+00:00" endTime="2022-03-14T04:46:13.0169879+00:00" testType="13cdc9d9-ddb5-4fa4-a97d-d965ccfc6d4b" outcome="Passed" testListId="8c84fa94-04c1-424b-9868-57a2d4851a1d" relativeResultsDirectory="e306083e-1f13-4d7d-a407-3b6001ab9685" />
    <UnitTestResult executionId="2da9f0f9-5f73-4af7-8dfc-0c0a5aecc613" testId="8ba31d1b-48e3-e04e-cff0-b927c63b4a19" testName="UnitTests.Services.LoggingServiceTests.LoggingService_DefaultConstructorExists" computerName="fv-az449-811" duration="00:00:00.1980000" startTime="2022-03-14T04:46:14.0313098+00:00" endTime="2022-03-14T04:46:14.0313098+00:00" testType="13cdc9d9-ddb5-4fa4-a97d-d965ccfc6d4b" outcome="Passed" testListId="8c84fa94-04c1-424b-9868-57a2d4851a1d" relativeResultsDirectory="2da9f0f9-5f73-4af7-8dfc-0c0a5aecc613" />
    <UnitTestResult executionId="8c361a68-46e6-4f39-a760-73664f24b502" testId="74c28fcf-aa9b-2bab-0ff6-cfa98a0ddf49" testName="UnitTests.Data.Repositories.GenericRepositoryTests.GetPage_Pages(page: 3, pageSize: 20, expectedItems: 10, expectedPages: 3)" computerName="fv-az449-811" duration="00:00:00.0430000" startTime="2022-03-14T04:46:17.3491235+00:00" endTime="2022-03-14T04:46:17.3491235+00:00" testType="13cdc9d9-ddb5-4fa4-a97d-d965ccfc6d4b" outcome="Passed" testListId="8c84fa94-04c1-424b-9868-57a2d4851a1d" relativeResultsDirectory="8c361a68-46e6-4f39-a760-73664f24b502" />
    <UnitTestResult executionId="ffb6c136-3cac-4630-a28f-b9c60f8ea112" testId="130d9133-361f-a0da-f15e-423eb98947ac" testName="UnitTests.Services.ItemServiceTests.UpdateItem_Updates" computerName="fv-az449-811" duration="00:00:00.0330000" startTime="2022-03-14T04:46:14.1373145+00:00" endTime="2022-03-14T04:46:14.1373145+00:00" testType="13cdc9d9-ddb5-4fa4-a97d-d965ccfc6d4b" outcome="Passed" testListId="8c84fa94-04c1-424b-9868-57a2d4851a1d" relativeResultsDirectory="ffb6c136-3cac-4630-a28f-b9c60f8ea112" />
    <UnitTestResult executionId="5740062b-22c1-4983-a996-45573f3074a3" testId="113f48ce-a6a3-c5df-7589-ba5a5fcb9c59" testName="UnitTests.Controllers.ModuleExceptionFilterAttributeTests.NoException_DoesNothing" computerName="fv-az449-811" duration="00:00:00.0010000" startTime="2022-03-14T04:46:14.2423187+00:00" endTime="2022-03-14T04:46:14.2423187+00:00" testType="13cdc9d9-ddb5-4fa4-a97d-d965ccfc6d4b" outcome="Passed" testListId="8c84fa94-04c1-424b-9868-57a2d4851a1d" relativeResultsDirectory="5740062b-22c1-4983-a996-45573f3074a3" />
    <UnitTestResult executionId="a91b0d5a-db41-492a-b8cd-9b94c2a23fa2" testId="a21637b0-54f8-4fa0-bc3b-95481a9fd90b" testName="UnitTests.Controllers.ModuleExceptionFilterAttributeTests.ArgumentException_BadRequest(exception: System.ArgumentException: Argument, expectedStatusCode: BadRequest)" computerName="fv-az449-811" duration="00:00:00.0010000" startTime="2022-03-14T04:46:14.2393198+00:00" endTime="2022-03-14T04:46:14.2393198+00:00" testType="13cdc9d9-ddb5-4fa4-a97d-d965ccfc6d4b" outcome="Passed" testListId="8c84fa94-04c1-424b-9868-57a2d4851a1d" relativeResultsDirectory="a91b0d5a-db41-492a-b8cd-9b94c2a23fa2" />
    <UnitTestResult executionId="ec2f3cda-84d4-462c-914f-7eeacc5970df" testId="ac1c50bc-98fd-036f-fe0f-d46cb187f90e" testName="UnitTests.Services.LoggingServiceTests.LogginService_TestableConstructorLogsError" computerName="fv-az449-811" duration="00:00:00.0890000" startTime="2022-03-14T04:46:14.1203131+00:00" endTime="2022-03-14T04:46:14.1203131+00:00" testType="13cdc9d9-ddb5-4fa4-a97d-d965ccfc6d4b" outcome="Passed" testListId="8c84fa94-04c1-424b-9868-57a2d4851a1d" relativeResultsDirectory="ec2f3cda-84d4-462c-914f-7eeacc5970df" />
    <UnitTestResult executionId="8a93f7ee-282f-4d3b-abbe-0b581537295c" testId="61a8ccc9-c5b1-047b-3c97-f777ccc7d30b" testName="UnitTests.Controllers.ValidateModelAttributeTests.OnActionExecuting_Invalid_Works" computerName="fv-az449-811" duration="00:00:00.9370000" startTime="2022-03-14T04:46:13.9436363+00:00" endTime="2022-03-14T04:46:13.9436363+00:00" testType="13cdc9d9-ddb5-4fa4-a97d-d965ccfc6d4b" outcome="Passed" testListId="8c84fa94-04c1-424b-9868-57a2d4851a1d" relativeResultsDirectory="8a93f7ee-282f-4d3b-abbe-0b581537295c" />
    <UnitTestResult executionId="f765518a-220a-4fe7-ad71-a33d8cc6fbc4" testId="a21637b0-54f8-4fa0-bc3b-95481a9fd90b" testName="UnitTests.Controllers.ModuleExceptionFilterAttributeTests.ArgumentException_BadRequest(exception: System.UnauthorizedAccessException: Unauthorized, expectedStatusCode: Unauthorized)" computerName="fv-az449-811" duration="00:00:00.0010000" startTime="2022-03-14T04:46:14.2413187+00:00" endTime="2022-03-14T04:46:14.2413187+00:00" testType="13cdc9d9-ddb5-4fa4-a97d-d965ccfc6d4b" outcome="Passed" testListId="8c84fa94-04c1-424b-9868-57a2d4851a1d" relativeResultsDirectory="f765518a-220a-4fe7-ad71-a33d8cc6fbc4" />
  </Results>
  <TestDefinitions>
    <UnitTest name="UnitTests.Controllers.ItemControllerTests.DeleteItem_Deletes(itemId: 1)" storage="d:\a\mymodule20220313\mymodule20220313\unittests\bin\unittests.dll" id="478b61ee-7d85-9dbe-985d-08c590f8666a">
      <Execution id="8a851838-9e2d-4d05-a282-cb4def76dc9c" />
      <TestMethod codeBase="D:\a\MyModule20220313\MyModule20220313\UnitTests\bin\UnitTests.dll" adapterTypeName="executor://xunit/VsTestRunner2/net" className="UnitTests.Controllers.ItemControllerTests" name="DeleteItem_Deletes" />
    </UnitTest>
    <UnitTest name="UnitTests.Common.Extensions.IQueryableExtensionsTests.Order_OrdersBothWays(descending: True, expected: [3, 2, 1])" storage="d:\a\mymodule20220313\mymodule20220313\unittests\bin\unittests.dll" id="b6579d24-7c4e-c42d-2ead-85e0f30e0a64">
      <Execution id="27580f99-20bf-45a6-82b5-2c38f263f044" />
      <TestMethod codeBase="D:\a\MyModule20220313\MyModule20220313\UnitTests\bin\UnitTests.dll" adapterTypeName="executor://xunit/VsTestRunner2/net" className="UnitTests.Common.Extensions.IQueryableExtensionsTests" name="Order_OrdersBothWays" />
    </UnitTest>
    <UnitTest name="UnitTests.Controllers.ItemControllerTests.UserCanEdit_ReturnsBool(canEdit: False)" storage="d:\a\mymodule20220313\mymodule20220313\unittests\bin\unittests.dll" id="0247c7e7-7d1c-099b-2ac8-81a47ff2509a">
      <Execution id="cdfe9df5-226b-4168-8721-4fb7f9198c20" />
      <TestMethod codeBase="D:\a\MyModule20220313\MyModule20220313\UnitTests\bin\UnitTests.dll" adapterTypeName="executor://xunit/VsTestRunner2/net" className="UnitTests.Controllers.ItemControllerTests" name="UserCanEdit_ReturnsBool" />
    </UnitTest>
    <UnitTest name="UnitTests.Controllers.LocalizationControllerTests.GetLocalization_CallsLocalizationService" storage="d:\a\mymodule20220313\mymodule20220313\unittests\bin\unittests.dll" id="168fc980-36e3-101b-62b1-f5ab71e9fc0d">
      <Execution id="f310faae-cb84-4c0b-b86c-72491c56e31a" />
      <TestMethod codeBase="D:\a\MyModule20220313\MyModule20220313\UnitTests\bin\UnitTests.dll" adapterTypeName="executor://xunit/VsTestRunner2/net" className="UnitTests.Controllers.LocalizationControllerTests" name="GetLocalization_CallsLocalizationService" />
    </UnitTest>
    <UnitTest name="UnitTests.Data.ModuleDbContextTests.DefaultConstructorThrows" storage="d:\a\mymodule20220313\mymodule20220313\unittests\bin\unittests.dll" id="ac2a99ba-3563-74a9-7d4c-8e91a58cd097">
      <Execution id="4d3b7326-6036-4828-a98c-87e5e9e95b84" />
      <TestMethod codeBase="D:\a\MyModule20220313\MyModule20220313\UnitTests\bin\UnitTests.dll" adapterTypeName="executor://xunit/VsTestRunner2/net" className="UnitTests.Data.ModuleDbContextTests" name="DefaultConstructorThrows" />
    </UnitTest>
    <UnitTest name="UnitTests.Controllers.ModuleApiControllerTests.CanEdit_DefaultsToFalse" storage="d:\a\mymodule20220313\mymodule20220313\unittests\bin\unittests.dll" id="320e3c11-11d1-b3ef-0d2e-5e474f674ff1">
      <Execution id="fc0dcf8e-ac53-4a4c-8138-79ac12b298e9" />
      <TestMethod codeBase="D:\a\MyModule20220313\MyModule20220313\UnitTests\bin\UnitTests.dll" adapterTypeName="executor://xunit/VsTestRunner2/net" className="UnitTests.Controllers.ModuleApiControllerTests" name="CanEdit_DefaultsToFalse" />
    </UnitTest>
    <UnitTest name="UnitTests.Data.Repositories.GenericRepositoryTests.GenericRepositoryCreatesAndGetsById" storage="d:\a\mymodule20220313\mymodule20220313\unittests\bin\unittests.dll" id="e6e0a140-85e7-6935-6160-ab95ecfd3c8a">
      <Execution id="19150368-15ed-4f20-803b-de301e1b3381" />
      <TestMethod codeBase="D:\a\MyModule20220313\MyModule20220313\UnitTests\bin\UnitTests.dll" adapterTypeName="executor://xunit/VsTestRunner2/net" className="UnitTests.Data.Repositories.GenericRepositoryTests" name="GenericRepositoryCreatesAndGetsById" />
    </UnitTest>
    <UnitTest name="UnitTests.Services.ItemServiceTests.UpdateItem_NoName_Throws(name: &quot; &quot;)" storage="d:\a\mymodule20220313\mymodule20220313\unittests\bin\unittests.dll" id="1c164fbc-1ab1-9884-ccb8-9e84f4c977d0">
      <Execution id="3baef431-d4fb-42fa-ae21-73ae467b58cd" />
      <TestMethod codeBase="D:\a\MyModule20220313\MyModule20220313\UnitTests\bin\UnitTests.dll" adapterTypeName="executor://xunit/VsTestRunner2/net" className="UnitTests.Services.ItemServiceTests" name="UpdateItem_NoName_Throws" />
    </UnitTest>
    <UnitTest name="UnitTests.Services.ItemServiceTests.GetItemsPage_GetsPages(descending: False)" storage="d:\a\mymodule20220313\mymodule20220313\unittests\bin\unittests.dll" id="99806ad3-88f0-7495-8b3e-3799a4bbb6aa">
      <Execution id="3fc863a0-c791-4a83-8086-3323413e20c9" />
      <TestMethod codeBase="D:\a\MyModule20220313\MyModule20220313\UnitTests\bin\UnitTests.dll" adapterTypeName="executor://xunit/VsTestRunner2/net" className="UnitTests.Services.ItemServiceTests" name="GetItemsPage_GetsPages" />
    </UnitTest>
    <UnitTest name="UnitTests.Data.Repositories.GenericRepositoryTests.Repository_Update_UsesuserId" storage="d:\a\mymodule20220313\mymodule20220313\unittests\bin\unittests.dll" id="0ebf358f-9eac-9438-b418-9c6aa81a6377">
      <Execution id="2a64497e-49dc-40b8-a107-d89cc303e26d" />
      <TestMethod codeBase="D:\a\MyModule20220313\MyModule20220313\UnitTests\bin\UnitTests.dll" adapterTypeName="executor://xunit/VsTestRunner2/net" className="UnitTests.Data.Repositories.GenericRepositoryTests" name="Repository_Update_UsesuserId" />
    </UnitTest>
    <UnitTest name="UnitTests.Services.ItemServiceTests.CreateItem_Creates" storage="d:\a\mymodule20220313\mymodule20220313\unittests\bin\unittests.dll" id="a9198ad3-782e-a37c-0b5f-1330f5318f55">
      <Execution id="0b688427-1509-42ec-87a4-791c1a06ccfb" />
      <TestMethod codeBase="D:\a\MyModule20220313\MyModule20220313\UnitTests\bin\UnitTests.dll" adapterTypeName="executor://xunit/VsTestRunner2/net" className="UnitTests.Services.ItemServiceTests" name="CreateItem_Creates" />
    </UnitTest>
    <UnitTest name="UnitTests.Controllers.ValidateModelAttributeTests.OnActionExecuting_Invalid_Works" storage="d:\a\mymodule20220313\mymodule20220313\unittests\bin\unittests.dll" id="61a8ccc9-c5b1-047b-3c97-f777ccc7d30b">
      <Execution id="8a93f7ee-282f-4d3b-abbe-0b581537295c" />
      <TestMethod codeBase="D:\a\MyModule20220313\MyModule20220313\UnitTests\bin\UnitTests.dll" adapterTypeName="executor://xunit/VsTestRunner2/net" className="UnitTests.Controllers.ValidateModelAttributeTests" name="OnActionExecuting_Invalid_Works" />
    </UnitTest>
    <UnitTest name="UnitTests.Data.Repositories.GenericRepositoryTests.GenericRepositoryGet" storage="d:\a\mymodule20220313\mymodule20220313\unittests\bin\unittests.dll" id="ad3412e8-5f64-2020-a5b6-bd4cca8c3b7d">
      <Execution id="464668cf-dd04-4cbf-98c7-24924bca377c" />
      <TestMethod codeBase="D:\a\MyModule20220313\MyModule20220313\UnitTests\bin\UnitTests.dll" adapterTypeName="executor://xunit/VsTestRunner2/net" className="UnitTests.Data.Repositories.GenericRepositoryTests" name="GenericRepositoryGet" />
    </UnitTest>
    <UnitTest name="UnitTests.Data.Repositories.GenericRepositoryTests.GenericRepositoryUpdate_ThrowsWithNullEntity" storage="d:\a\mymodule20220313\mymodule20220313\unittests\bin\unittests.dll" id="24cfa8b0-48c3-8aab-e4c2-88694c220e2c">
      <Execution id="532a998a-02d5-481e-acc8-94a52c8c6495" />
      <TestMethod codeBase="D:\a\MyModule20220313\MyModule20220313\UnitTests\bin\UnitTests.dll" adapterTypeName="executor://xunit/VsTestRunner2/net" className="UnitTests.Data.Repositories.GenericRepositoryTests" name="GenericRepositoryUpdate_ThrowsWithNullEntity" />
    </UnitTest>
    <UnitTest name="UnitTests.Data.Repositories.GenericRepositoryTests.Pages_With_Related_Entities" storage="d:\a\mymodule20220313\mymodule20220313\unittests\bin\unittests.dll" id="d6cab32e-cf28-1ba8-73a6-76c46cb62c4a">
      <Execution id="b06ab1fc-ffb3-4179-8246-1ec9cbfa152e" />
      <TestMethod codeBase="D:\a\MyModule20220313\MyModule20220313\UnitTests\bin\UnitTests.dll" adapterTypeName="executor://xunit/VsTestRunner2/net" className="UnitTests.Data.Repositories.GenericRepositoryTests" name="Pages_With_Related_Entities" />
    </UnitTest>
    <UnitTest name="UnitTests.Services.LoggingServiceTests.LogginService_TestableConstructorLogsError" storage="d:\a\mymodule20220313\mymodule20220313\unittests\bin\unittests.dll" id="ac1c50bc-98fd-036f-fe0f-d46cb187f90e">
      <Execution id="ec2f3cda-84d4-462c-914f-7eeacc5970df" />
      <TestMethod codeBase="D:\a\MyModule20220313\MyModule20220313\UnitTests\bin\UnitTests.dll" adapterTypeName="executor://xunit/VsTestRunner2/net" className="UnitTests.Services.LoggingServiceTests" name="LogginService_TestableConstructorLogsError" />
    </UnitTest>
    <UnitTest name="UnitTests.Data.Repositories.GenericRepositoryTests.GenericRepositoryGetsAll(iterations: 3)" storage="d:\a\mymodule20220313\mymodule20220313\unittests\bin\unittests.dll" id="d15ea2a7-9f9f-b92b-50fa-470898da705d">
      <Execution id="0db85c29-a9d4-45b9-ba26-6716372c420d" />
      <TestMethod codeBase="D:\a\MyModule20220313\MyModule20220313\UnitTests\bin\UnitTests.dll" adapterTypeName="executor://xunit/VsTestRunner2/net" className="UnitTests.Data.Repositories.GenericRepositoryTests" name="GenericRepositoryGetsAll" />
    </UnitTest>
    <UnitTest name="UnitTests.Common.GlobalsTests.ModulePrefixIsValid" storage="d:\a\mymodule20220313\mymodule20220313\unittests\bin\unittests.dll" id="d1c63cb7-1f9a-a8bf-a217-a4cbb4e5f73b">
      <Execution id="e56d06bb-3615-4275-b41d-17a0eb399ad7" />
      <TestMethod codeBase="D:\a\MyModule20220313\MyModule20220313\UnitTests\bin\UnitTests.dll" adapterTypeName="executor://xunit/VsTestRunner2/net" className="UnitTests.Common.GlobalsTests" name="ModulePrefixIsValid" />
    </UnitTest>
    <UnitTest name="UnitTests.Data.Entities.ItemTests.ItemPropertiesPersist(id: 2, name: &quot;Name2&quot;, description: &quot;Description2&quot;)" storage="d:\a\mymodule20220313\mymodule20220313\unittests\bin\unittests.dll" id="96a18501-dea4-70b1-d572-baa1bb120da2">
      <Execution id="13075766-bcb3-438e-a09a-5ab5e4d4cdd2" />
      <TestMethod codeBase="D:\a\MyModule20220313\MyModule20220313\UnitTests\bin\UnitTests.dll" adapterTypeName="executor://xunit/VsTestRunner2/net" className="UnitTests.Data.Entities.ItemTests" name="ItemPropertiesPersist" />
    </UnitTest>
    <UnitTest name="UnitTests.Controllers.ServiceRouteMapperTests.RegisterRoutes_RegistersAtLestOneRoute" storage="d:\a\mymodule20220313\mymodule20220313\unittests\bin\unittests.dll" id="986d7e6e-d04d-b204-b01c-fbb8f09c7774">
      <Execution id="67a7e2a9-5251-48af-9a83-dcdff3eaccc6" />
      <TestMethod codeBase="D:\a\MyModule20220313\MyModule20220313\UnitTests\bin\UnitTests.dll" adapterTypeName="executor://xunit/VsTestRunner2/net" className="UnitTests.Controllers.ServiceRouteMapperTests" name="RegisterRoutes_RegistersAtLestOneRoute" />
    </UnitTest>
    <UnitTest name="UnitTests.Controllers.ModuleExceptionFilterAttributeTests.SystemException_DoesNotExposeDetails" storage="d:\a\mymodule20220313\mymodule20220313\unittests\bin\unittests.dll" id="1a74e347-4470-5271-97ab-1ebaf8693270">
      <Execution id="fd1dc3d6-49b6-4dcb-b08c-24de2b1c11a8" />
      <TestMethod codeBase="D:\a\MyModule20220313\MyModule20220313\UnitTests\bin\UnitTests.dll" adapterTypeName="executor://xunit/VsTestRunner2/net" className="UnitTests.Controllers.ModuleExceptionFilterAttributeTests" name="SystemException_DoesNotExposeDetails" />
    </UnitTest>
    <UnitTest name="UnitTests.Data.Repositories.GenericRepositoryTests.GenericRepositoryConstructs" storage="d:\a\mymodule20220313\mymodule20220313\unittests\bin\unittests.dll" id="e4f8faa7-d0ad-86e6-1579-7bd52372b4c3">
      <Execution id="2cbb99c4-5ec5-4315-a258-f249d68ad77a" />
      <TestMethod codeBase="D:\a\MyModule20220313\MyModule20220313\UnitTests\bin\UnitTests.dll" adapterTypeName="executor://xunit/VsTestRunner2/net" className="UnitTests.Data.Repositories.GenericRepositoryTests" name="GenericRepositoryConstructs" />
    </UnitTest>
    <UnitTest name="UnitTests.Data.Repositories.GenericRepositoryTests.Repository_DeleteMissing_DoesNotThrow" storage="d:\a\mymodule20220313\mymodule20220313\unittests\bin\unittests.dll" id="f754f777-4449-23e8-f4ec-917f49117de2">
      <Execution id="4d7e2cb4-d0c9-4cda-86cb-d4cc9c468740" />
      <TestMethod codeBase="D:\a\MyModule20220313\MyModule20220313\UnitTests\bin\UnitTests.dll" adapterTypeName="executor://xunit/VsTestRunner2/net" className="UnitTests.Data.Repositories.GenericRepositoryTests" name="Repository_DeleteMissing_DoesNotThrow" />
    </UnitTest>
    <UnitTest name="UnitTests.Services.ItemServiceTests.UpdateItem_NoName_Throws(name: null)" storage="d:\a\mymodule20220313\mymodule20220313\unittests\bin\unittests.dll" id="b76e01b1-6afe-f33b-c6a9-ea3347176509">
      <Execution id="42c8ab85-78c0-4f36-ba5b-eb41af219cd5" />
      <TestMethod codeBase="D:\a\MyModule20220313\MyModule20220313\UnitTests\bin\UnitTests.dll" adapterTypeName="executor://xunit/VsTestRunner2/net" className="UnitTests.Services.ItemServiceTests" name="UpdateItem_NoName_Throws" />
    </UnitTest>
    <UnitTest name="UnitTests.Services.ItemServiceTests.CreateItem_NoNameThrows" storage="d:\a\mymodule20220313\mymodule20220313\unittests\bin\unittests.dll" id="19b6234c-c2df-2304-54f9-54b0da4cd6ba">
      <Execution id="4ef1bbeb-046f-4510-bf4f-9b570e0574c2" />
      <TestMethod codeBase="D:\a\MyModule20220313\MyModule20220313\UnitTests\bin\UnitTests.dll" adapterTypeName="executor://xunit/VsTestRunner2/net" className="UnitTests.Services.ItemServiceTests" name="CreateItem_NoNameThrows" />
    </UnitTest>
    <UnitTest name="UnitTests.Services.ItemServiceTests.DeleteItem_Deletes" storage="d:\a\mymodule20220313\mymodule20220313\unittests\bin\unittests.dll" id="e6610648-e456-1c64-d2b1-7e1242b871a8">
      <Execution id="c6cdedfe-2f00-4592-9a4d-ac07e39f6384" />
      <TestMethod codeBase="D:\a\MyModule20220313\MyModule20220313\UnitTests\bin\UnitTests.dll" adapterTypeName="executor://xunit/VsTestRunner2/net" className="UnitTests.Services.ItemServiceTests" name="DeleteItem_Deletes" />
    </UnitTest>
    <UnitTest name="UnitTests.Data.Entities.ItemTests.ItemConstructsProperly" storage="d:\a\mymodule20220313\mymodule20220313\unittests\bin\unittests.dll" id="572fc310-4b67-9555-f147-153d39f2eb82">
      <Execution id="ecf3d5cf-5010-4ec7-ab20-2e3289b12abd" />
      <TestMethod codeBase="D:\a\MyModule20220313\MyModule20220313\UnitTests\bin\UnitTests.dll" adapterTypeName="executor://xunit/VsTestRunner2/net" className="UnitTests.Data.Entities.ItemTests" name="ItemConstructsProperly" />
    </UnitTest>
    <UnitTest name="UnitTests.Services.ItemServiceTests.UpdateItem_NoName_Throws(name: &quot;&quot;)" storage="d:\a\mymodule20220313\mymodule20220313\unittests\bin\unittests.dll" id="3cbfa5d3-e0f6-eff8-ed5c-556fa1f3e131">
      <Execution id="426b5b10-675d-4d9a-9811-184dbafc4387" />
      <TestMethod codeBase="D:\a\MyModule20220313\MyModule20220313\UnitTests\bin\UnitTests.dll" adapterTypeName="executor://xunit/VsTestRunner2/net" className="UnitTests.Services.ItemServiceTests" name="UpdateItem_NoName_Throws" />
    </UnitTest>
    <UnitTest name="UnitTests.Services.LoggingServiceTests.LogginService_TestableConstructorLogsErrorWithException" storage="d:\a\mymodule20220313\mymodule20220313\unittests\bin\unittests.dll" id="9168bdef-a759-f4d6-b890-b643e17324cf">
      <Execution id="0b122039-059e-4f02-9f71-649c53e7e1ad" />
      <TestMethod codeBase="D:\a\MyModule20220313\MyModule20220313\UnitTests\bin\UnitTests.dll" adapterTypeName="executor://xunit/VsTestRunner2/net" className="UnitTests.Services.LoggingServiceTests" name="LogginService_TestableConstructorLogsErrorWithException" />
    </UnitTest>
    <UnitTest name="UnitTests.Controllers.ItemControllerTests.UserCanEdit_ReturnsBool(canEdit: True)" storage="d:\a\mymodule20220313\mymodule20220313\unittests\bin\unittests.dll" id="aec60494-3c2e-8ec9-f948-da5bb2043983">
      <Execution id="8f15873c-28a8-4974-988f-5dc2a29607c8" />
      <TestMethod codeBase="D:\a\MyModule20220313\MyModule20220313\UnitTests\bin\UnitTests.dll" adapterTypeName="executor://xunit/VsTestRunner2/net" className="UnitTests.Controllers.ItemControllerTests" name="UserCanEdit_ReturnsBool" />
    </UnitTest>
    <UnitTest name="UnitTests.Controllers.ModuleApiControllerTests.HasUserInfo" storage="d:\a\mymodule20220313\mymodule20220313\unittests\bin\unittests.dll" id="bae3532a-4a9e-c4ab-fc66-4dfa22d16170">
      <Execution id="cb252708-592a-4558-a9c7-9906555749d3" />
      <TestMethod codeBase="D:\a\MyModule20220313\MyModule20220313\UnitTests\bin\UnitTests.dll" adapterTypeName="executor://xunit/VsTestRunner2/net" className="UnitTests.Controllers.ModuleApiControllerTests" name="HasUserInfo" />
    </UnitTest>
    <UnitTest name="UnitTests.Services.ItemServiceTests.UpdateItem_NoName_Throws(name: &quot;  &quot;)" storage="d:\a\mymodule20220313\mymodule20220313\unittests\bin\unittests.dll" id="92b7b9f6-1294-7ea1-ffa3-91fba85074d4">
      <Execution id="0cef805b-f6a0-4bfe-bc40-f0a70a2704c7" />
      <TestMethod codeBase="D:\a\MyModule20220313\MyModule20220313\UnitTests\bin\UnitTests.dll" adapterTypeName="executor://xunit/VsTestRunner2/net" className="UnitTests.Services.ItemServiceTests" name="UpdateItem_NoName_Throws" />
    </UnitTest>
    <UnitTest name="UnitTests.Data.Repositories.GenericRepositoryTests.Repository_Create_DefaultAudit" storage="d:\a\mymodule20220313\mymodule20220313\unittests\bin\unittests.dll" id="ae39aa62-5ff2-56e7-d00e-ef116d711d51">
      <Execution id="8b85f748-1a35-44a3-9777-19608a77d568" />
      <TestMethod codeBase="D:\a\MyModule20220313\MyModule20220313\UnitTests\bin\UnitTests.dll" adapterTypeName="executor://xunit/VsTestRunner2/net" className="UnitTests.Data.Repositories.GenericRepositoryTests" name="Repository_Create_DefaultAudit" />
    </UnitTest>
    <UnitTest name="UnitTests.Controllers.ValidateModelAttributeTests.OnActionExecuting_Valid_Works" storage="d:\a\mymodule20220313\mymodule20220313\unittests\bin\unittests.dll" id="e55f1742-c16d-5086-2251-ad3372dd48f5">
      <Execution id="e306083e-1f13-4d7d-a407-3b6001ab9685" />
      <TestMethod codeBase="D:\a\MyModule20220313\MyModule20220313\UnitTests\bin\UnitTests.dll" adapterTypeName="executor://xunit/VsTestRunner2/net" className="UnitTests.Controllers.ValidateModelAttributeTests" name="OnActionExecuting_Valid_Works" />
    </UnitTest>
    <UnitTest name="UnitTests.Data.Repositories.GenericRepositoryTests.GenericRepositoryGetsAll(iterations: 1)" storage="d:\a\mymodule20220313\mymodule20220313\unittests\bin\unittests.dll" id="d16880d7-fb44-f209-43d9-ba2e0e1875de">
      <Execution id="406dda8e-43e0-4820-8c06-deb3d3be5e58" />
      <TestMethod codeBase="D:\a\MyModule20220313\MyModule20220313\UnitTests\bin\UnitTests.dll" adapterTypeName="executor://xunit/VsTestRunner2/net" className="UnitTests.Data.Repositories.GenericRepositoryTests" name="GenericRepositoryGetsAll" />
    </UnitTest>
    <UnitTest name="UnitTests.Services.ItemServiceTests.UpdateItem_NullDto_Throws" storage="d:\a\mymodule20220313\mymodule20220313\unittests\bin\unittests.dll" id="263c08b1-704a-f3c2-309e-6dee831dbdc9">
      <Execution id="8e500e3d-11ab-4e0c-a7b6-948f24415a35" />
      <TestMethod codeBase="D:\a\MyModule20220313\MyModule20220313\UnitTests\bin\UnitTests.dll" adapterTypeName="executor://xunit/VsTestRunner2/net" className="UnitTests.Services.ItemServiceTests" name="UpdateItem_NullDto_Throws" />
    </UnitTest>
    <UnitTest name="UnitTests.Services.LoggingServiceTests.LoggingService_DefaultConstructorExists" storage="d:\a\mymodule20220313\mymodule20220313\unittests\bin\unittests.dll" id="8ba31d1b-48e3-e04e-cff0-b927c63b4a19">
      <Execution id="2da9f0f9-5f73-4af7-8dfc-0c0a5aecc613" />
      <TestMethod codeBase="D:\a\MyModule20220313\MyModule20220313\UnitTests\bin\UnitTests.dll" adapterTypeName="executor://xunit/VsTestRunner2/net" className="UnitTests.Services.LoggingServiceTests" name="LoggingService_DefaultConstructorExists" />
    </UnitTest>
    <UnitTest name="UnitTests.Data.Repositories.GenericRepositoryTests.GenericRepositoryCreate_ThrowsWithNullEntity" storage="d:\a\mymodule20220313\mymodule20220313\unittests\bin\unittests.dll" id="36689490-09d4-917f-648a-70dcfcfede10">
      <Execution id="14b735f7-5b7d-4c8e-a0d7-0fa8ab43cef9" />
      <TestMethod codeBase="D:\a\MyModule20220313\MyModule20220313\UnitTests\bin\UnitTests.dll" adapterTypeName="executor://xunit/VsTestRunner2/net" className="UnitTests.Data.Repositories.GenericRepositoryTests" name="GenericRepositoryCreate_ThrowsWithNullEntity" />
    </UnitTest>
    <UnitTest name="UnitTests.Controllers.ItemControllerTests.CreateItem_Creates" storage="d:\a\mymodule20220313\mymodule20220313\unittests\bin\unittests.dll" id="588a2c1b-7788-beb2-ade0-06788d455d25">
      <Execution id="e83f4025-e037-433b-ae83-221f6c112bac" />
      <TestMethod codeBase="D:\a\MyModule20220313\MyModule20220313\UnitTests\bin\UnitTests.dll" adapterTypeName="executor://xunit/VsTestRunner2/net" className="UnitTests.Controllers.ItemControllerTests" name="CreateItem_Creates" />
    </UnitTest>
    <UnitTest name="UnitTests.Controllers.ModuleApiControllerTests.CanEdit_Set_Throws" storage="d:\a\mymodule20220313\mymodule20220313\unittests\bin\unittests.dll" id="5f92ec4d-d570-0452-b891-d4cee75db9dd">
      <Execution id="0f1256bc-dcdd-4294-b142-0ade9df188c0" />
      <TestMethod codeBase="D:\a\MyModule20220313\MyModule20220313\UnitTests\bin\UnitTests.dll" adapterTypeName="executor://xunit/VsTestRunner2/net" className="UnitTests.Controllers.ModuleApiControllerTests" name="CanEdit_Set_Throws" />
    </UnitTest>
    <UnitTest name="UnitTests.Data.Repositories.GenericRepositoryTests.Repository_Create_UsesUserId" storage="d:\a\mymodule20220313\mymodule20220313\unittests\bin\unittests.dll" id="e1c7f76f-6195-c844-23c0-304b47fbae66">
      <Execution id="289099cc-f81f-4df2-a198-1f19a8a31c6d" />
      <TestMethod codeBase="D:\a\MyModule20220313\MyModule20220313\UnitTests\bin\UnitTests.dll" adapterTypeName="executor://xunit/VsTestRunner2/net" className="UnitTests.Data.Repositories.GenericRepositoryTests" name="Repository_Create_UsesUserId" />
    </UnitTest>
    <UnitTest name="UnitTests.Controllers.ItemControllerTests.UpdateItem_Updates" storage="d:\a\mymodule20220313\mymodule20220313\unittests\bin\unittests.dll" id="315adde5-f36d-a74f-aa46-fb22a0f78cd9">
      <Execution id="5d60bb83-350d-4eb5-9f45-a845f03ab059" />
      <TestMethod codeBase="D:\a\MyModule20220313\MyModule20220313\UnitTests\bin\UnitTests.dll" adapterTypeName="executor://xunit/VsTestRunner2/net" className="UnitTests.Controllers.ItemControllerTests" name="UpdateItem_Updates" />
    </UnitTest>
    <UnitTest name="UnitTests.Controllers.ModuleExceptionFilterAttributeTests.ArgumentException_BadRequest" storage="d:\a\mymodule20220313\mymodule20220313\unittests\bin\unittests.dll" id="a21637b0-54f8-4fa0-bc3b-95481a9fd90b">
      <Execution id="54ac7b02-e79b-4d54-b85b-2457b1f83082" />
      <TestMethod codeBase="D:\a\MyModule20220313\MyModule20220313\UnitTests\bin\UnitTests.dll" adapterTypeName="executor://xunit/VsTestRunner2/net" className="UnitTests.Controllers.ModuleExceptionFilterAttributeTests" name="ArgumentException_BadRequest" />
    </UnitTest>
    <UnitTest name="UnitTests.Data.Repositories.GenericRepositoryTests.GetPage_Pages(page: 3, pageSize: 20, expectedItems: 10, expectedPages: 3)" storage="d:\a\mymodule20220313\mymodule20220313\unittests\bin\unittests.dll" id="74c28fcf-aa9b-2bab-0ff6-cfa98a0ddf49">
      <Execution id="8c361a68-46e6-4f39-a760-73664f24b502" />
      <TestMethod codeBase="D:\a\MyModule20220313\MyModule20220313\UnitTests\bin\UnitTests.dll" adapterTypeName="executor://xunit/VsTestRunner2/net" className="UnitTests.Data.Repositories.GenericRepositoryTests" name="GetPage_Pages" />
    </UnitTest>
    <UnitTest name="UnitTests.Controllers.ModuleExceptionFilterAttributeTests.NoException_DoesNothing" storage="d:\a\mymodule20220313\mymodule20220313\unittests\bin\unittests.dll" id="113f48ce-a6a3-c5df-7589-ba5a5fcb9c59">
      <Execution id="5740062b-22c1-4983-a996-45573f3074a3" />
      <TestMethod codeBase="D:\a\MyModule20220313\MyModule20220313\UnitTests\bin\UnitTests.dll" adapterTypeName="executor://xunit/VsTestRunner2/net" className="UnitTests.Controllers.ModuleExceptionFilterAttributeTests" name="NoException_DoesNothing" />
    </UnitTest>
    <UnitTest name="UnitTests.Controllers.ItemControllerTests.GetItemsPage_GetsProperPages" storage="d:\a\mymodule20220313\mymodule20220313\unittests\bin\unittests.dll" id="1017c6c1-9dd0-57dc-36e7-bb573d02562e">
      <Execution id="85139a8d-5ea4-4780-9a6a-95dc8a9328a6" />
      <TestMethod codeBase="D:\a\MyModule20220313\MyModule20220313\UnitTests\bin\UnitTests.dll" adapterTypeName="executor://xunit/VsTestRunner2/net" className="UnitTests.Controllers.ItemControllerTests" name="GetItemsPage_GetsProperPages" />
    </UnitTest>
    <UnitTest name="UnitTests.Data.Repositories.GenericRepositoryTests.GenericRepositoryDeletes" storage="d:\a\mymodule20220313\mymodule20220313\unittests\bin\unittests.dll" id="0bc54975-0bff-692e-a9b3-fc69f2c95a39">
      <Execution id="56c34ec3-86fc-440e-81b2-8a54a9f7a674" />
      <TestMethod codeBase="D:\a\MyModule20220313\MyModule20220313\UnitTests\bin\UnitTests.dll" adapterTypeName="executor://xunit/VsTestRunner2/net" className="UnitTests.Data.Repositories.GenericRepositoryTests" name="GenericRepositoryDeletes" />
    </UnitTest>
    <UnitTest name="UnitTests.Controllers.ItemControllerTests.DeleteItem_Deletes(itemId: 10)" storage="d:\a\mymodule20220313\mymodule20220313\unittests\bin\unittests.dll" id="d6094ca1-b65b-5133-f464-9f7d01f0d023">
      <Execution id="186db5c9-7deb-40ea-a942-39448678ade3" />
      <TestMethod codeBase="D:\a\MyModule20220313\MyModule20220313\UnitTests\bin\UnitTests.dll" adapterTypeName="executor://xunit/VsTestRunner2/net" className="UnitTests.Controllers.ItemControllerTests" name="DeleteItem_Deletes" />
    </UnitTest>
    <UnitTest name="UnitTests.Data.Repositories.GenericRepositoryTests.GenericRepositoryUpdates" storage="d:\a\mymodule20220313\mymodule20220313\unittests\bin\unittests.dll" id="70ede014-c412-e387-bb98-e95b3b42090d">
      <Execution id="eb63624b-0536-4ffb-bffd-1a83598cfa7e" />
      <TestMethod codeBase="D:\a\MyModule20220313\MyModule20220313\UnitTests\bin\UnitTests.dll" adapterTypeName="executor://xunit/VsTestRunner2/net" className="UnitTests.Data.Repositories.GenericRepositoryTests" name="GenericRepositoryUpdates" />
    </UnitTest>
    <UnitTest name="UnitTests.Data.Repositories.GenericRepositoryTests.Repository_Update_DefaultAudit" storage="d:\a\mymodule20220313\mymodule20220313\unittests\bin\unittests.dll" id="44b00d3a-bad7-aefd-141c-4a35b11463b2">
      <Execution id="a4eaf5e5-4b27-48dc-af69-e9b8b7b2771d" />
      <TestMethod codeBase="D:\a\MyModule20220313\MyModule20220313\UnitTests\bin\UnitTests.dll" adapterTypeName="executor://xunit/VsTestRunner2/net" className="UnitTests.Data.Repositories.GenericRepositoryTests" name="Repository_Update_DefaultAudit" />
    </UnitTest>
    <UnitTest name="UnitTests.Services.ItemServiceTests.UpdateItem_Updates" storage="d:\a\mymodule20220313\mymodule20220313\unittests\bin\unittests.dll" id="130d9133-361f-a0da-f15e-423eb98947ac">
      <Execution id="ffb6c136-3cac-4630-a28f-b9c60f8ea112" />
      <TestMethod codeBase="D:\a\MyModule20220313\MyModule20220313\UnitTests\bin\UnitTests.dll" adapterTypeName="executor://xunit/VsTestRunner2/net" className="UnitTests.Services.ItemServiceTests" name="UpdateItem_Updates" />
    </UnitTest>
    <UnitTest name="UnitTests.Data.Repositories.GenericRepositoryTests.GenericRepositoryGetsAll(iterations: 2)" storage="d:\a\mymodule20220313\mymodule20220313\unittests\bin\unittests.dll" id="ffe5c770-9b99-42c0-ce21-7e50cccf4385">
      <Execution id="9dbd3716-bb64-46c8-bef6-1e18f2ddb94c" />
      <TestMethod codeBase="D:\a\MyModule20220313\MyModule20220313\UnitTests\bin\UnitTests.dll" adapterTypeName="executor://xunit/VsTestRunner2/net" className="UnitTests.Data.Repositories.GenericRepositoryTests" name="GenericRepositoryGetsAll" />
    </UnitTest>
    <UnitTest name="UnitTests.Data.Repositories.GenericRepositoryTests.GenericRepositoryGetsAll(iterations: 0)" storage="d:\a\mymodule20220313\mymodule20220313\unittests\bin\unittests.dll" id="4fe0dd0f-2fa0-9c42-e816-a6df28150b72">
      <Execution id="a2691c18-7e77-48e3-b771-840ee38223b8" />
      <TestMethod codeBase="D:\a\MyModule20220313\MyModule20220313\UnitTests\bin\UnitTests.dll" adapterTypeName="executor://xunit/VsTestRunner2/net" className="UnitTests.Data.Repositories.GenericRepositoryTests" name="GenericRepositoryGetsAll" />
    </UnitTest>
    <UnitTest name="UnitTests.Data.Repositories.GenericRepositoryTests.GetPage_Pages(page: 1, pageSize: 10, expectedItems: 10, expectedPages: 5)" storage="d:\a\mymodule20220313\mymodule20220313\unittests\bin\unittests.dll" id="c5867bfe-f023-3ae4-485c-eae070f2ace9">
      <Execution id="c179efa9-9754-4b88-b2c6-562eba551572" />
      <TestMethod codeBase="D:\a\MyModule20220313\MyModule20220313\UnitTests\bin\UnitTests.dll" adapterTypeName="executor://xunit/VsTestRunner2/net" className="UnitTests.Data.Repositories.GenericRepositoryTests" name="GetPage_Pages" />
    </UnitTest>
    <UnitTest name="UnitTests.Common.Extensions.IQueryableExtensionsTests.Order_OrdersBothWays(descending: False, expected: [1, 2, 3])" storage="d:\a\mymodule20220313\mymodule20220313\unittests\bin\unittests.dll" id="248341cb-553e-e275-a8eb-499567f40929">
      <Execution id="c02e8201-8e08-47f0-8fd6-934fc46a9a8d" />
      <TestMethod codeBase="D:\a\MyModule20220313\MyModule20220313\UnitTests\bin\UnitTests.dll" adapterTypeName="executor://xunit/VsTestRunner2/net" className="UnitTests.Common.Extensions.IQueryableExtensionsTests" name="Order_OrdersBothWays" />
    </UnitTest>
    <UnitTest name="UnitTests.Data.Repositories.GenericRepositoryTests.GetPage_Pages(page: 0, pageSize: 0, expectedItems: 1, expectedPages: 50)" storage="d:\a\mymodule20220313\mymodule20220313\unittests\bin\unittests.dll" id="3688eeeb-2a1a-6ffa-a193-543baf24437a">
      <Execution id="3b4ebd73-33c8-40c2-acf7-4a3c42dc6019" />
      <TestMethod codeBase="D:\a\MyModule20220313\MyModule20220313\UnitTests\bin\UnitTests.dll" adapterTypeName="executor://xunit/VsTestRunner2/net" className="UnitTests.Data.Repositories.GenericRepositoryTests" name="GetPage_Pages" />
    </UnitTest>
    <UnitTest name="UnitTests.Services.ItemServiceTests.CreateItem_NoItemThrows" storage="d:\a\mymodule20220313\mymodule20220313\unittests\bin\unittests.dll" id="f5652070-1b22-f5a7-3f3f-68b37c9184a8">
      <Execution id="b3b94228-a051-42e2-ad8f-16e27c248310" />
      <TestMethod codeBase="D:\a\MyModule20220313\MyModule20220313\UnitTests\bin\UnitTests.dll" adapterTypeName="executor://xunit/VsTestRunner2/net" className="UnitTests.Services.ItemServiceTests" name="CreateItem_NoItemThrows" />
    </UnitTest>
    <UnitTest name="UnitTests.Data.Entities.ItemTests.ItemPropertiesPersist(id: 1, name: &quot;Name1&quot;, description: &quot;Description1&quot;)" storage="d:\a\mymodule20220313\mymodule20220313\unittests\bin\unittests.dll" id="392ed628-2028-c945-b97e-893658a1e82b">
      <Execution id="b96d3fb9-9dc8-4477-bed8-d2cc0c6331c1" />
      <TestMethod codeBase="D:\a\MyModule20220313\MyModule20220313\UnitTests\bin\UnitTests.dll" adapterTypeName="executor://xunit/VsTestRunner2/net" className="UnitTests.Data.Entities.ItemTests" name="ItemPropertiesPersist" />
    </UnitTest>
  </TestDefinitions>
  <TestEntries>
    <TestEntry testId="320e3c11-11d1-b3ef-0d2e-5e474f674ff1" executionId="fc0dcf8e-ac53-4a4c-8138-79ac12b298e9" testListId="8c84fa94-04c1-424b-9868-57a2d4851a1d" />
    <TestEntry testId="3688eeeb-2a1a-6ffa-a193-543baf24437a" executionId="3b4ebd73-33c8-40c2-acf7-4a3c42dc6019" testListId="8c84fa94-04c1-424b-9868-57a2d4851a1d" />
    <TestEntry testId="96a18501-dea4-70b1-d572-baa1bb120da2" executionId="13075766-bcb3-438e-a09a-5ab5e4d4cdd2" testListId="8c84fa94-04c1-424b-9868-57a2d4851a1d" />
    <TestEntry testId="9168bdef-a759-f4d6-b890-b643e17324cf" executionId="0b122039-059e-4f02-9f71-649c53e7e1ad" testListId="8c84fa94-04c1-424b-9868-57a2d4851a1d" />
    <TestEntry testId="588a2c1b-7788-beb2-ade0-06788d455d25" executionId="e83f4025-e037-433b-ae83-221f6c112bac" testListId="8c84fa94-04c1-424b-9868-57a2d4851a1d" />
    <TestEntry testId="c5867bfe-f023-3ae4-485c-eae070f2ace9" executionId="c179efa9-9754-4b88-b2c6-562eba551572" testListId="8c84fa94-04c1-424b-9868-57a2d4851a1d" />
    <TestEntry testId="d6094ca1-b65b-5133-f464-9f7d01f0d023" executionId="186db5c9-7deb-40ea-a942-39448678ade3" testListId="8c84fa94-04c1-424b-9868-57a2d4851a1d" />
    <TestEntry testId="44b00d3a-bad7-aefd-141c-4a35b11463b2" executionId="a4eaf5e5-4b27-48dc-af69-e9b8b7b2771d" testListId="8c84fa94-04c1-424b-9868-57a2d4851a1d" />
    <TestEntry testId="d1c63cb7-1f9a-a8bf-a217-a4cbb4e5f73b" executionId="e56d06bb-3615-4275-b41d-17a0eb399ad7" testListId="8c84fa94-04c1-424b-9868-57a2d4851a1d" />
    <TestEntry testId="f5652070-1b22-f5a7-3f3f-68b37c9184a8" executionId="b3b94228-a051-42e2-ad8f-16e27c248310" testListId="8c84fa94-04c1-424b-9868-57a2d4851a1d" />
    <TestEntry testId="572fc310-4b67-9555-f147-153d39f2eb82" executionId="ecf3d5cf-5010-4ec7-ab20-2e3289b12abd" testListId="8c84fa94-04c1-424b-9868-57a2d4851a1d" />
    <TestEntry testId="a21637b0-54f8-4fa0-bc3b-95481a9fd90b" executionId="35348787-8fe8-487b-a179-75123ac81d60" testListId="8c84fa94-04c1-424b-9868-57a2d4851a1d" />
    <TestEntry testId="d15ea2a7-9f9f-b92b-50fa-470898da705d" executionId="0db85c29-a9d4-45b9-ba26-6716372c420d" testListId="8c84fa94-04c1-424b-9868-57a2d4851a1d" />
    <TestEntry testId="a21637b0-54f8-4fa0-bc3b-95481a9fd90b" executionId="13439710-2bc0-4de9-8469-88419a67535c" testListId="8c84fa94-04c1-424b-9868-57a2d4851a1d" />
    <TestEntry testId="3cbfa5d3-e0f6-eff8-ed5c-556fa1f3e131" executionId="426b5b10-675d-4d9a-9811-184dbafc4387" testListId="8c84fa94-04c1-424b-9868-57a2d4851a1d" />
    <TestEntry testId="b6579d24-7c4e-c42d-2ead-85e0f30e0a64" executionId="27580f99-20bf-45a6-82b5-2c38f263f044" testListId="8c84fa94-04c1-424b-9868-57a2d4851a1d" />
    <TestEntry testId="478b61ee-7d85-9dbe-985d-08c590f8666a" executionId="8a851838-9e2d-4d05-a282-cb4def76dc9c" testListId="8c84fa94-04c1-424b-9868-57a2d4851a1d" />
    <TestEntry testId="315adde5-f36d-a74f-aa46-fb22a0f78cd9" executionId="5d60bb83-350d-4eb5-9f45-a845f03ab059" testListId="8c84fa94-04c1-424b-9868-57a2d4851a1d" />
    <TestEntry testId="b76e01b1-6afe-f33b-c6a9-ea3347176509" executionId="42c8ab85-78c0-4f36-ba5b-eb41af219cd5" testListId="8c84fa94-04c1-424b-9868-57a2d4851a1d" />
    <TestEntry testId="5f92ec4d-d570-0452-b891-d4cee75db9dd" executionId="0f1256bc-dcdd-4294-b142-0ade9df188c0" testListId="8c84fa94-04c1-424b-9868-57a2d4851a1d" />
    <TestEntry testId="0bc54975-0bff-692e-a9b3-fc69f2c95a39" executionId="56c34ec3-86fc-440e-81b2-8a54a9f7a674" testListId="8c84fa94-04c1-424b-9868-57a2d4851a1d" />
    <TestEntry testId="19b6234c-c2df-2304-54f9-54b0da4cd6ba" executionId="4ef1bbeb-046f-4510-bf4f-9b570e0574c2" testListId="8c84fa94-04c1-424b-9868-57a2d4851a1d" />
    <TestEntry testId="70ede014-c412-e387-bb98-e95b3b42090d" executionId="eb63624b-0536-4ffb-bffd-1a83598cfa7e" testListId="8c84fa94-04c1-424b-9868-57a2d4851a1d" />
    <TestEntry testId="392ed628-2028-c945-b97e-893658a1e82b" executionId="b96d3fb9-9dc8-4477-bed8-d2cc0c6331c1" testListId="8c84fa94-04c1-424b-9868-57a2d4851a1d" />
    <TestEntry testId="24cfa8b0-48c3-8aab-e4c2-88694c220e2c" executionId="532a998a-02d5-481e-acc8-94a52c8c6495" testListId="8c84fa94-04c1-424b-9868-57a2d4851a1d" />
    <TestEntry testId="e6e0a140-85e7-6935-6160-ab95ecfd3c8a" executionId="19150368-15ed-4f20-803b-de301e1b3381" testListId="8c84fa94-04c1-424b-9868-57a2d4851a1d" />
    <TestEntry testId="4fe0dd0f-2fa0-9c42-e816-a6df28150b72" executionId="a2691c18-7e77-48e3-b771-840ee38223b8" testListId="8c84fa94-04c1-424b-9868-57a2d4851a1d" />
    <TestEntry testId="a9198ad3-782e-a37c-0b5f-1330f5318f55" executionId="0b688427-1509-42ec-87a4-791c1a06ccfb" testListId="8c84fa94-04c1-424b-9868-57a2d4851a1d" />
    <TestEntry testId="1017c6c1-9dd0-57dc-36e7-bb573d02562e" executionId="85139a8d-5ea4-4780-9a6a-95dc8a9328a6" testListId="8c84fa94-04c1-424b-9868-57a2d4851a1d" />
    <TestEntry testId="e6610648-e456-1c64-d2b1-7e1242b871a8" executionId="c6cdedfe-2f00-4592-9a4d-ac07e39f6384" testListId="8c84fa94-04c1-424b-9868-57a2d4851a1d" />
    <TestEntry testId="e4f8faa7-d0ad-86e6-1579-7bd52372b4c3" executionId="2cbb99c4-5ec5-4315-a258-f249d68ad77a" testListId="8c84fa94-04c1-424b-9868-57a2d4851a1d" />
    <TestEntry testId="d6cab32e-cf28-1ba8-73a6-76c46cb62c4a" executionId="b06ab1fc-ffb3-4179-8246-1ec9cbfa152e" testListId="8c84fa94-04c1-424b-9868-57a2d4851a1d" />
    <TestEntry testId="36689490-09d4-917f-648a-70dcfcfede10" executionId="14b735f7-5b7d-4c8e-a0d7-0fa8ab43cef9" testListId="8c84fa94-04c1-424b-9868-57a2d4851a1d" />
    <TestEntry testId="e1c7f76f-6195-c844-23c0-304b47fbae66" executionId="289099cc-f81f-4df2-a198-1f19a8a31c6d" testListId="8c84fa94-04c1-424b-9868-57a2d4851a1d" />
    <TestEntry testId="263c08b1-704a-f3c2-309e-6dee831dbdc9" executionId="8e500e3d-11ab-4e0c-a7b6-948f24415a35" testListId="8c84fa94-04c1-424b-9868-57a2d4851a1d" />
    <TestEntry testId="1a74e347-4470-5271-97ab-1ebaf8693270" executionId="fd1dc3d6-49b6-4dcb-b08c-24de2b1c11a8" testListId="8c84fa94-04c1-424b-9868-57a2d4851a1d" />
    <TestEntry testId="248341cb-553e-e275-a8eb-499567f40929" executionId="c02e8201-8e08-47f0-8fd6-934fc46a9a8d" testListId="8c84fa94-04c1-424b-9868-57a2d4851a1d" />
    <TestEntry testId="0247c7e7-7d1c-099b-2ac8-81a47ff2509a" executionId="cdfe9df5-226b-4168-8721-4fb7f9198c20" testListId="8c84fa94-04c1-424b-9868-57a2d4851a1d" />
    <TestEntry testId="986d7e6e-d04d-b204-b01c-fbb8f09c7774" executionId="67a7e2a9-5251-48af-9a83-dcdff3eaccc6" testListId="8c84fa94-04c1-424b-9868-57a2d4851a1d" />
    <TestEntry testId="0ebf358f-9eac-9438-b418-9c6aa81a6377" executionId="2a64497e-49dc-40b8-a107-d89cc303e26d" testListId="8c84fa94-04c1-424b-9868-57a2d4851a1d" />
    <TestEntry testId="ad3412e8-5f64-2020-a5b6-bd4cca8c3b7d" executionId="464668cf-dd04-4cbf-98c7-24924bca377c" testListId="8c84fa94-04c1-424b-9868-57a2d4851a1d" />
    <TestEntry testId="168fc980-36e3-101b-62b1-f5ab71e9fc0d" executionId="f310faae-cb84-4c0b-b86c-72491c56e31a" testListId="8c84fa94-04c1-424b-9868-57a2d4851a1d" />
    <TestEntry testId="d16880d7-fb44-f209-43d9-ba2e0e1875de" executionId="406dda8e-43e0-4820-8c06-deb3d3be5e58" testListId="8c84fa94-04c1-424b-9868-57a2d4851a1d" />
    <TestEntry testId="ae39aa62-5ff2-56e7-d00e-ef116d711d51" executionId="8b85f748-1a35-44a3-9777-19608a77d568" testListId="8c84fa94-04c1-424b-9868-57a2d4851a1d" />
    <TestEntry testId="99806ad3-88f0-7495-8b3e-3799a4bbb6aa" executionId="3fc863a0-c791-4a83-8086-3323413e20c9" testListId="8c84fa94-04c1-424b-9868-57a2d4851a1d" />
    <TestEntry testId="bae3532a-4a9e-c4ab-fc66-4dfa22d16170" executionId="cb252708-592a-4558-a9c7-9906555749d3" testListId="8c84fa94-04c1-424b-9868-57a2d4851a1d" />
    <TestEntry testId="ac2a99ba-3563-74a9-7d4c-8e91a58cd097" executionId="4d3b7326-6036-4828-a98c-87e5e9e95b84" testListId="8c84fa94-04c1-424b-9868-57a2d4851a1d" />
    <TestEntry testId="92b7b9f6-1294-7ea1-ffa3-91fba85074d4" executionId="0cef805b-f6a0-4bfe-bc40-f0a70a2704c7" testListId="8c84fa94-04c1-424b-9868-57a2d4851a1d" />
    <TestEntry testId="ffe5c770-9b99-42c0-ce21-7e50cccf4385" executionId="9dbd3716-bb64-46c8-bef6-1e18f2ddb94c" testListId="8c84fa94-04c1-424b-9868-57a2d4851a1d" />
    <TestEntry testId="aec60494-3c2e-8ec9-f948-da5bb2043983" executionId="8f15873c-28a8-4974-988f-5dc2a29607c8" testListId="8c84fa94-04c1-424b-9868-57a2d4851a1d" />
    <TestEntry testId="a21637b0-54f8-4fa0-bc3b-95481a9fd90b" executionId="54ac7b02-e79b-4d54-b85b-2457b1f83082" testListId="8c84fa94-04c1-424b-9868-57a2d4851a1d" />
    <TestEntry testId="1c164fbc-1ab1-9884-ccb8-9e84f4c977d0" executionId="3baef431-d4fb-42fa-ae21-73ae467b58cd" testListId="8c84fa94-04c1-424b-9868-57a2d4851a1d" />
    <TestEntry testId="f754f777-4449-23e8-f4ec-917f49117de2" executionId="4d7e2cb4-d0c9-4cda-86cb-d4cc9c468740" testListId="8c84fa94-04c1-424b-9868-57a2d4851a1d" />
    <TestEntry testId="a21637b0-54f8-4fa0-bc3b-95481a9fd90b" executionId="1539b616-5d61-4c9f-901a-4493ae4777a5" testListId="8c84fa94-04c1-424b-9868-57a2d4851a1d" />
    <TestEntry testId="e55f1742-c16d-5086-2251-ad3372dd48f5" executionId="e306083e-1f13-4d7d-a407-3b6001ab9685" testListId="8c84fa94-04c1-424b-9868-57a2d4851a1d" />
    <TestEntry testId="8ba31d1b-48e3-e04e-cff0-b927c63b4a19" executionId="2da9f0f9-5f73-4af7-8dfc-0c0a5aecc613" testListId="8c84fa94-04c1-424b-9868-57a2d4851a1d" />
    <TestEntry testId="74c28fcf-aa9b-2bab-0ff6-cfa98a0ddf49" executionId="8c361a68-46e6-4f39-a760-73664f24b502" testListId="8c84fa94-04c1-424b-9868-57a2d4851a1d" />
    <TestEntry testId="130d9133-361f-a0da-f15e-423eb98947ac" executionId="ffb6c136-3cac-4630-a28f-b9c60f8ea112" testListId="8c84fa94-04c1-424b-9868-57a2d4851a1d" />
    <TestEntry testId="113f48ce-a6a3-c5df-7589-ba5a5fcb9c59" executionId="5740062b-22c1-4983-a996-45573f3074a3" testListId="8c84fa94-04c1-424b-9868-57a2d4851a1d" />
    <TestEntry testId="a21637b0-54f8-4fa0-bc3b-95481a9fd90b" executionId="a91b0d5a-db41-492a-b8cd-9b94c2a23fa2" testListId="8c84fa94-04c1-424b-9868-57a2d4851a1d" />
    <TestEntry testId="ac1c50bc-98fd-036f-fe0f-d46cb187f90e" executionId="ec2f3cda-84d4-462c-914f-7eeacc5970df" testListId="8c84fa94-04c1-424b-9868-57a2d4851a1d" />
    <TestEntry testId="61a8ccc9-c5b1-047b-3c97-f777ccc7d30b" executionId="8a93f7ee-282f-4d3b-abbe-0b581537295c" testListId="8c84fa94-04c1-424b-9868-57a2d4851a1d" />
    <TestEntry testId="a21637b0-54f8-4fa0-bc3b-95481a9fd90b" executionId="f765518a-220a-4fe7-ad71-a33d8cc6fbc4" testListId="8c84fa94-04c1-424b-9868-57a2d4851a1d" />
  </TestEntries>
  <TestLists>
    <TestList name="Results Not in a List" id="8c84fa94-04c1-424b-9868-57a2d4851a1d" />
    <TestList name="All Loaded Results" id="19431567-8539-422a-85d7-44ee4e166bda" />
  </TestLists>
  <ResultSummary outcome="Completed">
    <Counters total="63" executed="63" passed="63" failed="0" error="0" timeout="0" aborted="0" inconclusive="0" passedButRunAborted="0" notRunnable="0" notExecuted="0" disconnected="0" warning="0" completed="0" inProgress="0" pending="0" />
    <Output>
      <StdOut>[xUnit.net 00:00:00.00] xUnit.net VSTest Adapter v2.4.3+1b45f5407b (32-bit Desktop .NET 4.0.30319.42000)&#xD;
[xUnit.net 00:00:01.08]   Discovering: UnitTests&#xD;
[xUnit.net 00:00:01.29]   Discovered:  UnitTests&#xD;
[xUnit.net 00:00:01.29]   Starting:    UnitTests&#xD;
[xUnit.net 00:00:07.27]   Finished:    UnitTests&#xD;
</StdOut>
    </Output>
  </ResultSummary>
</TestRun>