<?xml version="1.0" encoding="utf-8"?>
<TestRun id="06ee6e77-b774-4821-9a50-21da7e0b4331" name="runneradmin@fv-az449-811 2022-03-13 20:45:35" runUser="fv-az449-811\runneradmin" xmlns="http://microsoft.com/schemas/VisualStudio/TeamTest/2010">
  <Times creation="2022-03-13T20:45:35.6062458+00:00" queuing="2022-03-13T20:45:35.6062459+00:00" start="2022-03-13T20:45:32.2459935+00:00" finish="2022-03-13T20:45:39.9228039+00:00" />
  <TestSettings name="default" id="364b2dc5-b37c-4adf-ba68-486270e17534">
    <Deployment runDeploymentRoot="runneradmin_fv-az449-811_2022-03-13_20_45_35" />
  </TestSettings>
  <Results>
    <UnitTestResult executionId="11b621fc-1b56-4eea-bd2c-741d009a407f" testId="9168bdef-a759-f4d6-b890-b643e17324cf" testName="UnitTests.Services.LoggingServiceTests.LogginService_TestableConstructorLogsErrorWithException" computerName="fv-az449-811" duration="00:00:00.0060000" startTime="2022-03-13T20:45:35.7930541+00:00" endTime="2022-03-13T20:45:35.7930541+00:00" testType="13cdc9d9-ddb5-4fa4-a97d-d965ccfc6d4b" outcome="Passed" testListId="8c84fa94-04c1-424b-9868-57a2d4851a1d" relativeResultsDirectory="11b621fc-1b56-4eea-bd2c-741d009a407f" />
    <UnitTestResult executionId="507be861-5513-4c88-9d63-e8186a0b85ac" testId="99806ad3-88f0-7495-8b3e-3799a4bbb6aa" testName="UnitTests.Services.ItemServiceTests.GetItemsPage_GetsPages(descending: False)" computerName="fv-az449-811" duration="00:00:00.0070000" startTime="2022-03-13T20:45:35.9800504+00:00" endTime="2022-03-13T20:45:35.9800504+00:00" testType="13cdc9d9-ddb5-4fa4-a97d-d965ccfc6d4b" outcome="Passed" testListId="8c84fa94-04c1-424b-9868-57a2d4851a1d" relativeResultsDirectory="507be861-5513-4c88-9d63-e8186a0b85ac" />
    <UnitTestResult executionId="9414430d-fc58-4842-be6e-25274c90a0a9" testId="4fe0dd0f-2fa0-9c42-e816-a6df28150b72" testName="UnitTests.Data.Repositories.GenericRepositoryTests.GenericRepositoryGetsAll(iterations: 0)" computerName="fv-az449-811" duration="00:00:00.0070000" startTime="2022-03-13T20:45:38.1861626+00:00" endTime="2022-03-13T20:45:38.1861626+00:00" testType="13cdc9d9-ddb5-4fa4-a97d-d965ccfc6d4b" outcome="Passed" testListId="8c84fa94-04c1-424b-9868-57a2d4851a1d" relativeResultsDirectory="9414430d-fc58-4842-be6e-25274c90a0a9" />
    <UnitTestResult executionId="af48be26-082b-4fc8-8ec6-04e1feca4aa9" testId="3cbfa5d3-e0f6-eff8-ed5c-556fa1f3e131" testName="UnitTests.Services.ItemServiceTests.UpdateItem_NoName_Throws(name: &quot;&quot;)" computerName="fv-az449-811" duration="00:00:00.0010000" startTime="2022-03-13T20:45:35.9780513+00:00" endTime="2022-03-13T20:45:35.9780513+00:00" testType="13cdc9d9-ddb5-4fa4-a97d-d965ccfc6d4b" outcome="Passed" testListId="8c84fa94-04c1-424b-9868-57a2d4851a1d" relativeResultsDirectory="af48be26-082b-4fc8-8ec6-04e1feca4aa9" />
    <UnitTestResult executionId="29c0fcd8-5523-4720-93c1-9564c9c85211" testId="aec60494-3c2e-8ec9-f948-da5bb2043983" testName="UnitTests.Controllers.ItemControllerTests.UserCanEdit_ReturnsBool(canEdit: True)" computerName="fv-az449-811" duration="00:00:00.0010000" startTime="2022-03-13T20:45:35.9030571+00:00" endTime="2022-03-13T20:45:35.9030571+00:00" testType="13cdc9d9-ddb5-4fa4-a97d-d965ccfc6d4b" outcome="Passed" testListId="8c84fa94-04c1-424b-9868-57a2d4851a1d" relativeResultsDirectory="29c0fcd8-5523-4720-93c1-9564c9c85211" />
    <UnitTestResult executionId="40c31e68-85ca-4d35-80da-34ab01b3eeca" testId="ae39aa62-5ff2-56e7-d00e-ef116d711d51" testName="UnitTests.Data.Repositories.GenericRepositoryTests.Repository_Create_DefaultAudit" computerName="fv-az449-811" duration="00:00:00.0070000" startTime="2022-03-13T20:45:39.7673823+00:00" endTime="2022-03-13T20:45:39.7673823+00:00" testType="13cdc9d9-ddb5-4fa4-a97d-d965ccfc6d4b" outcome="Passed" testListId="8c84fa94-04c1-424b-9868-57a2d4851a1d" relativeResultsDirectory="40c31e68-85ca-4d35-80da-34ab01b3eeca" />
    <UnitTestResult executionId="79b0757b-8385-4b22-9db1-f36d49631bf1" testId="24cfa8b0-48c3-8aab-e4c2-88694c220e2c" testName="UnitTests.Data.Repositories.GenericRepositoryTests.GenericRepositoryUpdate_ThrowsWithNullEntity" computerName="fv-az449-811" duration="00:00:00.0010000" startTime="2022-03-13T20:45:39.7613851+00:00" endTime="2022-03-13T20:45:39.7613851+00:00" testType="13cdc9d9-ddb5-4fa4-a97d-d965ccfc6d4b" outcome="Passed" testListId="8c84fa94-04c1-424b-9868-57a2d4851a1d" relativeResultsDirectory="79b0757b-8385-4b22-9db1-f36d49631bf1" />
    <UnitTestResult executionId="c04e19db-156f-4089-8fc7-d48cf3cf0694" testId="70ede014-c412-e387-bb98-e95b3b42090d" testName="UnitTests.Data.Repositories.GenericRepositoryTests.GenericRepositoryUpdates" computerName="fv-az449-811" duration="00:00:00.0460000" startTime="2022-03-13T20:45:38.1621325+00:00" endTime="2022-03-13T20:45:38.1621325+00:00" testType="13cdc9d9-ddb5-4fa4-a97d-d965ccfc6d4b" outcome="Passed" testListId="8c84fa94-04c1-424b-9868-57a2d4851a1d" relativeResultsDirectory="c04e19db-156f-4089-8fc7-d48cf3cf0694" />
    <UnitTestResult executionId="fe7a17f3-a19f-47a7-ac0f-c0f98b7db497" testId="f5652070-1b22-f5a7-3f3f-68b37c9184a8" testName="UnitTests.Services.ItemServiceTests.CreateItem_NoItemThrows" computerName="fv-az449-811" duration="00:00:00.0010000" startTime="2022-03-13T20:45:36.0090500+00:00" endTime="2022-03-13T20:45:36.0090500+00:00" testType="13cdc9d9-ddb5-4fa4-a97d-d965ccfc6d4b" outcome="Passed" testListId="8c84fa94-04c1-424b-9868-57a2d4851a1d" relativeResultsDirectory="fe7a17f3-a19f-47a7-ac0f-c0f98b7db497" />
    <UnitTestResult executionId="7f185627-55aa-42cd-8f7e-fdf7014f95e8" testId="ffe5c770-9b99-42c0-ce21-7e50cccf4385" testName="UnitTests.Data.Repositories.GenericRepositoryTests.GenericRepositoryGetsAll(iterations: 2)" computerName="fv-az449-811" duration="00:00:00.0100000" startTime="2022-03-13T20:45:38.1731325+00:00" endTime="2022-03-13T20:45:38.1731325+00:00" testType="13cdc9d9-ddb5-4fa4-a97d-d965ccfc6d4b" outcome="Passed" testListId="8c84fa94-04c1-424b-9868-57a2d4851a1d" relativeResultsDirectory="7f185627-55aa-42cd-8f7e-fdf7014f95e8" />
    <UnitTestResult executionId="3d9c876d-ae84-4638-aac4-56b3ab6625aa" testId="a21637b0-54f8-4fa0-bc3b-95481a9fd90b" testName="UnitTests.Controllers.ModuleExceptionFilterAttributeTests.ArgumentException_BadRequest(exception: System.ArgumentOutOfRangeException: Specified argument was out of the range of valid values.&#xD;&#xA;Parameter name: Out of range, expectedStatusCode: BadRequest)" computerName="fv-az449-811" duration="00:00:00.0010000" startTime="2022-03-13T20:45:35.8640531+00:00" endTime="2022-03-13T20:45:35.8640531+00:00" testType="13cdc9d9-ddb5-4fa4-a97d-d965ccfc6d4b" outcome="Passed" testListId="8c84fa94-04c1-424b-9868-57a2d4851a1d" relativeResultsDirectory="3d9c876d-ae84-4638-aac4-56b3ab6625aa" />
    <UnitTestResult executionId="3a5c8e97-12f5-4695-8950-eaa1873c14b5" testId="315adde5-f36d-a74f-aa46-fb22a0f78cd9" testName="UnitTests.Controllers.ItemControllerTests.UpdateItem_Updates" computerName="fv-az449-811" duration="00:00:00.0070000" startTime="2022-03-13T20:45:35.9370700+00:00" endTime="2022-03-13T20:45:35.9370700+00:00" testType="13cdc9d9-ddb5-4fa4-a97d-d965ccfc6d4b" outcome="Passed" testListId="8c84fa94-04c1-424b-9868-57a2d4851a1d" relativeResultsDirectory="3a5c8e97-12f5-4695-8950-eaa1873c14b5" />
    <UnitTestResult executionId="732cce4b-6f7d-4d2d-92b9-c3530f2952c4" testId="a21637b0-54f8-4fa0-bc3b-95481a9fd90b" testName="UnitTests.Controllers.ModuleExceptionFilterAttributeTests.ArgumentException_BadRequest(exception: System.ArgumentNullException: Value cannot be null.&#xD;&#xA;Parameter name: Null, expectedStatusCode: BadRequest)" computerName="fv-az449-811" duration="00:00:00.0030000" startTime="2022-03-13T20:45:35.8630534+00:00" endTime="2022-03-13T20:45:35.8630534+00:00" testType="13cdc9d9-ddb5-4fa4-a97d-d965ccfc6d4b" outcome="Passed" testListId="8c84fa94-04c1-424b-9868-57a2d4851a1d" relativeResultsDirectory="732cce4b-6f7d-4d2d-92b9-c3530f2952c4" />
    <UnitTestResult executionId="2751242a-8893-4594-9dc5-982d654cc0f7" testId="a21637b0-54f8-4fa0-bc3b-95481a9fd90b" testName="UnitTests.Controllers.ModuleExceptionFilterAttributeTests.ArgumentException_BadRequest(exception: System.TimeoutException: Timed out, expectedStatusCode: RequestTimeout)" computerName="fv-az449-811" duration="00:00:00.0010000" startTime="2022-03-13T20:45:35.8680527+00:00" endTime="2022-03-13T20:45:35.8680527+00:00" testType="13cdc9d9-ddb5-4fa4-a97d-d965ccfc6d4b" outcome="Passed" testListId="8c84fa94-04c1-424b-9868-57a2d4851a1d" relativeResultsDirectory="2751242a-8893-4594-9dc5-982d654cc0f7" />
    <UnitTestResult executionId="8a63d001-1708-4aa5-972a-2b72c7773a7f" testId="b6579d24-7c4e-c42d-2ead-85e0f30e0a64" testName="UnitTests.Common.Extensions.IQueryableExtensionsTests.Order_OrdersBothWays(descending: True, expected: [3, 2, 1])" computerName="fv-az449-811" duration="00:00:00.1340000" startTime="2022-03-13T20:45:34.5333336+00:00" endTime="2022-03-13T20:45:34.5333336+00:00" testType="13cdc9d9-ddb5-4fa4-a97d-d965ccfc6d4b" outcome="Passed" testListId="8c84fa94-04c1-424b-9868-57a2d4851a1d" relativeResultsDirectory="8a63d001-1708-4aa5-972a-2b72c7773a7f" />
    <UnitTestResult executionId="59049b0c-438d-4982-a41a-08bc24b886a6" testId="96a18501-dea4-70b1-d572-baa1bb120da2" testName="UnitTests.Data.Entities.ItemTests.ItemPropertiesPersist(id: 2, name: &quot;Name2&quot;, description: &quot;Description2&quot;)" computerName="fv-az449-811" duration="00:00:00.0010000" startTime="2022-03-13T20:45:35.4310596+00:00" endTime="2022-03-13T20:45:35.4310596+00:00" testType="13cdc9d9-ddb5-4fa4-a97d-d965ccfc6d4b" outcome="Passed" testListId="8c84fa94-04c1-424b-9868-57a2d4851a1d" relativeResultsDirectory="59049b0c-438d-4982-a41a-08bc24b886a6" />
    <UnitTestResult executionId="57b43c23-a4cf-4e8c-8f75-f497e121bed9" testId="61a8ccc9-c5b1-047b-3c97-f777ccc7d30b" testName="UnitTests.Controllers.ValidateModelAttributeTests.OnActionExecuting_Invalid_Works" computerName="fv-az449-811" duration="00:00:00.8140000" startTime="2022-03-13T20:45:35.4140607+00:00" endTime="2022-03-13T20:45:35.4140607+00:00" testType="13cdc9d9-ddb5-4fa4-a97d-d965ccfc6d4b" outcome="Passed" testListId="8c84fa94-04c1-424b-9868-57a2d4851a1d" relativeResultsDirectory="57b43c23-a4cf-4e8c-8f75-f497e121bed9" />
    <UnitTestResult executionId="eb20fd01-774a-4ed1-be27-01de6eced0b0" testId="d6094ca1-b65b-5133-f464-9f7d01f0d023" testName="UnitTests.Controllers.ItemControllerTests.DeleteItem_Deletes(itemId: 10)" computerName="fv-az449-811" duration="00:00:00.0030000" startTime="2022-03-13T20:45:35.9410515+00:00" endTime="2022-03-13T20:45:35.9410515+00:00" testType="13cdc9d9-ddb5-4fa4-a97d-d965ccfc6d4b" outcome="Passed" testListId="8c84fa94-04c1-424b-9868-57a2d4851a1d" relativeResultsDirectory="eb20fd01-774a-4ed1-be27-01de6eced0b0" />
    <UnitTestResult executionId="aa513c7e-ff28-4bc6-a1de-b7d00acc15c4" testId="0ebf358f-9eac-9438-b418-9c6aa81a6377" testName="UnitTests.Data.Repositories.GenericRepositoryTests.Repository_Update_UsesuserId" computerName="fv-az449-811" duration="00:00:00.0270000" startTime="2022-03-13T20:45:38.1163196+00:00" endTime="2022-03-13T20:45:38.1163196+00:00" testType="13cdc9d9-ddb5-4fa4-a97d-d965ccfc6d4b" outcome="Passed" testListId="8c84fa94-04c1-424b-9868-57a2d4851a1d" relativeResultsDirectory="aa513c7e-ff28-4bc6-a1de-b7d00acc15c4" />
    <UnitTestResult executionId="f79d77c2-a48f-460d-ad5c-0902f65d438b" testId="ac2a99ba-3563-74a9-7d4c-8e91a58cd097" testName="UnitTests.Data.ModuleDbContextTests.DefaultConstructorThrows" computerName="fv-az449-811" duration="00:00:00.0060000" startTime="2022-03-13T20:45:35.4420590+00:00" endTime="2022-03-13T20:45:35.4420590+00:00" testType="13cdc9d9-ddb5-4fa4-a97d-d965ccfc6d4b" outcome="Passed" testListId="8c84fa94-04c1-424b-9868-57a2d4851a1d" relativeResultsDirectory="f79d77c2-a48f-460d-ad5c-0902f65d438b" />
    <UnitTestResult executionId="cb69917b-c54d-4054-bf3d-40de87dcec1d" testId="478b61ee-7d85-9dbe-985d-08c590f8666a" testName="UnitTests.Controllers.ItemControllerTests.DeleteItem_Deletes(itemId: 1)" computerName="fv-az449-811" duration="00:00:00.0010000" startTime="2022-03-13T20:45:35.9420517+00:00" endTime="2022-03-13T20:45:35.9420517+00:00" testType="13cdc9d9-ddb5-4fa4-a97d-d965ccfc6d4b" outcome="Passed" testListId="8c84fa94-04c1-424b-9868-57a2d4851a1d" relativeResultsDirectory="cb69917b-c54d-4054-bf3d-40de87dcec1d" />
    <UnitTestResult executionId="69999568-f522-4d8a-93b6-22d9144639a7" testId="8ba31d1b-48e3-e04e-cff0-b927c63b4a19" testName="UnitTests.Services.LoggingServiceTests.LoggingService_DefaultConstructorExists" computerName="fv-az449-811" duration="00:00:00.1190000" startTime="2022-03-13T20:45:35.5610591+00:00" endTime="2022-03-13T20:45:35.5610591+00:00" testType="13cdc9d9-ddb5-4fa4-a97d-d965ccfc6d4b" outcome="Passed" testListId="8c84fa94-04c1-424b-9868-57a2d4851a1d" relativeResultsDirectory="69999568-f522-4d8a-93b6-22d9144639a7" />
    <UnitTestResult executionId="3fed84e3-f396-4cba-b9b7-f4113549ba30" testId="168fc980-36e3-101b-62b1-f5ab71e9fc0d" testName="UnitTests.Controllers.LocalizationControllerTests.GetLocalization_CallsLocalizationService" computerName="fv-az449-811" duration="00:00:00.0080000" startTime="2022-03-13T20:45:35.9500514+00:00" endTime="2022-03-13T20:45:35.9500514+00:00" testType="13cdc9d9-ddb5-4fa4-a97d-d965ccfc6d4b" outcome="Passed" testListId="8c84fa94-04c1-424b-9868-57a2d4851a1d" relativeResultsDirectory="3fed84e3-f396-4cba-b9b7-f4113549ba30" />
    <UnitTestResult executionId="269fabd0-0d65-4348-9128-41624608c50e" testId="1a74e347-4470-5271-97ab-1ebaf8693270" testName="UnitTests.Controllers.ModuleExceptionFilterAttributeTests.SystemException_DoesNotExposeDetails" computerName="fv-az449-811" duration="00:00:00.0230000" startTime="2022-03-13T20:45:35.8870529+00:00" endTime="2022-03-13T20:45:35.8870529+00:00" testType="13cdc9d9-ddb5-4fa4-a97d-d965ccfc6d4b" outcome="Passed" testListId="8c84fa94-04c1-424b-9868-57a2d4851a1d" relativeResultsDirectory="269fabd0-0d65-4348-9128-41624608c50e" />
    <UnitTestResult executionId="60cb821e-c7ac-493f-aa1c-ffdb201cf54a" testId="b76e01b1-6afe-f33b-c6a9-ea3347176509" testName="UnitTests.Services.ItemServiceTests.UpdateItem_NoName_Throws(name: null)" computerName="fv-az449-811" duration="00:00:00.0010000" startTime="2022-03-13T20:45:35.9720515+00:00" endTime="2022-03-13T20:45:35.9720515+00:00" testType="13cdc9d9-ddb5-4fa4-a97d-d965ccfc6d4b" outcome="Passed" testListId="8c84fa94-04c1-424b-9868-57a2d4851a1d" relativeResultsDirectory="60cb821e-c7ac-493f-aa1c-ffdb201cf54a" />
    <UnitTestResult executionId="2703c5a2-a029-4902-b863-1b41661e1355" testId="986d7e6e-d04d-b204-b01c-fbb8f09c7774" testName="UnitTests.Controllers.ServiceRouteMapperTests.RegisterRoutes_RegistersAtLestOneRoute" computerName="fv-az449-811" duration="00:00:00.0510000" startTime="2022-03-13T20:45:35.8450535+00:00" endTime="2022-03-13T20:45:35.8450535+00:00" testType="13cdc9d9-ddb5-4fa4-a97d-d965ccfc6d4b" outcome="Passed" testListId="8c84fa94-04c1-424b-9868-57a2d4851a1d" relativeResultsDirectory="2703c5a2-a029-4902-b863-1b41661e1355" />
    <UnitTestResult executionId="2f14093e-1544-4e69-8537-66469cde0fc7" testId="3688eeeb-2a1a-6ffa-a193-543baf24437a" testName="UnitTests.Data.Repositories.GenericRepositoryTests.GetPage_Pages(page: 0, pageSize: 0, expectedItems: 1, expectedPages: 50)" computerName="fv-az449-811" duration="00:00:00.1010000" startTime="2022-03-13T20:45:38.3229442+00:00" endTime="2022-03-13T20:45:38.3229442+00:00" testType="13cdc9d9-ddb5-4fa4-a97d-d965ccfc6d4b" outcome="Passed" testListId="8c84fa94-04c1-424b-9868-57a2d4851a1d" relativeResultsDirectory="2f14093e-1544-4e69-8537-66469cde0fc7" />
    <UnitTestResult executionId="02086696-fbeb-416c-a80d-df1d5363cdfd" testId="19b6234c-c2df-2304-54f9-54b0da4cd6ba" testName="UnitTests.Services.ItemServiceTests.CreateItem_NoNameThrows" computerName="fv-az449-811" duration="00:00:00.0020000" startTime="2022-03-13T20:45:35.9700513+00:00" endTime="2022-03-13T20:45:35.9700513+00:00" testType="13cdc9d9-ddb5-4fa4-a97d-d965ccfc6d4b" outcome="Passed" testListId="8c84fa94-04c1-424b-9868-57a2d4851a1d" relativeResultsDirectory="02086696-fbeb-416c-a80d-df1d5363cdfd" />
    <UnitTestResult executionId="4a3d5c65-5fd4-4b7a-9aa2-07b12def068a" testId="ad3412e8-5f64-2020-a5b6-bd4cca8c3b7d" testName="UnitTests.Data.Repositories.GenericRepositoryTests.GenericRepositoryGet" computerName="fv-az449-811" duration="00:00:00.1240000" startTime="2022-03-13T20:45:38.0893215+00:00" endTime="2022-03-13T20:45:38.0893215+00:00" testType="13cdc9d9-ddb5-4fa4-a97d-d965ccfc6d4b" outcome="Passed" testListId="8c84fa94-04c1-424b-9868-57a2d4851a1d" relativeResultsDirectory="4a3d5c65-5fd4-4b7a-9aa2-07b12def068a" />
    <UnitTestResult executionId="71767835-4cb7-4b81-b466-0a7f4957f5cb" testId="130d9133-361f-a0da-f15e-423eb98947ac" testName="UnitTests.Services.ItemServiceTests.UpdateItem_Updates" computerName="fv-az449-811" duration="00:00:00.0280000" startTime="2022-03-13T20:45:36.0070506+00:00" endTime="2022-03-13T20:45:36.0070506+00:00" testType="13cdc9d9-ddb5-4fa4-a97d-d965ccfc6d4b" outcome="Passed" testListId="8c84fa94-04c1-424b-9868-57a2d4851a1d" relativeResultsDirectory="71767835-4cb7-4b81-b466-0a7f4957f5cb" />
    <UnitTestResult executionId="27b11bc2-a60c-4856-9774-96f0058fc052" testId="a21637b0-54f8-4fa0-bc3b-95481a9fd90b" testName="UnitTests.Controllers.ModuleExceptionFilterAttributeTests.ArgumentException_BadRequest(exception: System.UnauthorizedAccessException: Unauthorized, expectedStatusCode: Unauthorized)" computerName="fv-az449-811" duration="00:00:00.0010000" startTime="2022-03-13T20:45:35.8690525+00:00" endTime="2022-03-13T20:45:35.8690525+00:00" testType="13cdc9d9-ddb5-4fa4-a97d-d965ccfc6d4b" outcome="Passed" testListId="8c84fa94-04c1-424b-9868-57a2d4851a1d" relativeResultsDirectory="27b11bc2-a60c-4856-9774-96f0058fc052" />
    <UnitTestResult executionId="5d4dd04d-7f06-47bb-a8a2-4031b66d9a21" testId="572fc310-4b67-9555-f147-153d39f2eb82" testName="UnitTests.Data.Entities.ItemTests.ItemConstructsProperly" computerName="fv-az449-811" duration="00:00:00.0010000" startTime="2022-03-13T20:45:35.4330604+00:00" endTime="2022-03-13T20:45:35.4330604+00:00" testType="13cdc9d9-ddb5-4fa4-a97d-d965ccfc6d4b" outcome="Passed" testListId="8c84fa94-04c1-424b-9868-57a2d4851a1d" relativeResultsDirectory="5d4dd04d-7f06-47bb-a8a2-4031b66d9a21" />
    <UnitTestResult executionId="b65df6c6-c569-4b34-8deb-d8c04cb4a44f" testId="ac1c50bc-98fd-036f-fe0f-d46cb187f90e" testName="UnitTests.Services.LoggingServiceTests.LogginService_TestableConstructorLogsError" computerName="fv-az449-811" duration="00:00:00.2260000" startTime="2022-03-13T20:45:35.7870544+00:00" endTime="2022-03-13T20:45:35.7870544+00:00" testType="13cdc9d9-ddb5-4fa4-a97d-d965ccfc6d4b" outcome="Passed" testListId="8c84fa94-04c1-424b-9868-57a2d4851a1d" relativeResultsDirectory="b65df6c6-c569-4b34-8deb-d8c04cb4a44f" />
    <UnitTestResult executionId="f61eb50e-356a-4b3f-88b6-81dc382474df" testId="74c28fcf-aa9b-2bab-0ff6-cfa98a0ddf49" testName="UnitTests.Data.Repositories.GenericRepositoryTests.GetPage_Pages(page: 3, pageSize: 20, expectedItems: 10, expectedPages: 3)" computerName="fv-az449-811" duration="00:00:00.0370000" startTime="2022-03-13T20:45:38.3596338+00:00" endTime="2022-03-13T20:45:38.3596338+00:00" testType="13cdc9d9-ddb5-4fa4-a97d-d965ccfc6d4b" outcome="Passed" testListId="8c84fa94-04c1-424b-9868-57a2d4851a1d" relativeResultsDirectory="f61eb50e-356a-4b3f-88b6-81dc382474df" />
    <UnitTestResult executionId="4d734b03-3c08-4bfa-83dd-2a4b6b0dd129" testId="588a2c1b-7788-beb2-ade0-06788d455d25" testName="UnitTests.Controllers.ItemControllerTests.CreateItem_Creates" computerName="fv-az449-811" duration="00:00:00.0190000" startTime="2022-03-13T20:45:35.9210519+00:00" endTime="2022-03-13T20:45:35.9210519+00:00" testType="13cdc9d9-ddb5-4fa4-a97d-d965ccfc6d4b" outcome="Passed" testListId="8c84fa94-04c1-424b-9868-57a2d4851a1d" relativeResultsDirectory="4d734b03-3c08-4bfa-83dd-2a4b6b0dd129" />
    <UnitTestResult executionId="fc74e9ac-69cf-47f7-92e4-2e77d461079f" testId="1c164fbc-1ab1-9884-ccb8-9e84f4c977d0" testName="UnitTests.Services.ItemServiceTests.UpdateItem_NoName_Throws(name: &quot; &quot;)" computerName="fv-az449-811" duration="00:00:00.0010000" startTime="2022-03-13T20:45:35.9730509+00:00" endTime="2022-03-13T20:45:35.9730509+00:00" testType="13cdc9d9-ddb5-4fa4-a97d-d965ccfc6d4b" outcome="Passed" testListId="8c84fa94-04c1-424b-9868-57a2d4851a1d" relativeResultsDirectory="fc74e9ac-69cf-47f7-92e4-2e77d461079f" />
    <UnitTestResult executionId="55827f86-a69d-4f27-8f23-3f96570b191e" testId="d15ea2a7-9f9f-b92b-50fa-470898da705d" testName="UnitTests.Data.Repositories.GenericRepositoryTests.GenericRepositoryGetsAll(iterations: 3)" computerName="fv-az449-811" duration="00:00:00.0180000" startTime="2022-03-13T20:45:38.1981311+00:00" endTime="2022-03-13T20:45:38.1981311+00:00" testType="13cdc9d9-ddb5-4fa4-a97d-d965ccfc6d4b" outcome="Passed" testListId="8c84fa94-04c1-424b-9868-57a2d4851a1d" relativeResultsDirectory="55827f86-a69d-4f27-8f23-3f96570b191e" />
    <UnitTestResult executionId="05cdd4bc-d13d-416c-bab3-4abdd2467d78" testId="d1c63cb7-1f9a-a8bf-a217-a4cbb4e5f73b" testName="UnitTests.Common.GlobalsTests.ModulePrefixIsValid" computerName="fv-az449-811" duration="00:00:00.0010000" startTime="2022-03-13T20:45:35.8470535+00:00" endTime="2022-03-13T20:45:35.8470535+00:00" testType="13cdc9d9-ddb5-4fa4-a97d-d965ccfc6d4b" outcome="Passed" testListId="8c84fa94-04c1-424b-9868-57a2d4851a1d" relativeResultsDirectory="05cdd4bc-d13d-416c-bab3-4abdd2467d78" />
    <UnitTestResult executionId="910a0545-c83e-4322-bed9-c35e7284cb72" testId="e6e0a140-85e7-6935-6160-ab95ecfd3c8a" testName="UnitTests.Data.Repositories.GenericRepositoryTests.GenericRepositoryCreatesAndGetsById" computerName="fv-az449-811" duration="00:00:00.0430000" startTime="2022-03-13T20:45:39.8113850+00:00" endTime="2022-03-13T20:45:39.8113850+00:00" testType="13cdc9d9-ddb5-4fa4-a97d-d965ccfc6d4b" outcome="Passed" testListId="8c84fa94-04c1-424b-9868-57a2d4851a1d" relativeResultsDirectory="910a0545-c83e-4322-bed9-c35e7284cb72" />
    <UnitTestResult executionId="65b530a5-fa17-4c26-9331-916381c0459c" testId="e4f8faa7-d0ad-86e6-1579-7bd52372b4c3" testName="UnitTests.Data.Repositories.GenericRepositoryTests.GenericRepositoryConstructs" computerName="fv-az449-811" duration="00:00:00.0010000" startTime="2022-03-13T20:45:38.2221318+00:00" endTime="2022-03-13T20:45:38.2221318+00:00" testType="13cdc9d9-ddb5-4fa4-a97d-d965ccfc6d4b" outcome="Passed" testListId="8c84fa94-04c1-424b-9868-57a2d4851a1d" relativeResultsDirectory="65b530a5-fa17-4c26-9331-916381c0459c" />
    <UnitTestResult executionId="dbf4d56a-c9c6-48db-b200-31e89f5c245c" testId="0247c7e7-7d1c-099b-2ac8-81a47ff2509a" testName="UnitTests.Controllers.ItemControllerTests.UserCanEdit_ReturnsBool(canEdit: False)" computerName="fv-az449-811" duration="00:00:00.0140000" startTime="2022-03-13T20:45:35.9010599+00:00" endTime="2022-03-13T20:45:35.9010599+00:00" testType="13cdc9d9-ddb5-4fa4-a97d-d965ccfc6d4b" outcome="Passed" testListId="8c84fa94-04c1-424b-9868-57a2d4851a1d" relativeResultsDirectory="dbf4d56a-c9c6-48db-b200-31e89f5c245c" />
    <UnitTestResult executionId="3f2eda69-197b-4205-bc21-3e559f6e1cad" testId="1017c6c1-9dd0-57dc-36e7-bb573d02562e" testName="UnitTests.Controllers.ItemControllerTests.GetItemsPage_GetsProperPages" computerName="fv-az449-811" duration="00:00:00.0090000" startTime="2022-03-13T20:45:35.9300560+00:00" endTime="2022-03-13T20:45:35.9300560+00:00" testType="13cdc9d9-ddb5-4fa4-a97d-d965ccfc6d4b" outcome="Passed" testListId="8c84fa94-04c1-424b-9868-57a2d4851a1d" relativeResultsDirectory="3f2eda69-197b-4205-bc21-3e559f6e1cad" />
    <UnitTestResult executionId="69db2148-dc8a-4664-813d-ec94cac39fe5" testId="d6cab32e-cf28-1ba8-73a6-76c46cb62c4a" testName="UnitTests.Data.Repositories.GenericRepositoryTests.Pages_With_Related_Entities" computerName="fv-az449-811" duration="00:00:01.2310000" startTime="2022-03-13T20:45:39.6285021+00:00" endTime="2022-03-13T20:45:39.6285021+00:00" testType="13cdc9d9-ddb5-4fa4-a97d-d965ccfc6d4b" outcome="Passed" testListId="8c84fa94-04c1-424b-9868-57a2d4851a1d" relativeResultsDirectory="69db2148-dc8a-4664-813d-ec94cac39fe5" />
    <UnitTestResult executionId="a458de4b-b69c-4f3c-abec-3fc36e18b929" testId="248341cb-553e-e275-a8eb-499567f40929" testName="UnitTests.Common.Extensions.IQueryableExtensionsTests.Order_OrdersBothWays(descending: False, expected: [1, 2, 3])" computerName="fv-az449-811" duration="00:00:00.0020000" startTime="2022-03-13T20:45:34.5423337+00:00" endTime="2022-03-13T20:45:34.5423337+00:00" testType="13cdc9d9-ddb5-4fa4-a97d-d965ccfc6d4b" outcome="Passed" testListId="8c84fa94-04c1-424b-9868-57a2d4851a1d" relativeResultsDirectory="a458de4b-b69c-4f3c-abec-3fc36e18b929" />
    <UnitTestResult executionId="eb46dbc8-a100-470d-9efb-ef830db8c758" testId="44b00d3a-bad7-aefd-141c-4a35b11463b2" testName="UnitTests.Data.Repositories.GenericRepositoryTests.Repository_Update_DefaultAudit" computerName="fv-az449-811" duration="00:00:00.1300000" startTime="2022-03-13T20:45:39.7593851+00:00" endTime="2022-03-13T20:45:39.7593851+00:00" testType="13cdc9d9-ddb5-4fa4-a97d-d965ccfc6d4b" outcome="Passed" testListId="8c84fa94-04c1-424b-9868-57a2d4851a1d" relativeResultsDirectory="eb46dbc8-a100-470d-9efb-ef830db8c758" />
    <UnitTestResult executionId="f35a666b-7ef0-4001-876c-4bc4e5c06250" testId="113f48ce-a6a3-c5df-7589-ba5a5fcb9c59" testName="UnitTests.Controllers.ModuleExceptionFilterAttributeTests.NoException_DoesNothing" computerName="fv-az449-811" duration="00:00:00.0010000" startTime="2022-03-13T20:45:35.8700528+00:00" endTime="2022-03-13T20:45:35.8700528+00:00" testType="13cdc9d9-ddb5-4fa4-a97d-d965ccfc6d4b" outcome="Passed" testListId="8c84fa94-04c1-424b-9868-57a2d4851a1d" relativeResultsDirectory="f35a666b-7ef0-4001-876c-4bc4e5c06250" />
    <UnitTestResult executionId="e659bef5-c2fb-4032-a1f7-a33cadbb9fa2" testId="5f92ec4d-d570-0452-b891-d4cee75db9dd" testName="UnitTests.Controllers.ModuleApiControllerTests.CanEdit_Set_Throws" computerName="fv-az449-811" duration="00:00:00.0020000" startTime="2022-03-13T20:45:35.8500542+00:00" endTime="2022-03-13T20:45:35.8500542+00:00" testType="13cdc9d9-ddb5-4fa4-a97d-d965ccfc6d4b" outcome="Passed" testListId="8c84fa94-04c1-424b-9868-57a2d4851a1d" relativeResultsDirectory="e659bef5-c2fb-4032-a1f7-a33cadbb9fa2" />
    <UnitTestResult executionId="3f6bb6d1-7d63-49ba-9351-fd4f9a4fd676" testId="f754f777-4449-23e8-f4ec-917f49117de2" testName="UnitTests.Data.Repositories.GenericRepositoryTests.Repository_DeleteMissing_DoesNotThrow" computerName="fv-az449-811" duration="00:00:00.0120000" startTime="2022-03-13T20:45:38.2201287+00:00" endTime="2022-03-13T20:45:38.2201287+00:00" testType="13cdc9d9-ddb5-4fa4-a97d-d965ccfc6d4b" outcome="Passed" testListId="8c84fa94-04c1-424b-9868-57a2d4851a1d" relativeResultsDirectory="3f6bb6d1-7d63-49ba-9351-fd4f9a4fd676" />
    <UnitTestResult executionId="0bcbcda2-473a-4103-b26e-6af6c8fe49d6" testId="c5867bfe-f023-3ae4-485c-eae070f2ace9" testName="UnitTests.Data.Repositories.GenericRepositoryTests.GetPage_Pages(page: 1, pageSize: 10, expectedItems: 10, expectedPages: 5)" computerName="fv-az449-811" duration="00:00:00.0380000" startTime="2022-03-13T20:45:38.3973983+00:00" endTime="2022-03-13T20:45:38.3973983+00:00" testType="13cdc9d9-ddb5-4fa4-a97d-d965ccfc6d4b" outcome="Passed" testListId="8c84fa94-04c1-424b-9868-57a2d4851a1d" relativeResultsDirectory="0bcbcda2-473a-4103-b26e-6af6c8fe49d6" />
    <UnitTestResult executionId="fa2355ec-8121-42fc-89e0-4f23c5031bf2" testId="320e3c11-11d1-b3ef-0d2e-5e474f674ff1" testName="UnitTests.Controllers.ModuleApiControllerTests.CanEdit_DefaultsToFalse" computerName="fv-az449-811" duration="00:00:00.0020000" startTime="2022-03-13T20:45:35.8530531+00:00" endTime="2022-03-13T20:45:35.8530531+00:00" testType="13cdc9d9-ddb5-4fa4-a97d-d965ccfc6d4b" outcome="Passed" testListId="8c84fa94-04c1-424b-9868-57a2d4851a1d" relativeResultsDirectory="fa2355ec-8121-42fc-89e0-4f23c5031bf2" />
    <UnitTestResult executionId="694dec58-ae57-4356-a1f7-3ead5bccf26e" testId="392ed628-2028-c945-b97e-893658a1e82b" testName="UnitTests.Data.Entities.ItemTests.ItemPropertiesPersist(id: 1, name: &quot;Name1&quot;, description: &quot;Description1&quot;)" computerName="fv-az449-811" duration="00:00:00.0040000" startTime="2022-03-13T20:45:35.4300592+00:00" endTime="2022-03-13T20:45:35.4300592+00:00" testType="13cdc9d9-ddb5-4fa4-a97d-d965ccfc6d4b" outcome="Passed" testListId="8c84fa94-04c1-424b-9868-57a2d4851a1d" relativeResultsDirectory="694dec58-ae57-4356-a1f7-3ead5bccf26e" />
    <UnitTestResult executionId="ccfd4085-5a33-4a13-a99a-21c04411f7b5" testId="a21637b0-54f8-4fa0-bc3b-95481a9fd90b" testName="UnitTests.Controllers.ModuleExceptionFilterAttributeTests.ArgumentException_BadRequest(exception: System.ArgumentException: Argument, expectedStatusCode: BadRequest)" computerName="fv-az449-811" duration="00:00:00.0010000" startTime="2022-03-13T20:45:35.8650527+00:00" endTime="2022-03-13T20:45:35.8650527+00:00" testType="13cdc9d9-ddb5-4fa4-a97d-d965ccfc6d4b" outcome="Passed" testListId="8c84fa94-04c1-424b-9868-57a2d4851a1d" relativeResultsDirectory="ccfd4085-5a33-4a13-a99a-21c04411f7b5" />
    <UnitTestResult executionId="88f7c9e7-b2f9-4e94-a609-009c669bfc9a" testId="92b7b9f6-1294-7ea1-ffa3-91fba85074d4" testName="UnitTests.Services.ItemServiceTests.UpdateItem_NoName_Throws(name: &quot;  &quot;)" computerName="fv-az449-811" duration="00:00:00.0010000" startTime="2022-03-13T20:45:35.9750505+00:00" endTime="2022-03-13T20:45:35.9750505+00:00" testType="13cdc9d9-ddb5-4fa4-a97d-d965ccfc6d4b" outcome="Passed" testListId="8c84fa94-04c1-424b-9868-57a2d4851a1d" relativeResultsDirectory="88f7c9e7-b2f9-4e94-a609-009c669bfc9a" />
    <UnitTestResult executionId="4c78b7fb-60d2-417c-b296-4c4488f9db76" testId="d16880d7-fb44-f209-43d9-ba2e0e1875de" testName="UnitTests.Data.Repositories.GenericRepositoryTests.GenericRepositoryGetsAll(iterations: 1)" computerName="fv-az449-811" duration="00:00:00.0100000" startTime="2022-03-13T20:45:38.2081314+00:00" endTime="2022-03-13T20:45:38.2081314+00:00" testType="13cdc9d9-ddb5-4fa4-a97d-d965ccfc6d4b" outcome="Passed" testListId="8c84fa94-04c1-424b-9868-57a2d4851a1d" relativeResultsDirectory="4c78b7fb-60d2-417c-b296-4c4488f9db76" />
    <UnitTestResult executionId="39ffa053-22af-4c73-a886-68b04e87364b" testId="e1c7f76f-6195-c844-23c0-304b47fbae66" testName="UnitTests.Data.Repositories.GenericRepositoryTests.Repository_Create_UsesUserId" computerName="fv-az449-811" duration="00:00:00.0090000" startTime="2022-03-13T20:45:37.9653229+00:00" endTime="2022-03-13T20:45:37.9653229+00:00" testType="13cdc9d9-ddb5-4fa4-a97d-d965ccfc6d4b" outcome="Passed" testListId="8c84fa94-04c1-424b-9868-57a2d4851a1d" relativeResultsDirectory="39ffa053-22af-4c73-a886-68b04e87364b" />
    <UnitTestResult executionId="e6a1ad4d-05ac-48c0-ac5d-65c5e7d7b8e8" testId="a9198ad3-782e-a37c-0b5f-1330f5318f55" testName="UnitTests.Services.ItemServiceTests.CreateItem_Creates" computerName="fv-az449-811" duration="00:00:00.0090000" startTime="2022-03-13T20:45:36.0180513+00:00" endTime="2022-03-13T20:45:36.0180513+00:00" testType="13cdc9d9-ddb5-4fa4-a97d-d965ccfc6d4b" outcome="Passed" testListId="8c84fa94-04c1-424b-9868-57a2d4851a1d" relativeResultsDirectory="e6a1ad4d-05ac-48c0-ac5d-65c5e7d7b8e8" />
    <UnitTestResult executionId="148f9862-05e3-453a-9453-39334ea7d2c9" testId="36689490-09d4-917f-648a-70dcfcfede10" testName="UnitTests.Data.Repositories.GenericRepositoryTests.GenericRepositoryCreate_ThrowsWithNullEntity" computerName="fv-az449-811" duration="00:00:00.0010000" startTime="2022-03-13T20:45:38.0913212+00:00" endTime="2022-03-13T20:45:38.0913212+00:00" testType="13cdc9d9-ddb5-4fa4-a97d-d965ccfc6d4b" outcome="Passed" testListId="8c84fa94-04c1-424b-9868-57a2d4851a1d" relativeResultsDirectory="148f9862-05e3-453a-9453-39334ea7d2c9" />
    <UnitTestResult executionId="2e1dbb45-ce0d-4b76-aedc-f394f1bdf968" testId="0bc54975-0bff-692e-a9b3-fc69f2c95a39" testName="UnitTests.Data.Repositories.GenericRepositoryTests.GenericRepositoryDeletes" computerName="fv-az449-811" duration="00:00:03.5520000" startTime="2022-03-13T20:45:37.9563230+00:00" endTime="2022-03-13T20:45:37.9563230+00:00" testType="13cdc9d9-ddb5-4fa4-a97d-d965ccfc6d4b" outcome="Passed" testListId="8c84fa94-04c1-424b-9868-57a2d4851a1d" relativeResultsDirectory="2e1dbb45-ce0d-4b76-aedc-f394f1bdf968" />
    <UnitTestResult executionId="0f693e82-1c32-466e-8264-7ff16e77909d" testId="bae3532a-4a9e-c4ab-fc66-4dfa22d16170" testName="UnitTests.Controllers.ModuleApiControllerTests.HasUserInfo" computerName="fv-az449-811" duration="00:00:00.0010000" startTime="2022-03-13T20:45:35.8510542+00:00" endTime="2022-03-13T20:45:35.8510542+00:00" testType="13cdc9d9-ddb5-4fa4-a97d-d965ccfc6d4b" outcome="Passed" testListId="8c84fa94-04c1-424b-9868-57a2d4851a1d" relativeResultsDirectory="0f693e82-1c32-466e-8264-7ff16e77909d" />
    <UnitTestResult executionId="a485288f-0f06-45ce-91ce-35fb270c919f" testId="263c08b1-704a-f3c2-309e-6dee831dbdc9" testName="UnitTests.Services.ItemServiceTests.UpdateItem_NullDto_Throws" computerName="fv-az449-811" duration="00:00:00.0190000" startTime="2022-03-13T20:45:35.9690516+00:00" endTime="2022-03-13T20:45:35.9690516+00:00" testType="13cdc9d9-ddb5-4fa4-a97d-d965ccfc6d4b" outcome="Passed" testListId="8c84fa94-04c1-424b-9868-57a2d4851a1d" relativeResultsDirectory="a485288f-0f06-45ce-91ce-35fb270c919f" />
    <UnitTestResult executionId="bfd63fd7-89f7-4c94-9c47-ab30eb29e419" testId="a21637b0-54f8-4fa0-bc3b-95481a9fd90b" testName="UnitTests.Controllers.ModuleExceptionFilterAttributeTests.ArgumentException_BadRequest(exception: System.NotImplementedException: Not Implemented, expectedStatusCode: NotImplemented)" computerName="fv-az449-811" duration="00:00:00.0010000" startTime="2022-03-13T20:45:35.8670526+00:00" endTime="2022-03-13T20:45:35.8670526+00:00" testType="13cdc9d9-ddb5-4fa4-a97d-d965ccfc6d4b" outcome="Passed" testListId="8c84fa94-04c1-424b-9868-57a2d4851a1d" relativeResultsDirectory="bfd63fd7-89f7-4c94-9c47-ab30eb29e419" />
    <UnitTestResult executionId="bfe6a941-9baa-4bd4-832d-092055e6197d" testId="e55f1742-c16d-5086-2251-ad3372dd48f5" testName="UnitTests.Controllers.ValidateModelAttributeTests.OnActionExecuting_Valid_Works" computerName="fv-az449-811" duration="00:00:00.0590000" startTime="2022-03-13T20:45:34.5993321+00:00" endTime="2022-03-13T20:45:34.5993321+00:00" testType="13cdc9d9-ddb5-4fa4-a97d-d965ccfc6d4b" outcome="Passed" testListId="8c84fa94-04c1-424b-9868-57a2d4851a1d" relativeResultsDirectory="bfe6a941-9baa-4bd4-832d-092055e6197d" />
    <UnitTestResult executionId="1e828135-8992-4abc-877f-7ca9f9ae4be6" testId="e6610648-e456-1c64-d2b1-7e1242b871a8" testName="UnitTests.Services.ItemServiceTests.DeleteItem_Deletes" computerName="fv-az449-811" duration="00:00:00.0020000" startTime="2022-03-13T20:45:36.0100601+00:00" endTime="2022-03-13T20:45:36.0100601+00:00" testType="13cdc9d9-ddb5-4fa4-a97d-d965ccfc6d4b" outcome="Passed" testListId="8c84fa94-04c1-424b-9868-57a2d4851a1d" relativeResultsDirectory="1e828135-8992-4abc-877f-7ca9f9ae4be6" />
  </Results>
  <TestDefinitions>
    <UnitTest name="UnitTests.Controllers.ItemControllerTests.DeleteItem_Deletes(itemId: 1)" storage="d:\a\mymodule20220313\mymodule20220313\unittests\bin\unittests.dll" id="478b61ee-7d85-9dbe-985d-08c590f8666a">
      <Execution id="cb69917b-c54d-4054-bf3d-40de87dcec1d" />
      <TestMethod codeBase="D:\a\MyModule20220313\MyModule20220313\UnitTests\bin\UnitTests.dll" adapterTypeName="executor://xunit/VsTestRunner2/net" className="UnitTests.Controllers.ItemControllerTests" name="DeleteItem_Deletes" />
    </UnitTest>
    <UnitTest name="UnitTests.Common.Extensions.IQueryableExtensionsTests.Order_OrdersBothWays(descending: True, expected: [3, 2, 1])" storage="d:\a\mymodule20220313\mymodule20220313\unittests\bin\unittests.dll" id="b6579d24-7c4e-c42d-2ead-85e0f30e0a64">
      <Execution id="8a63d001-1708-4aa5-972a-2b72c7773a7f" />
      <TestMethod codeBase="D:\a\MyModule20220313\MyModule20220313\UnitTests\bin\UnitTests.dll" adapterTypeName="executor://xunit/VsTestRunner2/net" className="UnitTests.Common.Extensions.IQueryableExtensionsTests" name="Order_OrdersBothWays" />
    </UnitTest>
    <UnitTest name="UnitTests.Controllers.ItemControllerTests.UserCanEdit_ReturnsBool(canEdit: False)" storage="d:\a\mymodule20220313\mymodule20220313\unittests\bin\unittests.dll" id="0247c7e7-7d1c-099b-2ac8-81a47ff2509a">
      <Execution id="dbf4d56a-c9c6-48db-b200-31e89f5c245c" />
      <TestMethod codeBase="D:\a\MyModule20220313\MyModule20220313\UnitTests\bin\UnitTests.dll" adapterTypeName="executor://xunit/VsTestRunner2/net" className="UnitTests.Controllers.ItemControllerTests" name="UserCanEdit_ReturnsBool" />
    </UnitTest>
    <UnitTest name="UnitTests.Controllers.LocalizationControllerTests.GetLocalization_CallsLocalizationService" storage="d:\a\mymodule20220313\mymodule20220313\unittests\bin\unittests.dll" id="168fc980-36e3-101b-62b1-f5ab71e9fc0d">
      <Execution id="3fed84e3-f396-4cba-b9b7-f4113549ba30" />
      <TestMethod codeBase="D:\a\MyModule20220313\MyModule20220313\UnitTests\bin\UnitTests.dll" adapterTypeName="executor://xunit/VsTestRunner2/net" className="UnitTests.Controllers.LocalizationControllerTests" name="GetLocalization_CallsLocalizationService" />
    </UnitTest>
    <UnitTest name="UnitTests.Data.ModuleDbContextTests.DefaultConstructorThrows" storage="d:\a\mymodule20220313\mymodule20220313\unittests\bin\unittests.dll" id="ac2a99ba-3563-74a9-7d4c-8e91a58cd097">
      <Execution id="f79d77c2-a48f-460d-ad5c-0902f65d438b" />
      <TestMethod codeBase="D:\a\MyModule20220313\MyModule20220313\UnitTests\bin\UnitTests.dll" adapterTypeName="executor://xunit/VsTestRunner2/net" className="UnitTests.Data.ModuleDbContextTests" name="DefaultConstructorThrows" />
    </UnitTest>
    <UnitTest name="UnitTests.Controllers.ModuleApiControllerTests.CanEdit_DefaultsToFalse" storage="d:\a\mymodule20220313\mymodule20220313\unittests\bin\unittests.dll" id="320e3c11-11d1-b3ef-0d2e-5e474f674ff1">
      <Execution id="fa2355ec-8121-42fc-89e0-4f23c5031bf2" />
      <TestMethod codeBase="D:\a\MyModule20220313\MyModule20220313\UnitTests\bin\UnitTests.dll" adapterTypeName="executor://xunit/VsTestRunner2/net" className="UnitTests.Controllers.ModuleApiControllerTests" name="CanEdit_DefaultsToFalse" />
    </UnitTest>
    <UnitTest name="UnitTests.Data.Repositories.GenericRepositoryTests.GenericRepositoryCreatesAndGetsById" storage="d:\a\mymodule20220313\mymodule20220313\unittests\bin\unittests.dll" id="e6e0a140-85e7-6935-6160-ab95ecfd3c8a">
      <Execution id="910a0545-c83e-4322-bed9-c35e7284cb72" />
      <TestMethod codeBase="D:\a\MyModule20220313\MyModule20220313\UnitTests\bin\UnitTests.dll" adapterTypeName="executor://xunit/VsTestRunner2/net" className="UnitTests.Data.Repositories.GenericRepositoryTests" name="GenericRepositoryCreatesAndGetsById" />
    </UnitTest>
    <UnitTest name="UnitTests.Services.ItemServiceTests.UpdateItem_NoName_Throws(name: &quot; &quot;)" storage="d:\a\mymodule20220313\mymodule20220313\unittests\bin\unittests.dll" id="1c164fbc-1ab1-9884-ccb8-9e84f4c977d0">
      <Execution id="fc74e9ac-69cf-47f7-92e4-2e77d461079f" />
      <TestMethod codeBase="D:\a\MyModule20220313\MyModule20220313\UnitTests\bin\UnitTests.dll" adapterTypeName="executor://xunit/VsTestRunner2/net" className="UnitTests.Services.ItemServiceTests" name="UpdateItem_NoName_Throws" />
    </UnitTest>
    <UnitTest name="UnitTests.Services.ItemServiceTests.GetItemsPage_GetsPages(descending: False)" storage="d:\a\mymodule20220313\mymodule20220313\unittests\bin\unittests.dll" id="99806ad3-88f0-7495-8b3e-3799a4bbb6aa">
      <Execution id="507be861-5513-4c88-9d63-e8186a0b85ac" />
      <TestMethod codeBase="D:\a\MyModule20220313\MyModule20220313\UnitTests\bin\UnitTests.dll" adapterTypeName="executor://xunit/VsTestRunner2/net" className="UnitTests.Services.ItemServiceTests" name="GetItemsPage_GetsPages" />
    </UnitTest>
    <UnitTest name="UnitTests.Data.Repositories.GenericRepositoryTests.Repository_Update_UsesuserId" storage="d:\a\mymodule20220313\mymodule20220313\unittests\bin\unittests.dll" id="0ebf358f-9eac-9438-b418-9c6aa81a6377">
      <Execution id="aa513c7e-ff28-4bc6-a1de-b7d00acc15c4" />
      <TestMethod codeBase="D:\a\MyModule20220313\MyModule20220313\UnitTests\bin\UnitTests.dll" adapterTypeName="executor://xunit/VsTestRunner2/net" className="UnitTests.Data.Repositories.GenericRepositoryTests" name="Repository_Update_UsesuserId" />
    </UnitTest>
    <UnitTest name="UnitTests.Services.ItemServiceTests.CreateItem_Creates" storage="d:\a\mymodule20220313\mymodule20220313\unittests\bin\unittests.dll" id="a9198ad3-782e-a37c-0b5f-1330f5318f55">
      <Execution id="e6a1ad4d-05ac-48c0-ac5d-65c5e7d7b8e8" />
      <TestMethod codeBase="D:\a\MyModule20220313\MyModule20220313\UnitTests\bin\UnitTests.dll" adapterTypeName="executor://xunit/VsTestRunner2/net" className="UnitTests.Services.ItemServiceTests" name="CreateItem_Creates" />
    </UnitTest>
    <UnitTest name="UnitTests.Controllers.ValidateModelAttributeTests.OnActionExecuting_Invalid_Works" storage="d:\a\mymodule20220313\mymodule20220313\unittests\bin\unittests.dll" id="61a8ccc9-c5b1-047b-3c97-f777ccc7d30b">
      <Execution id="57b43c23-a4cf-4e8c-8f75-f497e121bed9" />
      <TestMethod codeBase="D:\a\MyModule20220313\MyModule20220313\UnitTests\bin\UnitTests.dll" adapterTypeName="executor://xunit/VsTestRunner2/net" className="UnitTests.Controllers.ValidateModelAttributeTests" name="OnActionExecuting_Invalid_Works" />
    </UnitTest>
    <UnitTest name="UnitTests.Data.Repositories.GenericRepositoryTests.GenericRepositoryGet" storage="d:\a\mymodule20220313\mymodule20220313\unittests\bin\unittests.dll" id="ad3412e8-5f64-2020-a5b6-bd4cca8c3b7d">
      <Execution id="4a3d5c65-5fd4-4b7a-9aa2-07b12def068a" />
      <TestMethod codeBase="D:\a\MyModule20220313\MyModule20220313\UnitTests\bin\UnitTests.dll" adapterTypeName="executor://xunit/VsTestRunner2/net" className="UnitTests.Data.Repositories.GenericRepositoryTests" name="GenericRepositoryGet" />
    </UnitTest>
    <UnitTest name="UnitTests.Data.Repositories.GenericRepositoryTests.GenericRepositoryUpdate_ThrowsWithNullEntity" storage="d:\a\mymodule20220313\mymodule20220313\unittests\bin\unittests.dll" id="24cfa8b0-48c3-8aab-e4c2-88694c220e2c">
      <Execution id="79b0757b-8385-4b22-9db1-f36d49631bf1" />
      <TestMethod codeBase="D:\a\MyModule20220313\MyModule20220313\UnitTests\bin\UnitTests.dll" adapterTypeName="executor://xunit/VsTestRunner2/net" className="UnitTests.Data.Repositories.GenericRepositoryTests" name="GenericRepositoryUpdate_ThrowsWithNullEntity" />
    </UnitTest>
    <UnitTest name="UnitTests.Data.Repositories.GenericRepositoryTests.Pages_With_Related_Entities" storage="d:\a\mymodule20220313\mymodule20220313\unittests\bin\unittests.dll" id="d6cab32e-cf28-1ba8-73a6-76c46cb62c4a">
      <Execution id="69db2148-dc8a-4664-813d-ec94cac39fe5" />
      <TestMethod codeBase="D:\a\MyModule20220313\MyModule20220313\UnitTests\bin\UnitTests.dll" adapterTypeName="executor://xunit/VsTestRunner2/net" className="UnitTests.Data.Repositories.GenericRepositoryTests" name="Pages_With_Related_Entities" />
    </UnitTest>
    <UnitTest name="UnitTests.Services.LoggingServiceTests.LogginService_TestableConstructorLogsError" storage="d:\a\mymodule20220313\mymodule20220313\unittests\bin\unittests.dll" id="ac1c50bc-98fd-036f-fe0f-d46cb187f90e">
      <Execution id="b65df6c6-c569-4b34-8deb-d8c04cb4a44f" />
      <TestMethod codeBase="D:\a\MyModule20220313\MyModule20220313\UnitTests\bin\UnitTests.dll" adapterTypeName="executor://xunit/VsTestRunner2/net" className="UnitTests.Services.LoggingServiceTests" name="LogginService_TestableConstructorLogsError" />
    </UnitTest>
    <UnitTest name="UnitTests.Data.Repositories.GenericRepositoryTests.GenericRepositoryGetsAll(iterations: 3)" storage="d:\a\mymodule20220313\mymodule20220313\unittests\bin\unittests.dll" id="d15ea2a7-9f9f-b92b-50fa-470898da705d">
      <Execution id="55827f86-a69d-4f27-8f23-3f96570b191e" />
      <TestMethod codeBase="D:\a\MyModule20220313\MyModule20220313\UnitTests\bin\UnitTests.dll" adapterTypeName="executor://xunit/VsTestRunner2/net" className="UnitTests.Data.Repositories.GenericRepositoryTests" name="GenericRepositoryGetsAll" />
    </UnitTest>
    <UnitTest name="UnitTests.Common.GlobalsTests.ModulePrefixIsValid" storage="d:\a\mymodule20220313\mymodule20220313\unittests\bin\unittests.dll" id="d1c63cb7-1f9a-a8bf-a217-a4cbb4e5f73b">
      <Execution id="05cdd4bc-d13d-416c-bab3-4abdd2467d78" />
      <TestMethod codeBase="D:\a\MyModule20220313\MyModule20220313\UnitTests\bin\UnitTests.dll" adapterTypeName="executor://xunit/VsTestRunner2/net" className="UnitTests.Common.GlobalsTests" name="ModulePrefixIsValid" />
    </UnitTest>
    <UnitTest name="UnitTests.Data.Entities.ItemTests.ItemPropertiesPersist(id: 2, name: &quot;Name2&quot;, description: &quot;Description2&quot;)" storage="d:\a\mymodule20220313\mymodule20220313\unittests\bin\unittests.dll" id="96a18501-dea4-70b1-d572-baa1bb120da2">
      <Execution id="59049b0c-438d-4982-a41a-08bc24b886a6" />
      <TestMethod codeBase="D:\a\MyModule20220313\MyModule20220313\UnitTests\bin\UnitTests.dll" adapterTypeName="executor://xunit/VsTestRunner2/net" className="UnitTests.Data.Entities.ItemTests" name="ItemPropertiesPersist" />
    </UnitTest>
    <UnitTest name="UnitTests.Controllers.ServiceRouteMapperTests.RegisterRoutes_RegistersAtLestOneRoute" storage="d:\a\mymodule20220313\mymodule20220313\unittests\bin\unittests.dll" id="986d7e6e-d04d-b204-b01c-fbb8f09c7774">
      <Execution id="2703c5a2-a029-4902-b863-1b41661e1355" />
      <TestMethod codeBase="D:\a\MyModule20220313\MyModule20220313\UnitTests\bin\UnitTests.dll" adapterTypeName="executor://xunit/VsTestRunner2/net" className="UnitTests.Controllers.ServiceRouteMapperTests" name="RegisterRoutes_RegistersAtLestOneRoute" />
    </UnitTest>
    <UnitTest name="UnitTests.Controllers.ModuleExceptionFilterAttributeTests.SystemException_DoesNotExposeDetails" storage="d:\a\mymodule20220313\mymodule20220313\unittests\bin\unittests.dll" id="1a74e347-4470-5271-97ab-1ebaf8693270">
      <Execution id="269fabd0-0d65-4348-9128-41624608c50e" />
      <TestMethod codeBase="D:\a\MyModule20220313\MyModule20220313\UnitTests\bin\UnitTests.dll" adapterTypeName="executor://xunit/VsTestRunner2/net" className="UnitTests.Controllers.ModuleExceptionFilterAttributeTests" name="SystemException_DoesNotExposeDetails" />
    </UnitTest>
    <UnitTest name="UnitTests.Data.Repositories.GenericRepositoryTests.GenericRepositoryConstructs" storage="d:\a\mymodule20220313\mymodule20220313\unittests\bin\unittests.dll" id="e4f8faa7-d0ad-86e6-1579-7bd52372b4c3">
      <Execution id="65b530a5-fa17-4c26-9331-916381c0459c" />
      <TestMethod codeBase="D:\a\MyModule20220313\MyModule20220313\UnitTests\bin\UnitTests.dll" adapterTypeName="executor://xunit/VsTestRunner2/net" className="UnitTests.Data.Repositories.GenericRepositoryTests" name="GenericRepositoryConstructs" />
    </UnitTest>
    <UnitTest name="UnitTests.Data.Repositories.GenericRepositoryTests.Repository_DeleteMissing_DoesNotThrow" storage="d:\a\mymodule20220313\mymodule20220313\unittests\bin\unittests.dll" id="f754f777-4449-23e8-f4ec-917f49117de2">
      <Execution id="3f6bb6d1-7d63-49ba-9351-fd4f9a4fd676" />
      <TestMethod codeBase="D:\a\MyModule20220313\MyModule20220313\UnitTests\bin\UnitTests.dll" adapterTypeName="executor://xunit/VsTestRunner2/net" className="UnitTests.Data.Repositories.GenericRepositoryTests" name="Repository_DeleteMissing_DoesNotThrow" />
    </UnitTest>
    <UnitTest name="UnitTests.Services.ItemServiceTests.UpdateItem_NoName_Throws(name: null)" storage="d:\a\mymodule20220313\mymodule20220313\unittests\bin\unittests.dll" id="b76e01b1-6afe-f33b-c6a9-ea3347176509">
      <Execution id="60cb821e-c7ac-493f-aa1c-ffdb201cf54a" />
      <TestMethod codeBase="D:\a\MyModule20220313\MyModule20220313\UnitTests\bin\UnitTests.dll" adapterTypeName="executor://xunit/VsTestRunner2/net" className="UnitTests.Services.ItemServiceTests" name="UpdateItem_NoName_Throws" />
    </UnitTest>
    <UnitTest name="UnitTests.Services.ItemServiceTests.CreateItem_NoNameThrows" storage="d:\a\mymodule20220313\mymodule20220313\unittests\bin\unittests.dll" id="19b6234c-c2df-2304-54f9-54b0da4cd6ba">
      <Execution id="02086696-fbeb-416c-a80d-df1d5363cdfd" />
      <TestMethod codeBase="D:\a\MyModule20220313\MyModule20220313\UnitTests\bin\UnitTests.dll" adapterTypeName="executor://xunit/VsTestRunner2/net" className="UnitTests.Services.ItemServiceTests" name="CreateItem_NoNameThrows" />
    </UnitTest>
    <UnitTest name="UnitTests.Services.ItemServiceTests.DeleteItem_Deletes" storage="d:\a\mymodule20220313\mymodule20220313\unittests\bin\unittests.dll" id="e6610648-e456-1c64-d2b1-7e1242b871a8">
      <Execution id="1e828135-8992-4abc-877f-7ca9f9ae4be6" />
      <TestMethod codeBase="D:\a\MyModule20220313\MyModule20220313\UnitTests\bin\UnitTests.dll" adapterTypeName="executor://xunit/VsTestRunner2/net" className="UnitTests.Services.ItemServiceTests" name="DeleteItem_Deletes" />
    </UnitTest>
    <UnitTest name="UnitTests.Data.Entities.ItemTests.ItemConstructsProperly" storage="d:\a\mymodule20220313\mymodule20220313\unittests\bin\unittests.dll" id="572fc310-4b67-9555-f147-153d39f2eb82">
      <Execution id="5d4dd04d-7f06-47bb-a8a2-4031b66d9a21" />
      <TestMethod codeBase="D:\a\MyModule20220313\MyModule20220313\UnitTests\bin\UnitTests.dll" adapterTypeName="executor://xunit/VsTestRunner2/net" className="UnitTests.Data.Entities.ItemTests" name="ItemConstructsProperly" />
    </UnitTest>
    <UnitTest name="UnitTests.Services.ItemServiceTests.UpdateItem_NoName_Throws(name: &quot;&quot;)" storage="d:\a\mymodule20220313\mymodule20220313\unittests\bin\unittests.dll" id="3cbfa5d3-e0f6-eff8-ed5c-556fa1f3e131">
      <Execution id="af48be26-082b-4fc8-8ec6-04e1feca4aa9" />
      <TestMethod codeBase="D:\a\MyModule20220313\MyModule20220313\UnitTests\bin\UnitTests.dll" adapterTypeName="executor://xunit/VsTestRunner2/net" className="UnitTests.Services.ItemServiceTests" name="UpdateItem_NoName_Throws" />
    </UnitTest>
    <UnitTest name="UnitTests.Services.LoggingServiceTests.LogginService_TestableConstructorLogsErrorWithException" storage="d:\a\mymodule20220313\mymodule20220313\unittests\bin\unittests.dll" id="9168bdef-a759-f4d6-b890-b643e17324cf">
      <Execution id="11b621fc-1b56-4eea-bd2c-741d009a407f" />
      <TestMethod codeBase="D:\a\MyModule20220313\MyModule20220313\UnitTests\bin\UnitTests.dll" adapterTypeName="executor://xunit/VsTestRunner2/net" className="UnitTests.Services.LoggingServiceTests" name="LogginService_TestableConstructorLogsErrorWithException" />
    </UnitTest>
    <UnitTest name="UnitTests.Controllers.ItemControllerTests.UserCanEdit_ReturnsBool(canEdit: True)" storage="d:\a\mymodule20220313\mymodule20220313\unittests\bin\unittests.dll" id="aec60494-3c2e-8ec9-f948-da5bb2043983">
      <Execution id="29c0fcd8-5523-4720-93c1-9564c9c85211" />
      <TestMethod codeBase="D:\a\MyModule20220313\MyModule20220313\UnitTests\bin\UnitTests.dll" adapterTypeName="executor://xunit/VsTestRunner2/net" className="UnitTests.Controllers.ItemControllerTests" name="UserCanEdit_ReturnsBool" />
    </UnitTest>
    <UnitTest name="UnitTests.Controllers.ModuleApiControllerTests.HasUserInfo" storage="d:\a\mymodule20220313\mymodule20220313\unittests\bin\unittests.dll" id="bae3532a-4a9e-c4ab-fc66-4dfa22d16170">
      <Execution id="0f693e82-1c32-466e-8264-7ff16e77909d" />
      <TestMethod codeBase="D:\a\MyModule20220313\MyModule20220313\UnitTests\bin\UnitTests.dll" adapterTypeName="executor://xunit/VsTestRunner2/net" className="UnitTests.Controllers.ModuleApiControllerTests" name="HasUserInfo" />
    </UnitTest>
    <UnitTest name="UnitTests.Services.ItemServiceTests.UpdateItem_NoName_Throws(name: &quot;  &quot;)" storage="d:\a\mymodule20220313\mymodule20220313\unittests\bin\unittests.dll" id="92b7b9f6-1294-7ea1-ffa3-91fba85074d4">
      <Execution id="88f7c9e7-b2f9-4e94-a609-009c669bfc9a" />
      <TestMethod codeBase="D:\a\MyModule20220313\MyModule20220313\UnitTests\bin\UnitTests.dll" adapterTypeName="executor://xunit/VsTestRunner2/net" className="UnitTests.Services.ItemServiceTests" name="UpdateItem_NoName_Throws" />
    </UnitTest>
    <UnitTest name="UnitTests.Data.Repositories.GenericRepositoryTests.Repository_Create_DefaultAudit" storage="d:\a\mymodule20220313\mymodule20220313\unittests\bin\unittests.dll" id="ae39aa62-5ff2-56e7-d00e-ef116d711d51">
      <Execution id="40c31e68-85ca-4d35-80da-34ab01b3eeca" />
      <TestMethod codeBase="D:\a\MyModule20220313\MyModule20220313\UnitTests\bin\UnitTests.dll" adapterTypeName="executor://xunit/VsTestRunner2/net" className="UnitTests.Data.Repositories.GenericRepositoryTests" name="Repository_Create_DefaultAudit" />
    </UnitTest>
    <UnitTest name="UnitTests.Controllers.ValidateModelAttributeTests.OnActionExecuting_Valid_Works" storage="d:\a\mymodule20220313\mymodule20220313\unittests\bin\unittests.dll" id="e55f1742-c16d-5086-2251-ad3372dd48f5">
      <Execution id="bfe6a941-9baa-4bd4-832d-092055e6197d" />
      <TestMethod codeBase="D:\a\MyModule20220313\MyModule20220313\UnitTests\bin\UnitTests.dll" adapterTypeName="executor://xunit/VsTestRunner2/net" className="UnitTests.Controllers.ValidateModelAttributeTests" name="OnActionExecuting_Valid_Works" />
    </UnitTest>
    <UnitTest name="UnitTests.Data.Repositories.GenericRepositoryTests.GenericRepositoryGetsAll(iterations: 1)" storage="d:\a\mymodule20220313\mymodule20220313\unittests\bin\unittests.dll" id="d16880d7-fb44-f209-43d9-ba2e0e1875de">
      <Execution id="4c78b7fb-60d2-417c-b296-4c4488f9db76" />
      <TestMethod codeBase="D:\a\MyModule20220313\MyModule20220313\UnitTests\bin\UnitTests.dll" adapterTypeName="executor://xunit/VsTestRunner2/net" className="UnitTests.Data.Repositories.GenericRepositoryTests" name="GenericRepositoryGetsAll" />
    </UnitTest>
    <UnitTest name="UnitTests.Services.ItemServiceTests.UpdateItem_NullDto_Throws" storage="d:\a\mymodule20220313\mymodule20220313\unittests\bin\unittests.dll" id="263c08b1-704a-f3c2-309e-6dee831dbdc9">
      <Execution id="a485288f-0f06-45ce-91ce-35fb270c919f" />
      <TestMethod codeBase="D:\a\MyModule20220313\MyModule20220313\UnitTests\bin\UnitTests.dll" adapterTypeName="executor://xunit/VsTestRunner2/net" className="UnitTests.Services.ItemServiceTests" name="UpdateItem_NullDto_Throws" />
    </UnitTest>
    <UnitTest name="UnitTests.Services.LoggingServiceTests.LoggingService_DefaultConstructorExists" storage="d:\a\mymodule20220313\mymodule20220313\unittests\bin\unittests.dll" id="8ba31d1b-48e3-e04e-cff0-b927c63b4a19">
      <Execution id="69999568-f522-4d8a-93b6-22d9144639a7" />
      <TestMethod codeBase="D:\a\MyModule20220313\MyModule20220313\UnitTests\bin\UnitTests.dll" adapterTypeName="executor://xunit/VsTestRunner2/net" className="UnitTests.Services.LoggingServiceTests" name="LoggingService_DefaultConstructorExists" />
    </UnitTest>
    <UnitTest name="UnitTests.Data.Repositories.GenericRepositoryTests.GenericRepositoryCreate_ThrowsWithNullEntity" storage="d:\a\mymodule20220313\mymodule20220313\unittests\bin\unittests.dll" id="36689490-09d4-917f-648a-70dcfcfede10">
      <Execution id="148f9862-05e3-453a-9453-39334ea7d2c9" />
      <TestMethod codeBase="D:\a\MyModule20220313\MyModule20220313\UnitTests\bin\UnitTests.dll" adapterTypeName="executor://xunit/VsTestRunner2/net" className="UnitTests.Data.Repositories.GenericRepositoryTests" name="GenericRepositoryCreate_ThrowsWithNullEntity" />
    </UnitTest>
    <UnitTest name="UnitTests.Controllers.ItemControllerTests.CreateItem_Creates" storage="d:\a\mymodule20220313\mymodule20220313\unittests\bin\unittests.dll" id="588a2c1b-7788-beb2-ade0-06788d455d25">
      <Execution id="4d734b03-3c08-4bfa-83dd-2a4b6b0dd129" />
      <TestMethod codeBase="D:\a\MyModule20220313\MyModule20220313\UnitTests\bin\UnitTests.dll" adapterTypeName="executor://xunit/VsTestRunner2/net" className="UnitTests.Controllers.ItemControllerTests" name="CreateItem_Creates" />
    </UnitTest>
    <UnitTest name="UnitTests.Controllers.ModuleApiControllerTests.CanEdit_Set_Throws" storage="d:\a\mymodule20220313\mymodule20220313\unittests\bin\unittests.dll" id="5f92ec4d-d570-0452-b891-d4cee75db9dd">
      <Execution id="e659bef5-c2fb-4032-a1f7-a33cadbb9fa2" />
      <TestMethod codeBase="D:\a\MyModule20220313\MyModule20220313\UnitTests\bin\UnitTests.dll" adapterTypeName="executor://xunit/VsTestRunner2/net" className="UnitTests.Controllers.ModuleApiControllerTests" name="CanEdit_Set_Throws" />
    </UnitTest>
    <UnitTest name="UnitTests.Data.Repositories.GenericRepositoryTests.Repository_Create_UsesUserId" storage="d:\a\mymodule20220313\mymodule20220313\unittests\bin\unittests.dll" id="e1c7f76f-6195-c844-23c0-304b47fbae66">
      <Execution id="39ffa053-22af-4c73-a886-68b04e87364b" />
      <TestMethod codeBase="D:\a\MyModule20220313\MyModule20220313\UnitTests\bin\UnitTests.dll" adapterTypeName="executor://xunit/VsTestRunner2/net" className="UnitTests.Data.Repositories.GenericRepositoryTests" name="Repository_Create_UsesUserId" />
    </UnitTest>
    <UnitTest name="UnitTests.Controllers.ItemControllerTests.UpdateItem_Updates" storage="d:\a\mymodule20220313\mymodule20220313\unittests\bin\unittests.dll" id="315adde5-f36d-a74f-aa46-fb22a0f78cd9">
      <Execution id="3a5c8e97-12f5-4695-8950-eaa1873c14b5" />
      <TestMethod codeBase="D:\a\MyModule20220313\MyModule20220313\UnitTests\bin\UnitTests.dll" adapterTypeName="executor://xunit/VsTestRunner2/net" className="UnitTests.Controllers.ItemControllerTests" name="UpdateItem_Updates" />
    </UnitTest>
    <UnitTest name="UnitTests.Controllers.ModuleExceptionFilterAttributeTests.ArgumentException_BadRequest" storage="d:\a\mymodule20220313\mymodule20220313\unittests\bin\unittests.dll" id="a21637b0-54f8-4fa0-bc3b-95481a9fd90b">
      <Execution id="732cce4b-6f7d-4d2d-92b9-c3530f2952c4" />
      <TestMethod codeBase="D:\a\MyModule20220313\MyModule20220313\UnitTests\bin\UnitTests.dll" adapterTypeName="executor://xunit/VsTestRunner2/net" className="UnitTests.Controllers.ModuleExceptionFilterAttributeTests" name="ArgumentException_BadRequest" />
    </UnitTest>
    <UnitTest name="UnitTests.Data.Repositories.GenericRepositoryTests.GetPage_Pages(page: 3, pageSize: 20, expectedItems: 10, expectedPages: 3)" storage="d:\a\mymodule20220313\mymodule20220313\unittests\bin\unittests.dll" id="74c28fcf-aa9b-2bab-0ff6-cfa98a0ddf49">
      <Execution id="f61eb50e-356a-4b3f-88b6-81dc382474df" />
      <TestMethod codeBase="D:\a\MyModule20220313\MyModule20220313\UnitTests\bin\UnitTests.dll" adapterTypeName="executor://xunit/VsTestRunner2/net" className="UnitTests.Data.Repositories.GenericRepositoryTests" name="GetPage_Pages" />
    </UnitTest>
    <UnitTest name="UnitTests.Controllers.ModuleExceptionFilterAttributeTests.NoException_DoesNothing" storage="d:\a\mymodule20220313\mymodule20220313\unittests\bin\unittests.dll" id="113f48ce-a6a3-c5df-7589-ba5a5fcb9c59">
      <Execution id="f35a666b-7ef0-4001-876c-4bc4e5c06250" />
      <TestMethod codeBase="D:\a\MyModule20220313\MyModule20220313\UnitTests\bin\UnitTests.dll" adapterTypeName="executor://xunit/VsTestRunner2/net" className="UnitTests.Controllers.ModuleExceptionFilterAttributeTests" name="NoException_DoesNothing" />
    </UnitTest>
    <UnitTest name="UnitTests.Controllers.ItemControllerTests.GetItemsPage_GetsProperPages" storage="d:\a\mymodule20220313\mymodule20220313\unittests\bin\unittests.dll" id="1017c6c1-9dd0-57dc-36e7-bb573d02562e">
      <Execution id="3f2eda69-197b-4205-bc21-3e559f6e1cad" />
      <TestMethod codeBase="D:\a\MyModule20220313\MyModule20220313\UnitTests\bin\UnitTests.dll" adapterTypeName="executor://xunit/VsTestRunner2/net" className="UnitTests.Controllers.ItemControllerTests" name="GetItemsPage_GetsProperPages" />
    </UnitTest>
    <UnitTest name="UnitTests.Data.Repositories.GenericRepositoryTests.GenericRepositoryDeletes" storage="d:\a\mymodule20220313\mymodule20220313\unittests\bin\unittests.dll" id="0bc54975-0bff-692e-a9b3-fc69f2c95a39">
      <Execution id="2e1dbb45-ce0d-4b76-aedc-f394f1bdf968" />
      <TestMethod codeBase="D:\a\MyModule20220313\MyModule20220313\UnitTests\bin\UnitTests.dll" adapterTypeName="executor://xunit/VsTestRunner2/net" className="UnitTests.Data.Repositories.GenericRepositoryTests" name="GenericRepositoryDeletes" />
    </UnitTest>
    <UnitTest name="UnitTests.Controllers.ItemControllerTests.DeleteItem_Deletes(itemId: 10)" storage="d:\a\mymodule20220313\mymodule20220313\unittests\bin\unittests.dll" id="d6094ca1-b65b-5133-f464-9f7d01f0d023">
      <Execution id="eb20fd01-774a-4ed1-be27-01de6eced0b0" />
      <TestMethod codeBase="D:\a\MyModule20220313\MyModule20220313\UnitTests\bin\UnitTests.dll" adapterTypeName="executor://xunit/VsTestRunner2/net" className="UnitTests.Controllers.ItemControllerTests" name="DeleteItem_Deletes" />
    </UnitTest>
    <UnitTest name="UnitTests.Data.Repositories.GenericRepositoryTests.GenericRepositoryUpdates" storage="d:\a\mymodule20220313\mymodule20220313\unittests\bin\unittests.dll" id="70ede014-c412-e387-bb98-e95b3b42090d">
      <Execution id="c04e19db-156f-4089-8fc7-d48cf3cf0694" />
      <TestMethod codeBase="D:\a\MyModule20220313\MyModule20220313\UnitTests\bin\UnitTests.dll" adapterTypeName="executor://xunit/VsTestRunner2/net" className="UnitTests.Data.Repositories.GenericRepositoryTests" name="GenericRepositoryUpdates" />
    </UnitTest>
    <UnitTest name="UnitTests.Data.Repositories.GenericRepositoryTests.Repository_Update_DefaultAudit" storage="d:\a\mymodule20220313\mymodule20220313\unittests\bin\unittests.dll" id="44b00d3a-bad7-aefd-141c-4a35b11463b2">
      <Execution id="eb46dbc8-a100-470d-9efb-ef830db8c758" />
      <TestMethod codeBase="D:\a\MyModule20220313\MyModule20220313\UnitTests\bin\UnitTests.dll" adapterTypeName="executor://xunit/VsTestRunner2/net" className="UnitTests.Data.Repositories.GenericRepositoryTests" name="Repository_Update_DefaultAudit" />
    </UnitTest>
    <UnitTest name="UnitTests.Services.ItemServiceTests.UpdateItem_Updates" storage="d:\a\mymodule20220313\mymodule20220313\unittests\bin\unittests.dll" id="130d9133-361f-a0da-f15e-423eb98947ac">
      <Execution id="71767835-4cb7-4b81-b466-0a7f4957f5cb" />
      <TestMethod codeBase="D:\a\MyModule20220313\MyModule20220313\UnitTests\bin\UnitTests.dll" adapterTypeName="executor://xunit/VsTestRunner2/net" className="UnitTests.Services.ItemServiceTests" name="UpdateItem_Updates" />
    </UnitTest>
    <UnitTest name="UnitTests.Data.Repositories.GenericRepositoryTests.GenericRepositoryGetsAll(iterations: 2)" storage="d:\a\mymodule20220313\mymodule20220313\unittests\bin\unittests.dll" id="ffe5c770-9b99-42c0-ce21-7e50cccf4385">
      <Execution id="7f185627-55aa-42cd-8f7e-fdf7014f95e8" />
      <TestMethod codeBase="D:\a\MyModule20220313\MyModule20220313\UnitTests\bin\UnitTests.dll" adapterTypeName="executor://xunit/VsTestRunner2/net" className="UnitTests.Data.Repositories.GenericRepositoryTests" name="GenericRepositoryGetsAll" />
    </UnitTest>
    <UnitTest name="UnitTests.Data.Repositories.GenericRepositoryTests.GenericRepositoryGetsAll(iterations: 0)" storage="d:\a\mymodule20220313\mymodule20220313\unittests\bin\unittests.dll" id="4fe0dd0f-2fa0-9c42-e816-a6df28150b72">
      <Execution id="9414430d-fc58-4842-be6e-25274c90a0a9" />
      <TestMethod codeBase="D:\a\MyModule20220313\MyModule20220313\UnitTests\bin\UnitTests.dll" adapterTypeName="executor://xunit/VsTestRunner2/net" className="UnitTests.Data.Repositories.GenericRepositoryTests" name="GenericRepositoryGetsAll" />
    </UnitTest>
    <UnitTest name="UnitTests.Data.Repositories.GenericRepositoryTests.GetPage_Pages(page: 1, pageSize: 10, expectedItems: 10, expectedPages: 5)" storage="d:\a\mymodule20220313\mymodule20220313\unittests\bin\unittests.dll" id="c5867bfe-f023-3ae4-485c-eae070f2ace9">
      <Execution id="0bcbcda2-473a-4103-b26e-6af6c8fe49d6" />
      <TestMethod codeBase="D:\a\MyModule20220313\MyModule20220313\UnitTests\bin\UnitTests.dll" adapterTypeName="executor://xunit/VsTestRunner2/net" className="UnitTests.Data.Repositories.GenericRepositoryTests" name="GetPage_Pages" />
    </UnitTest>
    <UnitTest name="UnitTests.Common.Extensions.IQueryableExtensionsTests.Order_OrdersBothWays(descending: False, expected: [1, 2, 3])" storage="d:\a\mymodule20220313\mymodule20220313\unittests\bin\unittests.dll" id="248341cb-553e-e275-a8eb-499567f40929">
      <Execution id="a458de4b-b69c-4f3c-abec-3fc36e18b929" />
      <TestMethod codeBase="D:\a\MyModule20220313\MyModule20220313\UnitTests\bin\UnitTests.dll" adapterTypeName="executor://xunit/VsTestRunner2/net" className="UnitTests.Common.Extensions.IQueryableExtensionsTests" name="Order_OrdersBothWays" />
    </UnitTest>
    <UnitTest name="UnitTests.Data.Repositories.GenericRepositoryTests.GetPage_Pages(page: 0, pageSize: 0, expectedItems: 1, expectedPages: 50)" storage="d:\a\mymodule20220313\mymodule20220313\unittests\bin\unittests.dll" id="3688eeeb-2a1a-6ffa-a193-543baf24437a">
      <Execution id="2f14093e-1544-4e69-8537-66469cde0fc7" />
      <TestMethod codeBase="D:\a\MyModule20220313\MyModule20220313\UnitTests\bin\UnitTests.dll" adapterTypeName="executor://xunit/VsTestRunner2/net" className="UnitTests.Data.Repositories.GenericRepositoryTests" name="GetPage_Pages" />
    </UnitTest>
    <UnitTest name="UnitTests.Services.ItemServiceTests.CreateItem_NoItemThrows" storage="d:\a\mymodule20220313\mymodule20220313\unittests\bin\unittests.dll" id="f5652070-1b22-f5a7-3f3f-68b37c9184a8">
      <Execution id="fe7a17f3-a19f-47a7-ac0f-c0f98b7db497" />
      <TestMethod codeBase="D:\a\MyModule20220313\MyModule20220313\UnitTests\bin\UnitTests.dll" adapterTypeName="executor://xunit/VsTestRunner2/net" className="UnitTests.Services.ItemServiceTests" name="CreateItem_NoItemThrows" />
    </UnitTest>
    <UnitTest name="UnitTests.Data.Entities.ItemTests.ItemPropertiesPersist(id: 1, name: &quot;Name1&quot;, description: &quot;Description1&quot;)" storage="d:\a\mymodule20220313\mymodule20220313\unittests\bin\unittests.dll" id="392ed628-2028-c945-b97e-893658a1e82b">
      <Execution id="694dec58-ae57-4356-a1f7-3ead5bccf26e" />
      <TestMethod codeBase="D:\a\MyModule20220313\MyModule20220313\UnitTests\bin\UnitTests.dll" adapterTypeName="executor://xunit/VsTestRunner2/net" className="UnitTests.Data.Entities.ItemTests" name="ItemPropertiesPersist" />
    </UnitTest>
  </TestDefinitions>
  <TestEntries>
    <TestEntry testId="9168bdef-a759-f4d6-b890-b643e17324cf" executionId="11b621fc-1b56-4eea-bd2c-741d009a407f" testListId="8c84fa94-04c1-424b-9868-57a2d4851a1d" />
    <TestEntry testId="99806ad3-88f0-7495-8b3e-3799a4bbb6aa" executionId="507be861-5513-4c88-9d63-e8186a0b85ac" testListId="8c84fa94-04c1-424b-9868-57a2d4851a1d" />
    <TestEntry testId="4fe0dd0f-2fa0-9c42-e816-a6df28150b72" executionId="9414430d-fc58-4842-be6e-25274c90a0a9" testListId="8c84fa94-04c1-424b-9868-57a2d4851a1d" />
    <TestEntry testId="3cbfa5d3-e0f6-eff8-ed5c-556fa1f3e131" executionId="af48be26-082b-4fc8-8ec6-04e1feca4aa9" testListId="8c84fa94-04c1-424b-9868-57a2d4851a1d" />
    <TestEntry testId="aec60494-3c2e-8ec9-f948-da5bb2043983" executionId="29c0fcd8-5523-4720-93c1-9564c9c85211" testListId="8c84fa94-04c1-424b-9868-57a2d4851a1d" />
    <TestEntry testId="ae39aa62-5ff2-56e7-d00e-ef116d711d51" executionId="40c31e68-85ca-4d35-80da-34ab01b3eeca" testListId="8c84fa94-04c1-424b-9868-57a2d4851a1d" />
    <TestEntry testId="24cfa8b0-48c3-8aab-e4c2-88694c220e2c" executionId="79b0757b-8385-4b22-9db1-f36d49631bf1" testListId="8c84fa94-04c1-424b-9868-57a2d4851a1d" />
    <TestEntry testId="70ede014-c412-e387-bb98-e95b3b42090d" executionId="c04e19db-156f-4089-8fc7-d48cf3cf0694" testListId="8c84fa94-04c1-424b-9868-57a2d4851a1d" />
    <TestEntry testId="f5652070-1b22-f5a7-3f3f-68b37c9184a8" executionId="fe7a17f3-a19f-47a7-ac0f-c0f98b7db497" testListId="8c84fa94-04c1-424b-9868-57a2d4851a1d" />
    <TestEntry testId="ffe5c770-9b99-42c0-ce21-7e50cccf4385" executionId="7f185627-55aa-42cd-8f7e-fdf7014f95e8" testListId="8c84fa94-04c1-424b-9868-57a2d4851a1d" />
    <TestEntry testId="a21637b0-54f8-4fa0-bc3b-95481a9fd90b" executionId="3d9c876d-ae84-4638-aac4-56b3ab6625aa" testListId="8c84fa94-04c1-424b-9868-57a2d4851a1d" />
    <TestEntry testId="315adde5-f36d-a74f-aa46-fb22a0f78cd9" executionId="3a5c8e97-12f5-4695-8950-eaa1873c14b5" testListId="8c84fa94-04c1-424b-9868-57a2d4851a1d" />
    <TestEntry testId="a21637b0-54f8-4fa0-bc3b-95481a9fd90b" executionId="732cce4b-6f7d-4d2d-92b9-c3530f2952c4" testListId="8c84fa94-04c1-424b-9868-57a2d4851a1d" />
    <TestEntry testId="a21637b0-54f8-4fa0-bc3b-95481a9fd90b" executionId="2751242a-8893-4594-9dc5-982d654cc0f7" testListId="8c84fa94-04c1-424b-9868-57a2d4851a1d" />
    <TestEntry testId="b6579d24-7c4e-c42d-2ead-85e0f30e0a64" executionId="8a63d001-1708-4aa5-972a-2b72c7773a7f" testListId="8c84fa94-04c1-424b-9868-57a2d4851a1d" />
    <TestEntry testId="96a18501-dea4-70b1-d572-baa1bb120da2" executionId="59049b0c-438d-4982-a41a-08bc24b886a6" testListId="8c84fa94-04c1-424b-9868-57a2d4851a1d" />
    <TestEntry testId="61a8ccc9-c5b1-047b-3c97-f777ccc7d30b" executionId="57b43c23-a4cf-4e8c-8f75-f497e121bed9" testListId="8c84fa94-04c1-424b-9868-57a2d4851a1d" />
    <TestEntry testId="d6094ca1-b65b-5133-f464-9f7d01f0d023" executionId="eb20fd01-774a-4ed1-be27-01de6eced0b0" testListId="8c84fa94-04c1-424b-9868-57a2d4851a1d" />
    <TestEntry testId="0ebf358f-9eac-9438-b418-9c6aa81a6377" executionId="aa513c7e-ff28-4bc6-a1de-b7d00acc15c4" testListId="8c84fa94-04c1-424b-9868-57a2d4851a1d" />
    <TestEntry testId="ac2a99ba-3563-74a9-7d4c-8e91a58cd097" executionId="f79d77c2-a48f-460d-ad5c-0902f65d438b" testListId="8c84fa94-04c1-424b-9868-57a2d4851a1d" />
    <TestEntry testId="478b61ee-7d85-9dbe-985d-08c590f8666a" executionId="cb69917b-c54d-4054-bf3d-40de87dcec1d" testListId="8c84fa94-04c1-424b-9868-57a2d4851a1d" />
    <TestEntry testId="8ba31d1b-48e3-e04e-cff0-b927c63b4a19" executionId="69999568-f522-4d8a-93b6-22d9144639a7" testListId="8c84fa94-04c1-424b-9868-57a2d4851a1d" />
    <TestEntry testId="168fc980-36e3-101b-62b1-f5ab71e9fc0d" executionId="3fed84e3-f396-4cba-b9b7-f4113549ba30" testListId="8c84fa94-04c1-424b-9868-57a2d4851a1d" />
    <TestEntry testId="1a74e347-4470-5271-97ab-1ebaf8693270" executionId="269fabd0-0d65-4348-9128-41624608c50e" testListId="8c84fa94-04c1-424b-9868-57a2d4851a1d" />
    <TestEntry testId="b76e01b1-6afe-f33b-c6a9-ea3347176509" executionId="60cb821e-c7ac-493f-aa1c-ffdb201cf54a" testListId="8c84fa94-04c1-424b-9868-57a2d4851a1d" />
    <TestEntry testId="986d7e6e-d04d-b204-b01c-fbb8f09c7774" executionId="2703c5a2-a029-4902-b863-1b41661e1355" testListId="8c84fa94-04c1-424b-9868-57a2d4851a1d" />
    <TestEntry testId="3688eeeb-2a1a-6ffa-a193-543baf24437a" executionId="2f14093e-1544-4e69-8537-66469cde0fc7" testListId="8c84fa94-04c1-424b-9868-57a2d4851a1d" />
    <TestEntry testId="19b6234c-c2df-2304-54f9-54b0da4cd6ba" executionId="02086696-fbeb-416c-a80d-df1d5363cdfd" testListId="8c84fa94-04c1-424b-9868-57a2d4851a1d" />
    <TestEntry testId="ad3412e8-5f64-2020-a5b6-bd4cca8c3b7d" executionId="4a3d5c65-5fd4-4b7a-9aa2-07b12def068a" testListId="8c84fa94-04c1-424b-9868-57a2d4851a1d" />
    <TestEntry testId="130d9133-361f-a0da-f15e-423eb98947ac" executionId="71767835-4cb7-4b81-b466-0a7f4957f5cb" testListId="8c84fa94-04c1-424b-9868-57a2d4851a1d" />
    <TestEntry testId="a21637b0-54f8-4fa0-bc3b-95481a9fd90b" executionId="27b11bc2-a60c-4856-9774-96f0058fc052" testListId="8c84fa94-04c1-424b-9868-57a2d4851a1d" />
    <TestEntry testId="572fc310-4b67-9555-f147-153d39f2eb82" executionId="5d4dd04d-7f06-47bb-a8a2-4031b66d9a21" testListId="8c84fa94-04c1-424b-9868-57a2d4851a1d" />
    <TestEntry testId="ac1c50bc-98fd-036f-fe0f-d46cb187f90e" executionId="b65df6c6-c569-4b34-8deb-d8c04cb4a44f" testListId="8c84fa94-04c1-424b-9868-57a2d4851a1d" />
    <TestEntry testId="74c28fcf-aa9b-2bab-0ff6-cfa98a0ddf49" executionId="f61eb50e-356a-4b3f-88b6-81dc382474df" testListId="8c84fa94-04c1-424b-9868-57a2d4851a1d" />
    <TestEntry testId="588a2c1b-7788-beb2-ade0-06788d455d25" executionId="4d734b03-3c08-4bfa-83dd-2a4b6b0dd129" testListId="8c84fa94-04c1-424b-9868-57a2d4851a1d" />
    <TestEntry testId="1c164fbc-1ab1-9884-ccb8-9e84f4c977d0" executionId="fc74e9ac-69cf-47f7-92e4-2e77d461079f" testListId="8c84fa94-04c1-424b-9868-57a2d4851a1d" />
    <TestEntry testId="d15ea2a7-9f9f-b92b-50fa-470898da705d" executionId="55827f86-a69d-4f27-8f23-3f96570b191e" testListId="8c84fa94-04c1-424b-9868-57a2d4851a1d" />
    <TestEntry testId="d1c63cb7-1f9a-a8bf-a217-a4cbb4e5f73b" executionId="05cdd4bc-d13d-416c-bab3-4abdd2467d78" testListId="8c84fa94-04c1-424b-9868-57a2d4851a1d" />
    <TestEntry testId="e6e0a140-85e7-6935-6160-ab95ecfd3c8a" executionId="910a0545-c83e-4322-bed9-c35e7284cb72" testListId="8c84fa94-04c1-424b-9868-57a2d4851a1d" />
    <TestEntry testId="e4f8faa7-d0ad-86e6-1579-7bd52372b4c3" executionId="65b530a5-fa17-4c26-9331-916381c0459c" testListId="8c84fa94-04c1-424b-9868-57a2d4851a1d" />
    <TestEntry testId="0247c7e7-7d1c-099b-2ac8-81a47ff2509a" executionId="dbf4d56a-c9c6-48db-b200-31e89f5c245c" testListId="8c84fa94-04c1-424b-9868-57a2d4851a1d" />
    <TestEntry testId="1017c6c1-9dd0-57dc-36e7-bb573d02562e" executionId="3f2eda69-197b-4205-bc21-3e559f6e1cad" testListId="8c84fa94-04c1-424b-9868-57a2d4851a1d" />
    <TestEntry testId="d6cab32e-cf28-1ba8-73a6-76c46cb62c4a" executionId="69db2148-dc8a-4664-813d-ec94cac39fe5" testListId="8c84fa94-04c1-424b-9868-57a2d4851a1d" />
    <TestEntry testId="248341cb-553e-e275-a8eb-499567f40929" executionId="a458de4b-b69c-4f3c-abec-3fc36e18b929" testListId="8c84fa94-04c1-424b-9868-57a2d4851a1d" />
    <TestEntry testId="44b00d3a-bad7-aefd-141c-4a35b11463b2" executionId="eb46dbc8-a100-470d-9efb-ef830db8c758" testListId="8c84fa94-04c1-424b-9868-57a2d4851a1d" />
    <TestEntry testId="113f48ce-a6a3-c5df-7589-ba5a5fcb9c59" executionId="f35a666b-7ef0-4001-876c-4bc4e5c06250" testListId="8c84fa94-04c1-424b-9868-57a2d4851a1d" />
    <TestEntry testId="5f92ec4d-d570-0452-b891-d4cee75db9dd" executionId="e659bef5-c2fb-4032-a1f7-a33cadbb9fa2" testListId="8c84fa94-04c1-424b-9868-57a2d4851a1d" />
    <TestEntry testId="f754f777-4449-23e8-f4ec-917f49117de2" executionId="3f6bb6d1-7d63-49ba-9351-fd4f9a4fd676" testListId="8c84fa94-04c1-424b-9868-57a2d4851a1d" />
    <TestEntry testId="c5867bfe-f023-3ae4-485c-eae070f2ace9" executionId="0bcbcda2-473a-4103-b26e-6af6c8fe49d6" testListId="8c84fa94-04c1-424b-9868-57a2d4851a1d" />
    <TestEntry testId="320e3c11-11d1-b3ef-0d2e-5e474f674ff1" executionId="fa2355ec-8121-42fc-89e0-4f23c5031bf2" testListId="8c84fa94-04c1-424b-9868-57a2d4851a1d" />
    <TestEntry testId="392ed628-2028-c945-b97e-893658a1e82b" executionId="694dec58-ae57-4356-a1f7-3ead5bccf26e" testListId="8c84fa94-04c1-424b-9868-57a2d4851a1d" />
    <TestEntry testId="a21637b0-54f8-4fa0-bc3b-95481a9fd90b" executionId="ccfd4085-5a33-4a13-a99a-21c04411f7b5" testListId="8c84fa94-04c1-424b-9868-57a2d4851a1d" />
    <TestEntry testId="92b7b9f6-1294-7ea1-ffa3-91fba85074d4" executionId="88f7c9e7-b2f9-4e94-a609-009c669bfc9a" testListId="8c84fa94-04c1-424b-9868-57a2d4851a1d" />
    <TestEntry testId="d16880d7-fb44-f209-43d9-ba2e0e1875de" executionId="4c78b7fb-60d2-417c-b296-4c4488f9db76" testListId="8c84fa94-04c1-424b-9868-57a2d4851a1d" />
    <TestEntry testId="e1c7f76f-6195-c844-23c0-304b47fbae66" executionId="39ffa053-22af-4c73-a886-68b04e87364b" testListId="8c84fa94-04c1-424b-9868-57a2d4851a1d" />
    <TestEntry testId="a9198ad3-782e-a37c-0b5f-1330f5318f55" executionId="e6a1ad4d-05ac-48c0-ac5d-65c5e7d7b8e8" testListId="8c84fa94-04c1-424b-9868-57a2d4851a1d" />
    <TestEntry testId="36689490-09d4-917f-648a-70dcfcfede10" executionId="148f9862-05e3-453a-9453-39334ea7d2c9" testListId="8c84fa94-04c1-424b-9868-57a2d4851a1d" />
    <TestEntry testId="0bc54975-0bff-692e-a9b3-fc69f2c95a39" executionId="2e1dbb45-ce0d-4b76-aedc-f394f1bdf968" testListId="8c84fa94-04c1-424b-9868-57a2d4851a1d" />
    <TestEntry testId="bae3532a-4a9e-c4ab-fc66-4dfa22d16170" executionId="0f693e82-1c32-466e-8264-7ff16e77909d" testListId="8c84fa94-04c1-424b-9868-57a2d4851a1d" />
    <TestEntry testId="263c08b1-704a-f3c2-309e-6dee831dbdc9" executionId="a485288f-0f06-45ce-91ce-35fb270c919f" testListId="8c84fa94-04c1-424b-9868-57a2d4851a1d" />
    <TestEntry testId="a21637b0-54f8-4fa0-bc3b-95481a9fd90b" executionId="bfd63fd7-89f7-4c94-9c47-ab30eb29e419" testListId="8c84fa94-04c1-424b-9868-57a2d4851a1d" />
    <TestEntry testId="e55f1742-c16d-5086-2251-ad3372dd48f5" executionId="bfe6a941-9baa-4bd4-832d-092055e6197d" testListId="8c84fa94-04c1-424b-9868-57a2d4851a1d" />
    <TestEntry testId="e6610648-e456-1c64-d2b1-7e1242b871a8" executionId="1e828135-8992-4abc-877f-7ca9f9ae4be6" testListId="8c84fa94-04c1-424b-9868-57a2d4851a1d" />
  </TestEntries>
  <TestLists>
    <TestList name="Results Not in a List" id="8c84fa94-04c1-424b-9868-57a2d4851a1d" />
    <TestList name="All Loaded Results" id="19431567-8539-422a-85d7-44ee4e166bda" />
  </TestLists>
  <ResultSummary outcome="Completed">
    <Counters total="63" executed="63" passed="63" failed="0" error="0" timeout="0" aborted="0" inconclusive="0" passedButRunAborted="0" notRunnable="0" notExecuted="0" disconnected="0" warning="0" completed="0" inProgress="0" pending="0" />
    <Output>
      <StdOut>[xUnit.net 00:00:00.00] xUnit.net VSTest Adapter v2.4.3+1b45f5407b (32-bit Desktop .NET 4.0.30319.42000)&#xD;
[xUnit.net 00:00:01.04]   Discovering: UnitTests&#xD;
[xUnit.net 00:00:01.25]   Discovered:  UnitTests&#xD;
[xUnit.net 00:00:01.25]   Starting:    UnitTests&#xD;
[xUnit.net 00:00:06.80]   Finished:    UnitTests&#xD;
</StdOut>
    </Output>
  </ResultSummary>
</TestRun>