<?xml version="1.0" encoding="utf-8"?>
<TestRun id="a3a895c6-05d9-42e1-bc9c-cc5a6da0934d" name="runneradmin@fv-az450-504 2022-03-14 05:28:34" runUser="fv-az450-504\runneradmin" xmlns="http://microsoft.com/schemas/VisualStudio/TeamTest/2010">
  <Times creation="2022-03-14T05:28:34.7168974+00:00" queuing="2022-03-14T05:28:34.7168975+00:00" start="2022-03-14T05:28:32.1188600+00:00" finish="2022-03-14T05:28:39.4766179+00:00" />
  <TestSettings name="default" id="55b03d37-4c89-421d-9ade-c3e2356052cf">
    <Deployment runDeploymentRoot="runneradmin_fv-az450-504_2022-03-14_05_28_34" />
  </TestSettings>
  <Results>
    <UnitTestResult executionId="0efd1760-673f-4aba-acf6-327ed115d468" testId="d15ea2a7-9f9f-b92b-50fa-470898da705d" testName="UnitTests.Data.Repositories.GenericRepositoryTests.GenericRepositoryGetsAll(iterations: 3)" computerName="fv-az450-504" duration="00:00:00.0100000" startTime="2022-03-14T05:28:37.8666005+00:00" endTime="2022-03-14T05:28:37.8666005+00:00" testType="13cdc9d9-ddb5-4fa4-a97d-d965ccfc6d4b" outcome="Passed" testListId="8c84fa94-04c1-424b-9868-57a2d4851a1d" relativeResultsDirectory="0efd1760-673f-4aba-acf6-327ed115d468" />
    <UnitTestResult executionId="ca5285e5-95db-48a2-ab40-a8173807b430" testId="0bc54975-0bff-692e-a9b3-fc69f2c95a39" testName="UnitTests.Data.Repositories.GenericRepositoryTests.GenericRepositoryDeletes" computerName="fv-az450-504" duration="00:00:03.0240000" startTime="2022-03-14T05:28:37.6265998+00:00" endTime="2022-03-14T05:28:37.6265998+00:00" testType="13cdc9d9-ddb5-4fa4-a97d-d965ccfc6d4b" outcome="Passed" testListId="8c84fa94-04c1-424b-9868-57a2d4851a1d" relativeResultsDirectory="ca5285e5-95db-48a2-ab40-a8173807b430" />
    <UnitTestResult executionId="8ccca6de-35bd-466d-b437-73ba029baba7" testId="3cbfa5d3-e0f6-eff8-ed5c-556fa1f3e131" testName="UnitTests.Services.ItemServiceTests.UpdateItem_NoName_Throws(name: &quot;&quot;)" computerName="fv-az450-504" duration="00:00:00.0010000" startTime="2022-03-14T05:28:34.8528520+00:00" endTime="2022-03-14T05:28:34.8528520+00:00" testType="13cdc9d9-ddb5-4fa4-a97d-d965ccfc6d4b" outcome="Passed" testListId="8c84fa94-04c1-424b-9868-57a2d4851a1d" relativeResultsDirectory="8ccca6de-35bd-466d-b437-73ba029baba7" />
    <UnitTestResult executionId="84ca0773-df6e-4adb-afa2-cde117b14a75" testId="e55f1742-c16d-5086-2251-ad3372dd48f5" testName="UnitTests.Controllers.ValidateModelAttributeTests.OnActionExecuting_Valid_Works" computerName="fv-az450-504" duration="00:00:00.0040000" startTime="2022-03-14T05:28:35.0588525+00:00" endTime="2022-03-14T05:28:35.0588525+00:00" testType="13cdc9d9-ddb5-4fa4-a97d-d965ccfc6d4b" outcome="Passed" testListId="8c84fa94-04c1-424b-9868-57a2d4851a1d" relativeResultsDirectory="84ca0773-df6e-4adb-afa2-cde117b14a75" />
    <UnitTestResult executionId="cc667a0b-79e3-442c-a8ea-77bae873fa70" testId="b6579d24-7c4e-c42d-2ead-85e0f30e0a64" testName="UnitTests.Common.Extensions.IQueryableExtensionsTests.Order_OrdersBothWays(descending: True, expected: [3, 2, 1])" computerName="fv-az450-504" duration="00:00:00.0260000" startTime="2022-03-14T05:28:34.8208527+00:00" endTime="2022-03-14T05:28:34.8208527+00:00" testType="13cdc9d9-ddb5-4fa4-a97d-d965ccfc6d4b" outcome="Passed" testListId="8c84fa94-04c1-424b-9868-57a2d4851a1d" relativeResultsDirectory="cc667a0b-79e3-442c-a8ea-77bae873fa70" />
    <UnitTestResult executionId="dd0c4030-68fa-4f6f-bcce-42232f67444d" testId="ac2a99ba-3563-74a9-7d4c-8e91a58cd097" testName="UnitTests.Data.ModuleDbContextTests.DefaultConstructorThrows" computerName="fv-az450-504" duration="00:00:00.4410000" startTime="2022-03-14T05:28:34.5138514+00:00" endTime="2022-03-14T05:28:34.5138514+00:00" testType="13cdc9d9-ddb5-4fa4-a97d-d965ccfc6d4b" outcome="Passed" testListId="8c84fa94-04c1-424b-9868-57a2d4851a1d" relativeResultsDirectory="dd0c4030-68fa-4f6f-bcce-42232f67444d" />
    <UnitTestResult executionId="b5839341-248d-4067-a085-15b061686da4" testId="9168bdef-a759-f4d6-b890-b643e17324cf" testName="UnitTests.Services.LoggingServiceTests.LogginService_TestableConstructorLogsErrorWithException" computerName="fv-az450-504" duration="00:00:00.0120000" startTime="2022-03-14T05:28:34.5988516+00:00" endTime="2022-03-14T05:28:34.5988516+00:00" testType="13cdc9d9-ddb5-4fa4-a97d-d965ccfc6d4b" outcome="Passed" testListId="8c84fa94-04c1-424b-9868-57a2d4851a1d" relativeResultsDirectory="b5839341-248d-4067-a085-15b061686da4" />
    <UnitTestResult executionId="686685b1-4f28-4e58-a4e5-5064fde60207" testId="320e3c11-11d1-b3ef-0d2e-5e474f674ff1" testName="UnitTests.Controllers.ModuleApiControllerTests.CanEdit_DefaultsToFalse" computerName="fv-az450-504" duration="00:00:00.0030000" startTime="2022-03-14T05:28:35.0548530+00:00" endTime="2022-03-14T05:28:35.0548530+00:00" testType="13cdc9d9-ddb5-4fa4-a97d-d965ccfc6d4b" outcome="Passed" testListId="8c84fa94-04c1-424b-9868-57a2d4851a1d" relativeResultsDirectory="686685b1-4f28-4e58-a4e5-5064fde60207" />
    <UnitTestResult executionId="53baddf8-3405-4822-9b81-4cd0bec43631" testId="5f92ec4d-d570-0452-b891-d4cee75db9dd" testName="UnitTests.Controllers.ModuleApiControllerTests.CanEdit_Set_Throws" computerName="fv-az450-504" duration="00:00:00.0010000" startTime="2022-03-14T05:28:34.9728520+00:00" endTime="2022-03-14T05:28:34.9728520+00:00" testType="13cdc9d9-ddb5-4fa4-a97d-d965ccfc6d4b" outcome="Passed" testListId="8c84fa94-04c1-424b-9868-57a2d4851a1d" relativeResultsDirectory="53baddf8-3405-4822-9b81-4cd0bec43631" />
    <UnitTestResult executionId="19dca58d-4e7b-4cc5-8618-b0db617fcab3" testId="aec60494-3c2e-8ec9-f948-da5bb2043983" testName="UnitTests.Controllers.ItemControllerTests.UserCanEdit_ReturnsBool(canEdit: True)" computerName="fv-az450-504" duration="00:00:00.0010000" startTime="2022-03-14T05:28:34.7618527+00:00" endTime="2022-03-14T05:28:34.7618527+00:00" testType="13cdc9d9-ddb5-4fa4-a97d-d965ccfc6d4b" outcome="Passed" testListId="8c84fa94-04c1-424b-9868-57a2d4851a1d" relativeResultsDirectory="19dca58d-4e7b-4cc5-8618-b0db617fcab3" />
    <UnitTestResult executionId="550ce655-5ce1-4389-8377-2e86fa1e1f29" testId="315adde5-f36d-a74f-aa46-fb22a0f78cd9" testName="UnitTests.Controllers.ItemControllerTests.UpdateItem_Updates" computerName="fv-az450-504" duration="00:00:00.0070000" startTime="2022-03-14T05:28:34.7908515+00:00" endTime="2022-03-14T05:28:34.7908515+00:00" testType="13cdc9d9-ddb5-4fa4-a97d-d965ccfc6d4b" outcome="Passed" testListId="8c84fa94-04c1-424b-9868-57a2d4851a1d" relativeResultsDirectory="550ce655-5ce1-4389-8377-2e86fa1e1f29" />
    <UnitTestResult executionId="cb150662-7d17-4382-93e8-c4fb4404c3f6" testId="ac1c50bc-98fd-036f-fe0f-d46cb187f90e" testName="UnitTests.Services.LoggingServiceTests.LogginService_TestableConstructorLogsError" computerName="fv-az450-504" duration="00:00:00.2400000" startTime="2022-03-14T05:28:34.5868512+00:00" endTime="2022-03-14T05:28:34.5868512+00:00" testType="13cdc9d9-ddb5-4fa4-a97d-d965ccfc6d4b" outcome="Passed" testListId="8c84fa94-04c1-424b-9868-57a2d4851a1d" relativeResultsDirectory="cb150662-7d17-4382-93e8-c4fb4404c3f6" />
    <UnitTestResult executionId="dfa9491b-8be3-4f65-8c79-ab344420f996" testId="0ebf358f-9eac-9438-b418-9c6aa81a6377" testName="UnitTests.Data.Repositories.GenericRepositoryTests.Repository_Update_UsesuserId" computerName="fv-az450-504" duration="00:00:00.0240000" startTime="2022-03-14T05:28:37.7805975+00:00" endTime="2022-03-14T05:28:37.7805975+00:00" testType="13cdc9d9-ddb5-4fa4-a97d-d965ccfc6d4b" outcome="Passed" testListId="8c84fa94-04c1-424b-9868-57a2d4851a1d" relativeResultsDirectory="dfa9491b-8be3-4f65-8c79-ab344420f996" />
    <UnitTestResult executionId="05ec1b5d-769a-4f68-8065-cec9a1419f74" testId="ad3412e8-5f64-2020-a5b6-bd4cca8c3b7d" testName="UnitTests.Data.Repositories.GenericRepositoryTests.GenericRepositoryGet" computerName="fv-az450-504" duration="00:00:00.1210000" startTime="2022-03-14T05:28:37.7556007+00:00" endTime="2022-03-14T05:28:37.7556007+00:00" testType="13cdc9d9-ddb5-4fa4-a97d-d965ccfc6d4b" outcome="Passed" testListId="8c84fa94-04c1-424b-9868-57a2d4851a1d" relativeResultsDirectory="05ec1b5d-769a-4f68-8065-cec9a1419f74" />
    <UnitTestResult executionId="42185ce5-33e1-4c03-babb-58265fab8b97" testId="99806ad3-88f0-7495-8b3e-3799a4bbb6aa" testName="UnitTests.Services.ItemServiceTests.GetItemsPage_GetsPages(descending: False)" computerName="fv-az450-504" duration="00:00:00.0090000" startTime="2022-03-14T05:28:34.8548523+00:00" endTime="2022-03-14T05:28:34.8548523+00:00" testType="13cdc9d9-ddb5-4fa4-a97d-d965ccfc6d4b" outcome="Passed" testListId="8c84fa94-04c1-424b-9868-57a2d4851a1d" relativeResultsDirectory="42185ce5-33e1-4c03-babb-58265fab8b97" />
    <UnitTestResult executionId="ce119bc7-b97d-43a9-98a7-d2482f8a274c" testId="a21637b0-54f8-4fa0-bc3b-95481a9fd90b" testName="UnitTests.Controllers.ModuleExceptionFilterAttributeTests.ArgumentException_BadRequest(exception: System.NotImplementedException: Not Implemented, expectedStatusCode: NotImplemented)" computerName="fv-az450-504" duration="00:00:00.0010000" startTime="2022-03-14T05:28:34.9588522+00:00" endTime="2022-03-14T05:28:34.9588522+00:00" testType="13cdc9d9-ddb5-4fa4-a97d-d965ccfc6d4b" outcome="Passed" testListId="8c84fa94-04c1-424b-9868-57a2d4851a1d" relativeResultsDirectory="ce119bc7-b97d-43a9-98a7-d2482f8a274c" />
    <UnitTestResult executionId="8391f2cc-506c-4577-866f-98588b615b65" testId="b76e01b1-6afe-f33b-c6a9-ea3347176509" testName="UnitTests.Services.ItemServiceTests.UpdateItem_NoName_Throws(name: null)" computerName="fv-az450-504" duration="00:00:00.0010000" startTime="2022-03-14T05:28:34.8468530+00:00" endTime="2022-03-14T05:28:34.8468530+00:00" testType="13cdc9d9-ddb5-4fa4-a97d-d965ccfc6d4b" outcome="Passed" testListId="8c84fa94-04c1-424b-9868-57a2d4851a1d" relativeResultsDirectory="8391f2cc-506c-4577-866f-98588b615b65" />
    <UnitTestResult executionId="0c519ed1-7dac-4dd4-91b5-7258a86d7ca9" testId="3688eeeb-2a1a-6ffa-a193-543baf24437a" testName="UnitTests.Data.Repositories.GenericRepositoryTests.GetPage_Pages(page: 0, pageSize: 0, expectedItems: 1, expectedPages: 50)" computerName="fv-az450-504" duration="00:00:00.0860000" startTime="2022-03-14T05:28:37.9726001+00:00" endTime="2022-03-14T05:28:37.9726001+00:00" testType="13cdc9d9-ddb5-4fa4-a97d-d965ccfc6d4b" outcome="Passed" testListId="8c84fa94-04c1-424b-9868-57a2d4851a1d" relativeResultsDirectory="0c519ed1-7dac-4dd4-91b5-7258a86d7ca9" />
    <UnitTestResult executionId="dbe69d2b-0349-415f-8895-3b14c0b26854" testId="572fc310-4b67-9555-f147-153d39f2eb82" testName="UnitTests.Data.Entities.ItemTests.ItemConstructsProperly" computerName="fv-az450-504" duration="00:00:00.0010000" startTime="2022-03-14T05:28:34.5258512+00:00" endTime="2022-03-14T05:28:34.5258512+00:00" testType="13cdc9d9-ddb5-4fa4-a97d-d965ccfc6d4b" outcome="Passed" testListId="8c84fa94-04c1-424b-9868-57a2d4851a1d" relativeResultsDirectory="dbe69d2b-0349-415f-8895-3b14c0b26854" />
    <UnitTestResult executionId="16cf8515-7bbd-4b80-ba53-c796d1a4e6dc" testId="a21637b0-54f8-4fa0-bc3b-95481a9fd90b" testName="UnitTests.Controllers.ModuleExceptionFilterAttributeTests.ArgumentException_BadRequest(exception: System.TimeoutException: Timed out, expectedStatusCode: RequestTimeout)" computerName="fv-az450-504" duration="00:00:00.0010000" startTime="2022-03-14T05:28:34.9588522+00:00" endTime="2022-03-14T05:28:34.9588522+00:00" testType="13cdc9d9-ddb5-4fa4-a97d-d965ccfc6d4b" outcome="Passed" testListId="8c84fa94-04c1-424b-9868-57a2d4851a1d" relativeResultsDirectory="16cf8515-7bbd-4b80-ba53-c796d1a4e6dc" />
    <UnitTestResult executionId="e84fa16a-0987-4fcc-8757-c86913dbf38f" testId="e6e0a140-85e7-6935-6160-ab95ecfd3c8a" testName="UnitTests.Data.Repositories.GenericRepositoryTests.GenericRepositoryCreatesAndGetsById" computerName="fv-az450-504" duration="00:00:00.0390000" startTime="2022-03-14T05:28:39.3670210+00:00" endTime="2022-03-14T05:28:39.3670210+00:00" testType="13cdc9d9-ddb5-4fa4-a97d-d965ccfc6d4b" outcome="Passed" testListId="8c84fa94-04c1-424b-9868-57a2d4851a1d" relativeResultsDirectory="e84fa16a-0987-4fcc-8757-c86913dbf38f" />
    <UnitTestResult executionId="0256a634-4c3f-4366-beb6-bd46f7fc7cdd" testId="24cfa8b0-48c3-8aab-e4c2-88694c220e2c" testName="UnitTests.Data.Repositories.GenericRepositoryTests.GenericRepositoryUpdate_ThrowsWithNullEntity" computerName="fv-az450-504" duration="00:00:00.0010000" startTime="2022-03-14T05:28:39.3220230+00:00" endTime="2022-03-14T05:28:39.3220230+00:00" testType="13cdc9d9-ddb5-4fa4-a97d-d965ccfc6d4b" outcome="Passed" testListId="8c84fa94-04c1-424b-9868-57a2d4851a1d" relativeResultsDirectory="0256a634-4c3f-4366-beb6-bd46f7fc7cdd" />
    <UnitTestResult executionId="e70ed939-7a9f-41ef-b794-36f86ea7f8ba" testId="248341cb-553e-e275-a8eb-499567f40929" testName="UnitTests.Common.Extensions.IQueryableExtensionsTests.Order_OrdersBothWays(descending: False, expected: [1, 2, 3])" computerName="fv-az450-504" duration="00:00:00.0020000" startTime="2022-03-14T05:28:34.8248524+00:00" endTime="2022-03-14T05:28:34.8248524+00:00" testType="13cdc9d9-ddb5-4fa4-a97d-d965ccfc6d4b" outcome="Passed" testListId="8c84fa94-04c1-424b-9868-57a2d4851a1d" relativeResultsDirectory="e70ed939-7a9f-41ef-b794-36f86ea7f8ba" />
    <UnitTestResult executionId="7aa31073-cd78-4b3b-8883-99bef8e5eea8" testId="a21637b0-54f8-4fa0-bc3b-95481a9fd90b" testName="UnitTests.Controllers.ModuleExceptionFilterAttributeTests.ArgumentException_BadRequest(exception: System.ArgumentNullException: Value cannot be null.&#xD;&#xA;Parameter name: Null, expectedStatusCode: BadRequest)" computerName="fv-az450-504" duration="00:00:00.0510000" startTime="2022-03-14T05:28:34.9558515+00:00" endTime="2022-03-14T05:28:34.9558515+00:00" testType="13cdc9d9-ddb5-4fa4-a97d-d965ccfc6d4b" outcome="Passed" testListId="8c84fa94-04c1-424b-9868-57a2d4851a1d" relativeResultsDirectory="7aa31073-cd78-4b3b-8883-99bef8e5eea8" />
    <UnitTestResult executionId="18386c00-5e0d-4c9d-bef8-d4358e0350e4" testId="1017c6c1-9dd0-57dc-36e7-bb573d02562e" testName="UnitTests.Controllers.ItemControllerTests.GetItemsPage_GetsProperPages" computerName="fv-az450-504" duration="00:00:00.0080000" startTime="2022-03-14T05:28:34.7838523+00:00" endTime="2022-03-14T05:28:34.7838523+00:00" testType="13cdc9d9-ddb5-4fa4-a97d-d965ccfc6d4b" outcome="Passed" testListId="8c84fa94-04c1-424b-9868-57a2d4851a1d" relativeResultsDirectory="18386c00-5e0d-4c9d-bef8-d4358e0350e4" />
    <UnitTestResult executionId="5de1cfe2-bfa9-4e34-8c94-af24c600a599" testId="c5867bfe-f023-3ae4-485c-eae070f2ace9" testName="UnitTests.Data.Repositories.GenericRepositoryTests.GetPage_Pages(page: 1, pageSize: 10, expectedItems: 10, expectedPages: 5)" computerName="fv-az450-504" duration="00:00:00.0400000" startTime="2022-03-14T05:28:38.0535998+00:00" endTime="2022-03-14T05:28:38.0535998+00:00" testType="13cdc9d9-ddb5-4fa4-a97d-d965ccfc6d4b" outcome="Passed" testListId="8c84fa94-04c1-424b-9868-57a2d4851a1d" relativeResultsDirectory="5de1cfe2-bfa9-4e34-8c94-af24c600a599" />
    <UnitTestResult executionId="a6b8d104-9c9a-4207-bf2a-5c155cf0f5a8" testId="e4f8faa7-d0ad-86e6-1579-7bd52372b4c3" testName="UnitTests.Data.Repositories.GenericRepositoryTests.GenericRepositoryConstructs" computerName="fv-az450-504" duration="00:00:00.0010000" startTime="2022-03-14T05:28:37.8876008+00:00" endTime="2022-03-14T05:28:37.8876008+00:00" testType="13cdc9d9-ddb5-4fa4-a97d-d965ccfc6d4b" outcome="Passed" testListId="8c84fa94-04c1-424b-9868-57a2d4851a1d" relativeResultsDirectory="a6b8d104-9c9a-4207-bf2a-5c155cf0f5a8" />
    <UnitTestResult executionId="7b6ebd6b-2444-4845-a05d-2f9b8a2aab1f" testId="d6094ca1-b65b-5133-f464-9f7d01f0d023" testName="UnitTests.Controllers.ItemControllerTests.DeleteItem_Deletes(itemId: 10)" computerName="fv-az450-504" duration="00:00:00.0030000" startTime="2022-03-14T05:28:34.7938518+00:00" endTime="2022-03-14T05:28:34.7938518+00:00" testType="13cdc9d9-ddb5-4fa4-a97d-d965ccfc6d4b" outcome="Passed" testListId="8c84fa94-04c1-424b-9868-57a2d4851a1d" relativeResultsDirectory="7b6ebd6b-2444-4845-a05d-2f9b8a2aab1f" />
    <UnitTestResult executionId="f145ae8f-8314-4765-adbf-f2b06df8e21c" testId="113f48ce-a6a3-c5df-7589-ba5a5fcb9c59" testName="UnitTests.Controllers.ModuleExceptionFilterAttributeTests.NoException_DoesNothing" computerName="fv-az450-504" duration="00:00:00.0010000" startTime="2022-03-14T05:28:34.9638512+00:00" endTime="2022-03-14T05:28:34.9638512+00:00" testType="13cdc9d9-ddb5-4fa4-a97d-d965ccfc6d4b" outcome="Passed" testListId="8c84fa94-04c1-424b-9868-57a2d4851a1d" relativeResultsDirectory="f145ae8f-8314-4765-adbf-f2b06df8e21c" />
    <UnitTestResult executionId="56906876-e5f7-4a5a-9c66-c8e4329c810e" testId="d16880d7-fb44-f209-43d9-ba2e0e1875de" testName="UnitTests.Data.Repositories.GenericRepositoryTests.GenericRepositoryGetsAll(iterations: 1)" computerName="fv-az450-504" duration="00:00:00.0100000" startTime="2022-03-14T05:28:37.8766006+00:00" endTime="2022-03-14T05:28:37.8766006+00:00" testType="13cdc9d9-ddb5-4fa4-a97d-d965ccfc6d4b" outcome="Passed" testListId="8c84fa94-04c1-424b-9868-57a2d4851a1d" relativeResultsDirectory="56906876-e5f7-4a5a-9c66-c8e4329c810e" />
    <UnitTestResult executionId="fee03d20-59dd-4baa-9ab1-395c86411120" testId="f754f777-4449-23e8-f4ec-917f49117de2" testName="UnitTests.Data.Repositories.GenericRepositoryTests.Repository_DeleteMissing_DoesNotThrow" computerName="fv-az450-504" duration="00:00:00.0090000" startTime="2022-03-14T05:28:37.8855969+00:00" endTime="2022-03-14T05:28:37.8855969+00:00" testType="13cdc9d9-ddb5-4fa4-a97d-d965ccfc6d4b" outcome="Passed" testListId="8c84fa94-04c1-424b-9868-57a2d4851a1d" relativeResultsDirectory="fee03d20-59dd-4baa-9ab1-395c86411120" />
    <UnitTestResult executionId="ab6d6720-260e-48a4-b2aa-0efcd684dde4" testId="263c08b1-704a-f3c2-309e-6dee831dbdc9" testName="UnitTests.Services.ItemServiceTests.UpdateItem_NullDto_Throws" computerName="fv-az450-504" duration="00:00:00.0200000" startTime="2022-03-14T05:28:34.8418521+00:00" endTime="2022-03-14T05:28:34.8418521+00:00" testType="13cdc9d9-ddb5-4fa4-a97d-d965ccfc6d4b" outcome="Passed" testListId="8c84fa94-04c1-424b-9868-57a2d4851a1d" relativeResultsDirectory="ab6d6720-260e-48a4-b2aa-0efcd684dde4" />
    <UnitTestResult executionId="f54afb05-9d25-4efe-bff1-1d02bc85803f" testId="61a8ccc9-c5b1-047b-3c97-f777ccc7d30b" testName="UnitTests.Controllers.ValidateModelAttributeTests.OnActionExecuting_Invalid_Works" computerName="fv-az450-504" duration="00:00:00.5430000" startTime="2022-03-14T05:28:35.6022994+00:00" endTime="2022-03-14T05:28:35.6022994+00:00" testType="13cdc9d9-ddb5-4fa4-a97d-d965ccfc6d4b" outcome="Passed" testListId="8c84fa94-04c1-424b-9868-57a2d4851a1d" relativeResultsDirectory="f54afb05-9d25-4efe-bff1-1d02bc85803f" />
    <UnitTestResult executionId="ac22f7aa-f581-4404-92cd-40b2a010b250" testId="70ede014-c412-e387-bb98-e95b3b42090d" testName="UnitTests.Data.Repositories.GenericRepositoryTests.GenericRepositoryUpdates" computerName="fv-az450-504" duration="00:00:00.0440000" startTime="2022-03-14T05:28:37.8246018+00:00" endTime="2022-03-14T05:28:37.8246018+00:00" testType="13cdc9d9-ddb5-4fa4-a97d-d965ccfc6d4b" outcome="Passed" testListId="8c84fa94-04c1-424b-9868-57a2d4851a1d" relativeResultsDirectory="ac22f7aa-f581-4404-92cd-40b2a010b250" />
    <UnitTestResult executionId="63cd2039-eb98-4d51-ad26-c0db2ce4cb7f" testId="1a74e347-4470-5271-97ab-1ebaf8693270" testName="UnitTests.Controllers.ModuleExceptionFilterAttributeTests.SystemException_DoesNotExposeDetails" computerName="fv-az450-504" duration="00:00:00.0120000" startTime="2022-03-14T05:28:34.9688523+00:00" endTime="2022-03-14T05:28:34.9688523+00:00" testType="13cdc9d9-ddb5-4fa4-a97d-d965ccfc6d4b" outcome="Passed" testListId="8c84fa94-04c1-424b-9868-57a2d4851a1d" relativeResultsDirectory="63cd2039-eb98-4d51-ad26-c0db2ce4cb7f" />
    <UnitTestResult executionId="07a5502c-33ee-48a7-a729-70df6a167454" testId="168fc980-36e3-101b-62b1-f5ab71e9fc0d" testName="UnitTests.Controllers.LocalizationControllerTests.GetLocalization_CallsLocalizationService" computerName="fv-az450-504" duration="00:00:00.1530000" startTime="2022-03-14T05:28:34.6768514+00:00" endTime="2022-03-14T05:28:34.6768514+00:00" testType="13cdc9d9-ddb5-4fa4-a97d-d965ccfc6d4b" outcome="Passed" testListId="8c84fa94-04c1-424b-9868-57a2d4851a1d" relativeResultsDirectory="07a5502c-33ee-48a7-a729-70df6a167454" />
    <UnitTestResult executionId="657ddac4-8dca-4da3-ab6f-a6794317ea12" testId="8ba31d1b-48e3-e04e-cff0-b927c63b4a19" testName="UnitTests.Services.LoggingServiceTests.LoggingService_DefaultConstructorExists" computerName="fv-az450-504" duration="00:00:00.2670000" startTime="2022-03-14T05:28:34.3502998+00:00" endTime="2022-03-14T05:28:34.3502998+00:00" testType="13cdc9d9-ddb5-4fa4-a97d-d965ccfc6d4b" outcome="Passed" testListId="8c84fa94-04c1-424b-9868-57a2d4851a1d" relativeResultsDirectory="657ddac4-8dca-4da3-ab6f-a6794317ea12" />
    <UnitTestResult executionId="0e57c597-21e0-4bcd-86e4-61f99ca78f65" testId="36689490-09d4-917f-648a-70dcfcfede10" testName="UnitTests.Data.Repositories.GenericRepositoryTests.GenericRepositoryCreate_ThrowsWithNullEntity" computerName="fv-az450-504" duration="00:00:00.0010000" startTime="2022-03-14T05:28:37.7576005+00:00" endTime="2022-03-14T05:28:37.7576005+00:00" testType="13cdc9d9-ddb5-4fa4-a97d-d965ccfc6d4b" outcome="Passed" testListId="8c84fa94-04c1-424b-9868-57a2d4851a1d" relativeResultsDirectory="0e57c597-21e0-4bcd-86e4-61f99ca78f65" />
    <UnitTestResult executionId="9e2709a8-da8b-4d6d-b060-6738a505100a" testId="392ed628-2028-c945-b97e-893658a1e82b" testName="UnitTests.Data.Entities.ItemTests.ItemPropertiesPersist(id: 1, name: &quot;Name1&quot;, description: &quot;Description1&quot;)" computerName="fv-az450-504" duration="00:00:00.0040000" startTime="2022-03-14T05:28:34.5218516+00:00" endTime="2022-03-14T05:28:34.5218516+00:00" testType="13cdc9d9-ddb5-4fa4-a97d-d965ccfc6d4b" outcome="Passed" testListId="8c84fa94-04c1-424b-9868-57a2d4851a1d" relativeResultsDirectory="9e2709a8-da8b-4d6d-b060-6738a505100a" />
    <UnitTestResult executionId="07d05a03-b95c-4357-a35d-f2d76c1197ea" testId="d1c63cb7-1f9a-a8bf-a217-a4cbb4e5f73b" testName="UnitTests.Common.GlobalsTests.ModulePrefixIsValid" computerName="fv-az450-504" duration="00:00:00.0010000" startTime="2022-03-14T05:28:34.7318518+00:00" endTime="2022-03-14T05:28:34.7318518+00:00" testType="13cdc9d9-ddb5-4fa4-a97d-d965ccfc6d4b" outcome="Passed" testListId="8c84fa94-04c1-424b-9868-57a2d4851a1d" relativeResultsDirectory="07d05a03-b95c-4357-a35d-f2d76c1197ea" />
    <UnitTestResult executionId="d853c90d-1279-4535-b797-efe269aced88" testId="a9198ad3-782e-a37c-0b5f-1330f5318f55" testName="UnitTests.Services.ItemServiceTests.CreateItem_Creates" computerName="fv-az450-504" duration="00:00:00.0080000" startTime="2022-03-14T05:28:34.8968534+00:00" endTime="2022-03-14T05:28:34.8968534+00:00" testType="13cdc9d9-ddb5-4fa4-a97d-d965ccfc6d4b" outcome="Passed" testListId="8c84fa94-04c1-424b-9868-57a2d4851a1d" relativeResultsDirectory="d853c90d-1279-4535-b797-efe269aced88" />
    <UnitTestResult executionId="694266d5-55f9-485b-a083-40f628998131" testId="92b7b9f6-1294-7ea1-ffa3-91fba85074d4" testName="UnitTests.Services.ItemServiceTests.UpdateItem_NoName_Throws(name: &quot;  &quot;)" computerName="fv-az450-504" duration="00:00:00.0010000" startTime="2022-03-14T05:28:34.8498528+00:00" endTime="2022-03-14T05:28:34.8498528+00:00" testType="13cdc9d9-ddb5-4fa4-a97d-d965ccfc6d4b" outcome="Passed" testListId="8c84fa94-04c1-424b-9868-57a2d4851a1d" relativeResultsDirectory="694266d5-55f9-485b-a083-40f628998131" />
    <UnitTestResult executionId="2ccfa4ba-940c-4148-b2fe-b4f9e10093d8" testId="bae3532a-4a9e-c4ab-fc66-4dfa22d16170" testName="UnitTests.Controllers.ModuleApiControllerTests.HasUserInfo" computerName="fv-az450-504" duration="00:00:00.0760000" startTime="2022-03-14T05:28:35.0518527+00:00" endTime="2022-03-14T05:28:35.0518527+00:00" testType="13cdc9d9-ddb5-4fa4-a97d-d965ccfc6d4b" outcome="Passed" testListId="8c84fa94-04c1-424b-9868-57a2d4851a1d" relativeResultsDirectory="2ccfa4ba-940c-4148-b2fe-b4f9e10093d8" />
    <UnitTestResult executionId="9f15f4bc-72b5-4b34-8aea-35fec0890dd8" testId="a21637b0-54f8-4fa0-bc3b-95481a9fd90b" testName="UnitTests.Controllers.ModuleExceptionFilterAttributeTests.ArgumentException_BadRequest(exception: System.ArgumentOutOfRangeException: Specified argument was out of the range of valid values.&#xD;&#xA;Parameter name: Out of range, expectedStatusCode: BadRequest)" computerName="fv-az450-504" duration="00:00:00.0010000" startTime="2022-03-14T05:28:34.9568533+00:00" endTime="2022-03-14T05:28:34.9568533+00:00" testType="13cdc9d9-ddb5-4fa4-a97d-d965ccfc6d4b" outcome="Passed" testListId="8c84fa94-04c1-424b-9868-57a2d4851a1d" relativeResultsDirectory="9f15f4bc-72b5-4b34-8aea-35fec0890dd8" />
    <UnitTestResult executionId="98c50af2-0f7f-479d-bf11-5ebbd6f492c9" testId="96a18501-dea4-70b1-d572-baa1bb120da2" testName="UnitTests.Data.Entities.ItemTests.ItemPropertiesPersist(id: 2, name: &quot;Name2&quot;, description: &quot;Description2&quot;)" computerName="fv-az450-504" duration="00:00:00.0010000" startTime="2022-03-14T05:28:34.5238511+00:00" endTime="2022-03-14T05:28:34.5238511+00:00" testType="13cdc9d9-ddb5-4fa4-a97d-d965ccfc6d4b" outcome="Passed" testListId="8c84fa94-04c1-424b-9868-57a2d4851a1d" relativeResultsDirectory="98c50af2-0f7f-479d-bf11-5ebbd6f492c9" />
    <UnitTestResult executionId="962c20f8-9f78-4d1b-b085-cd8ae1b790bc" testId="a21637b0-54f8-4fa0-bc3b-95481a9fd90b" testName="UnitTests.Controllers.ModuleExceptionFilterAttributeTests.ArgumentException_BadRequest(exception: System.UnauthorizedAccessException: Unauthorized, expectedStatusCode: Unauthorized)" computerName="fv-az450-504" duration="00:00:00.0010000" startTime="2022-03-14T05:28:34.9598530+00:00" endTime="2022-03-14T05:28:34.9598530+00:00" testType="13cdc9d9-ddb5-4fa4-a97d-d965ccfc6d4b" outcome="Passed" testListId="8c84fa94-04c1-424b-9868-57a2d4851a1d" relativeResultsDirectory="962c20f8-9f78-4d1b-b085-cd8ae1b790bc" />
    <UnitTestResult executionId="8dcb4954-92ad-4710-a229-7a1f88d8d9ef" testId="478b61ee-7d85-9dbe-985d-08c590f8666a" testName="UnitTests.Controllers.ItemControllerTests.DeleteItem_Deletes(itemId: 1)" computerName="fv-az450-504" duration="00:00:00.0010000" startTime="2022-03-14T05:28:34.7958527+00:00" endTime="2022-03-14T05:28:34.7958527+00:00" testType="13cdc9d9-ddb5-4fa4-a97d-d965ccfc6d4b" outcome="Passed" testListId="8c84fa94-04c1-424b-9868-57a2d4851a1d" relativeResultsDirectory="8dcb4954-92ad-4710-a229-7a1f88d8d9ef" />
    <UnitTestResult executionId="b8eed0b6-5c24-4eae-ad9b-bb190ce5ad92" testId="986d7e6e-d04d-b204-b01c-fbb8f09c7774" testName="UnitTests.Controllers.ServiceRouteMapperTests.RegisterRoutes_RegistersAtLestOneRoute" computerName="fv-az450-504" duration="00:00:00.0110000" startTime="2022-03-14T05:28:35.6132994+00:00" endTime="2022-03-14T05:28:35.6132994+00:00" testType="13cdc9d9-ddb5-4fa4-a97d-d965ccfc6d4b" outcome="Passed" testListId="8c84fa94-04c1-424b-9868-57a2d4851a1d" relativeResultsDirectory="b8eed0b6-5c24-4eae-ad9b-bb190ce5ad92" />
    <UnitTestResult executionId="af6bddbc-f740-4f64-ae70-98d73aed1781" testId="ae39aa62-5ff2-56e7-d00e-ef116d711d51" testName="UnitTests.Data.Repositories.GenericRepositoryTests.Repository_Create_DefaultAudit" computerName="fv-az450-504" duration="00:00:00.0070000" startTime="2022-03-14T05:28:39.3280220+00:00" endTime="2022-03-14T05:28:39.3280220+00:00" testType="13cdc9d9-ddb5-4fa4-a97d-d965ccfc6d4b" outcome="Passed" testListId="8c84fa94-04c1-424b-9868-57a2d4851a1d" relativeResultsDirectory="af6bddbc-f740-4f64-ae70-98d73aed1781" />
    <UnitTestResult executionId="11e3035d-85d1-4a6d-b7a6-23005a03fc94" testId="e6610648-e456-1c64-d2b1-7e1242b871a8" testName="UnitTests.Services.ItemServiceTests.DeleteItem_Deletes" computerName="fv-az450-504" duration="00:00:00.0020000" startTime="2022-03-14T05:28:34.8918532+00:00" endTime="2022-03-14T05:28:34.8918532+00:00" testType="13cdc9d9-ddb5-4fa4-a97d-d965ccfc6d4b" outcome="Passed" testListId="8c84fa94-04c1-424b-9868-57a2d4851a1d" relativeResultsDirectory="11e3035d-85d1-4a6d-b7a6-23005a03fc94" />
    <UnitTestResult executionId="a5832903-242b-4a3c-a044-41ed1d5fb662" testId="ffe5c770-9b99-42c0-ce21-7e50cccf4385" testName="UnitTests.Data.Repositories.GenericRepositoryTests.GenericRepositoryGetsAll(iterations: 2)" computerName="fv-az450-504" duration="00:00:00.0100000" startTime="2022-03-14T05:28:37.8345977+00:00" endTime="2022-03-14T05:28:37.8345977+00:00" testType="13cdc9d9-ddb5-4fa4-a97d-d965ccfc6d4b" outcome="Passed" testListId="8c84fa94-04c1-424b-9868-57a2d4851a1d" relativeResultsDirectory="a5832903-242b-4a3c-a044-41ed1d5fb662" />
    <UnitTestResult executionId="7c4e487a-8c53-4a47-a0c0-6aca6ca28689" testId="d6cab32e-cf28-1ba8-73a6-76c46cb62c4a" testName="UnitTests.Data.Repositories.GenericRepositoryTests.Pages_With_Related_Entities" computerName="fv-az450-504" duration="00:00:01.1420000" startTime="2022-03-14T05:28:39.1968951+00:00" endTime="2022-03-14T05:28:39.1968951+00:00" testType="13cdc9d9-ddb5-4fa4-a97d-d965ccfc6d4b" outcome="Passed" testListId="8c84fa94-04c1-424b-9868-57a2d4851a1d" relativeResultsDirectory="7c4e487a-8c53-4a47-a0c0-6aca6ca28689" />
    <UnitTestResult executionId="3fc17255-7b1d-4d32-9f75-bbccc3563fdf" testId="19b6234c-c2df-2304-54f9-54b0da4cd6ba" testName="UnitTests.Services.ItemServiceTests.CreateItem_NoNameThrows" computerName="fv-az450-504" duration="00:00:00.0020000" startTime="2022-03-14T05:28:34.8448521+00:00" endTime="2022-03-14T05:28:34.8448521+00:00" testType="13cdc9d9-ddb5-4fa4-a97d-d965ccfc6d4b" outcome="Passed" testListId="8c84fa94-04c1-424b-9868-57a2d4851a1d" relativeResultsDirectory="3fc17255-7b1d-4d32-9f75-bbccc3563fdf" />
    <UnitTestResult executionId="3772319a-b53e-4f4b-8de5-7048a06e09a8" testId="f5652070-1b22-f5a7-3f3f-68b37c9184a8" testName="UnitTests.Services.ItemServiceTests.CreateItem_NoItemThrows" computerName="fv-az450-504" duration="00:00:00.0010000" startTime="2022-03-14T05:28:34.8898531+00:00" endTime="2022-03-14T05:28:34.8898531+00:00" testType="13cdc9d9-ddb5-4fa4-a97d-d965ccfc6d4b" outcome="Passed" testListId="8c84fa94-04c1-424b-9868-57a2d4851a1d" relativeResultsDirectory="3772319a-b53e-4f4b-8de5-7048a06e09a8" />
    <UnitTestResult executionId="7281384e-7bd7-40a0-a5de-4e6425f90db0" testId="4fe0dd0f-2fa0-9c42-e816-a6df28150b72" testName="UnitTests.Data.Repositories.GenericRepositoryTests.GenericRepositoryGetsAll(iterations: 0)" computerName="fv-az450-504" duration="00:00:00.0070000" startTime="2022-03-14T05:28:37.8426002+00:00" endTime="2022-03-14T05:28:37.8426002+00:00" testType="13cdc9d9-ddb5-4fa4-a97d-d965ccfc6d4b" outcome="Passed" testListId="8c84fa94-04c1-424b-9868-57a2d4851a1d" relativeResultsDirectory="7281384e-7bd7-40a0-a5de-4e6425f90db0" />
    <UnitTestResult executionId="2832134a-799b-47ad-8afa-e39dde11e912" testId="1c164fbc-1ab1-9884-ccb8-9e84f4c977d0" testName="UnitTests.Services.ItemServiceTests.UpdateItem_NoName_Throws(name: &quot; &quot;)" computerName="fv-az450-504" duration="00:00:00.0010000" startTime="2022-03-14T05:28:34.8488524+00:00" endTime="2022-03-14T05:28:34.8488524+00:00" testType="13cdc9d9-ddb5-4fa4-a97d-d965ccfc6d4b" outcome="Passed" testListId="8c84fa94-04c1-424b-9868-57a2d4851a1d" relativeResultsDirectory="2832134a-799b-47ad-8afa-e39dde11e912" />
    <UnitTestResult executionId="805decca-b4e1-444e-83cb-5697be00aae4" testId="e1c7f76f-6195-c844-23c0-304b47fbae66" testName="UnitTests.Data.Repositories.GenericRepositoryTests.Repository_Create_UsesUserId" computerName="fv-az450-504" duration="00:00:00.0080000" startTime="2022-03-14T05:28:37.6346001+00:00" endTime="2022-03-14T05:28:37.6346001+00:00" testType="13cdc9d9-ddb5-4fa4-a97d-d965ccfc6d4b" outcome="Passed" testListId="8c84fa94-04c1-424b-9868-57a2d4851a1d" relativeResultsDirectory="805decca-b4e1-444e-83cb-5697be00aae4" />
    <UnitTestResult executionId="aa1ea513-6bf6-4f14-bd52-9772c676ab20" testId="74c28fcf-aa9b-2bab-0ff6-cfa98a0ddf49" testName="UnitTests.Data.Repositories.GenericRepositoryTests.GetPage_Pages(page: 3, pageSize: 20, expectedItems: 10, expectedPages: 3)" computerName="fv-az450-504" duration="00:00:00.0400000" startTime="2022-03-14T05:28:38.0136035+00:00" endTime="2022-03-14T05:28:38.0136035+00:00" testType="13cdc9d9-ddb5-4fa4-a97d-d965ccfc6d4b" outcome="Passed" testListId="8c84fa94-04c1-424b-9868-57a2d4851a1d" relativeResultsDirectory="aa1ea513-6bf6-4f14-bd52-9772c676ab20" />
    <UnitTestResult executionId="4060bc6b-8801-44fa-ad08-7f4e11a439e6" testId="44b00d3a-bad7-aefd-141c-4a35b11463b2" testName="UnitTests.Data.Repositories.GenericRepositoryTests.Repository_Update_DefaultAudit" computerName="fv-az450-504" duration="00:00:00.1230000" startTime="2022-03-14T05:28:39.3200214+00:00" endTime="2022-03-14T05:28:39.3200214+00:00" testType="13cdc9d9-ddb5-4fa4-a97d-d965ccfc6d4b" outcome="Passed" testListId="8c84fa94-04c1-424b-9868-57a2d4851a1d" relativeResultsDirectory="4060bc6b-8801-44fa-ad08-7f4e11a439e6" />
    <UnitTestResult executionId="10fb7d39-d23b-4977-87cc-6220ee7a8e30" testId="588a2c1b-7788-beb2-ade0-06788d455d25" testName="UnitTests.Controllers.ItemControllerTests.CreateItem_Creates" computerName="fv-az450-504" duration="00:00:00.0150000" startTime="2022-03-14T05:28:34.7748514+00:00" endTime="2022-03-14T05:28:34.7748514+00:00" testType="13cdc9d9-ddb5-4fa4-a97d-d965ccfc6d4b" outcome="Passed" testListId="8c84fa94-04c1-424b-9868-57a2d4851a1d" relativeResultsDirectory="10fb7d39-d23b-4977-87cc-6220ee7a8e30" />
    <UnitTestResult executionId="d896129d-f8a3-410a-8234-690d1345d22a" testId="a21637b0-54f8-4fa0-bc3b-95481a9fd90b" testName="UnitTests.Controllers.ModuleExceptionFilterAttributeTests.ArgumentException_BadRequest(exception: System.ArgumentException: Argument, expectedStatusCode: BadRequest)" computerName="fv-az450-504" duration="00:00:00.0010000" startTime="2022-03-14T05:28:34.9578526+00:00" endTime="2022-03-14T05:28:34.9578526+00:00" testType="13cdc9d9-ddb5-4fa4-a97d-d965ccfc6d4b" outcome="Passed" testListId="8c84fa94-04c1-424b-9868-57a2d4851a1d" relativeResultsDirectory="d896129d-f8a3-410a-8234-690d1345d22a" />
    <UnitTestResult executionId="bb7a1f68-a57b-41d4-b430-aa60667fde39" testId="0247c7e7-7d1c-099b-2ac8-81a47ff2509a" testName="UnitTests.Controllers.ItemControllerTests.UserCanEdit_ReturnsBool(canEdit: False)" computerName="fv-az450-504" duration="00:00:00.0250000" startTime="2022-03-14T05:28:34.7598500+00:00" endTime="2022-03-14T05:28:34.7598500+00:00" testType="13cdc9d9-ddb5-4fa4-a97d-d965ccfc6d4b" outcome="Passed" testListId="8c84fa94-04c1-424b-9868-57a2d4851a1d" relativeResultsDirectory="bb7a1f68-a57b-41d4-b430-aa60667fde39" />
    <UnitTestResult executionId="8ff0a0c3-fe73-49fd-aac6-f2bf41c06c56" testId="130d9133-361f-a0da-f15e-423eb98947ac" testName="UnitTests.Services.ItemServiceTests.UpdateItem_Updates" computerName="fv-az450-504" duration="00:00:00.0310000" startTime="2022-03-14T05:28:34.8868533+00:00" endTime="2022-03-14T05:28:34.8868533+00:00" testType="13cdc9d9-ddb5-4fa4-a97d-d965ccfc6d4b" outcome="Passed" testListId="8c84fa94-04c1-424b-9868-57a2d4851a1d" relativeResultsDirectory="8ff0a0c3-fe73-49fd-aac6-f2bf41c06c56" />
  </Results>
  <TestDefinitions>
    <UnitTest name="UnitTests.Controllers.ItemControllerTests.DeleteItem_Deletes(itemId: 1)" storage="d:\a\mymodule20220313\mymodule20220313\unittests\bin\unittests.dll" id="478b61ee-7d85-9dbe-985d-08c590f8666a">
      <Execution id="8dcb4954-92ad-4710-a229-7a1f88d8d9ef" />
      <TestMethod codeBase="D:\a\MyModule20220313\MyModule20220313\UnitTests\bin\UnitTests.dll" adapterTypeName="executor://xunit/VsTestRunner2/net" className="UnitTests.Controllers.ItemControllerTests" name="DeleteItem_Deletes" />
    </UnitTest>
    <UnitTest name="UnitTests.Common.Extensions.IQueryableExtensionsTests.Order_OrdersBothWays(descending: True, expected: [3, 2, 1])" storage="d:\a\mymodule20220313\mymodule20220313\unittests\bin\unittests.dll" id="b6579d24-7c4e-c42d-2ead-85e0f30e0a64">
      <Execution id="cc667a0b-79e3-442c-a8ea-77bae873fa70" />
      <TestMethod codeBase="D:\a\MyModule20220313\MyModule20220313\UnitTests\bin\UnitTests.dll" adapterTypeName="executor://xunit/VsTestRunner2/net" className="UnitTests.Common.Extensions.IQueryableExtensionsTests" name="Order_OrdersBothWays" />
    </UnitTest>
    <UnitTest name="UnitTests.Controllers.ItemControllerTests.UserCanEdit_ReturnsBool(canEdit: False)" storage="d:\a\mymodule20220313\mymodule20220313\unittests\bin\unittests.dll" id="0247c7e7-7d1c-099b-2ac8-81a47ff2509a">
      <Execution id="bb7a1f68-a57b-41d4-b430-aa60667fde39" />
      <TestMethod codeBase="D:\a\MyModule20220313\MyModule20220313\UnitTests\bin\UnitTests.dll" adapterTypeName="executor://xunit/VsTestRunner2/net" className="UnitTests.Controllers.ItemControllerTests" name="UserCanEdit_ReturnsBool" />
    </UnitTest>
    <UnitTest name="UnitTests.Controllers.LocalizationControllerTests.GetLocalization_CallsLocalizationService" storage="d:\a\mymodule20220313\mymodule20220313\unittests\bin\unittests.dll" id="168fc980-36e3-101b-62b1-f5ab71e9fc0d">
      <Execution id="07a5502c-33ee-48a7-a729-70df6a167454" />
      <TestMethod codeBase="D:\a\MyModule20220313\MyModule20220313\UnitTests\bin\UnitTests.dll" adapterTypeName="executor://xunit/VsTestRunner2/net" className="UnitTests.Controllers.LocalizationControllerTests" name="GetLocalization_CallsLocalizationService" />
    </UnitTest>
    <UnitTest name="UnitTests.Data.ModuleDbContextTests.DefaultConstructorThrows" storage="d:\a\mymodule20220313\mymodule20220313\unittests\bin\unittests.dll" id="ac2a99ba-3563-74a9-7d4c-8e91a58cd097">
      <Execution id="dd0c4030-68fa-4f6f-bcce-42232f67444d" />
      <TestMethod codeBase="D:\a\MyModule20220313\MyModule20220313\UnitTests\bin\UnitTests.dll" adapterTypeName="executor://xunit/VsTestRunner2/net" className="UnitTests.Data.ModuleDbContextTests" name="DefaultConstructorThrows" />
    </UnitTest>
    <UnitTest name="UnitTests.Controllers.ModuleApiControllerTests.CanEdit_DefaultsToFalse" storage="d:\a\mymodule20220313\mymodule20220313\unittests\bin\unittests.dll" id="320e3c11-11d1-b3ef-0d2e-5e474f674ff1">
      <Execution id="686685b1-4f28-4e58-a4e5-5064fde60207" />
      <TestMethod codeBase="D:\a\MyModule20220313\MyModule20220313\UnitTests\bin\UnitTests.dll" adapterTypeName="executor://xunit/VsTestRunner2/net" className="UnitTests.Controllers.ModuleApiControllerTests" name="CanEdit_DefaultsToFalse" />
    </UnitTest>
    <UnitTest name="UnitTests.Data.Repositories.GenericRepositoryTests.GenericRepositoryCreatesAndGetsById" storage="d:\a\mymodule20220313\mymodule20220313\unittests\bin\unittests.dll" id="e6e0a140-85e7-6935-6160-ab95ecfd3c8a">
      <Execution id="e84fa16a-0987-4fcc-8757-c86913dbf38f" />
      <TestMethod codeBase="D:\a\MyModule20220313\MyModule20220313\UnitTests\bin\UnitTests.dll" adapterTypeName="executor://xunit/VsTestRunner2/net" className="UnitTests.Data.Repositories.GenericRepositoryTests" name="GenericRepositoryCreatesAndGetsById" />
    </UnitTest>
    <UnitTest name="UnitTests.Services.ItemServiceTests.UpdateItem_NoName_Throws(name: &quot; &quot;)" storage="d:\a\mymodule20220313\mymodule20220313\unittests\bin\unittests.dll" id="1c164fbc-1ab1-9884-ccb8-9e84f4c977d0">
      <Execution id="2832134a-799b-47ad-8afa-e39dde11e912" />
      <TestMethod codeBase="D:\a\MyModule20220313\MyModule20220313\UnitTests\bin\UnitTests.dll" adapterTypeName="executor://xunit/VsTestRunner2/net" className="UnitTests.Services.ItemServiceTests" name="UpdateItem_NoName_Throws" />
    </UnitTest>
    <UnitTest name="UnitTests.Services.ItemServiceTests.GetItemsPage_GetsPages(descending: False)" storage="d:\a\mymodule20220313\mymodule20220313\unittests\bin\unittests.dll" id="99806ad3-88f0-7495-8b3e-3799a4bbb6aa">
      <Execution id="42185ce5-33e1-4c03-babb-58265fab8b97" />
      <TestMethod codeBase="D:\a\MyModule20220313\MyModule20220313\UnitTests\bin\UnitTests.dll" adapterTypeName="executor://xunit/VsTestRunner2/net" className="UnitTests.Services.ItemServiceTests" name="GetItemsPage_GetsPages" />
    </UnitTest>
    <UnitTest name="UnitTests.Data.Repositories.GenericRepositoryTests.Repository_Update_UsesuserId" storage="d:\a\mymodule20220313\mymodule20220313\unittests\bin\unittests.dll" id="0ebf358f-9eac-9438-b418-9c6aa81a6377">
      <Execution id="dfa9491b-8be3-4f65-8c79-ab344420f996" />
      <TestMethod codeBase="D:\a\MyModule20220313\MyModule20220313\UnitTests\bin\UnitTests.dll" adapterTypeName="executor://xunit/VsTestRunner2/net" className="UnitTests.Data.Repositories.GenericRepositoryTests" name="Repository_Update_UsesuserId" />
    </UnitTest>
    <UnitTest name="UnitTests.Services.ItemServiceTests.CreateItem_Creates" storage="d:\a\mymodule20220313\mymodule20220313\unittests\bin\unittests.dll" id="a9198ad3-782e-a37c-0b5f-1330f5318f55">
      <Execution id="d853c90d-1279-4535-b797-efe269aced88" />
      <TestMethod codeBase="D:\a\MyModule20220313\MyModule20220313\UnitTests\bin\UnitTests.dll" adapterTypeName="executor://xunit/VsTestRunner2/net" className="UnitTests.Services.ItemServiceTests" name="CreateItem_Creates" />
    </UnitTest>
    <UnitTest name="UnitTests.Controllers.ValidateModelAttributeTests.OnActionExecuting_Invalid_Works" storage="d:\a\mymodule20220313\mymodule20220313\unittests\bin\unittests.dll" id="61a8ccc9-c5b1-047b-3c97-f777ccc7d30b">
      <Execution id="f54afb05-9d25-4efe-bff1-1d02bc85803f" />
      <TestMethod codeBase="D:\a\MyModule20220313\MyModule20220313\UnitTests\bin\UnitTests.dll" adapterTypeName="executor://xunit/VsTestRunner2/net" className="UnitTests.Controllers.ValidateModelAttributeTests" name="OnActionExecuting_Invalid_Works" />
    </UnitTest>
    <UnitTest name="UnitTests.Data.Repositories.GenericRepositoryTests.GenericRepositoryGet" storage="d:\a\mymodule20220313\mymodule20220313\unittests\bin\unittests.dll" id="ad3412e8-5f64-2020-a5b6-bd4cca8c3b7d">
      <Execution id="05ec1b5d-769a-4f68-8065-cec9a1419f74" />
      <TestMethod codeBase="D:\a\MyModule20220313\MyModule20220313\UnitTests\bin\UnitTests.dll" adapterTypeName="executor://xunit/VsTestRunner2/net" className="UnitTests.Data.Repositories.GenericRepositoryTests" name="GenericRepositoryGet" />
    </UnitTest>
    <UnitTest name="UnitTests.Data.Repositories.GenericRepositoryTests.GenericRepositoryUpdate_ThrowsWithNullEntity" storage="d:\a\mymodule20220313\mymodule20220313\unittests\bin\unittests.dll" id="24cfa8b0-48c3-8aab-e4c2-88694c220e2c">
      <Execution id="0256a634-4c3f-4366-beb6-bd46f7fc7cdd" />
      <TestMethod codeBase="D:\a\MyModule20220313\MyModule20220313\UnitTests\bin\UnitTests.dll" adapterTypeName="executor://xunit/VsTestRunner2/net" className="UnitTests.Data.Repositories.GenericRepositoryTests" name="GenericRepositoryUpdate_ThrowsWithNullEntity" />
    </UnitTest>
    <UnitTest name="UnitTests.Data.Repositories.GenericRepositoryTests.Pages_With_Related_Entities" storage="d:\a\mymodule20220313\mymodule20220313\unittests\bin\unittests.dll" id="d6cab32e-cf28-1ba8-73a6-76c46cb62c4a">
      <Execution id="7c4e487a-8c53-4a47-a0c0-6aca6ca28689" />
      <TestMethod codeBase="D:\a\MyModule20220313\MyModule20220313\UnitTests\bin\UnitTests.dll" adapterTypeName="executor://xunit/VsTestRunner2/net" className="UnitTests.Data.Repositories.GenericRepositoryTests" name="Pages_With_Related_Entities" />
    </UnitTest>
    <UnitTest name="UnitTests.Services.LoggingServiceTests.LogginService_TestableConstructorLogsError" storage="d:\a\mymodule20220313\mymodule20220313\unittests\bin\unittests.dll" id="ac1c50bc-98fd-036f-fe0f-d46cb187f90e">
      <Execution id="cb150662-7d17-4382-93e8-c4fb4404c3f6" />
      <TestMethod codeBase="D:\a\MyModule20220313\MyModule20220313\UnitTests\bin\UnitTests.dll" adapterTypeName="executor://xunit/VsTestRunner2/net" className="UnitTests.Services.LoggingServiceTests" name="LogginService_TestableConstructorLogsError" />
    </UnitTest>
    <UnitTest name="UnitTests.Data.Repositories.GenericRepositoryTests.GenericRepositoryGetsAll(iterations: 3)" storage="d:\a\mymodule20220313\mymodule20220313\unittests\bin\unittests.dll" id="d15ea2a7-9f9f-b92b-50fa-470898da705d">
      <Execution id="0efd1760-673f-4aba-acf6-327ed115d468" />
      <TestMethod codeBase="D:\a\MyModule20220313\MyModule20220313\UnitTests\bin\UnitTests.dll" adapterTypeName="executor://xunit/VsTestRunner2/net" className="UnitTests.Data.Repositories.GenericRepositoryTests" name="GenericRepositoryGetsAll" />
    </UnitTest>
    <UnitTest name="UnitTests.Common.GlobalsTests.ModulePrefixIsValid" storage="d:\a\mymodule20220313\mymodule20220313\unittests\bin\unittests.dll" id="d1c63cb7-1f9a-a8bf-a217-a4cbb4e5f73b">
      <Execution id="07d05a03-b95c-4357-a35d-f2d76c1197ea" />
      <TestMethod codeBase="D:\a\MyModule20220313\MyModule20220313\UnitTests\bin\UnitTests.dll" adapterTypeName="executor://xunit/VsTestRunner2/net" className="UnitTests.Common.GlobalsTests" name="ModulePrefixIsValid" />
    </UnitTest>
    <UnitTest name="UnitTests.Data.Entities.ItemTests.ItemPropertiesPersist(id: 2, name: &quot;Name2&quot;, description: &quot;Description2&quot;)" storage="d:\a\mymodule20220313\mymodule20220313\unittests\bin\unittests.dll" id="96a18501-dea4-70b1-d572-baa1bb120da2">
      <Execution id="98c50af2-0f7f-479d-bf11-5ebbd6f492c9" />
      <TestMethod codeBase="D:\a\MyModule20220313\MyModule20220313\UnitTests\bin\UnitTests.dll" adapterTypeName="executor://xunit/VsTestRunner2/net" className="UnitTests.Data.Entities.ItemTests" name="ItemPropertiesPersist" />
    </UnitTest>
    <UnitTest name="UnitTests.Controllers.ServiceRouteMapperTests.RegisterRoutes_RegistersAtLestOneRoute" storage="d:\a\mymodule20220313\mymodule20220313\unittests\bin\unittests.dll" id="986d7e6e-d04d-b204-b01c-fbb8f09c7774">
      <Execution id="b8eed0b6-5c24-4eae-ad9b-bb190ce5ad92" />
      <TestMethod codeBase="D:\a\MyModule20220313\MyModule20220313\UnitTests\bin\UnitTests.dll" adapterTypeName="executor://xunit/VsTestRunner2/net" className="UnitTests.Controllers.ServiceRouteMapperTests" name="RegisterRoutes_RegistersAtLestOneRoute" />
    </UnitTest>
    <UnitTest name="UnitTests.Controllers.ModuleExceptionFilterAttributeTests.SystemException_DoesNotExposeDetails" storage="d:\a\mymodule20220313\mymodule20220313\unittests\bin\unittests.dll" id="1a74e347-4470-5271-97ab-1ebaf8693270">
      <Execution id="63cd2039-eb98-4d51-ad26-c0db2ce4cb7f" />
      <TestMethod codeBase="D:\a\MyModule20220313\MyModule20220313\UnitTests\bin\UnitTests.dll" adapterTypeName="executor://xunit/VsTestRunner2/net" className="UnitTests.Controllers.ModuleExceptionFilterAttributeTests" name="SystemException_DoesNotExposeDetails" />
    </UnitTest>
    <UnitTest name="UnitTests.Data.Repositories.GenericRepositoryTests.GenericRepositoryConstructs" storage="d:\a\mymodule20220313\mymodule20220313\unittests\bin\unittests.dll" id="e4f8faa7-d0ad-86e6-1579-7bd52372b4c3">
      <Execution id="a6b8d104-9c9a-4207-bf2a-5c155cf0f5a8" />
      <TestMethod codeBase="D:\a\MyModule20220313\MyModule20220313\UnitTests\bin\UnitTests.dll" adapterTypeName="executor://xunit/VsTestRunner2/net" className="UnitTests.Data.Repositories.GenericRepositoryTests" name="GenericRepositoryConstructs" />
    </UnitTest>
    <UnitTest name="UnitTests.Data.Repositories.GenericRepositoryTests.Repository_DeleteMissing_DoesNotThrow" storage="d:\a\mymodule20220313\mymodule20220313\unittests\bin\unittests.dll" id="f754f777-4449-23e8-f4ec-917f49117de2">
      <Execution id="fee03d20-59dd-4baa-9ab1-395c86411120" />
      <TestMethod codeBase="D:\a\MyModule20220313\MyModule20220313\UnitTests\bin\UnitTests.dll" adapterTypeName="executor://xunit/VsTestRunner2/net" className="UnitTests.Data.Repositories.GenericRepositoryTests" name="Repository_DeleteMissing_DoesNotThrow" />
    </UnitTest>
    <UnitTest name="UnitTests.Services.ItemServiceTests.UpdateItem_NoName_Throws(name: null)" storage="d:\a\mymodule20220313\mymodule20220313\unittests\bin\unittests.dll" id="b76e01b1-6afe-f33b-c6a9-ea3347176509">
      <Execution id="8391f2cc-506c-4577-866f-98588b615b65" />
      <TestMethod codeBase="D:\a\MyModule20220313\MyModule20220313\UnitTests\bin\UnitTests.dll" adapterTypeName="executor://xunit/VsTestRunner2/net" className="UnitTests.Services.ItemServiceTests" name="UpdateItem_NoName_Throws" />
    </UnitTest>
    <UnitTest name="UnitTests.Services.ItemServiceTests.CreateItem_NoNameThrows" storage="d:\a\mymodule20220313\mymodule20220313\unittests\bin\unittests.dll" id="19b6234c-c2df-2304-54f9-54b0da4cd6ba">
      <Execution id="3fc17255-7b1d-4d32-9f75-bbccc3563fdf" />
      <TestMethod codeBase="D:\a\MyModule20220313\MyModule20220313\UnitTests\bin\UnitTests.dll" adapterTypeName="executor://xunit/VsTestRunner2/net" className="UnitTests.Services.ItemServiceTests" name="CreateItem_NoNameThrows" />
    </UnitTest>
    <UnitTest name="UnitTests.Services.ItemServiceTests.DeleteItem_Deletes" storage="d:\a\mymodule20220313\mymodule20220313\unittests\bin\unittests.dll" id="e6610648-e456-1c64-d2b1-7e1242b871a8">
      <Execution id="11e3035d-85d1-4a6d-b7a6-23005a03fc94" />
      <TestMethod codeBase="D:\a\MyModule20220313\MyModule20220313\UnitTests\bin\UnitTests.dll" adapterTypeName="executor://xunit/VsTestRunner2/net" className="UnitTests.Services.ItemServiceTests" name="DeleteItem_Deletes" />
    </UnitTest>
    <UnitTest name="UnitTests.Data.Entities.ItemTests.ItemConstructsProperly" storage="d:\a\mymodule20220313\mymodule20220313\unittests\bin\unittests.dll" id="572fc310-4b67-9555-f147-153d39f2eb82">
      <Execution id="dbe69d2b-0349-415f-8895-3b14c0b26854" />
      <TestMethod codeBase="D:\a\MyModule20220313\MyModule20220313\UnitTests\bin\UnitTests.dll" adapterTypeName="executor://xunit/VsTestRunner2/net" className="UnitTests.Data.Entities.ItemTests" name="ItemConstructsProperly" />
    </UnitTest>
    <UnitTest name="UnitTests.Services.ItemServiceTests.UpdateItem_NoName_Throws(name: &quot;&quot;)" storage="d:\a\mymodule20220313\mymodule20220313\unittests\bin\unittests.dll" id="3cbfa5d3-e0f6-eff8-ed5c-556fa1f3e131">
      <Execution id="8ccca6de-35bd-466d-b437-73ba029baba7" />
      <TestMethod codeBase="D:\a\MyModule20220313\MyModule20220313\UnitTests\bin\UnitTests.dll" adapterTypeName="executor://xunit/VsTestRunner2/net" className="UnitTests.Services.ItemServiceTests" name="UpdateItem_NoName_Throws" />
    </UnitTest>
    <UnitTest name="UnitTests.Services.LoggingServiceTests.LogginService_TestableConstructorLogsErrorWithException" storage="d:\a\mymodule20220313\mymodule20220313\unittests\bin\unittests.dll" id="9168bdef-a759-f4d6-b890-b643e17324cf">
      <Execution id="b5839341-248d-4067-a085-15b061686da4" />
      <TestMethod codeBase="D:\a\MyModule20220313\MyModule20220313\UnitTests\bin\UnitTests.dll" adapterTypeName="executor://xunit/VsTestRunner2/net" className="UnitTests.Services.LoggingServiceTests" name="LogginService_TestableConstructorLogsErrorWithException" />
    </UnitTest>
    <UnitTest name="UnitTests.Controllers.ItemControllerTests.UserCanEdit_ReturnsBool(canEdit: True)" storage="d:\a\mymodule20220313\mymodule20220313\unittests\bin\unittests.dll" id="aec60494-3c2e-8ec9-f948-da5bb2043983">
      <Execution id="19dca58d-4e7b-4cc5-8618-b0db617fcab3" />
      <TestMethod codeBase="D:\a\MyModule20220313\MyModule20220313\UnitTests\bin\UnitTests.dll" adapterTypeName="executor://xunit/VsTestRunner2/net" className="UnitTests.Controllers.ItemControllerTests" name="UserCanEdit_ReturnsBool" />
    </UnitTest>
    <UnitTest name="UnitTests.Controllers.ModuleApiControllerTests.HasUserInfo" storage="d:\a\mymodule20220313\mymodule20220313\unittests\bin\unittests.dll" id="bae3532a-4a9e-c4ab-fc66-4dfa22d16170">
      <Execution id="2ccfa4ba-940c-4148-b2fe-b4f9e10093d8" />
      <TestMethod codeBase="D:\a\MyModule20220313\MyModule20220313\UnitTests\bin\UnitTests.dll" adapterTypeName="executor://xunit/VsTestRunner2/net" className="UnitTests.Controllers.ModuleApiControllerTests" name="HasUserInfo" />
    </UnitTest>
    <UnitTest name="UnitTests.Services.ItemServiceTests.UpdateItem_NoName_Throws(name: &quot;  &quot;)" storage="d:\a\mymodule20220313\mymodule20220313\unittests\bin\unittests.dll" id="92b7b9f6-1294-7ea1-ffa3-91fba85074d4">
      <Execution id="694266d5-55f9-485b-a083-40f628998131" />
      <TestMethod codeBase="D:\a\MyModule20220313\MyModule20220313\UnitTests\bin\UnitTests.dll" adapterTypeName="executor://xunit/VsTestRunner2/net" className="UnitTests.Services.ItemServiceTests" name="UpdateItem_NoName_Throws" />
    </UnitTest>
    <UnitTest name="UnitTests.Data.Repositories.GenericRepositoryTests.Repository_Create_DefaultAudit" storage="d:\a\mymodule20220313\mymodule20220313\unittests\bin\unittests.dll" id="ae39aa62-5ff2-56e7-d00e-ef116d711d51">
      <Execution id="af6bddbc-f740-4f64-ae70-98d73aed1781" />
      <TestMethod codeBase="D:\a\MyModule20220313\MyModule20220313\UnitTests\bin\UnitTests.dll" adapterTypeName="executor://xunit/VsTestRunner2/net" className="UnitTests.Data.Repositories.GenericRepositoryTests" name="Repository_Create_DefaultAudit" />
    </UnitTest>
    <UnitTest name="UnitTests.Controllers.ValidateModelAttributeTests.OnActionExecuting_Valid_Works" storage="d:\a\mymodule20220313\mymodule20220313\unittests\bin\unittests.dll" id="e55f1742-c16d-5086-2251-ad3372dd48f5">
      <Execution id="84ca0773-df6e-4adb-afa2-cde117b14a75" />
      <TestMethod codeBase="D:\a\MyModule20220313\MyModule20220313\UnitTests\bin\UnitTests.dll" adapterTypeName="executor://xunit/VsTestRunner2/net" className="UnitTests.Controllers.ValidateModelAttributeTests" name="OnActionExecuting_Valid_Works" />
    </UnitTest>
    <UnitTest name="UnitTests.Data.Repositories.GenericRepositoryTests.GenericRepositoryGetsAll(iterations: 1)" storage="d:\a\mymodule20220313\mymodule20220313\unittests\bin\unittests.dll" id="d16880d7-fb44-f209-43d9-ba2e0e1875de">
      <Execution id="56906876-e5f7-4a5a-9c66-c8e4329c810e" />
      <TestMethod codeBase="D:\a\MyModule20220313\MyModule20220313\UnitTests\bin\UnitTests.dll" adapterTypeName="executor://xunit/VsTestRunner2/net" className="UnitTests.Data.Repositories.GenericRepositoryTests" name="GenericRepositoryGetsAll" />
    </UnitTest>
    <UnitTest name="UnitTests.Services.ItemServiceTests.UpdateItem_NullDto_Throws" storage="d:\a\mymodule20220313\mymodule20220313\unittests\bin\unittests.dll" id="263c08b1-704a-f3c2-309e-6dee831dbdc9">
      <Execution id="ab6d6720-260e-48a4-b2aa-0efcd684dde4" />
      <TestMethod codeBase="D:\a\MyModule20220313\MyModule20220313\UnitTests\bin\UnitTests.dll" adapterTypeName="executor://xunit/VsTestRunner2/net" className="UnitTests.Services.ItemServiceTests" name="UpdateItem_NullDto_Throws" />
    </UnitTest>
    <UnitTest name="UnitTests.Services.LoggingServiceTests.LoggingService_DefaultConstructorExists" storage="d:\a\mymodule20220313\mymodule20220313\unittests\bin\unittests.dll" id="8ba31d1b-48e3-e04e-cff0-b927c63b4a19">
      <Execution id="657ddac4-8dca-4da3-ab6f-a6794317ea12" />
      <TestMethod codeBase="D:\a\MyModule20220313\MyModule20220313\UnitTests\bin\UnitTests.dll" adapterTypeName="executor://xunit/VsTestRunner2/net" className="UnitTests.Services.LoggingServiceTests" name="LoggingService_DefaultConstructorExists" />
    </UnitTest>
    <UnitTest name="UnitTests.Data.Repositories.GenericRepositoryTests.GenericRepositoryCreate_ThrowsWithNullEntity" storage="d:\a\mymodule20220313\mymodule20220313\unittests\bin\unittests.dll" id="36689490-09d4-917f-648a-70dcfcfede10">
      <Execution id="0e57c597-21e0-4bcd-86e4-61f99ca78f65" />
      <TestMethod codeBase="D:\a\MyModule20220313\MyModule20220313\UnitTests\bin\UnitTests.dll" adapterTypeName="executor://xunit/VsTestRunner2/net" className="UnitTests.Data.Repositories.GenericRepositoryTests" name="GenericRepositoryCreate_ThrowsWithNullEntity" />
    </UnitTest>
    <UnitTest name="UnitTests.Controllers.ItemControllerTests.CreateItem_Creates" storage="d:\a\mymodule20220313\mymodule20220313\unittests\bin\unittests.dll" id="588a2c1b-7788-beb2-ade0-06788d455d25">
      <Execution id="10fb7d39-d23b-4977-87cc-6220ee7a8e30" />
      <TestMethod codeBase="D:\a\MyModule20220313\MyModule20220313\UnitTests\bin\UnitTests.dll" adapterTypeName="executor://xunit/VsTestRunner2/net" className="UnitTests.Controllers.ItemControllerTests" name="CreateItem_Creates" />
    </UnitTest>
    <UnitTest name="UnitTests.Controllers.ModuleApiControllerTests.CanEdit_Set_Throws" storage="d:\a\mymodule20220313\mymodule20220313\unittests\bin\unittests.dll" id="5f92ec4d-d570-0452-b891-d4cee75db9dd">
      <Execution id="53baddf8-3405-4822-9b81-4cd0bec43631" />
      <TestMethod codeBase="D:\a\MyModule20220313\MyModule20220313\UnitTests\bin\UnitTests.dll" adapterTypeName="executor://xunit/VsTestRunner2/net" className="UnitTests.Controllers.ModuleApiControllerTests" name="CanEdit_Set_Throws" />
    </UnitTest>
    <UnitTest name="UnitTests.Data.Repositories.GenericRepositoryTests.Repository_Create_UsesUserId" storage="d:\a\mymodule20220313\mymodule20220313\unittests\bin\unittests.dll" id="e1c7f76f-6195-c844-23c0-304b47fbae66">
      <Execution id="805decca-b4e1-444e-83cb-5697be00aae4" />
      <TestMethod codeBase="D:\a\MyModule20220313\MyModule20220313\UnitTests\bin\UnitTests.dll" adapterTypeName="executor://xunit/VsTestRunner2/net" className="UnitTests.Data.Repositories.GenericRepositoryTests" name="Repository_Create_UsesUserId" />
    </UnitTest>
    <UnitTest name="UnitTests.Controllers.ItemControllerTests.UpdateItem_Updates" storage="d:\a\mymodule20220313\mymodule20220313\unittests\bin\unittests.dll" id="315adde5-f36d-a74f-aa46-fb22a0f78cd9">
      <Execution id="550ce655-5ce1-4389-8377-2e86fa1e1f29" />
      <TestMethod codeBase="D:\a\MyModule20220313\MyModule20220313\UnitTests\bin\UnitTests.dll" adapterTypeName="executor://xunit/VsTestRunner2/net" className="UnitTests.Controllers.ItemControllerTests" name="UpdateItem_Updates" />
    </UnitTest>
    <UnitTest name="UnitTests.Controllers.ModuleExceptionFilterAttributeTests.ArgumentException_BadRequest" storage="d:\a\mymodule20220313\mymodule20220313\unittests\bin\unittests.dll" id="a21637b0-54f8-4fa0-bc3b-95481a9fd90b">
      <Execution id="7aa31073-cd78-4b3b-8883-99bef8e5eea8" />
      <TestMethod codeBase="D:\a\MyModule20220313\MyModule20220313\UnitTests\bin\UnitTests.dll" adapterTypeName="executor://xunit/VsTestRunner2/net" className="UnitTests.Controllers.ModuleExceptionFilterAttributeTests" name="ArgumentException_BadRequest" />
    </UnitTest>
    <UnitTest name="UnitTests.Data.Repositories.GenericRepositoryTests.GetPage_Pages(page: 3, pageSize: 20, expectedItems: 10, expectedPages: 3)" storage="d:\a\mymodule20220313\mymodule20220313\unittests\bin\unittests.dll" id="74c28fcf-aa9b-2bab-0ff6-cfa98a0ddf49">
      <Execution id="aa1ea513-6bf6-4f14-bd52-9772c676ab20" />
      <TestMethod codeBase="D:\a\MyModule20220313\MyModule20220313\UnitTests\bin\UnitTests.dll" adapterTypeName="executor://xunit/VsTestRunner2/net" className="UnitTests.Data.Repositories.GenericRepositoryTests" name="GetPage_Pages" />
    </UnitTest>
    <UnitTest name="UnitTests.Controllers.ModuleExceptionFilterAttributeTests.NoException_DoesNothing" storage="d:\a\mymodule20220313\mymodule20220313\unittests\bin\unittests.dll" id="113f48ce-a6a3-c5df-7589-ba5a5fcb9c59">
      <Execution id="f145ae8f-8314-4765-adbf-f2b06df8e21c" />
      <TestMethod codeBase="D:\a\MyModule20220313\MyModule20220313\UnitTests\bin\UnitTests.dll" adapterTypeName="executor://xunit/VsTestRunner2/net" className="UnitTests.Controllers.ModuleExceptionFilterAttributeTests" name="NoException_DoesNothing" />
    </UnitTest>
    <UnitTest name="UnitTests.Controllers.ItemControllerTests.GetItemsPage_GetsProperPages" storage="d:\a\mymodule20220313\mymodule20220313\unittests\bin\unittests.dll" id="1017c6c1-9dd0-57dc-36e7-bb573d02562e">
      <Execution id="18386c00-5e0d-4c9d-bef8-d4358e0350e4" />
      <TestMethod codeBase="D:\a\MyModule20220313\MyModule20220313\UnitTests\bin\UnitTests.dll" adapterTypeName="executor://xunit/VsTestRunner2/net" className="UnitTests.Controllers.ItemControllerTests" name="GetItemsPage_GetsProperPages" />
    </UnitTest>
    <UnitTest name="UnitTests.Data.Repositories.GenericRepositoryTests.GenericRepositoryDeletes" storage="d:\a\mymodule20220313\mymodule20220313\unittests\bin\unittests.dll" id="0bc54975-0bff-692e-a9b3-fc69f2c95a39">
      <Execution id="ca5285e5-95db-48a2-ab40-a8173807b430" />
      <TestMethod codeBase="D:\a\MyModule20220313\MyModule20220313\UnitTests\bin\UnitTests.dll" adapterTypeName="executor://xunit/VsTestRunner2/net" className="UnitTests.Data.Repositories.GenericRepositoryTests" name="GenericRepositoryDeletes" />
    </UnitTest>
    <UnitTest name="UnitTests.Controllers.ItemControllerTests.DeleteItem_Deletes(itemId: 10)" storage="d:\a\mymodule20220313\mymodule20220313\unittests\bin\unittests.dll" id="d6094ca1-b65b-5133-f464-9f7d01f0d023">
      <Execution id="7b6ebd6b-2444-4845-a05d-2f9b8a2aab1f" />
      <TestMethod codeBase="D:\a\MyModule20220313\MyModule20220313\UnitTests\bin\UnitTests.dll" adapterTypeName="executor://xunit/VsTestRunner2/net" className="UnitTests.Controllers.ItemControllerTests" name="DeleteItem_Deletes" />
    </UnitTest>
    <UnitTest name="UnitTests.Data.Repositories.GenericRepositoryTests.GenericRepositoryUpdates" storage="d:\a\mymodule20220313\mymodule20220313\unittests\bin\unittests.dll" id="70ede014-c412-e387-bb98-e95b3b42090d">
      <Execution id="ac22f7aa-f581-4404-92cd-40b2a010b250" />
      <TestMethod codeBase="D:\a\MyModule20220313\MyModule20220313\UnitTests\bin\UnitTests.dll" adapterTypeName="executor://xunit/VsTestRunner2/net" className="UnitTests.Data.Repositories.GenericRepositoryTests" name="GenericRepositoryUpdates" />
    </UnitTest>
    <UnitTest name="UnitTests.Data.Repositories.GenericRepositoryTests.Repository_Update_DefaultAudit" storage="d:\a\mymodule20220313\mymodule20220313\unittests\bin\unittests.dll" id="44b00d3a-bad7-aefd-141c-4a35b11463b2">
      <Execution id="4060bc6b-8801-44fa-ad08-7f4e11a439e6" />
      <TestMethod codeBase="D:\a\MyModule20220313\MyModule20220313\UnitTests\bin\UnitTests.dll" adapterTypeName="executor://xunit/VsTestRunner2/net" className="UnitTests.Data.Repositories.GenericRepositoryTests" name="Repository_Update_DefaultAudit" />
    </UnitTest>
    <UnitTest name="UnitTests.Services.ItemServiceTests.UpdateItem_Updates" storage="d:\a\mymodule20220313\mymodule20220313\unittests\bin\unittests.dll" id="130d9133-361f-a0da-f15e-423eb98947ac">
      <Execution id="8ff0a0c3-fe73-49fd-aac6-f2bf41c06c56" />
      <TestMethod codeBase="D:\a\MyModule20220313\MyModule20220313\UnitTests\bin\UnitTests.dll" adapterTypeName="executor://xunit/VsTestRunner2/net" className="UnitTests.Services.ItemServiceTests" name="UpdateItem_Updates" />
    </UnitTest>
    <UnitTest name="UnitTests.Data.Repositories.GenericRepositoryTests.GenericRepositoryGetsAll(iterations: 2)" storage="d:\a\mymodule20220313\mymodule20220313\unittests\bin\unittests.dll" id="ffe5c770-9b99-42c0-ce21-7e50cccf4385">
      <Execution id="a5832903-242b-4a3c-a044-41ed1d5fb662" />
      <TestMethod codeBase="D:\a\MyModule20220313\MyModule20220313\UnitTests\bin\UnitTests.dll" adapterTypeName="executor://xunit/VsTestRunner2/net" className="UnitTests.Data.Repositories.GenericRepositoryTests" name="GenericRepositoryGetsAll" />
    </UnitTest>
    <UnitTest name="UnitTests.Data.Repositories.GenericRepositoryTests.GenericRepositoryGetsAll(iterations: 0)" storage="d:\a\mymodule20220313\mymodule20220313\unittests\bin\unittests.dll" id="4fe0dd0f-2fa0-9c42-e816-a6df28150b72">
      <Execution id="7281384e-7bd7-40a0-a5de-4e6425f90db0" />
      <TestMethod codeBase="D:\a\MyModule20220313\MyModule20220313\UnitTests\bin\UnitTests.dll" adapterTypeName="executor://xunit/VsTestRunner2/net" className="UnitTests.Data.Repositories.GenericRepositoryTests" name="GenericRepositoryGetsAll" />
    </UnitTest>
    <UnitTest name="UnitTests.Data.Repositories.GenericRepositoryTests.GetPage_Pages(page: 1, pageSize: 10, expectedItems: 10, expectedPages: 5)" storage="d:\a\mymodule20220313\mymodule20220313\unittests\bin\unittests.dll" id="c5867bfe-f023-3ae4-485c-eae070f2ace9">
      <Execution id="5de1cfe2-bfa9-4e34-8c94-af24c600a599" />
      <TestMethod codeBase="D:\a\MyModule20220313\MyModule20220313\UnitTests\bin\UnitTests.dll" adapterTypeName="executor://xunit/VsTestRunner2/net" className="UnitTests.Data.Repositories.GenericRepositoryTests" name="GetPage_Pages" />
    </UnitTest>
    <UnitTest name="UnitTests.Common.Extensions.IQueryableExtensionsTests.Order_OrdersBothWays(descending: False, expected: [1, 2, 3])" storage="d:\a\mymodule20220313\mymodule20220313\unittests\bin\unittests.dll" id="248341cb-553e-e275-a8eb-499567f40929">
      <Execution id="e70ed939-7a9f-41ef-b794-36f86ea7f8ba" />
      <TestMethod codeBase="D:\a\MyModule20220313\MyModule20220313\UnitTests\bin\UnitTests.dll" adapterTypeName="executor://xunit/VsTestRunner2/net" className="UnitTests.Common.Extensions.IQueryableExtensionsTests" name="Order_OrdersBothWays" />
    </UnitTest>
    <UnitTest name="UnitTests.Data.Repositories.GenericRepositoryTests.GetPage_Pages(page: 0, pageSize: 0, expectedItems: 1, expectedPages: 50)" storage="d:\a\mymodule20220313\mymodule20220313\unittests\bin\unittests.dll" id="3688eeeb-2a1a-6ffa-a193-543baf24437a">
      <Execution id="0c519ed1-7dac-4dd4-91b5-7258a86d7ca9" />
      <TestMethod codeBase="D:\a\MyModule20220313\MyModule20220313\UnitTests\bin\UnitTests.dll" adapterTypeName="executor://xunit/VsTestRunner2/net" className="UnitTests.Data.Repositories.GenericRepositoryTests" name="GetPage_Pages" />
    </UnitTest>
    <UnitTest name="UnitTests.Services.ItemServiceTests.CreateItem_NoItemThrows" storage="d:\a\mymodule20220313\mymodule20220313\unittests\bin\unittests.dll" id="f5652070-1b22-f5a7-3f3f-68b37c9184a8">
      <Execution id="3772319a-b53e-4f4b-8de5-7048a06e09a8" />
      <TestMethod codeBase="D:\a\MyModule20220313\MyModule20220313\UnitTests\bin\UnitTests.dll" adapterTypeName="executor://xunit/VsTestRunner2/net" className="UnitTests.Services.ItemServiceTests" name="CreateItem_NoItemThrows" />
    </UnitTest>
    <UnitTest name="UnitTests.Data.Entities.ItemTests.ItemPropertiesPersist(id: 1, name: &quot;Name1&quot;, description: &quot;Description1&quot;)" storage="d:\a\mymodule20220313\mymodule20220313\unittests\bin\unittests.dll" id="392ed628-2028-c945-b97e-893658a1e82b">
      <Execution id="9e2709a8-da8b-4d6d-b060-6738a505100a" />
      <TestMethod codeBase="D:\a\MyModule20220313\MyModule20220313\UnitTests\bin\UnitTests.dll" adapterTypeName="executor://xunit/VsTestRunner2/net" className="UnitTests.Data.Entities.ItemTests" name="ItemPropertiesPersist" />
    </UnitTest>
  </TestDefinitions>
  <TestEntries>
    <TestEntry testId="d15ea2a7-9f9f-b92b-50fa-470898da705d" executionId="0efd1760-673f-4aba-acf6-327ed115d468" testListId="8c84fa94-04c1-424b-9868-57a2d4851a1d" />
    <TestEntry testId="0bc54975-0bff-692e-a9b3-fc69f2c95a39" executionId="ca5285e5-95db-48a2-ab40-a8173807b430" testListId="8c84fa94-04c1-424b-9868-57a2d4851a1d" />
    <TestEntry testId="3cbfa5d3-e0f6-eff8-ed5c-556fa1f3e131" executionId="8ccca6de-35bd-466d-b437-73ba029baba7" testListId="8c84fa94-04c1-424b-9868-57a2d4851a1d" />
    <TestEntry testId="e55f1742-c16d-5086-2251-ad3372dd48f5" executionId="84ca0773-df6e-4adb-afa2-cde117b14a75" testListId="8c84fa94-04c1-424b-9868-57a2d4851a1d" />
    <TestEntry testId="b6579d24-7c4e-c42d-2ead-85e0f30e0a64" executionId="cc667a0b-79e3-442c-a8ea-77bae873fa70" testListId="8c84fa94-04c1-424b-9868-57a2d4851a1d" />
    <TestEntry testId="ac2a99ba-3563-74a9-7d4c-8e91a58cd097" executionId="dd0c4030-68fa-4f6f-bcce-42232f67444d" testListId="8c84fa94-04c1-424b-9868-57a2d4851a1d" />
    <TestEntry testId="9168bdef-a759-f4d6-b890-b643e17324cf" executionId="b5839341-248d-4067-a085-15b061686da4" testListId="8c84fa94-04c1-424b-9868-57a2d4851a1d" />
    <TestEntry testId="320e3c11-11d1-b3ef-0d2e-5e474f674ff1" executionId="686685b1-4f28-4e58-a4e5-5064fde60207" testListId="8c84fa94-04c1-424b-9868-57a2d4851a1d" />
    <TestEntry testId="5f92ec4d-d570-0452-b891-d4cee75db9dd" executionId="53baddf8-3405-4822-9b81-4cd0bec43631" testListId="8c84fa94-04c1-424b-9868-57a2d4851a1d" />
    <TestEntry testId="aec60494-3c2e-8ec9-f948-da5bb2043983" executionId="19dca58d-4e7b-4cc5-8618-b0db617fcab3" testListId="8c84fa94-04c1-424b-9868-57a2d4851a1d" />
    <TestEntry testId="315adde5-f36d-a74f-aa46-fb22a0f78cd9" executionId="550ce655-5ce1-4389-8377-2e86fa1e1f29" testListId="8c84fa94-04c1-424b-9868-57a2d4851a1d" />
    <TestEntry testId="ac1c50bc-98fd-036f-fe0f-d46cb187f90e" executionId="cb150662-7d17-4382-93e8-c4fb4404c3f6" testListId="8c84fa94-04c1-424b-9868-57a2d4851a1d" />
    <TestEntry testId="0ebf358f-9eac-9438-b418-9c6aa81a6377" executionId="dfa9491b-8be3-4f65-8c79-ab344420f996" testListId="8c84fa94-04c1-424b-9868-57a2d4851a1d" />
    <TestEntry testId="ad3412e8-5f64-2020-a5b6-bd4cca8c3b7d" executionId="05ec1b5d-769a-4f68-8065-cec9a1419f74" testListId="8c84fa94-04c1-424b-9868-57a2d4851a1d" />
    <TestEntry testId="99806ad3-88f0-7495-8b3e-3799a4bbb6aa" executionId="42185ce5-33e1-4c03-babb-58265fab8b97" testListId="8c84fa94-04c1-424b-9868-57a2d4851a1d" />
    <TestEntry testId="a21637b0-54f8-4fa0-bc3b-95481a9fd90b" executionId="ce119bc7-b97d-43a9-98a7-d2482f8a274c" testListId="8c84fa94-04c1-424b-9868-57a2d4851a1d" />
    <TestEntry testId="b76e01b1-6afe-f33b-c6a9-ea3347176509" executionId="8391f2cc-506c-4577-866f-98588b615b65" testListId="8c84fa94-04c1-424b-9868-57a2d4851a1d" />
    <TestEntry testId="3688eeeb-2a1a-6ffa-a193-543baf24437a" executionId="0c519ed1-7dac-4dd4-91b5-7258a86d7ca9" testListId="8c84fa94-04c1-424b-9868-57a2d4851a1d" />
    <TestEntry testId="572fc310-4b67-9555-f147-153d39f2eb82" executionId="dbe69d2b-0349-415f-8895-3b14c0b26854" testListId="8c84fa94-04c1-424b-9868-57a2d4851a1d" />
    <TestEntry testId="a21637b0-54f8-4fa0-bc3b-95481a9fd90b" executionId="16cf8515-7bbd-4b80-ba53-c796d1a4e6dc" testListId="8c84fa94-04c1-424b-9868-57a2d4851a1d" />
    <TestEntry testId="e6e0a140-85e7-6935-6160-ab95ecfd3c8a" executionId="e84fa16a-0987-4fcc-8757-c86913dbf38f" testListId="8c84fa94-04c1-424b-9868-57a2d4851a1d" />
    <TestEntry testId="24cfa8b0-48c3-8aab-e4c2-88694c220e2c" executionId="0256a634-4c3f-4366-beb6-bd46f7fc7cdd" testListId="8c84fa94-04c1-424b-9868-57a2d4851a1d" />
    <TestEntry testId="248341cb-553e-e275-a8eb-499567f40929" executionId="e70ed939-7a9f-41ef-b794-36f86ea7f8ba" testListId="8c84fa94-04c1-424b-9868-57a2d4851a1d" />
    <TestEntry testId="a21637b0-54f8-4fa0-bc3b-95481a9fd90b" executionId="7aa31073-cd78-4b3b-8883-99bef8e5eea8" testListId="8c84fa94-04c1-424b-9868-57a2d4851a1d" />
    <TestEntry testId="1017c6c1-9dd0-57dc-36e7-bb573d02562e" executionId="18386c00-5e0d-4c9d-bef8-d4358e0350e4" testListId="8c84fa94-04c1-424b-9868-57a2d4851a1d" />
    <TestEntry testId="c5867bfe-f023-3ae4-485c-eae070f2ace9" executionId="5de1cfe2-bfa9-4e34-8c94-af24c600a599" testListId="8c84fa94-04c1-424b-9868-57a2d4851a1d" />
    <TestEntry testId="e4f8faa7-d0ad-86e6-1579-7bd52372b4c3" executionId="a6b8d104-9c9a-4207-bf2a-5c155cf0f5a8" testListId="8c84fa94-04c1-424b-9868-57a2d4851a1d" />
    <TestEntry testId="d6094ca1-b65b-5133-f464-9f7d01f0d023" executionId="7b6ebd6b-2444-4845-a05d-2f9b8a2aab1f" testListId="8c84fa94-04c1-424b-9868-57a2d4851a1d" />
    <TestEntry testId="113f48ce-a6a3-c5df-7589-ba5a5fcb9c59" executionId="f145ae8f-8314-4765-adbf-f2b06df8e21c" testListId="8c84fa94-04c1-424b-9868-57a2d4851a1d" />
    <TestEntry testId="d16880d7-fb44-f209-43d9-ba2e0e1875de" executionId="56906876-e5f7-4a5a-9c66-c8e4329c810e" testListId="8c84fa94-04c1-424b-9868-57a2d4851a1d" />
    <TestEntry testId="f754f777-4449-23e8-f4ec-917f49117de2" executionId="fee03d20-59dd-4baa-9ab1-395c86411120" testListId="8c84fa94-04c1-424b-9868-57a2d4851a1d" />
    <TestEntry testId="263c08b1-704a-f3c2-309e-6dee831dbdc9" executionId="ab6d6720-260e-48a4-b2aa-0efcd684dde4" testListId="8c84fa94-04c1-424b-9868-57a2d4851a1d" />
    <TestEntry testId="61a8ccc9-c5b1-047b-3c97-f777ccc7d30b" executionId="f54afb05-9d25-4efe-bff1-1d02bc85803f" testListId="8c84fa94-04c1-424b-9868-57a2d4851a1d" />
    <TestEntry testId="70ede014-c412-e387-bb98-e95b3b42090d" executionId="ac22f7aa-f581-4404-92cd-40b2a010b250" testListId="8c84fa94-04c1-424b-9868-57a2d4851a1d" />
    <TestEntry testId="1a74e347-4470-5271-97ab-1ebaf8693270" executionId="63cd2039-eb98-4d51-ad26-c0db2ce4cb7f" testListId="8c84fa94-04c1-424b-9868-57a2d4851a1d" />
    <TestEntry testId="168fc980-36e3-101b-62b1-f5ab71e9fc0d" executionId="07a5502c-33ee-48a7-a729-70df6a167454" testListId="8c84fa94-04c1-424b-9868-57a2d4851a1d" />
    <TestEntry testId="8ba31d1b-48e3-e04e-cff0-b927c63b4a19" executionId="657ddac4-8dca-4da3-ab6f-a6794317ea12" testListId="8c84fa94-04c1-424b-9868-57a2d4851a1d" />
    <TestEntry testId="36689490-09d4-917f-648a-70dcfcfede10" executionId="0e57c597-21e0-4bcd-86e4-61f99ca78f65" testListId="8c84fa94-04c1-424b-9868-57a2d4851a1d" />
    <TestEntry testId="392ed628-2028-c945-b97e-893658a1e82b" executionId="9e2709a8-da8b-4d6d-b060-6738a505100a" testListId="8c84fa94-04c1-424b-9868-57a2d4851a1d" />
    <TestEntry testId="d1c63cb7-1f9a-a8bf-a217-a4cbb4e5f73b" executionId="07d05a03-b95c-4357-a35d-f2d76c1197ea" testListId="8c84fa94-04c1-424b-9868-57a2d4851a1d" />
    <TestEntry testId="a9198ad3-782e-a37c-0b5f-1330f5318f55" executionId="d853c90d-1279-4535-b797-efe269aced88" testListId="8c84fa94-04c1-424b-9868-57a2d4851a1d" />
    <TestEntry testId="92b7b9f6-1294-7ea1-ffa3-91fba85074d4" executionId="694266d5-55f9-485b-a083-40f628998131" testListId="8c84fa94-04c1-424b-9868-57a2d4851a1d" />
    <TestEntry testId="bae3532a-4a9e-c4ab-fc66-4dfa22d16170" executionId="2ccfa4ba-940c-4148-b2fe-b4f9e10093d8" testListId="8c84fa94-04c1-424b-9868-57a2d4851a1d" />
    <TestEntry testId="a21637b0-54f8-4fa0-bc3b-95481a9fd90b" executionId="9f15f4bc-72b5-4b34-8aea-35fec0890dd8" testListId="8c84fa94-04c1-424b-9868-57a2d4851a1d" />
    <TestEntry testId="96a18501-dea4-70b1-d572-baa1bb120da2" executionId="98c50af2-0f7f-479d-bf11-5ebbd6f492c9" testListId="8c84fa94-04c1-424b-9868-57a2d4851a1d" />
    <TestEntry testId="a21637b0-54f8-4fa0-bc3b-95481a9fd90b" executionId="962c20f8-9f78-4d1b-b085-cd8ae1b790bc" testListId="8c84fa94-04c1-424b-9868-57a2d4851a1d" />
    <TestEntry testId="478b61ee-7d85-9dbe-985d-08c590f8666a" executionId="8dcb4954-92ad-4710-a229-7a1f88d8d9ef" testListId="8c84fa94-04c1-424b-9868-57a2d4851a1d" />
    <TestEntry testId="986d7e6e-d04d-b204-b01c-fbb8f09c7774" executionId="b8eed0b6-5c24-4eae-ad9b-bb190ce5ad92" testListId="8c84fa94-04c1-424b-9868-57a2d4851a1d" />
    <TestEntry testId="ae39aa62-5ff2-56e7-d00e-ef116d711d51" executionId="af6bddbc-f740-4f64-ae70-98d73aed1781" testListId="8c84fa94-04c1-424b-9868-57a2d4851a1d" />
    <TestEntry testId="e6610648-e456-1c64-d2b1-7e1242b871a8" executionId="11e3035d-85d1-4a6d-b7a6-23005a03fc94" testListId="8c84fa94-04c1-424b-9868-57a2d4851a1d" />
    <TestEntry testId="ffe5c770-9b99-42c0-ce21-7e50cccf4385" executionId="a5832903-242b-4a3c-a044-41ed1d5fb662" testListId="8c84fa94-04c1-424b-9868-57a2d4851a1d" />
    <TestEntry testId="d6cab32e-cf28-1ba8-73a6-76c46cb62c4a" executionId="7c4e487a-8c53-4a47-a0c0-6aca6ca28689" testListId="8c84fa94-04c1-424b-9868-57a2d4851a1d" />
    <TestEntry testId="19b6234c-c2df-2304-54f9-54b0da4cd6ba" executionId="3fc17255-7b1d-4d32-9f75-bbccc3563fdf" testListId="8c84fa94-04c1-424b-9868-57a2d4851a1d" />
    <TestEntry testId="f5652070-1b22-f5a7-3f3f-68b37c9184a8" executionId="3772319a-b53e-4f4b-8de5-7048a06e09a8" testListId="8c84fa94-04c1-424b-9868-57a2d4851a1d" />
    <TestEntry testId="4fe0dd0f-2fa0-9c42-e816-a6df28150b72" executionId="7281384e-7bd7-40a0-a5de-4e6425f90db0" testListId="8c84fa94-04c1-424b-9868-57a2d4851a1d" />
    <TestEntry testId="1c164fbc-1ab1-9884-ccb8-9e84f4c977d0" executionId="2832134a-799b-47ad-8afa-e39dde11e912" testListId="8c84fa94-04c1-424b-9868-57a2d4851a1d" />
    <TestEntry testId="e1c7f76f-6195-c844-23c0-304b47fbae66" executionId="805decca-b4e1-444e-83cb-5697be00aae4" testListId="8c84fa94-04c1-424b-9868-57a2d4851a1d" />
    <TestEntry testId="74c28fcf-aa9b-2bab-0ff6-cfa98a0ddf49" executionId="aa1ea513-6bf6-4f14-bd52-9772c676ab20" testListId="8c84fa94-04c1-424b-9868-57a2d4851a1d" />
    <TestEntry testId="44b00d3a-bad7-aefd-141c-4a35b11463b2" executionId="4060bc6b-8801-44fa-ad08-7f4e11a439e6" testListId="8c84fa94-04c1-424b-9868-57a2d4851a1d" />
    <TestEntry testId="588a2c1b-7788-beb2-ade0-06788d455d25" executionId="10fb7d39-d23b-4977-87cc-6220ee7a8e30" testListId="8c84fa94-04c1-424b-9868-57a2d4851a1d" />
    <TestEntry testId="a21637b0-54f8-4fa0-bc3b-95481a9fd90b" executionId="d896129d-f8a3-410a-8234-690d1345d22a" testListId="8c84fa94-04c1-424b-9868-57a2d4851a1d" />
    <TestEntry testId="0247c7e7-7d1c-099b-2ac8-81a47ff2509a" executionId="bb7a1f68-a57b-41d4-b430-aa60667fde39" testListId="8c84fa94-04c1-424b-9868-57a2d4851a1d" />
    <TestEntry testId="130d9133-361f-a0da-f15e-423eb98947ac" executionId="8ff0a0c3-fe73-49fd-aac6-f2bf41c06c56" testListId="8c84fa94-04c1-424b-9868-57a2d4851a1d" />
  </TestEntries>
  <TestLists>
    <TestList name="Results Not in a List" id="8c84fa94-04c1-424b-9868-57a2d4851a1d" />
    <TestList name="All Loaded Results" id="19431567-8539-422a-85d7-44ee4e166bda" />
  </TestLists>
  <ResultSummary outcome="Completed">
    <Counters total="63" executed="63" passed="63" failed="0" error="0" timeout="0" aborted="0" inconclusive="0" passedButRunAborted="0" notRunnable="0" notExecuted="0" disconnected="0" warning="0" completed="0" inProgress="0" pending="0" />
    <Output>
      <StdOut>[xUnit.net 00:00:00.00] xUnit.net VSTest Adapter v2.4.3+1b45f5407b (32-bit Desktop .NET 4.0.30319.42000)&#xD;
[xUnit.net 00:00:00.96]   Discovering: UnitTests&#xD;
[xUnit.net 00:00:01.15]   Discovered:  UnitTests&#xD;
[xUnit.net 00:00:01.15]   Starting:    UnitTests&#xD;
[xUnit.net 00:00:06.56]   Finished:    UnitTests&#xD;
</StdOut>
    </Output>
  </ResultSummary>
</TestRun>