<?xml version="1.0" encoding="utf-8"?>
<TestRun id="d0961ede-56ea-405e-83c6-d78ed90b59a2" name="runneradmin@fv-az449-811 2022-03-13 22:38:44" runUser="fv-az449-811\runneradmin" xmlns="http://microsoft.com/schemas/VisualStudio/TeamTest/2010">
  <Times creation="2022-03-13T22:38:44.7110296+00:00" queuing="2022-03-13T22:38:44.7110298+00:00" start="2022-03-13T22:38:32.1637724+00:00" finish="2022-03-13T22:38:51.7537253+00:00" />
  <TestSettings name="default" id="cd26f7ab-763f-4d60-9350-b8ab9490347f">
    <Deployment runDeploymentRoot="runneradmin_fv-az449-811_2022-03-13_22_38_44" />
  </TestSettings>
  <Results>
    <UnitTestResult executionId="b4d9310e-47da-46bc-bd80-6c4b2dbe41b0" testId="43169439-e722-3696-654b-e380ed8f351d" testName="IntegrationTests.Controllers.ItemControllerTests.EditItem_Saves" computerName="fv-az449-811" duration="00:00:00.0880000" startTime="2022-03-13T22:38:50.0138185+00:00" endTime="2022-03-13T22:38:50.0138185+00:00" testType="13cdc9d9-ddb5-4fa4-a97d-d965ccfc6d4b" outcome="Passed" testListId="8c84fa94-04c1-424b-9868-57a2d4851a1d" relativeResultsDirectory="b4d9310e-47da-46bc-bd80-6c4b2dbe41b0" />
    <UnitTestResult executionId="6c4c83a8-9e59-4253-906c-818b87f715c6" testId="4fd078d7-61ec-6e3f-be79-cf322012a0cd" testName="IntegrationTests.Controllers.ItemControllerTests.GetItemsPage_SortsAscending" computerName="fv-az449-811" duration="00:00:06.4180000" startTime="2022-03-13T22:38:49.2632066+00:00" endTime="2022-03-13T22:38:49.2632066+00:00" testType="13cdc9d9-ddb5-4fa4-a97d-d965ccfc6d4b" outcome="Passed" testListId="8c84fa94-04c1-424b-9868-57a2d4851a1d" relativeResultsDirectory="6c4c83a8-9e59-4253-906c-818b87f715c6" />
    <UnitTestResult executionId="6e353eeb-75c7-42b3-8d7e-eb0c55eff997" testId="35a21cfd-ad2b-b819-14e0-5151fe414a07" testName="IntegrationTests.Controllers.ItemControllerTests.GetItemsPage_GetsProperPages(amount: 101, expectedPages: 11)" computerName="fv-az449-811" duration="00:00:00.0470000" startTime="2022-03-13T22:38:49.9258179+00:00" endTime="2022-03-13T22:38:49.9258179+00:00" testType="13cdc9d9-ddb5-4fa4-a97d-d965ccfc6d4b" outcome="Passed" testListId="8c84fa94-04c1-424b-9868-57a2d4851a1d" relativeResultsDirectory="6e353eeb-75c7-42b3-8d7e-eb0c55eff997" />
    <UnitTestResult executionId="2dcc103a-beb1-4baf-b1a0-7fd3dadccce1" testId="b2691cfb-5962-80d6-34ac-12efb31ff88e" testName="IntegrationTests.Controllers.ItemControllerTests.DeleteItem_Deletes" computerName="fv-az449-811" duration="00:00:00.1990000" startTime="2022-03-13T22:38:50.2335445+00:00" endTime="2022-03-13T22:38:50.2335445+00:00" testType="13cdc9d9-ddb5-4fa4-a97d-d965ccfc6d4b" outcome="Passed" testListId="8c84fa94-04c1-424b-9868-57a2d4851a1d" relativeResultsDirectory="2dcc103a-beb1-4baf-b1a0-7fd3dadccce1" />
    <UnitTestResult executionId="adf454e7-8d0d-4f2a-ba80-ae0f94979229" testId="fe1c9811-4463-ef95-5296-cdd71ab090b8" testName="IntegrationTests.Controllers.ItemControllerTests.DeleteItem_DeletesMissingItem" computerName="fv-az449-811" duration="00:00:00.0310000" startTime="2022-03-13T22:38:50.3105439+00:00" endTime="2022-03-13T22:38:50.3105439+00:00" testType="13cdc9d9-ddb5-4fa4-a97d-d965ccfc6d4b" outcome="Passed" testListId="8c84fa94-04c1-424b-9868-57a2d4851a1d" relativeResultsDirectory="adf454e7-8d0d-4f2a-ba80-ae0f94979229" />
    <UnitTestResult executionId="66d810f9-2445-45dc-bda2-9659f1453906" testId="74f30272-fd7f-9b4e-507d-1c94cc60bb29" testName="IntegrationTests.Controllers.ItemControllerTests.GetItemsPage_Query_Filters(query: &quot;1&quot;, expectedResults: 20)" computerName="fv-az449-811" duration="00:00:00.0520000" startTime="2022-03-13T22:38:49.3742051+00:00" endTime="2022-03-13T22:38:49.3742051+00:00" testType="13cdc9d9-ddb5-4fa4-a97d-d965ccfc6d4b" outcome="Passed" testListId="8c84fa94-04c1-424b-9868-57a2d4851a1d" relativeResultsDirectory="66d810f9-2445-45dc-bda2-9659f1453906" />
    <UnitTestResult executionId="63ca8828-5171-4a37-852d-dc206db3112e" testId="31a1a77c-5b35-2c19-9bdc-0ee23e06e8f3" testName="IntegrationTests.Controllers.ItemControllerTests.GetItemsPage_GetsProperPages(amount: 10, expectedPages: 1)" computerName="fv-az449-811" duration="00:00:00.0300000" startTime="2022-03-13T22:38:49.8592615+00:00" endTime="2022-03-13T22:38:49.8592615+00:00" testType="13cdc9d9-ddb5-4fa4-a97d-d965ccfc6d4b" outcome="Passed" testListId="8c84fa94-04c1-424b-9868-57a2d4851a1d" relativeResultsDirectory="63ca8828-5171-4a37-852d-dc206db3112e" />
    <UnitTestResult executionId="b3d3a89d-50d2-4773-b96e-cf1a38e49e6b" testId="c6d15831-7dbe-24e6-d39b-4f317a873a34" testName="IntegrationTests.Controllers.ItemControllerTests.GetItemsPage_GetsProperPages(amount: 1, expectedPages: 1)" computerName="fv-az449-811" duration="00:00:00.0400000" startTime="2022-03-13T22:38:49.7832092+00:00" endTime="2022-03-13T22:38:49.7832092+00:00" testType="13cdc9d9-ddb5-4fa4-a97d-d965ccfc6d4b" outcome="Passed" testListId="8c84fa94-04c1-424b-9868-57a2d4851a1d" relativeResultsDirectory="b3d3a89d-50d2-4773-b96e-cf1a38e49e6b" />
    <UnitTestResult executionId="201106a1-be40-4892-b3e4-cf49daccab95" testId="9609bc3b-2435-1be2-e2f3-2c6b217c770c" testName="IntegrationTests.Controllers.ItemControllerTests.GetItemsPage_Query_Filters(query: &quot;Missing&quot;, expectedResults: 0)" computerName="fv-az449-811" duration="00:00:00.0490000" startTime="2022-03-13T22:38:49.4722054+00:00" endTime="2022-03-13T22:38:49.4722054+00:00" testType="13cdc9d9-ddb5-4fa4-a97d-d965ccfc6d4b" outcome="Passed" testListId="8c84fa94-04c1-424b-9868-57a2d4851a1d" relativeResultsDirectory="201106a1-be40-4892-b3e4-cf49daccab95" />
    <UnitTestResult executionId="b2ec0ad3-d7aa-4761-aad1-b680a75f1661" testId="eb8cb345-7707-0e07-1566-f6a04ceb2670" testName="IntegrationTests.Controllers.ItemControllerTests.CanEdit_Defaults_To_False" computerName="fv-az449-811" duration="00:00:00.0190000" startTime="2022-03-13T22:38:49.7462077+00:00" endTime="2022-03-13T22:38:49.7462077+00:00" testType="13cdc9d9-ddb5-4fa4-a97d-d965ccfc6d4b" outcome="Passed" testListId="8c84fa94-04c1-424b-9868-57a2d4851a1d" relativeResultsDirectory="b2ec0ad3-d7aa-4761-aad1-b680a75f1661" />
    <UnitTestResult executionId="7651ff95-339b-451c-b2c4-024b19cdfb71" testId="0a429b0b-08a8-36a6-5969-3c31a35cc366" testName="IntegrationTests.Controllers.ItemControllerTests.GetItemsPage_GetsProperPages(amount: 9, expectedPages: 1)" computerName="fv-az449-811" duration="00:00:00.0250000" startTime="2022-03-13T22:38:49.8792088+00:00" endTime="2022-03-13T22:38:49.8792088+00:00" testType="13cdc9d9-ddb5-4fa4-a97d-d965ccfc6d4b" outcome="Passed" testListId="8c84fa94-04c1-424b-9868-57a2d4851a1d" relativeResultsDirectory="7651ff95-339b-451c-b2c4-024b19cdfb71" />
    <UnitTestResult executionId="d7ec4827-9575-4198-9dab-67836f7d9680" testId="1ec97a71-0b29-f7c5-72ce-8cf48efa2e36" testName="IntegrationTests.Controllers.ItemControllerTests.CreateItem_Creates(name: &quot;name2&quot;, description: &quot;description2&quot;)" computerName="fv-az449-811" duration="00:00:00.0410000" startTime="2022-03-13T22:38:49.6512074+00:00" endTime="2022-03-13T22:38:49.6512074+00:00" testType="13cdc9d9-ddb5-4fa4-a97d-d965ccfc6d4b" outcome="Passed" testListId="8c84fa94-04c1-424b-9868-57a2d4851a1d" relativeResultsDirectory="d7ec4827-9575-4198-9dab-67836f7d9680" />
    <UnitTestResult executionId="12fd9f92-c634-4a3f-a3da-941b46d0139b" testId="06f0962d-466b-0634-113e-f3863f9b599c" testName="IntegrationTests.Controllers.ItemControllerTests.GetItemsPage_GetsProperPages(amount: 99, expectedPages: 10)" computerName="fv-az449-811" duration="00:00:00.0410000" startTime="2022-03-13T22:38:49.8312083+00:00" endTime="2022-03-13T22:38:49.8312083+00:00" testType="13cdc9d9-ddb5-4fa4-a97d-d965ccfc6d4b" outcome="Passed" testListId="8c84fa94-04c1-424b-9868-57a2d4851a1d" relativeResultsDirectory="12fd9f92-c634-4a3f-a3da-941b46d0139b" />
    <UnitTestResult executionId="0f78912e-de69-45dc-a9d6-0fbd7c2f4dd4" testId="69a7a014-6241-5f0a-e55d-960890e56595" testName="IntegrationTests.Controllers.ServiceRouteMapperTests.RegisterRoutes_RegistersAtLestOneRoute" computerName="fv-az449-811" duration="00:00:01.6330000" startTime="2022-03-13T22:38:44.5160806+00:00" endTime="2022-03-13T22:38:44.5160806+00:00" testType="13cdc9d9-ddb5-4fa4-a97d-d965ccfc6d4b" outcome="Passed" testListId="8c84fa94-04c1-424b-9868-57a2d4851a1d" relativeResultsDirectory="0f78912e-de69-45dc-a9d6-0fbd7c2f4dd4" />
    <UnitTestResult executionId="aebf07b9-5b4d-4216-846c-dfcdd2477ea9" testId="d18898e3-6995-0d27-8e53-1ced81186e2d" testName="IntegrationTests.Controllers.ItemControllerTests.GetItemsPage_PageSize0_DefaultsTo1" computerName="fv-az449-811" duration="00:00:00.0230000" startTime="2022-03-13T22:38:50.2565444+00:00" endTime="2022-03-13T22:38:50.2565444+00:00" testType="13cdc9d9-ddb5-4fa4-a97d-d965ccfc6d4b" outcome="Passed" testListId="8c84fa94-04c1-424b-9868-57a2d4851a1d" relativeResultsDirectory="aebf07b9-5b4d-4216-846c-dfcdd2477ea9" />
    <UnitTestResult executionId="388b3646-138f-4e9e-8161-f7558556eb8d" testId="b5a2bbb3-e25b-0d71-cef7-0187c592a682" testName="IntegrationTests.Controllers.ItemControllerTests.GetItemsPage_Query_Filters(query: &quot;Name 100&quot;, expectedResults: 1)" computerName="fv-az449-811" duration="00:00:00.0470000" startTime="2022-03-13T22:38:49.5192071+00:00" endTime="2022-03-13T22:38:49.5192071+00:00" testType="13cdc9d9-ddb5-4fa4-a97d-d965ccfc6d4b" outcome="Passed" testListId="8c84fa94-04c1-424b-9868-57a2d4851a1d" relativeResultsDirectory="388b3646-138f-4e9e-8161-f7558556eb8d" />
    <UnitTestResult executionId="2e58b45a-0977-4999-ba28-feea43ede790" testId="6274cd22-d848-61dd-8233-d29a2f361a38" testName="IntegrationTests.Controllers.ItemControllerTests.GetItemsPage_Query_Filters(query: &quot;Name 1&quot;, expectedResults: 12)" computerName="fv-az449-811" duration="00:00:00.0500000" startTime="2022-03-13T22:38:49.4242058+00:00" endTime="2022-03-13T22:38:49.4242058+00:00" testType="13cdc9d9-ddb5-4fa4-a97d-d965ccfc6d4b" outcome="Passed" testListId="8c84fa94-04c1-424b-9868-57a2d4851a1d" relativeResultsDirectory="2e58b45a-0977-4999-ba28-feea43ede790" />
    <UnitTestResult executionId="b86dac5b-a81b-407d-85a6-45dfdbf2d472" testId="c6abb489-2666-fd84-85be-69873a4c76cc" testName="IntegrationTests.Controllers.ItemControllerTests.CreateItem_Creates(name: &quot;name1&quot;, description: &quot;description1&quot;)" computerName="fv-az449-811" duration="00:00:00.0100000" startTime="2022-03-13T22:38:49.6622097+00:00" endTime="2022-03-13T22:38:49.6622097+00:00" testType="13cdc9d9-ddb5-4fa4-a97d-d965ccfc6d4b" outcome="Passed" testListId="8c84fa94-04c1-424b-9868-57a2d4851a1d" relativeResultsDirectory="b86dac5b-a81b-407d-85a6-45dfdbf2d472" />
    <UnitTestResult executionId="e57c60c4-9661-4510-8d81-37ed3b4c6005" testId="75b07048-5201-d631-649a-c012e65b7444" testName="IntegrationTests.Controllers.ItemControllerTests.GetItemsPage_Query_Filters(query: &quot;Name 10&quot;, expectedResults: 2)" computerName="fv-az449-811" duration="00:00:00.0470000" startTime="2022-03-13T22:38:49.6082065+00:00" endTime="2022-03-13T22:38:49.6082065+00:00" testType="13cdc9d9-ddb5-4fa4-a97d-d965ccfc6d4b" outcome="Passed" testListId="8c84fa94-04c1-424b-9868-57a2d4851a1d" relativeResultsDirectory="e57c60c4-9661-4510-8d81-37ed3b4c6005" />
    <UnitTestResult executionId="f3da829c-30ad-4174-b47d-4a86e3f6e16a" testId="64ce4809-e3f8-8d8e-c808-2938f18aa4d4" testName="IntegrationTests.Controllers.ItemControllerTests.GetItemsPage_Query_Filters(query: &quot;Name 2&quot;, expectedResults: 11)" computerName="fv-az449-811" duration="00:00:00.0410000" startTime="2022-03-13T22:38:49.5612072+00:00" endTime="2022-03-13T22:38:49.5612072+00:00" testType="13cdc9d9-ddb5-4fa4-a97d-d965ccfc6d4b" outcome="Passed" testListId="8c84fa94-04c1-424b-9868-57a2d4851a1d" relativeResultsDirectory="f3da829c-30ad-4174-b47d-4a86e3f6e16a" />
    <UnitTestResult executionId="f09a0953-ef4f-4e40-b4b1-df518d517bb2" testId="1450a0ab-3596-66d8-8d08-6506bbe1f61b" testName="IntegrationTests.Controllers.ItemControllerTests.GetItemsPage_50Items_GetsProperly" computerName="fv-az449-811" duration="00:00:00.0610000" startTime="2022-03-13T22:38:49.7242074+00:00" endTime="2022-03-13T22:38:49.7242074+00:00" testType="13cdc9d9-ddb5-4fa4-a97d-d965ccfc6d4b" outcome="Passed" testListId="8c84fa94-04c1-424b-9868-57a2d4851a1d" relativeResultsDirectory="f09a0953-ef4f-4e40-b4b1-df518d517bb2" />
    <UnitTestResult executionId="a5d86a30-82f4-4677-a413-7678437a5911" testId="2f8521ee-e0ca-eac4-b453-aa86236fc9b9" testName="IntegrationTests.Controllers.ItemControllerTests.GetItemsPage_SortsDescending" computerName="fv-az449-811" duration="00:00:00.0230000" startTime="2022-03-13T22:38:50.2795444+00:00" endTime="2022-03-13T22:38:50.2795444+00:00" testType="13cdc9d9-ddb5-4fa4-a97d-d965ccfc6d4b" outcome="Passed" testListId="8c84fa94-04c1-424b-9868-57a2d4851a1d" relativeResultsDirectory="a5d86a30-82f4-4677-a413-7678437a5911" />
    <UnitTestResult executionId="be6cdf39-c2f3-419c-9176-f172dbef07df" testId="945f4fce-c15e-e09c-9dbf-5879cde58a78" testName="IntegrationTests.Controllers.ItemControllerTests.GetItemsPage_Page0_DefaultsToPage1" computerName="fv-az449-811" duration="00:00:00.0210000" startTime="2022-03-13T22:38:50.0348189+00:00" endTime="2022-03-13T22:38:50.0348189+00:00" testType="13cdc9d9-ddb5-4fa4-a97d-d965ccfc6d4b" outcome="Passed" testListId="8c84fa94-04c1-424b-9868-57a2d4851a1d" relativeResultsDirectory="be6cdf39-c2f3-419c-9176-f172dbef07df" />
    <UnitTestResult executionId="768908aa-e120-49bd-8938-1beeab24b481" testId="3b96b54e-967c-6e8f-1ced-4ff4d8370be3" testName="IntegrationTests.Controllers.ItemControllerTests.GetItemsPage_Query_Filters(query: &quot;&quot;, expectedResults: 100)" computerName="fv-az449-811" duration="00:00:00.0590000" startTime="2022-03-13T22:38:49.3222043+00:00" endTime="2022-03-13T22:38:49.3222043+00:00" testType="13cdc9d9-ddb5-4fa4-a97d-d965ccfc6d4b" outcome="Passed" testListId="8c84fa94-04c1-424b-9868-57a2d4851a1d" relativeResultsDirectory="768908aa-e120-49bd-8938-1beeab24b481" />
  </Results>
  <TestDefinitions>
    <UnitTest name="IntegrationTests.Controllers.ItemControllerTests.GetItemsPage_Query_Filters(query: &quot;Name 10&quot;, expectedResults: 2)" storage="d:\a\mymodule20220313\mymodule20220313\integrationtests\bin\integrationtests.dll" id="75b07048-5201-d631-649a-c012e65b7444">
      <Execution id="e57c60c4-9661-4510-8d81-37ed3b4c6005" />
      <TestMethod codeBase="D:\a\MyModule20220313\MyModule20220313\IntegrationTests\bin\IntegrationTests.dll" adapterTypeName="executor://xunit/VsTestRunner2/net" className="IntegrationTests.Controllers.ItemControllerTests" name="GetItemsPage_Query_Filters" />
    </UnitTest>
    <UnitTest name="IntegrationTests.Controllers.ItemControllerTests.GetItemsPage_Query_Filters(query: &quot;1&quot;, expectedResults: 20)" storage="d:\a\mymodule20220313\mymodule20220313\integrationtests\bin\integrationtests.dll" id="74f30272-fd7f-9b4e-507d-1c94cc60bb29">
      <Execution id="66d810f9-2445-45dc-bda2-9659f1453906" />
      <TestMethod codeBase="D:\a\MyModule20220313\MyModule20220313\IntegrationTests\bin\IntegrationTests.dll" adapterTypeName="executor://xunit/VsTestRunner2/net" className="IntegrationTests.Controllers.ItemControllerTests" name="GetItemsPage_Query_Filters" />
    </UnitTest>
    <UnitTest name="IntegrationTests.Controllers.ItemControllerTests.GetItemsPage_GetsProperPages(amount: 99, expectedPages: 10)" storage="d:\a\mymodule20220313\mymodule20220313\integrationtests\bin\integrationtests.dll" id="06f0962d-466b-0634-113e-f3863f9b599c">
      <Execution id="12fd9f92-c634-4a3f-a3da-941b46d0139b" />
      <TestMethod codeBase="D:\a\MyModule20220313\MyModule20220313\IntegrationTests\bin\IntegrationTests.dll" adapterTypeName="executor://xunit/VsTestRunner2/net" className="IntegrationTests.Controllers.ItemControllerTests" name="GetItemsPage_GetsProperPages" />
    </UnitTest>
    <UnitTest name="IntegrationTests.Controllers.ItemControllerTests.DeleteItem_DeletesMissingItem" storage="d:\a\mymodule20220313\mymodule20220313\integrationtests\bin\integrationtests.dll" id="fe1c9811-4463-ef95-5296-cdd71ab090b8">
      <Execution id="adf454e7-8d0d-4f2a-ba80-ae0f94979229" />
      <TestMethod codeBase="D:\a\MyModule20220313\MyModule20220313\IntegrationTests\bin\IntegrationTests.dll" adapterTypeName="executor://xunit/VsTestRunner2/net" className="IntegrationTests.Controllers.ItemControllerTests" name="DeleteItem_DeletesMissingItem" />
    </UnitTest>
    <UnitTest name="IntegrationTests.Controllers.ItemControllerTests.EditItem_Saves" storage="d:\a\mymodule20220313\mymodule20220313\integrationtests\bin\integrationtests.dll" id="43169439-e722-3696-654b-e380ed8f351d">
      <Execution id="b4d9310e-47da-46bc-bd80-6c4b2dbe41b0" />
      <TestMethod codeBase="D:\a\MyModule20220313\MyModule20220313\IntegrationTests\bin\IntegrationTests.dll" adapterTypeName="executor://xunit/VsTestRunner2/net" className="IntegrationTests.Controllers.ItemControllerTests" name="EditItem_Saves" />
    </UnitTest>
    <UnitTest name="IntegrationTests.Controllers.ItemControllerTests.CreateItem_Creates(name: &quot;name1&quot;, description: &quot;description1&quot;)" storage="d:\a\mymodule20220313\mymodule20220313\integrationtests\bin\integrationtests.dll" id="c6abb489-2666-fd84-85be-69873a4c76cc">
      <Execution id="b86dac5b-a81b-407d-85a6-45dfdbf2d472" />
      <TestMethod codeBase="D:\a\MyModule20220313\MyModule20220313\IntegrationTests\bin\IntegrationTests.dll" adapterTypeName="executor://xunit/VsTestRunner2/net" className="IntegrationTests.Controllers.ItemControllerTests" name="CreateItem_Creates" />
    </UnitTest>
    <UnitTest name="IntegrationTests.Controllers.ItemControllerTests.GetItemsPage_Query_Filters(query: &quot;&quot;, expectedResults: 100)" storage="d:\a\mymodule20220313\mymodule20220313\integrationtests\bin\integrationtests.dll" id="3b96b54e-967c-6e8f-1ced-4ff4d8370be3">
      <Execution id="768908aa-e120-49bd-8938-1beeab24b481" />
      <TestMethod codeBase="D:\a\MyModule20220313\MyModule20220313\IntegrationTests\bin\IntegrationTests.dll" adapterTypeName="executor://xunit/VsTestRunner2/net" className="IntegrationTests.Controllers.ItemControllerTests" name="GetItemsPage_Query_Filters" />
    </UnitTest>
    <UnitTest name="IntegrationTests.Controllers.ItemControllerTests.GetItemsPage_SortsDescending" storage="d:\a\mymodule20220313\mymodule20220313\integrationtests\bin\integrationtests.dll" id="2f8521ee-e0ca-eac4-b453-aa86236fc9b9">
      <Execution id="a5d86a30-82f4-4677-a413-7678437a5911" />
      <TestMethod codeBase="D:\a\MyModule20220313\MyModule20220313\IntegrationTests\bin\IntegrationTests.dll" adapterTypeName="executor://xunit/VsTestRunner2/net" className="IntegrationTests.Controllers.ItemControllerTests" name="GetItemsPage_SortsDescending" />
    </UnitTest>
    <UnitTest name="IntegrationTests.Controllers.ItemControllerTests.GetItemsPage_Page0_DefaultsToPage1" storage="d:\a\mymodule20220313\mymodule20220313\integrationtests\bin\integrationtests.dll" id="945f4fce-c15e-e09c-9dbf-5879cde58a78">
      <Execution id="be6cdf39-c2f3-419c-9176-f172dbef07df" />
      <TestMethod codeBase="D:\a\MyModule20220313\MyModule20220313\IntegrationTests\bin\IntegrationTests.dll" adapterTypeName="executor://xunit/VsTestRunner2/net" className="IntegrationTests.Controllers.ItemControllerTests" name="GetItemsPage_Page0_DefaultsToPage1" />
    </UnitTest>
    <UnitTest name="IntegrationTests.Controllers.ItemControllerTests.GetItemsPage_50Items_GetsProperly" storage="d:\a\mymodule20220313\mymodule20220313\integrationtests\bin\integrationtests.dll" id="1450a0ab-3596-66d8-8d08-6506bbe1f61b">
      <Execution id="f09a0953-ef4f-4e40-b4b1-df518d517bb2" />
      <TestMethod codeBase="D:\a\MyModule20220313\MyModule20220313\IntegrationTests\bin\IntegrationTests.dll" adapterTypeName="executor://xunit/VsTestRunner2/net" className="IntegrationTests.Controllers.ItemControllerTests" name="GetItemsPage_50Items_GetsProperly" />
    </UnitTest>
    <UnitTest name="IntegrationTests.Controllers.ItemControllerTests.GetItemsPage_GetsProperPages(amount: 101, expectedPages: 11)" storage="d:\a\mymodule20220313\mymodule20220313\integrationtests\bin\integrationtests.dll" id="35a21cfd-ad2b-b819-14e0-5151fe414a07">
      <Execution id="6e353eeb-75c7-42b3-8d7e-eb0c55eff997" />
      <TestMethod codeBase="D:\a\MyModule20220313\MyModule20220313\IntegrationTests\bin\IntegrationTests.dll" adapterTypeName="executor://xunit/VsTestRunner2/net" className="IntegrationTests.Controllers.ItemControllerTests" name="GetItemsPage_GetsProperPages" />
    </UnitTest>
    <UnitTest name="IntegrationTests.Controllers.ItemControllerTests.GetItemsPage_GetsProperPages(amount: 1, expectedPages: 1)" storage="d:\a\mymodule20220313\mymodule20220313\integrationtests\bin\integrationtests.dll" id="c6d15831-7dbe-24e6-d39b-4f317a873a34">
      <Execution id="b3d3a89d-50d2-4773-b96e-cf1a38e49e6b" />
      <TestMethod codeBase="D:\a\MyModule20220313\MyModule20220313\IntegrationTests\bin\IntegrationTests.dll" adapterTypeName="executor://xunit/VsTestRunner2/net" className="IntegrationTests.Controllers.ItemControllerTests" name="GetItemsPage_GetsProperPages" />
    </UnitTest>
    <UnitTest name="IntegrationTests.Controllers.ItemControllerTests.CreateItem_Creates(name: &quot;name2&quot;, description: &quot;description2&quot;)" storage="d:\a\mymodule20220313\mymodule20220313\integrationtests\bin\integrationtests.dll" id="1ec97a71-0b29-f7c5-72ce-8cf48efa2e36">
      <Execution id="d7ec4827-9575-4198-9dab-67836f7d9680" />
      <TestMethod codeBase="D:\a\MyModule20220313\MyModule20220313\IntegrationTests\bin\IntegrationTests.dll" adapterTypeName="executor://xunit/VsTestRunner2/net" className="IntegrationTests.Controllers.ItemControllerTests" name="CreateItem_Creates" />
    </UnitTest>
    <UnitTest name="IntegrationTests.Controllers.ItemControllerTests.GetItemsPage_SortsAscending" storage="d:\a\mymodule20220313\mymodule20220313\integrationtests\bin\integrationtests.dll" id="4fd078d7-61ec-6e3f-be79-cf322012a0cd">
      <Execution id="6c4c83a8-9e59-4253-906c-818b87f715c6" />
      <TestMethod codeBase="D:\a\MyModule20220313\MyModule20220313\IntegrationTests\bin\IntegrationTests.dll" adapterTypeName="executor://xunit/VsTestRunner2/net" className="IntegrationTests.Controllers.ItemControllerTests" name="GetItemsPage_SortsAscending" />
    </UnitTest>
    <UnitTest name="IntegrationTests.Controllers.ItemControllerTests.GetItemsPage_PageSize0_DefaultsTo1" storage="d:\a\mymodule20220313\mymodule20220313\integrationtests\bin\integrationtests.dll" id="d18898e3-6995-0d27-8e53-1ced81186e2d">
      <Execution id="aebf07b9-5b4d-4216-846c-dfcdd2477ea9" />
      <TestMethod codeBase="D:\a\MyModule20220313\MyModule20220313\IntegrationTests\bin\IntegrationTests.dll" adapterTypeName="executor://xunit/VsTestRunner2/net" className="IntegrationTests.Controllers.ItemControllerTests" name="GetItemsPage_PageSize0_DefaultsTo1" />
    </UnitTest>
    <UnitTest name="IntegrationTests.Controllers.ItemControllerTests.GetItemsPage_GetsProperPages(amount: 9, expectedPages: 1)" storage="d:\a\mymodule20220313\mymodule20220313\integrationtests\bin\integrationtests.dll" id="0a429b0b-08a8-36a6-5969-3c31a35cc366">
      <Execution id="7651ff95-339b-451c-b2c4-024b19cdfb71" />
      <TestMethod codeBase="D:\a\MyModule20220313\MyModule20220313\IntegrationTests\bin\IntegrationTests.dll" adapterTypeName="executor://xunit/VsTestRunner2/net" className="IntegrationTests.Controllers.ItemControllerTests" name="GetItemsPage_GetsProperPages" />
    </UnitTest>
    <UnitTest name="IntegrationTests.Controllers.ItemControllerTests.GetItemsPage_GetsProperPages(amount: 10, expectedPages: 1)" storage="d:\a\mymodule20220313\mymodule20220313\integrationtests\bin\integrationtests.dll" id="31a1a77c-5b35-2c19-9bdc-0ee23e06e8f3">
      <Execution id="63ca8828-5171-4a37-852d-dc206db3112e" />
      <TestMethod codeBase="D:\a\MyModule20220313\MyModule20220313\IntegrationTests\bin\IntegrationTests.dll" adapterTypeName="executor://xunit/VsTestRunner2/net" className="IntegrationTests.Controllers.ItemControllerTests" name="GetItemsPage_GetsProperPages" />
    </UnitTest>
    <UnitTest name="IntegrationTests.Controllers.ItemControllerTests.GetItemsPage_Query_Filters(query: &quot;Missing&quot;, expectedResults: 0)" storage="d:\a\mymodule20220313\mymodule20220313\integrationtests\bin\integrationtests.dll" id="9609bc3b-2435-1be2-e2f3-2c6b217c770c">
      <Execution id="201106a1-be40-4892-b3e4-cf49daccab95" />
      <TestMethod codeBase="D:\a\MyModule20220313\MyModule20220313\IntegrationTests\bin\IntegrationTests.dll" adapterTypeName="executor://xunit/VsTestRunner2/net" className="IntegrationTests.Controllers.ItemControllerTests" name="GetItemsPage_Query_Filters" />
    </UnitTest>
    <UnitTest name="IntegrationTests.Controllers.ItemControllerTests.DeleteItem_Deletes" storage="d:\a\mymodule20220313\mymodule20220313\integrationtests\bin\integrationtests.dll" id="b2691cfb-5962-80d6-34ac-12efb31ff88e">
      <Execution id="2dcc103a-beb1-4baf-b1a0-7fd3dadccce1" />
      <TestMethod codeBase="D:\a\MyModule20220313\MyModule20220313\IntegrationTests\bin\IntegrationTests.dll" adapterTypeName="executor://xunit/VsTestRunner2/net" className="IntegrationTests.Controllers.ItemControllerTests" name="DeleteItem_Deletes" />
    </UnitTest>
    <UnitTest name="IntegrationTests.Controllers.ItemControllerTests.GetItemsPage_Query_Filters(query: &quot;Name 2&quot;, expectedResults: 11)" storage="d:\a\mymodule20220313\mymodule20220313\integrationtests\bin\integrationtests.dll" id="64ce4809-e3f8-8d8e-c808-2938f18aa4d4">
      <Execution id="f3da829c-30ad-4174-b47d-4a86e3f6e16a" />
      <TestMethod codeBase="D:\a\MyModule20220313\MyModule20220313\IntegrationTests\bin\IntegrationTests.dll" adapterTypeName="executor://xunit/VsTestRunner2/net" className="IntegrationTests.Controllers.ItemControllerTests" name="GetItemsPage_Query_Filters" />
    </UnitTest>
    <UnitTest name="IntegrationTests.Controllers.ItemControllerTests.GetItemsPage_Query_Filters(query: &quot;Name 100&quot;, expectedResults: 1)" storage="d:\a\mymodule20220313\mymodule20220313\integrationtests\bin\integrationtests.dll" id="b5a2bbb3-e25b-0d71-cef7-0187c592a682">
      <Execution id="388b3646-138f-4e9e-8161-f7558556eb8d" />
      <TestMethod codeBase="D:\a\MyModule20220313\MyModule20220313\IntegrationTests\bin\IntegrationTests.dll" adapterTypeName="executor://xunit/VsTestRunner2/net" className="IntegrationTests.Controllers.ItemControllerTests" name="GetItemsPage_Query_Filters" />
    </UnitTest>
    <UnitTest name="IntegrationTests.Controllers.ServiceRouteMapperTests.RegisterRoutes_RegistersAtLestOneRoute" storage="d:\a\mymodule20220313\mymodule20220313\integrationtests\bin\integrationtests.dll" id="69a7a014-6241-5f0a-e55d-960890e56595">
      <Execution id="0f78912e-de69-45dc-a9d6-0fbd7c2f4dd4" />
      <TestMethod codeBase="D:\a\MyModule20220313\MyModule20220313\IntegrationTests\bin\IntegrationTests.dll" adapterTypeName="executor://xunit/VsTestRunner2/net" className="IntegrationTests.Controllers.ServiceRouteMapperTests" name="RegisterRoutes_RegistersAtLestOneRoute" />
    </UnitTest>
    <UnitTest name="IntegrationTests.Controllers.ItemControllerTests.GetItemsPage_Query_Filters(query: &quot;Name 1&quot;, expectedResults: 12)" storage="d:\a\mymodule20220313\mymodule20220313\integrationtests\bin\integrationtests.dll" id="6274cd22-d848-61dd-8233-d29a2f361a38">
      <Execution id="2e58b45a-0977-4999-ba28-feea43ede790" />
      <TestMethod codeBase="D:\a\MyModule20220313\MyModule20220313\IntegrationTests\bin\IntegrationTests.dll" adapterTypeName="executor://xunit/VsTestRunner2/net" className="IntegrationTests.Controllers.ItemControllerTests" name="GetItemsPage_Query_Filters" />
    </UnitTest>
    <UnitTest name="IntegrationTests.Controllers.ItemControllerTests.CanEdit_Defaults_To_False" storage="d:\a\mymodule20220313\mymodule20220313\integrationtests\bin\integrationtests.dll" id="eb8cb345-7707-0e07-1566-f6a04ceb2670">
      <Execution id="b2ec0ad3-d7aa-4761-aad1-b680a75f1661" />
      <TestMethod codeBase="D:\a\MyModule20220313\MyModule20220313\IntegrationTests\bin\IntegrationTests.dll" adapterTypeName="executor://xunit/VsTestRunner2/net" className="IntegrationTests.Controllers.ItemControllerTests" name="CanEdit_Defaults_To_False" />
    </UnitTest>
  </TestDefinitions>
  <TestEntries>
    <TestEntry testId="43169439-e722-3696-654b-e380ed8f351d" executionId="b4d9310e-47da-46bc-bd80-6c4b2dbe41b0" testListId="8c84fa94-04c1-424b-9868-57a2d4851a1d" />
    <TestEntry testId="4fd078d7-61ec-6e3f-be79-cf322012a0cd" executionId="6c4c83a8-9e59-4253-906c-818b87f715c6" testListId="8c84fa94-04c1-424b-9868-57a2d4851a1d" />
    <TestEntry testId="35a21cfd-ad2b-b819-14e0-5151fe414a07" executionId="6e353eeb-75c7-42b3-8d7e-eb0c55eff997" testListId="8c84fa94-04c1-424b-9868-57a2d4851a1d" />
    <TestEntry testId="b2691cfb-5962-80d6-34ac-12efb31ff88e" executionId="2dcc103a-beb1-4baf-b1a0-7fd3dadccce1" testListId="8c84fa94-04c1-424b-9868-57a2d4851a1d" />
    <TestEntry testId="fe1c9811-4463-ef95-5296-cdd71ab090b8" executionId="adf454e7-8d0d-4f2a-ba80-ae0f94979229" testListId="8c84fa94-04c1-424b-9868-57a2d4851a1d" />
    <TestEntry testId="74f30272-fd7f-9b4e-507d-1c94cc60bb29" executionId="66d810f9-2445-45dc-bda2-9659f1453906" testListId="8c84fa94-04c1-424b-9868-57a2d4851a1d" />
    <TestEntry testId="31a1a77c-5b35-2c19-9bdc-0ee23e06e8f3" executionId="63ca8828-5171-4a37-852d-dc206db3112e" testListId="8c84fa94-04c1-424b-9868-57a2d4851a1d" />
    <TestEntry testId="c6d15831-7dbe-24e6-d39b-4f317a873a34" executionId="b3d3a89d-50d2-4773-b96e-cf1a38e49e6b" testListId="8c84fa94-04c1-424b-9868-57a2d4851a1d" />
    <TestEntry testId="9609bc3b-2435-1be2-e2f3-2c6b217c770c" executionId="201106a1-be40-4892-b3e4-cf49daccab95" testListId="8c84fa94-04c1-424b-9868-57a2d4851a1d" />
    <TestEntry testId="eb8cb345-7707-0e07-1566-f6a04ceb2670" executionId="b2ec0ad3-d7aa-4761-aad1-b680a75f1661" testListId="8c84fa94-04c1-424b-9868-57a2d4851a1d" />
    <TestEntry testId="0a429b0b-08a8-36a6-5969-3c31a35cc366" executionId="7651ff95-339b-451c-b2c4-024b19cdfb71" testListId="8c84fa94-04c1-424b-9868-57a2d4851a1d" />
    <TestEntry testId="1ec97a71-0b29-f7c5-72ce-8cf48efa2e36" executionId="d7ec4827-9575-4198-9dab-67836f7d9680" testListId="8c84fa94-04c1-424b-9868-57a2d4851a1d" />
    <TestEntry testId="06f0962d-466b-0634-113e-f3863f9b599c" executionId="12fd9f92-c634-4a3f-a3da-941b46d0139b" testListId="8c84fa94-04c1-424b-9868-57a2d4851a1d" />
    <TestEntry testId="69a7a014-6241-5f0a-e55d-960890e56595" executionId="0f78912e-de69-45dc-a9d6-0fbd7c2f4dd4" testListId="8c84fa94-04c1-424b-9868-57a2d4851a1d" />
    <TestEntry testId="d18898e3-6995-0d27-8e53-1ced81186e2d" executionId="aebf07b9-5b4d-4216-846c-dfcdd2477ea9" testListId="8c84fa94-04c1-424b-9868-57a2d4851a1d" />
    <TestEntry testId="b5a2bbb3-e25b-0d71-cef7-0187c592a682" executionId="388b3646-138f-4e9e-8161-f7558556eb8d" testListId="8c84fa94-04c1-424b-9868-57a2d4851a1d" />
    <TestEntry testId="6274cd22-d848-61dd-8233-d29a2f361a38" executionId="2e58b45a-0977-4999-ba28-feea43ede790" testListId="8c84fa94-04c1-424b-9868-57a2d4851a1d" />
    <TestEntry testId="c6abb489-2666-fd84-85be-69873a4c76cc" executionId="b86dac5b-a81b-407d-85a6-45dfdbf2d472" testListId="8c84fa94-04c1-424b-9868-57a2d4851a1d" />
    <TestEntry testId="75b07048-5201-d631-649a-c012e65b7444" executionId="e57c60c4-9661-4510-8d81-37ed3b4c6005" testListId="8c84fa94-04c1-424b-9868-57a2d4851a1d" />
    <TestEntry testId="64ce4809-e3f8-8d8e-c808-2938f18aa4d4" executionId="f3da829c-30ad-4174-b47d-4a86e3f6e16a" testListId="8c84fa94-04c1-424b-9868-57a2d4851a1d" />
    <TestEntry testId="1450a0ab-3596-66d8-8d08-6506bbe1f61b" executionId="f09a0953-ef4f-4e40-b4b1-df518d517bb2" testListId="8c84fa94-04c1-424b-9868-57a2d4851a1d" />
    <TestEntry testId="2f8521ee-e0ca-eac4-b453-aa86236fc9b9" executionId="a5d86a30-82f4-4677-a413-7678437a5911" testListId="8c84fa94-04c1-424b-9868-57a2d4851a1d" />
    <TestEntry testId="945f4fce-c15e-e09c-9dbf-5879cde58a78" executionId="be6cdf39-c2f3-419c-9176-f172dbef07df" testListId="8c84fa94-04c1-424b-9868-57a2d4851a1d" />
    <TestEntry testId="3b96b54e-967c-6e8f-1ced-4ff4d8370be3" executionId="768908aa-e120-49bd-8938-1beeab24b481" testListId="8c84fa94-04c1-424b-9868-57a2d4851a1d" />
  </TestEntries>
  <TestLists>
    <TestList name="Results Not in a List" id="8c84fa94-04c1-424b-9868-57a2d4851a1d" />
    <TestList name="All Loaded Results" id="19431567-8539-422a-85d7-44ee4e166bda" />
  </TestLists>
  <ResultSummary outcome="Completed">
    <Counters total="24" executed="24" passed="24" failed="0" error="0" timeout="0" aborted="0" inconclusive="0" passedButRunAborted="0" notRunnable="0" notExecuted="0" disconnected="0" warning="0" completed="0" inProgress="0" pending="0" />
    <Output>
      <StdOut>[xUnit.net 00:00:00.05] xUnit.net VSTest Adapter v2.4.3+1b45f5407b (32-bit Desktop .NET 4.0.30319.42000)&#xD;
[xUnit.net 00:00:01.22]   Discovering: IntegrationTests&#xD;
[xUnit.net 00:00:01.59]   Discovered:  IntegrationTests&#xD;
[xUnit.net 00:00:01.60]   Starting:    IntegrationTests&#xD;
[xUnit.net 00:00:09.29]   Finished:    IntegrationTests&#xD;
</StdOut>
    </Output>
  </ResultSummary>
</TestRun>