<?xml version="1.0" encoding="utf-8"?>
<TestRun id="96c43349-d87d-481d-ab23-ec55968b7c41" name="runneradmin@fv-az449-811 2022-03-13 20:32:08" runUser="fv-az449-811\runneradmin" xmlns="http://microsoft.com/schemas/VisualStudio/TeamTest/2010">
  <Times creation="2022-03-13T20:32:08.6603058+00:00" queuing="2022-03-13T20:32:08.6603065+00:00" start="2022-03-13T20:30:55.5972413+00:00" finish="2022-03-13T20:32:33.4617001+00:00" />
  <TestSettings name="default" id="ca5aa1e5-faad-468e-a028-91fdeff1b336">
    <Deployment runDeploymentRoot="runneradmin_fv-az449-811_2022-03-13_20_32_08" />
  </TestSettings>
  <Results>
    <UnitTestResult executionId="9e68a177-f313-421b-9bac-803d34b04689" testId="35a21cfd-ad2b-b819-14e0-5151fe414a07" testName="IntegrationTests.Controllers.ItemControllerTests.GetItemsPage_GetsProperPages(amount: 101, expectedPages: 11)" computerName="fv-az449-811" duration="00:00:00.0400000" startTime="2022-03-13T20:32:32.9727982+00:00" endTime="2022-03-13T20:32:32.9727982+00:00" testType="13cdc9d9-ddb5-4fa4-a97d-d965ccfc6d4b" outcome="Passed" testListId="8c84fa94-04c1-424b-9868-57a2d4851a1d" relativeResultsDirectory="9e68a177-f313-421b-9bac-803d34b04689" />
    <UnitTestResult executionId="6b7c0a05-1239-4d21-82c9-d1e75608ad5b" testId="9609bc3b-2435-1be2-e2f3-2c6b217c770c" testName="IntegrationTests.Controllers.ItemControllerTests.GetItemsPage_Query_Filters(query: &quot;Missing&quot;, expectedResults: 0)" computerName="fv-az449-811" duration="00:00:00.0490000" startTime="2022-03-13T20:32:32.6092019+00:00" endTime="2022-03-13T20:32:32.6092019+00:00" testType="13cdc9d9-ddb5-4fa4-a97d-d965ccfc6d4b" outcome="Passed" testListId="8c84fa94-04c1-424b-9868-57a2d4851a1d" relativeResultsDirectory="6b7c0a05-1239-4d21-82c9-d1e75608ad5b" />
    <UnitTestResult executionId="c302fe89-ad9a-45af-b1cc-f94fb5ae7f92" testId="fe1c9811-4463-ef95-5296-cdd71ab090b8" testName="IntegrationTests.Controllers.ItemControllerTests.DeleteItem_DeletesMissingItem" computerName="fv-az449-811" duration="00:00:00.0180000" startTime="2022-03-13T20:32:33.2148116+00:00" endTime="2022-03-13T20:32:33.2148116+00:00" testType="13cdc9d9-ddb5-4fa4-a97d-d965ccfc6d4b" outcome="Passed" testListId="8c84fa94-04c1-424b-9868-57a2d4851a1d" relativeResultsDirectory="c302fe89-ad9a-45af-b1cc-f94fb5ae7f92" />
    <UnitTestResult executionId="1685535d-d7c9-482c-8805-208cef505803" testId="c6d15831-7dbe-24e6-d39b-4f317a873a34" testName="IntegrationTests.Controllers.ItemControllerTests.GetItemsPage_GetsProperPages(amount: 1, expectedPages: 1)" computerName="fv-az449-811" duration="00:00:00.0330000" startTime="2022-03-13T20:32:32.8977919+00:00" endTime="2022-03-13T20:32:32.8977919+00:00" testType="13cdc9d9-ddb5-4fa4-a97d-d965ccfc6d4b" outcome="Passed" testListId="8c84fa94-04c1-424b-9868-57a2d4851a1d" relativeResultsDirectory="1685535d-d7c9-482c-8805-208cef505803" />
    <UnitTestResult executionId="5b7ceb1c-39f9-4de7-9901-bfb4cd3d123c" testId="945f4fce-c15e-e09c-9dbf-5879cde58a78" testName="IntegrationTests.Controllers.ItemControllerTests.GetItemsPage_Page0_DefaultsToPage1" computerName="fv-az449-811" duration="00:00:00.0190000" startTime="2022-03-13T20:32:33.0678035+00:00" endTime="2022-03-13T20:32:33.0678035+00:00" testType="13cdc9d9-ddb5-4fa4-a97d-d965ccfc6d4b" outcome="Passed" testListId="8c84fa94-04c1-424b-9868-57a2d4851a1d" relativeResultsDirectory="5b7ceb1c-39f9-4de7-9901-bfb4cd3d123c" />
    <UnitTestResult executionId="5e8da07a-a276-4a68-81e5-106882b64cce" testId="c6abb489-2666-fd84-85be-69873a4c76cc" testName="IntegrationTests.Controllers.ItemControllerTests.CreateItem_Creates(name: &quot;name1&quot;, description: &quot;description1&quot;)" computerName="fv-az449-811" duration="00:00:00.0060000" startTime="2022-03-13T20:32:32.7677796+00:00" endTime="2022-03-13T20:32:32.7677796+00:00" testType="13cdc9d9-ddb5-4fa4-a97d-d965ccfc6d4b" outcome="Passed" testListId="8c84fa94-04c1-424b-9868-57a2d4851a1d" relativeResultsDirectory="5e8da07a-a276-4a68-81e5-106882b64cce" />
    <UnitTestResult executionId="bfe12954-37a0-4db9-8e37-2b2e7216b974" testId="d18898e3-6995-0d27-8e53-1ced81186e2d" testName="IntegrationTests.Controllers.ItemControllerTests.GetItemsPage_PageSize0_DefaultsTo1" computerName="fv-az449-811" duration="00:00:00.0200000" startTime="2022-03-13T20:32:33.1728090+00:00" endTime="2022-03-13T20:32:33.1728090+00:00" testType="13cdc9d9-ddb5-4fa4-a97d-d965ccfc6d4b" outcome="Passed" testListId="8c84fa94-04c1-424b-9868-57a2d4851a1d" relativeResultsDirectory="bfe12954-37a0-4db9-8e37-2b2e7216b974" />
    <UnitTestResult executionId="12948382-8fbe-483e-97df-f4ceb96c15b2" testId="1ec97a71-0b29-f7c5-72ce-8cf48efa2e36" testName="IntegrationTests.Controllers.ItemControllerTests.CreateItem_Creates(name: &quot;name2&quot;, description: &quot;description2&quot;)" computerName="fv-az449-811" duration="00:00:00.0300000" startTime="2022-03-13T20:32:32.7547814+00:00" endTime="2022-03-13T20:32:32.7547814+00:00" testType="13cdc9d9-ddb5-4fa4-a97d-d965ccfc6d4b" outcome="Passed" testListId="8c84fa94-04c1-424b-9868-57a2d4851a1d" relativeResultsDirectory="12948382-8fbe-483e-97df-f4ceb96c15b2" />
    <UnitTestResult executionId="56161778-eb5e-40a7-88c6-ab33839bab53" testId="b5a2bbb3-e25b-0d71-cef7-0187c592a682" testName="IntegrationTests.Controllers.ItemControllerTests.GetItemsPage_Query_Filters(query: &quot;Name 100&quot;, expectedResults: 1)" computerName="fv-az449-811" duration="00:00:00.0410000" startTime="2022-03-13T20:32:32.6507830+00:00" endTime="2022-03-13T20:32:32.6507830+00:00" testType="13cdc9d9-ddb5-4fa4-a97d-d965ccfc6d4b" outcome="Passed" testListId="8c84fa94-04c1-424b-9868-57a2d4851a1d" relativeResultsDirectory="56161778-eb5e-40a7-88c6-ab33839bab53" />
    <UnitTestResult executionId="b3ae4379-e4df-404d-a040-2ebcc0419231" testId="31a1a77c-5b35-2c19-9bdc-0ee23e06e8f3" testName="IntegrationTests.Controllers.ItemControllerTests.GetItemsPage_GetsProperPages(amount: 10, expectedPages: 1)" computerName="fv-az449-811" duration="00:00:00.0280000" startTime="2022-03-13T20:32:32.9127924+00:00" endTime="2022-03-13T20:32:32.9127924+00:00" testType="13cdc9d9-ddb5-4fa4-a97d-d965ccfc6d4b" outcome="Passed" testListId="8c84fa94-04c1-424b-9868-57a2d4851a1d" relativeResultsDirectory="b3ae4379-e4df-404d-a040-2ebcc0419231" />
    <UnitTestResult executionId="e38d6c5b-ab4e-4855-b45f-e8dd9f3251a6" testId="eb8cb345-7707-0e07-1566-f6a04ceb2670" testName="IntegrationTests.Controllers.ItemControllerTests.CanEdit_Defaults_To_False" computerName="fv-az449-811" duration="00:00:00.0070000" startTime="2022-03-13T20:32:32.8117850+00:00" endTime="2022-03-13T20:32:32.8117850+00:00" testType="13cdc9d9-ddb5-4fa4-a97d-d965ccfc6d4b" outcome="Passed" testListId="8c84fa94-04c1-424b-9868-57a2d4851a1d" relativeResultsDirectory="e38d6c5b-ab4e-4855-b45f-e8dd9f3251a6" />
    <UnitTestResult executionId="d4e2791c-9334-432b-84c9-ba7736d0542c" testId="69a7a014-6241-5f0a-e55d-960890e56595" testName="IntegrationTests.Controllers.ServiceRouteMapperTests.RegisterRoutes_RegistersAtLestOneRoute" computerName="fv-az449-811" duration="00:00:19.0640000" startTime="2022-03-13T20:32:07.8533248+00:00" endTime="2022-03-13T20:32:07.8533248+00:00" testType="13cdc9d9-ddb5-4fa4-a97d-d965ccfc6d4b" outcome="Passed" testListId="8c84fa94-04c1-424b-9868-57a2d4851a1d" relativeResultsDirectory="d4e2791c-9334-432b-84c9-ba7736d0542c" />
    <UnitTestResult executionId="49a6c4fd-cf2a-4775-a484-a1eaeed6eaef" testId="6274cd22-d848-61dd-8233-d29a2f361a38" testName="IntegrationTests.Controllers.ItemControllerTests.GetItemsPage_Query_Filters(query: &quot;Name 1&quot;, expectedResults: 12)" computerName="fv-az449-811" duration="00:00:00.0410000" startTime="2022-03-13T20:32:32.5601948+00:00" endTime="2022-03-13T20:32:32.5601948+00:00" testType="13cdc9d9-ddb5-4fa4-a97d-d965ccfc6d4b" outcome="Passed" testListId="8c84fa94-04c1-424b-9868-57a2d4851a1d" relativeResultsDirectory="49a6c4fd-cf2a-4775-a484-a1eaeed6eaef" />
    <UnitTestResult executionId="813f646f-0d75-4fc1-98d5-71843bd19685" testId="06f0962d-466b-0634-113e-f3863f9b599c" testName="IntegrationTests.Controllers.ItemControllerTests.GetItemsPage_GetsProperPages(amount: 99, expectedPages: 10)" computerName="fv-az449-811" duration="00:00:00.0390000" startTime="2022-03-13T20:32:32.8997923+00:00" endTime="2022-03-13T20:32:32.8997923+00:00" testType="13cdc9d9-ddb5-4fa4-a97d-d965ccfc6d4b" outcome="Passed" testListId="8c84fa94-04c1-424b-9868-57a2d4851a1d" relativeResultsDirectory="813f646f-0d75-4fc1-98d5-71843bd19685" />
    <UnitTestResult executionId="2f324209-de42-4168-9be1-c6ead5a30b37" testId="b2691cfb-5962-80d6-34ac-12efb31ff88e" testName="IntegrationTests.Controllers.ItemControllerTests.DeleteItem_Deletes" computerName="fv-az449-811" duration="00:00:00.0860000" startTime="2022-03-13T20:32:33.1538106+00:00" endTime="2022-03-13T20:32:33.1538106+00:00" testType="13cdc9d9-ddb5-4fa4-a97d-d965ccfc6d4b" outcome="Passed" testListId="8c84fa94-04c1-424b-9868-57a2d4851a1d" relativeResultsDirectory="2f324209-de42-4168-9be1-c6ead5a30b37" />
    <UnitTestResult executionId="eecb41a6-b28f-420d-828e-4dcb5ab26069" testId="0a429b0b-08a8-36a6-5969-3c31a35cc366" testName="IntegrationTests.Controllers.ItemControllerTests.GetItemsPage_GetsProperPages(amount: 9, expectedPages: 1)" computerName="fv-az449-811" duration="00:00:00.0190000" startTime="2022-03-13T20:32:32.9317901+00:00" endTime="2022-03-13T20:32:32.9317901+00:00" testType="13cdc9d9-ddb5-4fa4-a97d-d965ccfc6d4b" outcome="Passed" testListId="8c84fa94-04c1-424b-9868-57a2d4851a1d" relativeResultsDirectory="eecb41a6-b28f-420d-828e-4dcb5ab26069" />
    <UnitTestResult executionId="9ee06c62-8c9a-45e1-9f38-f23ea8248ff2" testId="74f30272-fd7f-9b4e-507d-1c94cc60bb29" testName="IntegrationTests.Controllers.ItemControllerTests.GetItemsPage_Query_Filters(query: &quot;1&quot;, expectedResults: 20)" computerName="fv-az449-811" duration="00:00:00.0490000" startTime="2022-03-13T20:32:32.5191940+00:00" endTime="2022-03-13T20:32:32.5191940+00:00" testType="13cdc9d9-ddb5-4fa4-a97d-d965ccfc6d4b" outcome="Passed" testListId="8c84fa94-04c1-424b-9868-57a2d4851a1d" relativeResultsDirectory="9ee06c62-8c9a-45e1-9f38-f23ea8248ff2" />
    <UnitTestResult executionId="3f6ec369-bd43-403e-b98b-cbee8d17f865" testId="75b07048-5201-d631-649a-c012e65b7444" testName="IntegrationTests.Controllers.ItemControllerTests.GetItemsPage_Query_Filters(query: &quot;Name 10&quot;, expectedResults: 2)" computerName="fv-az449-811" duration="00:00:00.0400000" startTime="2022-03-13T20:32:32.7257802+00:00" endTime="2022-03-13T20:32:32.7257802+00:00" testType="13cdc9d9-ddb5-4fa4-a97d-d965ccfc6d4b" outcome="Passed" testListId="8c84fa94-04c1-424b-9868-57a2d4851a1d" relativeResultsDirectory="3f6ec369-bd43-403e-b98b-cbee8d17f865" />
    <UnitTestResult executionId="4d0f454f-3835-4e6e-99b7-3156180c7fcd" testId="1450a0ab-3596-66d8-8d08-6506bbe1f61b" testName="IntegrationTests.Controllers.ItemControllerTests.GetItemsPage_50Items_GetsProperly" computerName="fv-az449-811" duration="00:00:00.0440000" startTime="2022-03-13T20:32:32.8047838+00:00" endTime="2022-03-13T20:32:32.8047838+00:00" testType="13cdc9d9-ddb5-4fa4-a97d-d965ccfc6d4b" outcome="Passed" testListId="8c84fa94-04c1-424b-9868-57a2d4851a1d" relativeResultsDirectory="4d0f454f-3835-4e6e-99b7-3156180c7fcd" />
    <UnitTestResult executionId="f4745610-7f32-48f0-80bd-b10bc3b76beb" testId="2f8521ee-e0ca-eac4-b453-aa86236fc9b9" testName="IntegrationTests.Controllers.ItemControllerTests.GetItemsPage_SortsDescending" computerName="fv-az449-811" duration="00:00:00.0190000" startTime="2022-03-13T20:32:33.1918103+00:00" endTime="2022-03-13T20:32:33.1918103+00:00" testType="13cdc9d9-ddb5-4fa4-a97d-d965ccfc6d4b" outcome="Passed" testListId="8c84fa94-04c1-424b-9868-57a2d4851a1d" relativeResultsDirectory="f4745610-7f32-48f0-80bd-b10bc3b76beb" />
    <UnitTestResult executionId="065df7c9-88b8-4e6a-809a-93b89cf8f54d" testId="43169439-e722-3696-654b-e380ed8f351d" testName="IntegrationTests.Controllers.ItemControllerTests.EditItem_Saves" computerName="fv-az449-811" duration="00:00:00.0760000" startTime="2022-03-13T20:32:33.0488025+00:00" endTime="2022-03-13T20:32:33.0488025+00:00" testType="13cdc9d9-ddb5-4fa4-a97d-d965ccfc6d4b" outcome="Passed" testListId="8c84fa94-04c1-424b-9868-57a2d4851a1d" relativeResultsDirectory="065df7c9-88b8-4e6a-809a-93b89cf8f54d" />
    <UnitTestResult executionId="f24b44ae-5f68-4411-b9a0-e5edb1f1f2fa" testId="3b96b54e-967c-6e8f-1ced-4ff4d8370be3" testName="IntegrationTests.Controllers.ItemControllerTests.GetItemsPage_Query_Filters(query: &quot;&quot;, expectedResults: 100)" computerName="fv-az449-811" duration="00:00:00.0550000" startTime="2022-03-13T20:32:32.4701898+00:00" endTime="2022-03-13T20:32:32.4701898+00:00" testType="13cdc9d9-ddb5-4fa4-a97d-d965ccfc6d4b" outcome="Passed" testListId="8c84fa94-04c1-424b-9868-57a2d4851a1d" relativeResultsDirectory="f24b44ae-5f68-4411-b9a0-e5edb1f1f2fa" />
    <UnitTestResult executionId="651e6792-6176-4734-aee9-1fa97f722d0b" testId="4fd078d7-61ec-6e3f-be79-cf322012a0cd" testName="IntegrationTests.Controllers.ItemControllerTests.GetItemsPage_SortsAscending" computerName="fv-az449-811" duration="00:00:44.0440000" startTime="2022-03-13T20:32:32.4151876+00:00" endTime="2022-03-13T20:32:32.4151876+00:00" testType="13cdc9d9-ddb5-4fa4-a97d-d965ccfc6d4b" outcome="Passed" testListId="8c84fa94-04c1-424b-9868-57a2d4851a1d" relativeResultsDirectory="651e6792-6176-4734-aee9-1fa97f722d0b" />
    <UnitTestResult executionId="d6602597-7dd9-4531-8d32-1e712696a83c" testId="64ce4809-e3f8-8d8e-c808-2938f18aa4d4" testName="IntegrationTests.Controllers.ItemControllerTests.GetItemsPage_Query_Filters(query: &quot;Name 2&quot;, expectedResults: 11)" computerName="fv-az449-811" duration="00:00:00.0340000" startTime="2022-03-13T20:32:32.6847754+00:00" endTime="2022-03-13T20:32:32.6847754+00:00" testType="13cdc9d9-ddb5-4fa4-a97d-d965ccfc6d4b" outcome="Passed" testListId="8c84fa94-04c1-424b-9868-57a2d4851a1d" relativeResultsDirectory="d6602597-7dd9-4531-8d32-1e712696a83c" />
  </Results>
  <TestDefinitions>
    <UnitTest name="IntegrationTests.Controllers.ItemControllerTests.GetItemsPage_Query_Filters(query: &quot;Name 10&quot;, expectedResults: 2)" storage="d:\a\mymodule20220313\mymodule20220313\integrationtests\bin\integrationtests.dll" id="75b07048-5201-d631-649a-c012e65b7444">
      <Execution id="3f6ec369-bd43-403e-b98b-cbee8d17f865" />
      <TestMethod codeBase="D:\a\MyModule20220313\MyModule20220313\IntegrationTests\bin\IntegrationTests.dll" adapterTypeName="executor://xunit/VsTestRunner2/net" className="IntegrationTests.Controllers.ItemControllerTests" name="GetItemsPage_Query_Filters" />
    </UnitTest>
    <UnitTest name="IntegrationTests.Controllers.ItemControllerTests.GetItemsPage_Query_Filters(query: &quot;1&quot;, expectedResults: 20)" storage="d:\a\mymodule20220313\mymodule20220313\integrationtests\bin\integrationtests.dll" id="74f30272-fd7f-9b4e-507d-1c94cc60bb29">
      <Execution id="9ee06c62-8c9a-45e1-9f38-f23ea8248ff2" />
      <TestMethod codeBase="D:\a\MyModule20220313\MyModule20220313\IntegrationTests\bin\IntegrationTests.dll" adapterTypeName="executor://xunit/VsTestRunner2/net" className="IntegrationTests.Controllers.ItemControllerTests" name="GetItemsPage_Query_Filters" />
    </UnitTest>
    <UnitTest name="IntegrationTests.Controllers.ItemControllerTests.GetItemsPage_GetsProperPages(amount: 99, expectedPages: 10)" storage="d:\a\mymodule20220313\mymodule20220313\integrationtests\bin\integrationtests.dll" id="06f0962d-466b-0634-113e-f3863f9b599c">
      <Execution id="813f646f-0d75-4fc1-98d5-71843bd19685" />
      <TestMethod codeBase="D:\a\MyModule20220313\MyModule20220313\IntegrationTests\bin\IntegrationTests.dll" adapterTypeName="executor://xunit/VsTestRunner2/net" className="IntegrationTests.Controllers.ItemControllerTests" name="GetItemsPage_GetsProperPages" />
    </UnitTest>
    <UnitTest name="IntegrationTests.Controllers.ItemControllerTests.DeleteItem_DeletesMissingItem" storage="d:\a\mymodule20220313\mymodule20220313\integrationtests\bin\integrationtests.dll" id="fe1c9811-4463-ef95-5296-cdd71ab090b8">
      <Execution id="c302fe89-ad9a-45af-b1cc-f94fb5ae7f92" />
      <TestMethod codeBase="D:\a\MyModule20220313\MyModule20220313\IntegrationTests\bin\IntegrationTests.dll" adapterTypeName="executor://xunit/VsTestRunner2/net" className="IntegrationTests.Controllers.ItemControllerTests" name="DeleteItem_DeletesMissingItem" />
    </UnitTest>
    <UnitTest name="IntegrationTests.Controllers.ItemControllerTests.EditItem_Saves" storage="d:\a\mymodule20220313\mymodule20220313\integrationtests\bin\integrationtests.dll" id="43169439-e722-3696-654b-e380ed8f351d">
      <Execution id="065df7c9-88b8-4e6a-809a-93b89cf8f54d" />
      <TestMethod codeBase="D:\a\MyModule20220313\MyModule20220313\IntegrationTests\bin\IntegrationTests.dll" adapterTypeName="executor://xunit/VsTestRunner2/net" className="IntegrationTests.Controllers.ItemControllerTests" name="EditItem_Saves" />
    </UnitTest>
    <UnitTest name="IntegrationTests.Controllers.ItemControllerTests.CreateItem_Creates(name: &quot;name1&quot;, description: &quot;description1&quot;)" storage="d:\a\mymodule20220313\mymodule20220313\integrationtests\bin\integrationtests.dll" id="c6abb489-2666-fd84-85be-69873a4c76cc">
      <Execution id="5e8da07a-a276-4a68-81e5-106882b64cce" />
      <TestMethod codeBase="D:\a\MyModule20220313\MyModule20220313\IntegrationTests\bin\IntegrationTests.dll" adapterTypeName="executor://xunit/VsTestRunner2/net" className="IntegrationTests.Controllers.ItemControllerTests" name="CreateItem_Creates" />
    </UnitTest>
    <UnitTest name="IntegrationTests.Controllers.ItemControllerTests.GetItemsPage_Query_Filters(query: &quot;&quot;, expectedResults: 100)" storage="d:\a\mymodule20220313\mymodule20220313\integrationtests\bin\integrationtests.dll" id="3b96b54e-967c-6e8f-1ced-4ff4d8370be3">
      <Execution id="f24b44ae-5f68-4411-b9a0-e5edb1f1f2fa" />
      <TestMethod codeBase="D:\a\MyModule20220313\MyModule20220313\IntegrationTests\bin\IntegrationTests.dll" adapterTypeName="executor://xunit/VsTestRunner2/net" className="IntegrationTests.Controllers.ItemControllerTests" name="GetItemsPage_Query_Filters" />
    </UnitTest>
    <UnitTest name="IntegrationTests.Controllers.ItemControllerTests.GetItemsPage_SortsDescending" storage="d:\a\mymodule20220313\mymodule20220313\integrationtests\bin\integrationtests.dll" id="2f8521ee-e0ca-eac4-b453-aa86236fc9b9">
      <Execution id="f4745610-7f32-48f0-80bd-b10bc3b76beb" />
      <TestMethod codeBase="D:\a\MyModule20220313\MyModule20220313\IntegrationTests\bin\IntegrationTests.dll" adapterTypeName="executor://xunit/VsTestRunner2/net" className="IntegrationTests.Controllers.ItemControllerTests" name="GetItemsPage_SortsDescending" />
    </UnitTest>
    <UnitTest name="IntegrationTests.Controllers.ItemControllerTests.GetItemsPage_Page0_DefaultsToPage1" storage="d:\a\mymodule20220313\mymodule20220313\integrationtests\bin\integrationtests.dll" id="945f4fce-c15e-e09c-9dbf-5879cde58a78">
      <Execution id="5b7ceb1c-39f9-4de7-9901-bfb4cd3d123c" />
      <TestMethod codeBase="D:\a\MyModule20220313\MyModule20220313\IntegrationTests\bin\IntegrationTests.dll" adapterTypeName="executor://xunit/VsTestRunner2/net" className="IntegrationTests.Controllers.ItemControllerTests" name="GetItemsPage_Page0_DefaultsToPage1" />
    </UnitTest>
    <UnitTest name="IntegrationTests.Controllers.ItemControllerTests.GetItemsPage_50Items_GetsProperly" storage="d:\a\mymodule20220313\mymodule20220313\integrationtests\bin\integrationtests.dll" id="1450a0ab-3596-66d8-8d08-6506bbe1f61b">
      <Execution id="4d0f454f-3835-4e6e-99b7-3156180c7fcd" />
      <TestMethod codeBase="D:\a\MyModule20220313\MyModule20220313\IntegrationTests\bin\IntegrationTests.dll" adapterTypeName="executor://xunit/VsTestRunner2/net" className="IntegrationTests.Controllers.ItemControllerTests" name="GetItemsPage_50Items_GetsProperly" />
    </UnitTest>
    <UnitTest name="IntegrationTests.Controllers.ItemControllerTests.GetItemsPage_GetsProperPages(amount: 101, expectedPages: 11)" storage="d:\a\mymodule20220313\mymodule20220313\integrationtests\bin\integrationtests.dll" id="35a21cfd-ad2b-b819-14e0-5151fe414a07">
      <Execution id="9e68a177-f313-421b-9bac-803d34b04689" />
      <TestMethod codeBase="D:\a\MyModule20220313\MyModule20220313\IntegrationTests\bin\IntegrationTests.dll" adapterTypeName="executor://xunit/VsTestRunner2/net" className="IntegrationTests.Controllers.ItemControllerTests" name="GetItemsPage_GetsProperPages" />
    </UnitTest>
    <UnitTest name="IntegrationTests.Controllers.ItemControllerTests.GetItemsPage_GetsProperPages(amount: 1, expectedPages: 1)" storage="d:\a\mymodule20220313\mymodule20220313\integrationtests\bin\integrationtests.dll" id="c6d15831-7dbe-24e6-d39b-4f317a873a34">
      <Execution id="1685535d-d7c9-482c-8805-208cef505803" />
      <TestMethod codeBase="D:\a\MyModule20220313\MyModule20220313\IntegrationTests\bin\IntegrationTests.dll" adapterTypeName="executor://xunit/VsTestRunner2/net" className="IntegrationTests.Controllers.ItemControllerTests" name="GetItemsPage_GetsProperPages" />
    </UnitTest>
    <UnitTest name="IntegrationTests.Controllers.ItemControllerTests.CreateItem_Creates(name: &quot;name2&quot;, description: &quot;description2&quot;)" storage="d:\a\mymodule20220313\mymodule20220313\integrationtests\bin\integrationtests.dll" id="1ec97a71-0b29-f7c5-72ce-8cf48efa2e36">
      <Execution id="12948382-8fbe-483e-97df-f4ceb96c15b2" />
      <TestMethod codeBase="D:\a\MyModule20220313\MyModule20220313\IntegrationTests\bin\IntegrationTests.dll" adapterTypeName="executor://xunit/VsTestRunner2/net" className="IntegrationTests.Controllers.ItemControllerTests" name="CreateItem_Creates" />
    </UnitTest>
    <UnitTest name="IntegrationTests.Controllers.ItemControllerTests.GetItemsPage_SortsAscending" storage="d:\a\mymodule20220313\mymodule20220313\integrationtests\bin\integrationtests.dll" id="4fd078d7-61ec-6e3f-be79-cf322012a0cd">
      <Execution id="651e6792-6176-4734-aee9-1fa97f722d0b" />
      <TestMethod codeBase="D:\a\MyModule20220313\MyModule20220313\IntegrationTests\bin\IntegrationTests.dll" adapterTypeName="executor://xunit/VsTestRunner2/net" className="IntegrationTests.Controllers.ItemControllerTests" name="GetItemsPage_SortsAscending" />
    </UnitTest>
    <UnitTest name="IntegrationTests.Controllers.ItemControllerTests.GetItemsPage_PageSize0_DefaultsTo1" storage="d:\a\mymodule20220313\mymodule20220313\integrationtests\bin\integrationtests.dll" id="d18898e3-6995-0d27-8e53-1ced81186e2d">
      <Execution id="bfe12954-37a0-4db9-8e37-2b2e7216b974" />
      <TestMethod codeBase="D:\a\MyModule20220313\MyModule20220313\IntegrationTests\bin\IntegrationTests.dll" adapterTypeName="executor://xunit/VsTestRunner2/net" className="IntegrationTests.Controllers.ItemControllerTests" name="GetItemsPage_PageSize0_DefaultsTo1" />
    </UnitTest>
    <UnitTest name="IntegrationTests.Controllers.ItemControllerTests.GetItemsPage_GetsProperPages(amount: 9, expectedPages: 1)" storage="d:\a\mymodule20220313\mymodule20220313\integrationtests\bin\integrationtests.dll" id="0a429b0b-08a8-36a6-5969-3c31a35cc366">
      <Execution id="eecb41a6-b28f-420d-828e-4dcb5ab26069" />
      <TestMethod codeBase="D:\a\MyModule20220313\MyModule20220313\IntegrationTests\bin\IntegrationTests.dll" adapterTypeName="executor://xunit/VsTestRunner2/net" className="IntegrationTests.Controllers.ItemControllerTests" name="GetItemsPage_GetsProperPages" />
    </UnitTest>
    <UnitTest name="IntegrationTests.Controllers.ItemControllerTests.GetItemsPage_GetsProperPages(amount: 10, expectedPages: 1)" storage="d:\a\mymodule20220313\mymodule20220313\integrationtests\bin\integrationtests.dll" id="31a1a77c-5b35-2c19-9bdc-0ee23e06e8f3">
      <Execution id="b3ae4379-e4df-404d-a040-2ebcc0419231" />
      <TestMethod codeBase="D:\a\MyModule20220313\MyModule20220313\IntegrationTests\bin\IntegrationTests.dll" adapterTypeName="executor://xunit/VsTestRunner2/net" className="IntegrationTests.Controllers.ItemControllerTests" name="GetItemsPage_GetsProperPages" />
    </UnitTest>
    <UnitTest name="IntegrationTests.Controllers.ItemControllerTests.GetItemsPage_Query_Filters(query: &quot;Missing&quot;, expectedResults: 0)" storage="d:\a\mymodule20220313\mymodule20220313\integrationtests\bin\integrationtests.dll" id="9609bc3b-2435-1be2-e2f3-2c6b217c770c">
      <Execution id="6b7c0a05-1239-4d21-82c9-d1e75608ad5b" />
      <TestMethod codeBase="D:\a\MyModule20220313\MyModule20220313\IntegrationTests\bin\IntegrationTests.dll" adapterTypeName="executor://xunit/VsTestRunner2/net" className="IntegrationTests.Controllers.ItemControllerTests" name="GetItemsPage_Query_Filters" />
    </UnitTest>
    <UnitTest name="IntegrationTests.Controllers.ItemControllerTests.DeleteItem_Deletes" storage="d:\a\mymodule20220313\mymodule20220313\integrationtests\bin\integrationtests.dll" id="b2691cfb-5962-80d6-34ac-12efb31ff88e">
      <Execution id="2f324209-de42-4168-9be1-c6ead5a30b37" />
      <TestMethod codeBase="D:\a\MyModule20220313\MyModule20220313\IntegrationTests\bin\IntegrationTests.dll" adapterTypeName="executor://xunit/VsTestRunner2/net" className="IntegrationTests.Controllers.ItemControllerTests" name="DeleteItem_Deletes" />
    </UnitTest>
    <UnitTest name="IntegrationTests.Controllers.ItemControllerTests.GetItemsPage_Query_Filters(query: &quot;Name 2&quot;, expectedResults: 11)" storage="d:\a\mymodule20220313\mymodule20220313\integrationtests\bin\integrationtests.dll" id="64ce4809-e3f8-8d8e-c808-2938f18aa4d4">
      <Execution id="d6602597-7dd9-4531-8d32-1e712696a83c" />
      <TestMethod codeBase="D:\a\MyModule20220313\MyModule20220313\IntegrationTests\bin\IntegrationTests.dll" adapterTypeName="executor://xunit/VsTestRunner2/net" className="IntegrationTests.Controllers.ItemControllerTests" name="GetItemsPage_Query_Filters" />
    </UnitTest>
    <UnitTest name="IntegrationTests.Controllers.ItemControllerTests.GetItemsPage_Query_Filters(query: &quot;Name 100&quot;, expectedResults: 1)" storage="d:\a\mymodule20220313\mymodule20220313\integrationtests\bin\integrationtests.dll" id="b5a2bbb3-e25b-0d71-cef7-0187c592a682">
      <Execution id="56161778-eb5e-40a7-88c6-ab33839bab53" />
      <TestMethod codeBase="D:\a\MyModule20220313\MyModule20220313\IntegrationTests\bin\IntegrationTests.dll" adapterTypeName="executor://xunit/VsTestRunner2/net" className="IntegrationTests.Controllers.ItemControllerTests" name="GetItemsPage_Query_Filters" />
    </UnitTest>
    <UnitTest name="IntegrationTests.Controllers.ServiceRouteMapperTests.RegisterRoutes_RegistersAtLestOneRoute" storage="d:\a\mymodule20220313\mymodule20220313\integrationtests\bin\integrationtests.dll" id="69a7a014-6241-5f0a-e55d-960890e56595">
      <Execution id="d4e2791c-9334-432b-84c9-ba7736d0542c" />
      <TestMethod codeBase="D:\a\MyModule20220313\MyModule20220313\IntegrationTests\bin\IntegrationTests.dll" adapterTypeName="executor://xunit/VsTestRunner2/net" className="IntegrationTests.Controllers.ServiceRouteMapperTests" name="RegisterRoutes_RegistersAtLestOneRoute" />
    </UnitTest>
    <UnitTest name="IntegrationTests.Controllers.ItemControllerTests.GetItemsPage_Query_Filters(query: &quot;Name 1&quot;, expectedResults: 12)" storage="d:\a\mymodule20220313\mymodule20220313\integrationtests\bin\integrationtests.dll" id="6274cd22-d848-61dd-8233-d29a2f361a38">
      <Execution id="49a6c4fd-cf2a-4775-a484-a1eaeed6eaef" />
      <TestMethod codeBase="D:\a\MyModule20220313\MyModule20220313\IntegrationTests\bin\IntegrationTests.dll" adapterTypeName="executor://xunit/VsTestRunner2/net" className="IntegrationTests.Controllers.ItemControllerTests" name="GetItemsPage_Query_Filters" />
    </UnitTest>
    <UnitTest name="IntegrationTests.Controllers.ItemControllerTests.CanEdit_Defaults_To_False" storage="d:\a\mymodule20220313\mymodule20220313\integrationtests\bin\integrationtests.dll" id="eb8cb345-7707-0e07-1566-f6a04ceb2670">
      <Execution id="e38d6c5b-ab4e-4855-b45f-e8dd9f3251a6" />
      <TestMethod codeBase="D:\a\MyModule20220313\MyModule20220313\IntegrationTests\bin\IntegrationTests.dll" adapterTypeName="executor://xunit/VsTestRunner2/net" className="IntegrationTests.Controllers.ItemControllerTests" name="CanEdit_Defaults_To_False" />
    </UnitTest>
  </TestDefinitions>
  <TestEntries>
    <TestEntry testId="35a21cfd-ad2b-b819-14e0-5151fe414a07" executionId="9e68a177-f313-421b-9bac-803d34b04689" testListId="8c84fa94-04c1-424b-9868-57a2d4851a1d" />
    <TestEntry testId="9609bc3b-2435-1be2-e2f3-2c6b217c770c" executionId="6b7c0a05-1239-4d21-82c9-d1e75608ad5b" testListId="8c84fa94-04c1-424b-9868-57a2d4851a1d" />
    <TestEntry testId="fe1c9811-4463-ef95-5296-cdd71ab090b8" executionId="c302fe89-ad9a-45af-b1cc-f94fb5ae7f92" testListId="8c84fa94-04c1-424b-9868-57a2d4851a1d" />
    <TestEntry testId="c6d15831-7dbe-24e6-d39b-4f317a873a34" executionId="1685535d-d7c9-482c-8805-208cef505803" testListId="8c84fa94-04c1-424b-9868-57a2d4851a1d" />
    <TestEntry testId="945f4fce-c15e-e09c-9dbf-5879cde58a78" executionId="5b7ceb1c-39f9-4de7-9901-bfb4cd3d123c" testListId="8c84fa94-04c1-424b-9868-57a2d4851a1d" />
    <TestEntry testId="c6abb489-2666-fd84-85be-69873a4c76cc" executionId="5e8da07a-a276-4a68-81e5-106882b64cce" testListId="8c84fa94-04c1-424b-9868-57a2d4851a1d" />
    <TestEntry testId="d18898e3-6995-0d27-8e53-1ced81186e2d" executionId="bfe12954-37a0-4db9-8e37-2b2e7216b974" testListId="8c84fa94-04c1-424b-9868-57a2d4851a1d" />
    <TestEntry testId="1ec97a71-0b29-f7c5-72ce-8cf48efa2e36" executionId="12948382-8fbe-483e-97df-f4ceb96c15b2" testListId="8c84fa94-04c1-424b-9868-57a2d4851a1d" />
    <TestEntry testId="b5a2bbb3-e25b-0d71-cef7-0187c592a682" executionId="56161778-eb5e-40a7-88c6-ab33839bab53" testListId="8c84fa94-04c1-424b-9868-57a2d4851a1d" />
    <TestEntry testId="31a1a77c-5b35-2c19-9bdc-0ee23e06e8f3" executionId="b3ae4379-e4df-404d-a040-2ebcc0419231" testListId="8c84fa94-04c1-424b-9868-57a2d4851a1d" />
    <TestEntry testId="eb8cb345-7707-0e07-1566-f6a04ceb2670" executionId="e38d6c5b-ab4e-4855-b45f-e8dd9f3251a6" testListId="8c84fa94-04c1-424b-9868-57a2d4851a1d" />
    <TestEntry testId="69a7a014-6241-5f0a-e55d-960890e56595" executionId="d4e2791c-9334-432b-84c9-ba7736d0542c" testListId="8c84fa94-04c1-424b-9868-57a2d4851a1d" />
    <TestEntry testId="6274cd22-d848-61dd-8233-d29a2f361a38" executionId="49a6c4fd-cf2a-4775-a484-a1eaeed6eaef" testListId="8c84fa94-04c1-424b-9868-57a2d4851a1d" />
    <TestEntry testId="06f0962d-466b-0634-113e-f3863f9b599c" executionId="813f646f-0d75-4fc1-98d5-71843bd19685" testListId="8c84fa94-04c1-424b-9868-57a2d4851a1d" />
    <TestEntry testId="b2691cfb-5962-80d6-34ac-12efb31ff88e" executionId="2f324209-de42-4168-9be1-c6ead5a30b37" testListId="8c84fa94-04c1-424b-9868-57a2d4851a1d" />
    <TestEntry testId="0a429b0b-08a8-36a6-5969-3c31a35cc366" executionId="eecb41a6-b28f-420d-828e-4dcb5ab26069" testListId="8c84fa94-04c1-424b-9868-57a2d4851a1d" />
    <TestEntry testId="74f30272-fd7f-9b4e-507d-1c94cc60bb29" executionId="9ee06c62-8c9a-45e1-9f38-f23ea8248ff2" testListId="8c84fa94-04c1-424b-9868-57a2d4851a1d" />
    <TestEntry testId="75b07048-5201-d631-649a-c012e65b7444" executionId="3f6ec369-bd43-403e-b98b-cbee8d17f865" testListId="8c84fa94-04c1-424b-9868-57a2d4851a1d" />
    <TestEntry testId="1450a0ab-3596-66d8-8d08-6506bbe1f61b" executionId="4d0f454f-3835-4e6e-99b7-3156180c7fcd" testListId="8c84fa94-04c1-424b-9868-57a2d4851a1d" />
    <TestEntry testId="2f8521ee-e0ca-eac4-b453-aa86236fc9b9" executionId="f4745610-7f32-48f0-80bd-b10bc3b76beb" testListId="8c84fa94-04c1-424b-9868-57a2d4851a1d" />
    <TestEntry testId="43169439-e722-3696-654b-e380ed8f351d" executionId="065df7c9-88b8-4e6a-809a-93b89cf8f54d" testListId="8c84fa94-04c1-424b-9868-57a2d4851a1d" />
    <TestEntry testId="3b96b54e-967c-6e8f-1ced-4ff4d8370be3" executionId="f24b44ae-5f68-4411-b9a0-e5edb1f1f2fa" testListId="8c84fa94-04c1-424b-9868-57a2d4851a1d" />
    <TestEntry testId="4fd078d7-61ec-6e3f-be79-cf322012a0cd" executionId="651e6792-6176-4734-aee9-1fa97f722d0b" testListId="8c84fa94-04c1-424b-9868-57a2d4851a1d" />
    <TestEntry testId="64ce4809-e3f8-8d8e-c808-2938f18aa4d4" executionId="d6602597-7dd9-4531-8d32-1e712696a83c" testListId="8c84fa94-04c1-424b-9868-57a2d4851a1d" />
  </TestEntries>
  <TestLists>
    <TestList name="Results Not in a List" id="8c84fa94-04c1-424b-9868-57a2d4851a1d" />
    <TestList name="All Loaded Results" id="19431567-8539-422a-85d7-44ee4e166bda" />
  </TestLists>
  <ResultSummary outcome="Completed">
    <Counters total="24" executed="24" passed="24" failed="0" error="0" timeout="0" aborted="0" inconclusive="0" passedButRunAborted="0" notRunnable="0" notExecuted="0" disconnected="0" warning="0" completed="0" inProgress="0" pending="0" />
    <Output>
      <StdOut>[xUnit.net 00:00:00.87] xUnit.net VSTest Adapter v2.4.3+1b45f5407b (32-bit Desktop .NET 4.0.30319.42000)&#xD;
[xUnit.net 00:00:12.79]   Discovering: IntegrationTests&#xD;
[xUnit.net 00:00:16.93]   Discovered:  IntegrationTests&#xD;
[xUnit.net 00:00:16.94]   Starting:    IntegrationTests&#xD;
[xUnit.net 00:01:03.71]   Finished:    IntegrationTests&#xD;
</StdOut>
    </Output>
  </ResultSummary>
</TestRun>