<?xml version="1.0" encoding="utf-8"?>
<TestRun id="97e94160-502d-4ed5-a20a-55e09f67bdb5" name="runneradmin@fv-az449-811 2022-03-14 02:05:39" runUser="fv-az449-811\runneradmin" xmlns="http://microsoft.com/schemas/VisualStudio/TeamTest/2010">
  <Times creation="2022-03-14T02:05:39.6487471+00:00" queuing="2022-03-14T02:05:39.6487473+00:00" start="2022-03-14T02:05:24.2786892+00:00" finish="2022-03-14T02:05:44.9250184+00:00" />
  <TestSettings name="default" id="c0ab2269-ff91-4d77-89b1-b91e54d1acc2">
    <Deployment runDeploymentRoot="runneradmin_fv-az449-811_2022-03-14_02_05_39" />
  </TestSettings>
  <Results>
    <UnitTestResult executionId="1524070c-aad9-4719-9614-d9b8cb513037" testId="2f8521ee-e0ca-eac4-b453-aa86236fc9b9" testName="IntegrationTests.Controllers.ItemControllerTests.GetItemsPage_SortsDescending" computerName="fv-az449-811" duration="00:00:00.0170000" startTime="2022-03-14T02:05:44.6994844+00:00" endTime="2022-03-14T02:05:44.6994844+00:00" testType="13cdc9d9-ddb5-4fa4-a97d-d965ccfc6d4b" outcome="Passed" testListId="8c84fa94-04c1-424b-9868-57a2d4851a1d" relativeResultsDirectory="1524070c-aad9-4719-9614-d9b8cb513037" />
    <UnitTestResult executionId="6de8ca8d-477a-481b-9494-8b20fd032845" testId="b2691cfb-5962-80d6-34ac-12efb31ff88e" testName="IntegrationTests.Controllers.ItemControllerTests.DeleteItem_Deletes" computerName="fv-az449-811" duration="00:00:00.0820000" startTime="2022-03-14T02:05:44.6624741+00:00" endTime="2022-03-14T02:05:44.6624741+00:00" testType="13cdc9d9-ddb5-4fa4-a97d-d965ccfc6d4b" outcome="Passed" testListId="8c84fa94-04c1-424b-9868-57a2d4851a1d" relativeResultsDirectory="6de8ca8d-477a-481b-9494-8b20fd032845" />
    <UnitTestResult executionId="f7b8c2ab-37b9-42a2-9d14-2db9d3e38d92" testId="d18898e3-6995-0d27-8e53-1ced81186e2d" testName="IntegrationTests.Controllers.ItemControllerTests.GetItemsPage_PageSize0_DefaultsTo1" computerName="fv-az449-811" duration="00:00:00.0190000" startTime="2022-03-14T02:05:44.6824845+00:00" endTime="2022-03-14T02:05:44.6824845+00:00" testType="13cdc9d9-ddb5-4fa4-a97d-d965ccfc6d4b" outcome="Passed" testListId="8c84fa94-04c1-424b-9868-57a2d4851a1d" relativeResultsDirectory="f7b8c2ab-37b9-42a2-9d14-2db9d3e38d92" />
    <UnitTestResult executionId="c1551b6a-33aa-46c4-a8fd-4a674233b424" testId="06f0962d-466b-0634-113e-f3863f9b599c" testName="IntegrationTests.Controllers.ItemControllerTests.GetItemsPage_GetsProperPages(amount: 99, expectedPages: 10)" computerName="fv-az449-811" duration="00:00:00.0320000" startTime="2022-03-14T02:05:44.3960488+00:00" endTime="2022-03-14T02:05:44.3960488+00:00" testType="13cdc9d9-ddb5-4fa4-a97d-d965ccfc6d4b" outcome="Passed" testListId="8c84fa94-04c1-424b-9868-57a2d4851a1d" relativeResultsDirectory="c1551b6a-33aa-46c4-a8fd-4a674233b424" />
    <UnitTestResult executionId="ba0a7ab9-6dfa-495b-92ed-b89da0051b31" testId="c6d15831-7dbe-24e6-d39b-4f317a873a34" testName="IntegrationTests.Controllers.ItemControllerTests.GetItemsPage_GetsProperPages(amount: 1, expectedPages: 1)" computerName="fv-az449-811" duration="00:00:00.0260000" startTime="2022-03-14T02:05:44.3580525+00:00" endTime="2022-03-14T02:05:44.3580525+00:00" testType="13cdc9d9-ddb5-4fa4-a97d-d965ccfc6d4b" outcome="Passed" testListId="8c84fa94-04c1-424b-9868-57a2d4851a1d" relativeResultsDirectory="ba0a7ab9-6dfa-495b-92ed-b89da0051b31" />
    <UnitTestResult executionId="69536d04-e213-4e4d-8197-7e7b37526d01" testId="9609bc3b-2435-1be2-e2f3-2c6b217c770c" testName="IntegrationTests.Controllers.ItemControllerTests.GetItemsPage_Query_Filters(query: &quot;Missing&quot;, expectedResults: 0)" computerName="fv-az449-811" duration="00:00:00.0470000" startTime="2022-03-14T02:05:44.1370517+00:00" endTime="2022-03-14T02:05:44.1370517+00:00" testType="13cdc9d9-ddb5-4fa4-a97d-d965ccfc6d4b" outcome="Passed" testListId="8c84fa94-04c1-424b-9868-57a2d4851a1d" relativeResultsDirectory="69536d04-e213-4e4d-8197-7e7b37526d01" />
    <UnitTestResult executionId="b058806c-21ac-4386-9bcb-ddef5eabfaff" testId="35a21cfd-ad2b-b819-14e0-5151fe414a07" testName="IntegrationTests.Controllers.ItemControllerTests.GetItemsPage_GetsProperPages(amount: 101, expectedPages: 11)" computerName="fv-az449-811" duration="00:00:00.0490000" startTime="2022-03-14T02:05:44.4880532+00:00" endTime="2022-03-14T02:05:44.4880532+00:00" testType="13cdc9d9-ddb5-4fa4-a97d-d965ccfc6d4b" outcome="Passed" testListId="8c84fa94-04c1-424b-9868-57a2d4851a1d" relativeResultsDirectory="b058806c-21ac-4386-9bcb-ddef5eabfaff" />
    <UnitTestResult executionId="ee1be033-a796-4700-96bb-a02aa0882b28" testId="fe1c9811-4463-ef95-5296-cdd71ab090b8" testName="IntegrationTests.Controllers.ItemControllerTests.DeleteItem_DeletesMissingItem" computerName="fv-az449-811" duration="00:00:00.0150000" startTime="2022-03-14T02:05:44.7184726+00:00" endTime="2022-03-14T02:05:44.7184726+00:00" testType="13cdc9d9-ddb5-4fa4-a97d-d965ccfc6d4b" outcome="Passed" testListId="8c84fa94-04c1-424b-9868-57a2d4851a1d" relativeResultsDirectory="ee1be033-a796-4700-96bb-a02aa0882b28" />
    <UnitTestResult executionId="9098fe3e-cfdf-4081-a29b-659277cc54c5" testId="3b96b54e-967c-6e8f-1ced-4ff4d8370be3" testName="IntegrationTests.Controllers.ItemControllerTests.GetItemsPage_Query_Filters(query: &quot;&quot;, expectedResults: 100)" computerName="fv-az449-811" duration="00:00:00.0530000" startTime="2022-03-14T02:05:44.0100485+00:00" endTime="2022-03-14T02:05:44.0100485+00:00" testType="13cdc9d9-ddb5-4fa4-a97d-d965ccfc6d4b" outcome="Passed" testListId="8c84fa94-04c1-424b-9868-57a2d4851a1d" relativeResultsDirectory="9098fe3e-cfdf-4081-a29b-659277cc54c5" />
    <UnitTestResult executionId="becc4250-9caa-4c99-812b-c613627edd87" testId="1450a0ab-3596-66d8-8d08-6506bbe1f61b" testName="IntegrationTests.Controllers.ItemControllerTests.GetItemsPage_50Items_GetsProperly" computerName="fv-az449-811" duration="00:00:00.0400000" startTime="2022-03-14T02:05:44.3260524+00:00" endTime="2022-03-14T02:05:44.3260524+00:00" testType="13cdc9d9-ddb5-4fa4-a97d-d965ccfc6d4b" outcome="Passed" testListId="8c84fa94-04c1-424b-9868-57a2d4851a1d" relativeResultsDirectory="becc4250-9caa-4c99-812b-c613627edd87" />
    <UnitTestResult executionId="38277583-ef85-4cf9-89b5-77f399f0f405" testId="c6abb489-2666-fd84-85be-69873a4c76cc" testName="IntegrationTests.Controllers.ItemControllerTests.CreateItem_Creates(name: &quot;name1&quot;, description: &quot;description1&quot;)" computerName="fv-az449-811" duration="00:00:00.0060000" startTime="2022-03-14T02:05:44.2850516+00:00" endTime="2022-03-14T02:05:44.2850516+00:00" testType="13cdc9d9-ddb5-4fa4-a97d-d965ccfc6d4b" outcome="Passed" testListId="8c84fa94-04c1-424b-9868-57a2d4851a1d" relativeResultsDirectory="38277583-ef85-4cf9-89b5-77f399f0f405" />
    <UnitTestResult executionId="8e9810b9-04fb-4c6f-8d1c-b49bb4c7bf33" testId="4fd078d7-61ec-6e3f-be79-cf322012a0cd" testName="IntegrationTests.Controllers.ItemControllerTests.GetItemsPage_SortsAscending" computerName="fv-az449-811" duration="00:00:06.3900000" startTime="2022-03-14T02:05:43.9480497+00:00" endTime="2022-03-14T02:05:43.9480497+00:00" testType="13cdc9d9-ddb5-4fa4-a97d-d965ccfc6d4b" outcome="Passed" testListId="8c84fa94-04c1-424b-9868-57a2d4851a1d" relativeResultsDirectory="8e9810b9-04fb-4c6f-8d1c-b49bb4c7bf33" />
    <UnitTestResult executionId="cc118348-cf97-4a89-9b34-3d8857caa254" testId="945f4fce-c15e-e09c-9dbf-5879cde58a78" testName="IntegrationTests.Controllers.ItemControllerTests.GetItemsPage_Page0_DefaultsToPage1" computerName="fv-az449-811" duration="00:00:00.0170000" startTime="2022-03-14T02:05:44.5790490+00:00" endTime="2022-03-14T02:05:44.5800532+00:00" testType="13cdc9d9-ddb5-4fa4-a97d-d965ccfc6d4b" outcome="Passed" testListId="8c84fa94-04c1-424b-9868-57a2d4851a1d" relativeResultsDirectory="cc118348-cf97-4a89-9b34-3d8857caa254" />
    <UnitTestResult executionId="2f7874d1-0e0a-480e-8c01-7872b75fbc37" testId="1ec97a71-0b29-f7c5-72ce-8cf48efa2e36" testName="IntegrationTests.Controllers.ItemControllerTests.CreateItem_Creates(name: &quot;name2&quot;, description: &quot;description2&quot;)" computerName="fv-az449-811" duration="00:00:00.0270000" startTime="2022-03-14T02:05:44.2790526+00:00" endTime="2022-03-14T02:05:44.2790526+00:00" testType="13cdc9d9-ddb5-4fa4-a97d-d965ccfc6d4b" outcome="Passed" testListId="8c84fa94-04c1-424b-9868-57a2d4851a1d" relativeResultsDirectory="2f7874d1-0e0a-480e-8c01-7872b75fbc37" />
    <UnitTestResult executionId="89091923-92cf-49e5-8aa8-e08465b615b7" testId="0a429b0b-08a8-36a6-5969-3c31a35cc366" testName="IntegrationTests.Controllers.ItemControllerTests.GetItemsPage_GetsProperPages(amount: 9, expectedPages: 1)" computerName="fv-az449-811" duration="00:00:00.0230000" startTime="2022-03-14T02:05:44.4390525+00:00" endTime="2022-03-14T02:05:44.4390525+00:00" testType="13cdc9d9-ddb5-4fa4-a97d-d965ccfc6d4b" outcome="Passed" testListId="8c84fa94-04c1-424b-9868-57a2d4851a1d" relativeResultsDirectory="89091923-92cf-49e5-8aa8-e08465b615b7" />
    <UnitTestResult executionId="215bedab-6a0f-4e02-b426-1358c217491f" testId="6274cd22-d848-61dd-8233-d29a2f361a38" testName="IntegrationTests.Controllers.ItemControllerTests.GetItemsPage_Query_Filters(query: &quot;Name 1&quot;, expectedResults: 12)" computerName="fv-az449-811" duration="00:00:00.0430000" startTime="2022-03-14T02:05:44.0900515+00:00" endTime="2022-03-14T02:05:44.0900515+00:00" testType="13cdc9d9-ddb5-4fa4-a97d-d965ccfc6d4b" outcome="Passed" testListId="8c84fa94-04c1-424b-9868-57a2d4851a1d" relativeResultsDirectory="215bedab-6a0f-4e02-b426-1358c217491f" />
    <UnitTestResult executionId="bc9e2b05-c6ef-4c9e-aeec-a7cb78fa0b28" testId="43169439-e722-3696-654b-e380ed8f351d" testName="IntegrationTests.Controllers.ItemControllerTests.EditItem_Saves" computerName="fv-az449-811" duration="00:00:00.0750000" startTime="2022-03-14T02:05:44.5620493+00:00" endTime="2022-03-14T02:05:44.5620493+00:00" testType="13cdc9d9-ddb5-4fa4-a97d-d965ccfc6d4b" outcome="Passed" testListId="8c84fa94-04c1-424b-9868-57a2d4851a1d" relativeResultsDirectory="bc9e2b05-c6ef-4c9e-aeec-a7cb78fa0b28" />
    <UnitTestResult executionId="8446edbd-64fd-4497-9b5f-6263170f2df6" testId="74f30272-fd7f-9b4e-507d-1c94cc60bb29" testName="IntegrationTests.Controllers.ItemControllerTests.GetItemsPage_Query_Filters(query: &quot;1&quot;, expectedResults: 20)" computerName="fv-az449-811" duration="00:00:00.0450000" startTime="2022-03-14T02:05:44.0460509+00:00" endTime="2022-03-14T02:05:44.0460509+00:00" testType="13cdc9d9-ddb5-4fa4-a97d-d965ccfc6d4b" outcome="Passed" testListId="8c84fa94-04c1-424b-9868-57a2d4851a1d" relativeResultsDirectory="8446edbd-64fd-4497-9b5f-6263170f2df6" />
    <UnitTestResult executionId="68a54d77-4837-430b-b280-b8abed232707" testId="75b07048-5201-d631-649a-c012e65b7444" testName="IntegrationTests.Controllers.ItemControllerTests.GetItemsPage_Query_Filters(query: &quot;Name 10&quot;, expectedResults: 2)" computerName="fv-az449-811" duration="00:00:00.0360000" startTime="2022-03-14T02:05:44.2530517+00:00" endTime="2022-03-14T02:05:44.2530517+00:00" testType="13cdc9d9-ddb5-4fa4-a97d-d965ccfc6d4b" outcome="Passed" testListId="8c84fa94-04c1-424b-9868-57a2d4851a1d" relativeResultsDirectory="68a54d77-4837-430b-b280-b8abed232707" />
    <UnitTestResult executionId="0c24d9aa-fe29-4559-917f-d0b3635871a9" testId="64ce4809-e3f8-8d8e-c808-2938f18aa4d4" testName="IntegrationTests.Controllers.ItemControllerTests.GetItemsPage_Query_Filters(query: &quot;Name 2&quot;, expectedResults: 11)" computerName="fv-az449-811" duration="00:00:00.0350000" startTime="2022-03-14T02:05:44.2160954+00:00" endTime="2022-03-14T02:05:44.2160954+00:00" testType="13cdc9d9-ddb5-4fa4-a97d-d965ccfc6d4b" outcome="Passed" testListId="8c84fa94-04c1-424b-9868-57a2d4851a1d" relativeResultsDirectory="0c24d9aa-fe29-4559-917f-d0b3635871a9" />
    <UnitTestResult executionId="a6d8b102-6ce5-4b94-b433-240d6f39a193" testId="31a1a77c-5b35-2c19-9bdc-0ee23e06e8f3" testName="IntegrationTests.Controllers.ItemControllerTests.GetItemsPage_GetsProperPages(amount: 10, expectedPages: 1)" computerName="fv-az449-811" duration="00:00:00.0270000" startTime="2022-03-14T02:05:44.4160521+00:00" endTime="2022-03-14T02:05:44.4160521+00:00" testType="13cdc9d9-ddb5-4fa4-a97d-d965ccfc6d4b" outcome="Passed" testListId="8c84fa94-04c1-424b-9868-57a2d4851a1d" relativeResultsDirectory="a6d8b102-6ce5-4b94-b433-240d6f39a193" />
    <UnitTestResult executionId="afb05cc7-4b98-4af3-b1e2-d5cfa8b24cf5" testId="eb8cb345-7707-0e07-1566-f6a04ceb2670" testName="IntegrationTests.Controllers.ItemControllerTests.CanEdit_Defaults_To_False" computerName="fv-az449-811" duration="00:00:00.0050000" startTime="2022-03-14T02:05:44.3310520+00:00" endTime="2022-03-14T02:05:44.3310520+00:00" testType="13cdc9d9-ddb5-4fa4-a97d-d965ccfc6d4b" outcome="Passed" testListId="8c84fa94-04c1-424b-9868-57a2d4851a1d" relativeResultsDirectory="afb05cc7-4b98-4af3-b1e2-d5cfa8b24cf5" />
    <UnitTestResult executionId="25d864dd-8a78-4f4d-b776-7acc43024136" testId="b5a2bbb3-e25b-0d71-cef7-0187c592a682" testName="IntegrationTests.Controllers.ItemControllerTests.GetItemsPage_Query_Filters(query: &quot;Name 100&quot;, expectedResults: 1)" computerName="fv-az449-811" duration="00:00:00.0450000" startTime="2022-03-14T02:05:44.1820518+00:00" endTime="2022-03-14T02:05:44.1820518+00:00" testType="13cdc9d9-ddb5-4fa4-a97d-d965ccfc6d4b" outcome="Passed" testListId="8c84fa94-04c1-424b-9868-57a2d4851a1d" relativeResultsDirectory="25d864dd-8a78-4f4d-b776-7acc43024136" />
    <UnitTestResult executionId="f78c9933-7236-4938-b0e8-f2569a88ca93" testId="69a7a014-6241-5f0a-e55d-960890e56595" testName="IntegrationTests.Controllers.ServiceRouteMapperTests.RegisterRoutes_RegistersAtLestOneRoute" computerName="fv-az449-811" duration="00:00:01.9940000" startTime="2022-03-14T02:05:39.5750628+00:00" endTime="2022-03-14T02:05:39.5750628+00:00" testType="13cdc9d9-ddb5-4fa4-a97d-d965ccfc6d4b" outcome="Passed" testListId="8c84fa94-04c1-424b-9868-57a2d4851a1d" relativeResultsDirectory="f78c9933-7236-4938-b0e8-f2569a88ca93" />
  </Results>
  <TestDefinitions>
    <UnitTest name="IntegrationTests.Controllers.ItemControllerTests.GetItemsPage_Query_Filters(query: &quot;Name 10&quot;, expectedResults: 2)" storage="d:\a\mymodule20220313\mymodule20220313\integrationtests\bin\integrationtests.dll" id="75b07048-5201-d631-649a-c012e65b7444">
      <Execution id="68a54d77-4837-430b-b280-b8abed232707" />
      <TestMethod codeBase="D:\a\MyModule20220313\MyModule20220313\IntegrationTests\bin\IntegrationTests.dll" adapterTypeName="executor://xunit/VsTestRunner2/net" className="IntegrationTests.Controllers.ItemControllerTests" name="GetItemsPage_Query_Filters" />
    </UnitTest>
    <UnitTest name="IntegrationTests.Controllers.ItemControllerTests.GetItemsPage_Query_Filters(query: &quot;1&quot;, expectedResults: 20)" storage="d:\a\mymodule20220313\mymodule20220313\integrationtests\bin\integrationtests.dll" id="74f30272-fd7f-9b4e-507d-1c94cc60bb29">
      <Execution id="8446edbd-64fd-4497-9b5f-6263170f2df6" />
      <TestMethod codeBase="D:\a\MyModule20220313\MyModule20220313\IntegrationTests\bin\IntegrationTests.dll" adapterTypeName="executor://xunit/VsTestRunner2/net" className="IntegrationTests.Controllers.ItemControllerTests" name="GetItemsPage_Query_Filters" />
    </UnitTest>
    <UnitTest name="IntegrationTests.Controllers.ItemControllerTests.GetItemsPage_GetsProperPages(amount: 99, expectedPages: 10)" storage="d:\a\mymodule20220313\mymodule20220313\integrationtests\bin\integrationtests.dll" id="06f0962d-466b-0634-113e-f3863f9b599c">
      <Execution id="c1551b6a-33aa-46c4-a8fd-4a674233b424" />
      <TestMethod codeBase="D:\a\MyModule20220313\MyModule20220313\IntegrationTests\bin\IntegrationTests.dll" adapterTypeName="executor://xunit/VsTestRunner2/net" className="IntegrationTests.Controllers.ItemControllerTests" name="GetItemsPage_GetsProperPages" />
    </UnitTest>
    <UnitTest name="IntegrationTests.Controllers.ItemControllerTests.DeleteItem_DeletesMissingItem" storage="d:\a\mymodule20220313\mymodule20220313\integrationtests\bin\integrationtests.dll" id="fe1c9811-4463-ef95-5296-cdd71ab090b8">
      <Execution id="ee1be033-a796-4700-96bb-a02aa0882b28" />
      <TestMethod codeBase="D:\a\MyModule20220313\MyModule20220313\IntegrationTests\bin\IntegrationTests.dll" adapterTypeName="executor://xunit/VsTestRunner2/net" className="IntegrationTests.Controllers.ItemControllerTests" name="DeleteItem_DeletesMissingItem" />
    </UnitTest>
    <UnitTest name="IntegrationTests.Controllers.ItemControllerTests.EditItem_Saves" storage="d:\a\mymodule20220313\mymodule20220313\integrationtests\bin\integrationtests.dll" id="43169439-e722-3696-654b-e380ed8f351d">
      <Execution id="bc9e2b05-c6ef-4c9e-aeec-a7cb78fa0b28" />
      <TestMethod codeBase="D:\a\MyModule20220313\MyModule20220313\IntegrationTests\bin\IntegrationTests.dll" adapterTypeName="executor://xunit/VsTestRunner2/net" className="IntegrationTests.Controllers.ItemControllerTests" name="EditItem_Saves" />
    </UnitTest>
    <UnitTest name="IntegrationTests.Controllers.ItemControllerTests.CreateItem_Creates(name: &quot;name1&quot;, description: &quot;description1&quot;)" storage="d:\a\mymodule20220313\mymodule20220313\integrationtests\bin\integrationtests.dll" id="c6abb489-2666-fd84-85be-69873a4c76cc">
      <Execution id="38277583-ef85-4cf9-89b5-77f399f0f405" />
      <TestMethod codeBase="D:\a\MyModule20220313\MyModule20220313\IntegrationTests\bin\IntegrationTests.dll" adapterTypeName="executor://xunit/VsTestRunner2/net" className="IntegrationTests.Controllers.ItemControllerTests" name="CreateItem_Creates" />
    </UnitTest>
    <UnitTest name="IntegrationTests.Controllers.ItemControllerTests.GetItemsPage_Query_Filters(query: &quot;&quot;, expectedResults: 100)" storage="d:\a\mymodule20220313\mymodule20220313\integrationtests\bin\integrationtests.dll" id="3b96b54e-967c-6e8f-1ced-4ff4d8370be3">
      <Execution id="9098fe3e-cfdf-4081-a29b-659277cc54c5" />
      <TestMethod codeBase="D:\a\MyModule20220313\MyModule20220313\IntegrationTests\bin\IntegrationTests.dll" adapterTypeName="executor://xunit/VsTestRunner2/net" className="IntegrationTests.Controllers.ItemControllerTests" name="GetItemsPage_Query_Filters" />
    </UnitTest>
    <UnitTest name="IntegrationTests.Controllers.ItemControllerTests.GetItemsPage_SortsDescending" storage="d:\a\mymodule20220313\mymodule20220313\integrationtests\bin\integrationtests.dll" id="2f8521ee-e0ca-eac4-b453-aa86236fc9b9">
      <Execution id="1524070c-aad9-4719-9614-d9b8cb513037" />
      <TestMethod codeBase="D:\a\MyModule20220313\MyModule20220313\IntegrationTests\bin\IntegrationTests.dll" adapterTypeName="executor://xunit/VsTestRunner2/net" className="IntegrationTests.Controllers.ItemControllerTests" name="GetItemsPage_SortsDescending" />
    </UnitTest>
    <UnitTest name="IntegrationTests.Controllers.ItemControllerTests.GetItemsPage_Page0_DefaultsToPage1" storage="d:\a\mymodule20220313\mymodule20220313\integrationtests\bin\integrationtests.dll" id="945f4fce-c15e-e09c-9dbf-5879cde58a78">
      <Execution id="cc118348-cf97-4a89-9b34-3d8857caa254" />
      <TestMethod codeBase="D:\a\MyModule20220313\MyModule20220313\IntegrationTests\bin\IntegrationTests.dll" adapterTypeName="executor://xunit/VsTestRunner2/net" className="IntegrationTests.Controllers.ItemControllerTests" name="GetItemsPage_Page0_DefaultsToPage1" />
    </UnitTest>
    <UnitTest name="IntegrationTests.Controllers.ItemControllerTests.GetItemsPage_50Items_GetsProperly" storage="d:\a\mymodule20220313\mymodule20220313\integrationtests\bin\integrationtests.dll" id="1450a0ab-3596-66d8-8d08-6506bbe1f61b">
      <Execution id="becc4250-9caa-4c99-812b-c613627edd87" />
      <TestMethod codeBase="D:\a\MyModule20220313\MyModule20220313\IntegrationTests\bin\IntegrationTests.dll" adapterTypeName="executor://xunit/VsTestRunner2/net" className="IntegrationTests.Controllers.ItemControllerTests" name="GetItemsPage_50Items_GetsProperly" />
    </UnitTest>
    <UnitTest name="IntegrationTests.Controllers.ItemControllerTests.GetItemsPage_GetsProperPages(amount: 101, expectedPages: 11)" storage="d:\a\mymodule20220313\mymodule20220313\integrationtests\bin\integrationtests.dll" id="35a21cfd-ad2b-b819-14e0-5151fe414a07">
      <Execution id="b058806c-21ac-4386-9bcb-ddef5eabfaff" />
      <TestMethod codeBase="D:\a\MyModule20220313\MyModule20220313\IntegrationTests\bin\IntegrationTests.dll" adapterTypeName="executor://xunit/VsTestRunner2/net" className="IntegrationTests.Controllers.ItemControllerTests" name="GetItemsPage_GetsProperPages" />
    </UnitTest>
    <UnitTest name="IntegrationTests.Controllers.ItemControllerTests.GetItemsPage_GetsProperPages(amount: 1, expectedPages: 1)" storage="d:\a\mymodule20220313\mymodule20220313\integrationtests\bin\integrationtests.dll" id="c6d15831-7dbe-24e6-d39b-4f317a873a34">
      <Execution id="ba0a7ab9-6dfa-495b-92ed-b89da0051b31" />
      <TestMethod codeBase="D:\a\MyModule20220313\MyModule20220313\IntegrationTests\bin\IntegrationTests.dll" adapterTypeName="executor://xunit/VsTestRunner2/net" className="IntegrationTests.Controllers.ItemControllerTests" name="GetItemsPage_GetsProperPages" />
    </UnitTest>
    <UnitTest name="IntegrationTests.Controllers.ItemControllerTests.CreateItem_Creates(name: &quot;name2&quot;, description: &quot;description2&quot;)" storage="d:\a\mymodule20220313\mymodule20220313\integrationtests\bin\integrationtests.dll" id="1ec97a71-0b29-f7c5-72ce-8cf48efa2e36">
      <Execution id="2f7874d1-0e0a-480e-8c01-7872b75fbc37" />
      <TestMethod codeBase="D:\a\MyModule20220313\MyModule20220313\IntegrationTests\bin\IntegrationTests.dll" adapterTypeName="executor://xunit/VsTestRunner2/net" className="IntegrationTests.Controllers.ItemControllerTests" name="CreateItem_Creates" />
    </UnitTest>
    <UnitTest name="IntegrationTests.Controllers.ItemControllerTests.GetItemsPage_SortsAscending" storage="d:\a\mymodule20220313\mymodule20220313\integrationtests\bin\integrationtests.dll" id="4fd078d7-61ec-6e3f-be79-cf322012a0cd">
      <Execution id="8e9810b9-04fb-4c6f-8d1c-b49bb4c7bf33" />
      <TestMethod codeBase="D:\a\MyModule20220313\MyModule20220313\IntegrationTests\bin\IntegrationTests.dll" adapterTypeName="executor://xunit/VsTestRunner2/net" className="IntegrationTests.Controllers.ItemControllerTests" name="GetItemsPage_SortsAscending" />
    </UnitTest>
    <UnitTest name="IntegrationTests.Controllers.ItemControllerTests.GetItemsPage_PageSize0_DefaultsTo1" storage="d:\a\mymodule20220313\mymodule20220313\integrationtests\bin\integrationtests.dll" id="d18898e3-6995-0d27-8e53-1ced81186e2d">
      <Execution id="f7b8c2ab-37b9-42a2-9d14-2db9d3e38d92" />
      <TestMethod codeBase="D:\a\MyModule20220313\MyModule20220313\IntegrationTests\bin\IntegrationTests.dll" adapterTypeName="executor://xunit/VsTestRunner2/net" className="IntegrationTests.Controllers.ItemControllerTests" name="GetItemsPage_PageSize0_DefaultsTo1" />
    </UnitTest>
    <UnitTest name="IntegrationTests.Controllers.ItemControllerTests.GetItemsPage_GetsProperPages(amount: 9, expectedPages: 1)" storage="d:\a\mymodule20220313\mymodule20220313\integrationtests\bin\integrationtests.dll" id="0a429b0b-08a8-36a6-5969-3c31a35cc366">
      <Execution id="89091923-92cf-49e5-8aa8-e08465b615b7" />
      <TestMethod codeBase="D:\a\MyModule20220313\MyModule20220313\IntegrationTests\bin\IntegrationTests.dll" adapterTypeName="executor://xunit/VsTestRunner2/net" className="IntegrationTests.Controllers.ItemControllerTests" name="GetItemsPage_GetsProperPages" />
    </UnitTest>
    <UnitTest name="IntegrationTests.Controllers.ItemControllerTests.GetItemsPage_GetsProperPages(amount: 10, expectedPages: 1)" storage="d:\a\mymodule20220313\mymodule20220313\integrationtests\bin\integrationtests.dll" id="31a1a77c-5b35-2c19-9bdc-0ee23e06e8f3">
      <Execution id="a6d8b102-6ce5-4b94-b433-240d6f39a193" />
      <TestMethod codeBase="D:\a\MyModule20220313\MyModule20220313\IntegrationTests\bin\IntegrationTests.dll" adapterTypeName="executor://xunit/VsTestRunner2/net" className="IntegrationTests.Controllers.ItemControllerTests" name="GetItemsPage_GetsProperPages" />
    </UnitTest>
    <UnitTest name="IntegrationTests.Controllers.ItemControllerTests.GetItemsPage_Query_Filters(query: &quot;Missing&quot;, expectedResults: 0)" storage="d:\a\mymodule20220313\mymodule20220313\integrationtests\bin\integrationtests.dll" id="9609bc3b-2435-1be2-e2f3-2c6b217c770c">
      <Execution id="69536d04-e213-4e4d-8197-7e7b37526d01" />
      <TestMethod codeBase="D:\a\MyModule20220313\MyModule20220313\IntegrationTests\bin\IntegrationTests.dll" adapterTypeName="executor://xunit/VsTestRunner2/net" className="IntegrationTests.Controllers.ItemControllerTests" name="GetItemsPage_Query_Filters" />
    </UnitTest>
    <UnitTest name="IntegrationTests.Controllers.ItemControllerTests.DeleteItem_Deletes" storage="d:\a\mymodule20220313\mymodule20220313\integrationtests\bin\integrationtests.dll" id="b2691cfb-5962-80d6-34ac-12efb31ff88e">
      <Execution id="6de8ca8d-477a-481b-9494-8b20fd032845" />
      <TestMethod codeBase="D:\a\MyModule20220313\MyModule20220313\IntegrationTests\bin\IntegrationTests.dll" adapterTypeName="executor://xunit/VsTestRunner2/net" className="IntegrationTests.Controllers.ItemControllerTests" name="DeleteItem_Deletes" />
    </UnitTest>
    <UnitTest name="IntegrationTests.Controllers.ItemControllerTests.GetItemsPage_Query_Filters(query: &quot;Name 2&quot;, expectedResults: 11)" storage="d:\a\mymodule20220313\mymodule20220313\integrationtests\bin\integrationtests.dll" id="64ce4809-e3f8-8d8e-c808-2938f18aa4d4">
      <Execution id="0c24d9aa-fe29-4559-917f-d0b3635871a9" />
      <TestMethod codeBase="D:\a\MyModule20220313\MyModule20220313\IntegrationTests\bin\IntegrationTests.dll" adapterTypeName="executor://xunit/VsTestRunner2/net" className="IntegrationTests.Controllers.ItemControllerTests" name="GetItemsPage_Query_Filters" />
    </UnitTest>
    <UnitTest name="IntegrationTests.Controllers.ItemControllerTests.GetItemsPage_Query_Filters(query: &quot;Name 100&quot;, expectedResults: 1)" storage="d:\a\mymodule20220313\mymodule20220313\integrationtests\bin\integrationtests.dll" id="b5a2bbb3-e25b-0d71-cef7-0187c592a682">
      <Execution id="25d864dd-8a78-4f4d-b776-7acc43024136" />
      <TestMethod codeBase="D:\a\MyModule20220313\MyModule20220313\IntegrationTests\bin\IntegrationTests.dll" adapterTypeName="executor://xunit/VsTestRunner2/net" className="IntegrationTests.Controllers.ItemControllerTests" name="GetItemsPage_Query_Filters" />
    </UnitTest>
    <UnitTest name="IntegrationTests.Controllers.ServiceRouteMapperTests.RegisterRoutes_RegistersAtLestOneRoute" storage="d:\a\mymodule20220313\mymodule20220313\integrationtests\bin\integrationtests.dll" id="69a7a014-6241-5f0a-e55d-960890e56595">
      <Execution id="f78c9933-7236-4938-b0e8-f2569a88ca93" />
      <TestMethod codeBase="D:\a\MyModule20220313\MyModule20220313\IntegrationTests\bin\IntegrationTests.dll" adapterTypeName="executor://xunit/VsTestRunner2/net" className="IntegrationTests.Controllers.ServiceRouteMapperTests" name="RegisterRoutes_RegistersAtLestOneRoute" />
    </UnitTest>
    <UnitTest name="IntegrationTests.Controllers.ItemControllerTests.GetItemsPage_Query_Filters(query: &quot;Name 1&quot;, expectedResults: 12)" storage="d:\a\mymodule20220313\mymodule20220313\integrationtests\bin\integrationtests.dll" id="6274cd22-d848-61dd-8233-d29a2f361a38">
      <Execution id="215bedab-6a0f-4e02-b426-1358c217491f" />
      <TestMethod codeBase="D:\a\MyModule20220313\MyModule20220313\IntegrationTests\bin\IntegrationTests.dll" adapterTypeName="executor://xunit/VsTestRunner2/net" className="IntegrationTests.Controllers.ItemControllerTests" name="GetItemsPage_Query_Filters" />
    </UnitTest>
    <UnitTest name="IntegrationTests.Controllers.ItemControllerTests.CanEdit_Defaults_To_False" storage="d:\a\mymodule20220313\mymodule20220313\integrationtests\bin\integrationtests.dll" id="eb8cb345-7707-0e07-1566-f6a04ceb2670">
      <Execution id="afb05cc7-4b98-4af3-b1e2-d5cfa8b24cf5" />
      <TestMethod codeBase="D:\a\MyModule20220313\MyModule20220313\IntegrationTests\bin\IntegrationTests.dll" adapterTypeName="executor://xunit/VsTestRunner2/net" className="IntegrationTests.Controllers.ItemControllerTests" name="CanEdit_Defaults_To_False" />
    </UnitTest>
  </TestDefinitions>
  <TestEntries>
    <TestEntry testId="2f8521ee-e0ca-eac4-b453-aa86236fc9b9" executionId="1524070c-aad9-4719-9614-d9b8cb513037" testListId="8c84fa94-04c1-424b-9868-57a2d4851a1d" />
    <TestEntry testId="b2691cfb-5962-80d6-34ac-12efb31ff88e" executionId="6de8ca8d-477a-481b-9494-8b20fd032845" testListId="8c84fa94-04c1-424b-9868-57a2d4851a1d" />
    <TestEntry testId="d18898e3-6995-0d27-8e53-1ced81186e2d" executionId="f7b8c2ab-37b9-42a2-9d14-2db9d3e38d92" testListId="8c84fa94-04c1-424b-9868-57a2d4851a1d" />
    <TestEntry testId="06f0962d-466b-0634-113e-f3863f9b599c" executionId="c1551b6a-33aa-46c4-a8fd-4a674233b424" testListId="8c84fa94-04c1-424b-9868-57a2d4851a1d" />
    <TestEntry testId="c6d15831-7dbe-24e6-d39b-4f317a873a34" executionId="ba0a7ab9-6dfa-495b-92ed-b89da0051b31" testListId="8c84fa94-04c1-424b-9868-57a2d4851a1d" />
    <TestEntry testId="9609bc3b-2435-1be2-e2f3-2c6b217c770c" executionId="69536d04-e213-4e4d-8197-7e7b37526d01" testListId="8c84fa94-04c1-424b-9868-57a2d4851a1d" />
    <TestEntry testId="35a21cfd-ad2b-b819-14e0-5151fe414a07" executionId="b058806c-21ac-4386-9bcb-ddef5eabfaff" testListId="8c84fa94-04c1-424b-9868-57a2d4851a1d" />
    <TestEntry testId="fe1c9811-4463-ef95-5296-cdd71ab090b8" executionId="ee1be033-a796-4700-96bb-a02aa0882b28" testListId="8c84fa94-04c1-424b-9868-57a2d4851a1d" />
    <TestEntry testId="3b96b54e-967c-6e8f-1ced-4ff4d8370be3" executionId="9098fe3e-cfdf-4081-a29b-659277cc54c5" testListId="8c84fa94-04c1-424b-9868-57a2d4851a1d" />
    <TestEntry testId="1450a0ab-3596-66d8-8d08-6506bbe1f61b" executionId="becc4250-9caa-4c99-812b-c613627edd87" testListId="8c84fa94-04c1-424b-9868-57a2d4851a1d" />
    <TestEntry testId="c6abb489-2666-fd84-85be-69873a4c76cc" executionId="38277583-ef85-4cf9-89b5-77f399f0f405" testListId="8c84fa94-04c1-424b-9868-57a2d4851a1d" />
    <TestEntry testId="4fd078d7-61ec-6e3f-be79-cf322012a0cd" executionId="8e9810b9-04fb-4c6f-8d1c-b49bb4c7bf33" testListId="8c84fa94-04c1-424b-9868-57a2d4851a1d" />
    <TestEntry testId="945f4fce-c15e-e09c-9dbf-5879cde58a78" executionId="cc118348-cf97-4a89-9b34-3d8857caa254" testListId="8c84fa94-04c1-424b-9868-57a2d4851a1d" />
    <TestEntry testId="1ec97a71-0b29-f7c5-72ce-8cf48efa2e36" executionId="2f7874d1-0e0a-480e-8c01-7872b75fbc37" testListId="8c84fa94-04c1-424b-9868-57a2d4851a1d" />
    <TestEntry testId="0a429b0b-08a8-36a6-5969-3c31a35cc366" executionId="89091923-92cf-49e5-8aa8-e08465b615b7" testListId="8c84fa94-04c1-424b-9868-57a2d4851a1d" />
    <TestEntry testId="6274cd22-d848-61dd-8233-d29a2f361a38" executionId="215bedab-6a0f-4e02-b426-1358c217491f" testListId="8c84fa94-04c1-424b-9868-57a2d4851a1d" />
    <TestEntry testId="43169439-e722-3696-654b-e380ed8f351d" executionId="bc9e2b05-c6ef-4c9e-aeec-a7cb78fa0b28" testListId="8c84fa94-04c1-424b-9868-57a2d4851a1d" />
    <TestEntry testId="74f30272-fd7f-9b4e-507d-1c94cc60bb29" executionId="8446edbd-64fd-4497-9b5f-6263170f2df6" testListId="8c84fa94-04c1-424b-9868-57a2d4851a1d" />
    <TestEntry testId="75b07048-5201-d631-649a-c012e65b7444" executionId="68a54d77-4837-430b-b280-b8abed232707" testListId="8c84fa94-04c1-424b-9868-57a2d4851a1d" />
    <TestEntry testId="64ce4809-e3f8-8d8e-c808-2938f18aa4d4" executionId="0c24d9aa-fe29-4559-917f-d0b3635871a9" testListId="8c84fa94-04c1-424b-9868-57a2d4851a1d" />
    <TestEntry testId="31a1a77c-5b35-2c19-9bdc-0ee23e06e8f3" executionId="a6d8b102-6ce5-4b94-b433-240d6f39a193" testListId="8c84fa94-04c1-424b-9868-57a2d4851a1d" />
    <TestEntry testId="eb8cb345-7707-0e07-1566-f6a04ceb2670" executionId="afb05cc7-4b98-4af3-b1e2-d5cfa8b24cf5" testListId="8c84fa94-04c1-424b-9868-57a2d4851a1d" />
    <TestEntry testId="b5a2bbb3-e25b-0d71-cef7-0187c592a682" executionId="25d864dd-8a78-4f4d-b776-7acc43024136" testListId="8c84fa94-04c1-424b-9868-57a2d4851a1d" />
    <TestEntry testId="69a7a014-6241-5f0a-e55d-960890e56595" executionId="f78c9933-7236-4938-b0e8-f2569a88ca93" testListId="8c84fa94-04c1-424b-9868-57a2d4851a1d" />
  </TestEntries>
  <TestLists>
    <TestList name="Results Not in a List" id="8c84fa94-04c1-424b-9868-57a2d4851a1d" />
    <TestList name="All Loaded Results" id="19431567-8539-422a-85d7-44ee4e166bda" />
  </TestLists>
  <ResultSummary outcome="Completed">
    <Counters total="24" executed="24" passed="24" failed="0" error="0" timeout="0" aborted="0" inconclusive="0" passedButRunAborted="0" notRunnable="0" notExecuted="0" disconnected="0" warning="0" completed="0" inProgress="0" pending="0" />
    <Output>
      <StdOut>[xUnit.net 00:00:00.06] xUnit.net VSTest Adapter v2.4.3+1b45f5407b (32-bit Desktop .NET 4.0.30319.42000)&#xD;
[xUnit.net 00:00:01.66]   Discovering: IntegrationTests&#xD;
[xUnit.net 00:00:02.14]   Discovered:  IntegrationTests&#xD;
[xUnit.net 00:00:02.15]   Starting:    IntegrationTests&#xD;
[xUnit.net 00:00:09.67]   Finished:    IntegrationTests&#xD;
</StdOut>
    </Output>
  </ResultSummary>
</TestRun>