<?xml version="1.0" encoding="utf-8"?>
<TestRun id="40454c6c-b10a-4cbc-a460-ae4f4f7021d7" name="runneradmin@fv-az449-811 2022-03-13 22:17:27" runUser="fv-az449-811\runneradmin" xmlns="http://microsoft.com/schemas/VisualStudio/TeamTest/2010">
  <Times creation="2022-03-13T22:17:27.6723623+00:00" queuing="2022-03-13T22:17:27.6723625+00:00" start="2022-03-13T22:17:15.1886729+00:00" finish="2022-03-13T22:17:33.2130657+00:00" />
  <TestSettings name="default" id="a0423bb5-c4b8-4000-b1e7-b69d628de2fe">
    <Deployment runDeploymentRoot="runneradmin_fv-az449-811_2022-03-13_22_17_27" />
  </TestSettings>
  <Results>
    <UnitTestResult executionId="7bdd58c9-9db1-4fe5-9269-90f2f8455672" testId="31a1a77c-5b35-2c19-9bdc-0ee23e06e8f3" testName="IntegrationTests.Controllers.ItemControllerTests.GetItemsPage_GetsProperPages(amount: 10, expectedPages: 1)" computerName="fv-az449-811" duration="00:00:00.0280000" startTime="2022-03-13T22:17:32.6644944+00:00" endTime="2022-03-13T22:17:32.6644944+00:00" testType="13cdc9d9-ddb5-4fa4-a97d-d965ccfc6d4b" outcome="Passed" testListId="8c84fa94-04c1-424b-9868-57a2d4851a1d" relativeResultsDirectory="7bdd58c9-9db1-4fe5-9269-90f2f8455672" />
    <UnitTestResult executionId="58ed7e03-7428-4e80-86f0-4a8ec9c6f9bd" testId="1ec97a71-0b29-f7c5-72ce-8cf48efa2e36" testName="IntegrationTests.Controllers.ItemControllerTests.CreateItem_Creates(name: &quot;name2&quot;, description: &quot;description2&quot;)" computerName="fv-az449-811" duration="00:00:00.0350000" startTime="2022-03-13T22:17:32.5075023+00:00" endTime="2022-03-13T22:17:32.5075023+00:00" testType="13cdc9d9-ddb5-4fa4-a97d-d965ccfc6d4b" outcome="Passed" testListId="8c84fa94-04c1-424b-9868-57a2d4851a1d" relativeResultsDirectory="58ed7e03-7428-4e80-86f0-4a8ec9c6f9bd" />
    <UnitTestResult executionId="3dae5479-02fd-4202-8c2b-4b600adcd760" testId="35a21cfd-ad2b-b819-14e0-5151fe414a07" testName="IntegrationTests.Controllers.ItemControllerTests.GetItemsPage_GetsProperPages(amount: 101, expectedPages: 11)" computerName="fv-az449-811" duration="00:00:00.0430000" startTime="2022-03-13T22:17:32.7284963+00:00" endTime="2022-03-13T22:17:32.7284963+00:00" testType="13cdc9d9-ddb5-4fa4-a97d-d965ccfc6d4b" outcome="Passed" testListId="8c84fa94-04c1-424b-9868-57a2d4851a1d" relativeResultsDirectory="3dae5479-02fd-4202-8c2b-4b600adcd760" />
    <UnitTestResult executionId="b1a4de8d-8530-48ca-816b-a754a4ffb8a6" testId="6274cd22-d848-61dd-8233-d29a2f361a38" testName="IntegrationTests.Controllers.ItemControllerTests.GetItemsPage_Query_Filters(query: &quot;Name 1&quot;, expectedResults: 12)" computerName="fv-az449-811" duration="00:00:00.0490000" startTime="2022-03-13T22:17:32.2955053+00:00" endTime="2022-03-13T22:17:32.2955053+00:00" testType="13cdc9d9-ddb5-4fa4-a97d-d965ccfc6d4b" outcome="Passed" testListId="8c84fa94-04c1-424b-9868-57a2d4851a1d" relativeResultsDirectory="b1a4de8d-8530-48ca-816b-a754a4ffb8a6" />
    <UnitTestResult executionId="92989ac6-043f-4913-912a-c58ce3fc703a" testId="06f0962d-466b-0634-113e-f3863f9b599c" testName="IntegrationTests.Controllers.ItemControllerTests.GetItemsPage_GetsProperPages(amount: 99, expectedPages: 10)" computerName="fv-az449-811" duration="00:00:00.0380000" startTime="2022-03-13T22:17:32.6435086+00:00" endTime="2022-03-13T22:17:32.6435086+00:00" testType="13cdc9d9-ddb5-4fa4-a97d-d965ccfc6d4b" outcome="Passed" testListId="8c84fa94-04c1-424b-9868-57a2d4851a1d" relativeResultsDirectory="92989ac6-043f-4913-912a-c58ce3fc703a" />
    <UnitTestResult executionId="24e1f135-b1fb-43b0-b915-10d6f653f158" testId="b5a2bbb3-e25b-0d71-cef7-0187c592a682" testName="IntegrationTests.Controllers.ItemControllerTests.GetItemsPage_Query_Filters(query: &quot;Name 100&quot;, expectedResults: 1)" computerName="fv-az449-811" duration="00:00:00.0440000" startTime="2022-03-13T22:17:32.3875053+00:00" endTime="2022-03-13T22:17:32.3875053+00:00" testType="13cdc9d9-ddb5-4fa4-a97d-d965ccfc6d4b" outcome="Passed" testListId="8c84fa94-04c1-424b-9868-57a2d4851a1d" relativeResultsDirectory="24e1f135-b1fb-43b0-b915-10d6f653f158" />
    <UnitTestResult executionId="bed87870-7a44-4bbb-a081-8cfa8a9f3c70" testId="c6d15831-7dbe-24e6-d39b-4f317a873a34" testName="IntegrationTests.Controllers.ItemControllerTests.GetItemsPage_GetsProperPages(amount: 1, expectedPages: 1)" computerName="fv-az449-811" duration="00:00:00.0320000" startTime="2022-03-13T22:17:32.5984978+00:00" endTime="2022-03-13T22:17:32.5984978+00:00" testType="13cdc9d9-ddb5-4fa4-a97d-d965ccfc6d4b" outcome="Passed" testListId="8c84fa94-04c1-424b-9868-57a2d4851a1d" relativeResultsDirectory="bed87870-7a44-4bbb-a081-8cfa8a9f3c70" />
    <UnitTestResult executionId="f8a32e2c-5221-4cc4-af7e-b10246d87478" testId="75b07048-5201-d631-649a-c012e65b7444" testName="IntegrationTests.Controllers.ItemControllerTests.GetItemsPage_Query_Filters(query: &quot;Name 10&quot;, expectedResults: 2)" computerName="fv-az449-811" duration="00:00:00.0470000" startTime="2022-03-13T22:17:32.4735032+00:00" endTime="2022-03-13T22:17:32.4735032+00:00" testType="13cdc9d9-ddb5-4fa4-a97d-d965ccfc6d4b" outcome="Passed" testListId="8c84fa94-04c1-424b-9868-57a2d4851a1d" relativeResultsDirectory="f8a32e2c-5221-4cc4-af7e-b10246d87478" />
    <UnitTestResult executionId="59d44834-0f1e-4e67-9b16-d28c816b2670" testId="9609bc3b-2435-1be2-e2f3-2c6b217c770c" testName="IntegrationTests.Controllers.ItemControllerTests.GetItemsPage_Query_Filters(query: &quot;Missing&quot;, expectedResults: 0)" computerName="fv-az449-811" duration="00:00:00.0480000" startTime="2022-03-13T22:17:32.3435047+00:00" endTime="2022-03-13T22:17:32.3435047+00:00" testType="13cdc9d9-ddb5-4fa4-a97d-d965ccfc6d4b" outcome="Passed" testListId="8c84fa94-04c1-424b-9868-57a2d4851a1d" relativeResultsDirectory="59d44834-0f1e-4e67-9b16-d28c816b2670" />
    <UnitTestResult executionId="7798427f-adb3-4d19-835d-8710d579a138" testId="43169439-e722-3696-654b-e380ed8f351d" testName="IntegrationTests.Controllers.ItemControllerTests.EditItem_Saves" computerName="fv-az449-811" duration="00:00:00.0750000" startTime="2022-03-13T22:17:32.8066784+00:00" endTime="2022-03-13T22:17:32.8066784+00:00" testType="13cdc9d9-ddb5-4fa4-a97d-d965ccfc6d4b" outcome="Passed" testListId="8c84fa94-04c1-424b-9868-57a2d4851a1d" relativeResultsDirectory="7798427f-adb3-4d19-835d-8710d579a138" />
    <UnitTestResult executionId="3f7f88de-2637-4f20-9337-b0073d3eab5b" testId="945f4fce-c15e-e09c-9dbf-5879cde58a78" testName="IntegrationTests.Controllers.ItemControllerTests.GetItemsPage_Page0_DefaultsToPage1" computerName="fv-az449-811" duration="00:00:00.0210000" startTime="2022-03-13T22:17:32.8244932+00:00" endTime="2022-03-13T22:17:32.8244932+00:00" testType="13cdc9d9-ddb5-4fa4-a97d-d965ccfc6d4b" outcome="Passed" testListId="8c84fa94-04c1-424b-9868-57a2d4851a1d" relativeResultsDirectory="3f7f88de-2637-4f20-9337-b0073d3eab5b" />
    <UnitTestResult executionId="c5f8efae-8d31-4446-8c71-9bc693d00cd3" testId="3b96b54e-967c-6e8f-1ced-4ff4d8370be3" testName="IntegrationTests.Controllers.ItemControllerTests.GetItemsPage_Query_Filters(query: &quot;&quot;, expectedResults: 100)" computerName="fv-az449-811" duration="00:00:00.0580000" startTime="2022-03-13T22:17:32.1995104+00:00" endTime="2022-03-13T22:17:32.1995104+00:00" testType="13cdc9d9-ddb5-4fa4-a97d-d965ccfc6d4b" outcome="Passed" testListId="8c84fa94-04c1-424b-9868-57a2d4851a1d" relativeResultsDirectory="c5f8efae-8d31-4446-8c71-9bc693d00cd3" />
    <UnitTestResult executionId="6409860e-003f-49b5-bbb1-8539bb0b73f6" testId="4fd078d7-61ec-6e3f-be79-cf322012a0cd" testName="IntegrationTests.Controllers.ItemControllerTests.GetItemsPage_SortsAscending" computerName="fv-az449-811" duration="00:00:06.2880000" startTime="2022-03-13T22:17:32.1405114+00:00" endTime="2022-03-13T22:17:32.1405114+00:00" testType="13cdc9d9-ddb5-4fa4-a97d-d965ccfc6d4b" outcome="Passed" testListId="8c84fa94-04c1-424b-9868-57a2d4851a1d" relativeResultsDirectory="6409860e-003f-49b5-bbb1-8539bb0b73f6" />
    <UnitTestResult executionId="b6e52d36-cbda-4d29-9c6f-d588746e7f21" testId="1450a0ab-3596-66d8-8d08-6506bbe1f61b" testName="IntegrationTests.Controllers.ItemControllerTests.GetItemsPage_50Items_GetsProperly" computerName="fv-az449-811" duration="00:00:00.0470000" startTime="2022-03-13T22:17:32.5604996+00:00" endTime="2022-03-13T22:17:32.5604996+00:00" testType="13cdc9d9-ddb5-4fa4-a97d-d965ccfc6d4b" outcome="Passed" testListId="8c84fa94-04c1-424b-9868-57a2d4851a1d" relativeResultsDirectory="b6e52d36-cbda-4d29-9c6f-d588746e7f21" />
    <UnitTestResult executionId="7d361cb2-2b8c-41dd-ba7e-d5ab33bad1d0" testId="b2691cfb-5962-80d6-34ac-12efb31ff88e" testName="IntegrationTests.Controllers.ItemControllerTests.DeleteItem_Deletes" computerName="fv-az449-811" duration="00:00:00.0930000" startTime="2022-03-13T22:17:32.9175015+00:00" endTime="2022-03-13T22:17:32.9175015+00:00" testType="13cdc9d9-ddb5-4fa4-a97d-d965ccfc6d4b" outcome="Passed" testListId="8c84fa94-04c1-424b-9868-57a2d4851a1d" relativeResultsDirectory="7d361cb2-2b8c-41dd-ba7e-d5ab33bad1d0" />
    <UnitTestResult executionId="3b98c14b-5d4e-4bae-b1cb-7d6749a66054" testId="d18898e3-6995-0d27-8e53-1ced81186e2d" testName="IntegrationTests.Controllers.ItemControllerTests.GetItemsPage_PageSize0_DefaultsTo1" computerName="fv-az449-811" duration="00:00:00.0200000" startTime="2022-03-13T22:17:32.9374910+00:00" endTime="2022-03-13T22:17:32.9374910+00:00" testType="13cdc9d9-ddb5-4fa4-a97d-d965ccfc6d4b" outcome="Passed" testListId="8c84fa94-04c1-424b-9868-57a2d4851a1d" relativeResultsDirectory="3b98c14b-5d4e-4bae-b1cb-7d6749a66054" />
    <UnitTestResult executionId="d0771ab4-84be-44d6-b4a6-8c3a23549f5f" testId="2f8521ee-e0ca-eac4-b453-aa86236fc9b9" testName="IntegrationTests.Controllers.ItemControllerTests.GetItemsPage_SortsDescending" computerName="fv-az449-811" duration="00:00:00.0200000" startTime="2022-03-13T22:17:32.9574908+00:00" endTime="2022-03-13T22:17:32.9574908+00:00" testType="13cdc9d9-ddb5-4fa4-a97d-d965ccfc6d4b" outcome="Passed" testListId="8c84fa94-04c1-424b-9868-57a2d4851a1d" relativeResultsDirectory="d0771ab4-84be-44d6-b4a6-8c3a23549f5f" />
    <UnitTestResult executionId="a365ef6b-f48d-415d-9e4d-e5f24f41682b" testId="c6abb489-2666-fd84-85be-69873a4c76cc" testName="IntegrationTests.Controllers.ItemControllerTests.CreateItem_Creates(name: &quot;name1&quot;, description: &quot;description1&quot;)" computerName="fv-az449-811" duration="00:00:00.0070000" startTime="2022-03-13T22:17:32.5145017+00:00" endTime="2022-03-13T22:17:32.5145017+00:00" testType="13cdc9d9-ddb5-4fa4-a97d-d965ccfc6d4b" outcome="Passed" testListId="8c84fa94-04c1-424b-9868-57a2d4851a1d" relativeResultsDirectory="a365ef6b-f48d-415d-9e4d-e5f24f41682b" />
    <UnitTestResult executionId="f5caabdd-5df3-4558-bb1f-6abb204b2961" testId="69a7a014-6241-5f0a-e55d-960890e56595" testName="IntegrationTests.Controllers.ServiceRouteMapperTests.RegisterRoutes_RegistersAtLestOneRoute" computerName="fv-az449-811" duration="00:00:01.6660000" startTime="2022-03-13T22:17:27.5552596+00:00" endTime="2022-03-13T22:17:27.5552596+00:00" testType="13cdc9d9-ddb5-4fa4-a97d-d965ccfc6d4b" outcome="Passed" testListId="8c84fa94-04c1-424b-9868-57a2d4851a1d" relativeResultsDirectory="f5caabdd-5df3-4558-bb1f-6abb204b2961" />
    <UnitTestResult executionId="008acde9-e565-4b85-a515-115cd9ece455" testId="eb8cb345-7707-0e07-1566-f6a04ceb2670" testName="IntegrationTests.Controllers.ItemControllerTests.CanEdit_Defaults_To_False" computerName="fv-az449-811" duration="00:00:00.0050000" startTime="2022-03-13T22:17:32.5665007+00:00" endTime="2022-03-13T22:17:32.5665007+00:00" testType="13cdc9d9-ddb5-4fa4-a97d-d965ccfc6d4b" outcome="Passed" testListId="8c84fa94-04c1-424b-9868-57a2d4851a1d" relativeResultsDirectory="008acde9-e565-4b85-a515-115cd9ece455" />
    <UnitTestResult executionId="c092e5b0-1bed-4e70-9951-a7fe803d19f0" testId="74f30272-fd7f-9b4e-507d-1c94cc60bb29" testName="IntegrationTests.Controllers.ItemControllerTests.GetItemsPage_Query_Filters(query: &quot;1&quot;, expectedResults: 20)" computerName="fv-az449-811" duration="00:00:00.0480000" startTime="2022-03-13T22:17:32.2476437+00:00" endTime="2022-03-13T22:17:32.2476437+00:00" testType="13cdc9d9-ddb5-4fa4-a97d-d965ccfc6d4b" outcome="Passed" testListId="8c84fa94-04c1-424b-9868-57a2d4851a1d" relativeResultsDirectory="c092e5b0-1bed-4e70-9951-a7fe803d19f0" />
    <UnitTestResult executionId="75404793-8b7d-499b-bfbb-40b7096f684d" testId="fe1c9811-4463-ef95-5296-cdd71ab090b8" testName="IntegrationTests.Controllers.ItemControllerTests.DeleteItem_DeletesMissingItem" computerName="fv-az449-811" duration="00:00:00.0160000" startTime="2022-03-13T22:17:32.9784869+00:00" endTime="2022-03-13T22:17:32.9784869+00:00" testType="13cdc9d9-ddb5-4fa4-a97d-d965ccfc6d4b" outcome="Passed" testListId="8c84fa94-04c1-424b-9868-57a2d4851a1d" relativeResultsDirectory="75404793-8b7d-499b-bfbb-40b7096f684d" />
    <UnitTestResult executionId="38e0d68f-ddab-4904-b568-7cf5a45e7e47" testId="0a429b0b-08a8-36a6-5969-3c31a35cc366" testName="IntegrationTests.Controllers.ItemControllerTests.GetItemsPage_GetsProperPages(amount: 9, expectedPages: 1)" computerName="fv-az449-811" duration="00:00:00.0200000" startTime="2022-03-13T22:17:32.6844971+00:00" endTime="2022-03-13T22:17:32.6844971+00:00" testType="13cdc9d9-ddb5-4fa4-a97d-d965ccfc6d4b" outcome="Passed" testListId="8c84fa94-04c1-424b-9868-57a2d4851a1d" relativeResultsDirectory="38e0d68f-ddab-4904-b568-7cf5a45e7e47" />
    <UnitTestResult executionId="6f72e945-c583-4ce5-ad33-7ccb7a9f5bb7" testId="64ce4809-e3f8-8d8e-c808-2938f18aa4d4" testName="IntegrationTests.Controllers.ItemControllerTests.GetItemsPage_Query_Filters(query: &quot;Name 2&quot;, expectedResults: 11)" computerName="fv-az449-811" duration="00:00:00.0380000" startTime="2022-03-13T22:17:32.4265046+00:00" endTime="2022-03-13T22:17:32.4265046+00:00" testType="13cdc9d9-ddb5-4fa4-a97d-d965ccfc6d4b" outcome="Passed" testListId="8c84fa94-04c1-424b-9868-57a2d4851a1d" relativeResultsDirectory="6f72e945-c583-4ce5-ad33-7ccb7a9f5bb7" />
  </Results>
  <TestDefinitions>
    <UnitTest name="IntegrationTests.Controllers.ItemControllerTests.GetItemsPage_Query_Filters(query: &quot;Name 10&quot;, expectedResults: 2)" storage="d:\a\mymodule20220313\mymodule20220313\integrationtests\bin\integrationtests.dll" id="75b07048-5201-d631-649a-c012e65b7444">
      <Execution id="f8a32e2c-5221-4cc4-af7e-b10246d87478" />
      <TestMethod codeBase="D:\a\MyModule20220313\MyModule20220313\IntegrationTests\bin\IntegrationTests.dll" adapterTypeName="executor://xunit/VsTestRunner2/net" className="IntegrationTests.Controllers.ItemControllerTests" name="GetItemsPage_Query_Filters" />
    </UnitTest>
    <UnitTest name="IntegrationTests.Controllers.ItemControllerTests.GetItemsPage_Query_Filters(query: &quot;1&quot;, expectedResults: 20)" storage="d:\a\mymodule20220313\mymodule20220313\integrationtests\bin\integrationtests.dll" id="74f30272-fd7f-9b4e-507d-1c94cc60bb29">
      <Execution id="c092e5b0-1bed-4e70-9951-a7fe803d19f0" />
      <TestMethod codeBase="D:\a\MyModule20220313\MyModule20220313\IntegrationTests\bin\IntegrationTests.dll" adapterTypeName="executor://xunit/VsTestRunner2/net" className="IntegrationTests.Controllers.ItemControllerTests" name="GetItemsPage_Query_Filters" />
    </UnitTest>
    <UnitTest name="IntegrationTests.Controllers.ItemControllerTests.GetItemsPage_GetsProperPages(amount: 99, expectedPages: 10)" storage="d:\a\mymodule20220313\mymodule20220313\integrationtests\bin\integrationtests.dll" id="06f0962d-466b-0634-113e-f3863f9b599c">
      <Execution id="92989ac6-043f-4913-912a-c58ce3fc703a" />
      <TestMethod codeBase="D:\a\MyModule20220313\MyModule20220313\IntegrationTests\bin\IntegrationTests.dll" adapterTypeName="executor://xunit/VsTestRunner2/net" className="IntegrationTests.Controllers.ItemControllerTests" name="GetItemsPage_GetsProperPages" />
    </UnitTest>
    <UnitTest name="IntegrationTests.Controllers.ItemControllerTests.DeleteItem_DeletesMissingItem" storage="d:\a\mymodule20220313\mymodule20220313\integrationtests\bin\integrationtests.dll" id="fe1c9811-4463-ef95-5296-cdd71ab090b8">
      <Execution id="75404793-8b7d-499b-bfbb-40b7096f684d" />
      <TestMethod codeBase="D:\a\MyModule20220313\MyModule20220313\IntegrationTests\bin\IntegrationTests.dll" adapterTypeName="executor://xunit/VsTestRunner2/net" className="IntegrationTests.Controllers.ItemControllerTests" name="DeleteItem_DeletesMissingItem" />
    </UnitTest>
    <UnitTest name="IntegrationTests.Controllers.ItemControllerTests.EditItem_Saves" storage="d:\a\mymodule20220313\mymodule20220313\integrationtests\bin\integrationtests.dll" id="43169439-e722-3696-654b-e380ed8f351d">
      <Execution id="7798427f-adb3-4d19-835d-8710d579a138" />
      <TestMethod codeBase="D:\a\MyModule20220313\MyModule20220313\IntegrationTests\bin\IntegrationTests.dll" adapterTypeName="executor://xunit/VsTestRunner2/net" className="IntegrationTests.Controllers.ItemControllerTests" name="EditItem_Saves" />
    </UnitTest>
    <UnitTest name="IntegrationTests.Controllers.ItemControllerTests.CreateItem_Creates(name: &quot;name1&quot;, description: &quot;description1&quot;)" storage="d:\a\mymodule20220313\mymodule20220313\integrationtests\bin\integrationtests.dll" id="c6abb489-2666-fd84-85be-69873a4c76cc">
      <Execution id="a365ef6b-f48d-415d-9e4d-e5f24f41682b" />
      <TestMethod codeBase="D:\a\MyModule20220313\MyModule20220313\IntegrationTests\bin\IntegrationTests.dll" adapterTypeName="executor://xunit/VsTestRunner2/net" className="IntegrationTests.Controllers.ItemControllerTests" name="CreateItem_Creates" />
    </UnitTest>
    <UnitTest name="IntegrationTests.Controllers.ItemControllerTests.GetItemsPage_Query_Filters(query: &quot;&quot;, expectedResults: 100)" storage="d:\a\mymodule20220313\mymodule20220313\integrationtests\bin\integrationtests.dll" id="3b96b54e-967c-6e8f-1ced-4ff4d8370be3">
      <Execution id="c5f8efae-8d31-4446-8c71-9bc693d00cd3" />
      <TestMethod codeBase="D:\a\MyModule20220313\MyModule20220313\IntegrationTests\bin\IntegrationTests.dll" adapterTypeName="executor://xunit/VsTestRunner2/net" className="IntegrationTests.Controllers.ItemControllerTests" name="GetItemsPage_Query_Filters" />
    </UnitTest>
    <UnitTest name="IntegrationTests.Controllers.ItemControllerTests.GetItemsPage_SortsDescending" storage="d:\a\mymodule20220313\mymodule20220313\integrationtests\bin\integrationtests.dll" id="2f8521ee-e0ca-eac4-b453-aa86236fc9b9">
      <Execution id="d0771ab4-84be-44d6-b4a6-8c3a23549f5f" />
      <TestMethod codeBase="D:\a\MyModule20220313\MyModule20220313\IntegrationTests\bin\IntegrationTests.dll" adapterTypeName="executor://xunit/VsTestRunner2/net" className="IntegrationTests.Controllers.ItemControllerTests" name="GetItemsPage_SortsDescending" />
    </UnitTest>
    <UnitTest name="IntegrationTests.Controllers.ItemControllerTests.GetItemsPage_Page0_DefaultsToPage1" storage="d:\a\mymodule20220313\mymodule20220313\integrationtests\bin\integrationtests.dll" id="945f4fce-c15e-e09c-9dbf-5879cde58a78">
      <Execution id="3f7f88de-2637-4f20-9337-b0073d3eab5b" />
      <TestMethod codeBase="D:\a\MyModule20220313\MyModule20220313\IntegrationTests\bin\IntegrationTests.dll" adapterTypeName="executor://xunit/VsTestRunner2/net" className="IntegrationTests.Controllers.ItemControllerTests" name="GetItemsPage_Page0_DefaultsToPage1" />
    </UnitTest>
    <UnitTest name="IntegrationTests.Controllers.ItemControllerTests.GetItemsPage_50Items_GetsProperly" storage="d:\a\mymodule20220313\mymodule20220313\integrationtests\bin\integrationtests.dll" id="1450a0ab-3596-66d8-8d08-6506bbe1f61b">
      <Execution id="b6e52d36-cbda-4d29-9c6f-d588746e7f21" />
      <TestMethod codeBase="D:\a\MyModule20220313\MyModule20220313\IntegrationTests\bin\IntegrationTests.dll" adapterTypeName="executor://xunit/VsTestRunner2/net" className="IntegrationTests.Controllers.ItemControllerTests" name="GetItemsPage_50Items_GetsProperly" />
    </UnitTest>
    <UnitTest name="IntegrationTests.Controllers.ItemControllerTests.GetItemsPage_GetsProperPages(amount: 101, expectedPages: 11)" storage="d:\a\mymodule20220313\mymodule20220313\integrationtests\bin\integrationtests.dll" id="35a21cfd-ad2b-b819-14e0-5151fe414a07">
      <Execution id="3dae5479-02fd-4202-8c2b-4b600adcd760" />
      <TestMethod codeBase="D:\a\MyModule20220313\MyModule20220313\IntegrationTests\bin\IntegrationTests.dll" adapterTypeName="executor://xunit/VsTestRunner2/net" className="IntegrationTests.Controllers.ItemControllerTests" name="GetItemsPage_GetsProperPages" />
    </UnitTest>
    <UnitTest name="IntegrationTests.Controllers.ItemControllerTests.GetItemsPage_GetsProperPages(amount: 1, expectedPages: 1)" storage="d:\a\mymodule20220313\mymodule20220313\integrationtests\bin\integrationtests.dll" id="c6d15831-7dbe-24e6-d39b-4f317a873a34">
      <Execution id="bed87870-7a44-4bbb-a081-8cfa8a9f3c70" />
      <TestMethod codeBase="D:\a\MyModule20220313\MyModule20220313\IntegrationTests\bin\IntegrationTests.dll" adapterTypeName="executor://xunit/VsTestRunner2/net" className="IntegrationTests.Controllers.ItemControllerTests" name="GetItemsPage_GetsProperPages" />
    </UnitTest>
    <UnitTest name="IntegrationTests.Controllers.ItemControllerTests.CreateItem_Creates(name: &quot;name2&quot;, description: &quot;description2&quot;)" storage="d:\a\mymodule20220313\mymodule20220313\integrationtests\bin\integrationtests.dll" id="1ec97a71-0b29-f7c5-72ce-8cf48efa2e36">
      <Execution id="58ed7e03-7428-4e80-86f0-4a8ec9c6f9bd" />
      <TestMethod codeBase="D:\a\MyModule20220313\MyModule20220313\IntegrationTests\bin\IntegrationTests.dll" adapterTypeName="executor://xunit/VsTestRunner2/net" className="IntegrationTests.Controllers.ItemControllerTests" name="CreateItem_Creates" />
    </UnitTest>
    <UnitTest name="IntegrationTests.Controllers.ItemControllerTests.GetItemsPage_SortsAscending" storage="d:\a\mymodule20220313\mymodule20220313\integrationtests\bin\integrationtests.dll" id="4fd078d7-61ec-6e3f-be79-cf322012a0cd">
      <Execution id="6409860e-003f-49b5-bbb1-8539bb0b73f6" />
      <TestMethod codeBase="D:\a\MyModule20220313\MyModule20220313\IntegrationTests\bin\IntegrationTests.dll" adapterTypeName="executor://xunit/VsTestRunner2/net" className="IntegrationTests.Controllers.ItemControllerTests" name="GetItemsPage_SortsAscending" />
    </UnitTest>
    <UnitTest name="IntegrationTests.Controllers.ItemControllerTests.GetItemsPage_PageSize0_DefaultsTo1" storage="d:\a\mymodule20220313\mymodule20220313\integrationtests\bin\integrationtests.dll" id="d18898e3-6995-0d27-8e53-1ced81186e2d">
      <Execution id="3b98c14b-5d4e-4bae-b1cb-7d6749a66054" />
      <TestMethod codeBase="D:\a\MyModule20220313\MyModule20220313\IntegrationTests\bin\IntegrationTests.dll" adapterTypeName="executor://xunit/VsTestRunner2/net" className="IntegrationTests.Controllers.ItemControllerTests" name="GetItemsPage_PageSize0_DefaultsTo1" />
    </UnitTest>
    <UnitTest name="IntegrationTests.Controllers.ItemControllerTests.GetItemsPage_GetsProperPages(amount: 9, expectedPages: 1)" storage="d:\a\mymodule20220313\mymodule20220313\integrationtests\bin\integrationtests.dll" id="0a429b0b-08a8-36a6-5969-3c31a35cc366">
      <Execution id="38e0d68f-ddab-4904-b568-7cf5a45e7e47" />
      <TestMethod codeBase="D:\a\MyModule20220313\MyModule20220313\IntegrationTests\bin\IntegrationTests.dll" adapterTypeName="executor://xunit/VsTestRunner2/net" className="IntegrationTests.Controllers.ItemControllerTests" name="GetItemsPage_GetsProperPages" />
    </UnitTest>
    <UnitTest name="IntegrationTests.Controllers.ItemControllerTests.GetItemsPage_GetsProperPages(amount: 10, expectedPages: 1)" storage="d:\a\mymodule20220313\mymodule20220313\integrationtests\bin\integrationtests.dll" id="31a1a77c-5b35-2c19-9bdc-0ee23e06e8f3">
      <Execution id="7bdd58c9-9db1-4fe5-9269-90f2f8455672" />
      <TestMethod codeBase="D:\a\MyModule20220313\MyModule20220313\IntegrationTests\bin\IntegrationTests.dll" adapterTypeName="executor://xunit/VsTestRunner2/net" className="IntegrationTests.Controllers.ItemControllerTests" name="GetItemsPage_GetsProperPages" />
    </UnitTest>
    <UnitTest name="IntegrationTests.Controllers.ItemControllerTests.GetItemsPage_Query_Filters(query: &quot;Missing&quot;, expectedResults: 0)" storage="d:\a\mymodule20220313\mymodule20220313\integrationtests\bin\integrationtests.dll" id="9609bc3b-2435-1be2-e2f3-2c6b217c770c">
      <Execution id="59d44834-0f1e-4e67-9b16-d28c816b2670" />
      <TestMethod codeBase="D:\a\MyModule20220313\MyModule20220313\IntegrationTests\bin\IntegrationTests.dll" adapterTypeName="executor://xunit/VsTestRunner2/net" className="IntegrationTests.Controllers.ItemControllerTests" name="GetItemsPage_Query_Filters" />
    </UnitTest>
    <UnitTest name="IntegrationTests.Controllers.ItemControllerTests.DeleteItem_Deletes" storage="d:\a\mymodule20220313\mymodule20220313\integrationtests\bin\integrationtests.dll" id="b2691cfb-5962-80d6-34ac-12efb31ff88e">
      <Execution id="7d361cb2-2b8c-41dd-ba7e-d5ab33bad1d0" />
      <TestMethod codeBase="D:\a\MyModule20220313\MyModule20220313\IntegrationTests\bin\IntegrationTests.dll" adapterTypeName="executor://xunit/VsTestRunner2/net" className="IntegrationTests.Controllers.ItemControllerTests" name="DeleteItem_Deletes" />
    </UnitTest>
    <UnitTest name="IntegrationTests.Controllers.ItemControllerTests.GetItemsPage_Query_Filters(query: &quot;Name 2&quot;, expectedResults: 11)" storage="d:\a\mymodule20220313\mymodule20220313\integrationtests\bin\integrationtests.dll" id="64ce4809-e3f8-8d8e-c808-2938f18aa4d4">
      <Execution id="6f72e945-c583-4ce5-ad33-7ccb7a9f5bb7" />
      <TestMethod codeBase="D:\a\MyModule20220313\MyModule20220313\IntegrationTests\bin\IntegrationTests.dll" adapterTypeName="executor://xunit/VsTestRunner2/net" className="IntegrationTests.Controllers.ItemControllerTests" name="GetItemsPage_Query_Filters" />
    </UnitTest>
    <UnitTest name="IntegrationTests.Controllers.ItemControllerTests.GetItemsPage_Query_Filters(query: &quot;Name 100&quot;, expectedResults: 1)" storage="d:\a\mymodule20220313\mymodule20220313\integrationtests\bin\integrationtests.dll" id="b5a2bbb3-e25b-0d71-cef7-0187c592a682">
      <Execution id="24e1f135-b1fb-43b0-b915-10d6f653f158" />
      <TestMethod codeBase="D:\a\MyModule20220313\MyModule20220313\IntegrationTests\bin\IntegrationTests.dll" adapterTypeName="executor://xunit/VsTestRunner2/net" className="IntegrationTests.Controllers.ItemControllerTests" name="GetItemsPage_Query_Filters" />
    </UnitTest>
    <UnitTest name="IntegrationTests.Controllers.ServiceRouteMapperTests.RegisterRoutes_RegistersAtLestOneRoute" storage="d:\a\mymodule20220313\mymodule20220313\integrationtests\bin\integrationtests.dll" id="69a7a014-6241-5f0a-e55d-960890e56595">
      <Execution id="f5caabdd-5df3-4558-bb1f-6abb204b2961" />
      <TestMethod codeBase="D:\a\MyModule20220313\MyModule20220313\IntegrationTests\bin\IntegrationTests.dll" adapterTypeName="executor://xunit/VsTestRunner2/net" className="IntegrationTests.Controllers.ServiceRouteMapperTests" name="RegisterRoutes_RegistersAtLestOneRoute" />
    </UnitTest>
    <UnitTest name="IntegrationTests.Controllers.ItemControllerTests.GetItemsPage_Query_Filters(query: &quot;Name 1&quot;, expectedResults: 12)" storage="d:\a\mymodule20220313\mymodule20220313\integrationtests\bin\integrationtests.dll" id="6274cd22-d848-61dd-8233-d29a2f361a38">
      <Execution id="b1a4de8d-8530-48ca-816b-a754a4ffb8a6" />
      <TestMethod codeBase="D:\a\MyModule20220313\MyModule20220313\IntegrationTests\bin\IntegrationTests.dll" adapterTypeName="executor://xunit/VsTestRunner2/net" className="IntegrationTests.Controllers.ItemControllerTests" name="GetItemsPage_Query_Filters" />
    </UnitTest>
    <UnitTest name="IntegrationTests.Controllers.ItemControllerTests.CanEdit_Defaults_To_False" storage="d:\a\mymodule20220313\mymodule20220313\integrationtests\bin\integrationtests.dll" id="eb8cb345-7707-0e07-1566-f6a04ceb2670">
      <Execution id="008acde9-e565-4b85-a515-115cd9ece455" />
      <TestMethod codeBase="D:\a\MyModule20220313\MyModule20220313\IntegrationTests\bin\IntegrationTests.dll" adapterTypeName="executor://xunit/VsTestRunner2/net" className="IntegrationTests.Controllers.ItemControllerTests" name="CanEdit_Defaults_To_False" />
    </UnitTest>
  </TestDefinitions>
  <TestEntries>
    <TestEntry testId="31a1a77c-5b35-2c19-9bdc-0ee23e06e8f3" executionId="7bdd58c9-9db1-4fe5-9269-90f2f8455672" testListId="8c84fa94-04c1-424b-9868-57a2d4851a1d" />
    <TestEntry testId="1ec97a71-0b29-f7c5-72ce-8cf48efa2e36" executionId="58ed7e03-7428-4e80-86f0-4a8ec9c6f9bd" testListId="8c84fa94-04c1-424b-9868-57a2d4851a1d" />
    <TestEntry testId="35a21cfd-ad2b-b819-14e0-5151fe414a07" executionId="3dae5479-02fd-4202-8c2b-4b600adcd760" testListId="8c84fa94-04c1-424b-9868-57a2d4851a1d" />
    <TestEntry testId="6274cd22-d848-61dd-8233-d29a2f361a38" executionId="b1a4de8d-8530-48ca-816b-a754a4ffb8a6" testListId="8c84fa94-04c1-424b-9868-57a2d4851a1d" />
    <TestEntry testId="06f0962d-466b-0634-113e-f3863f9b599c" executionId="92989ac6-043f-4913-912a-c58ce3fc703a" testListId="8c84fa94-04c1-424b-9868-57a2d4851a1d" />
    <TestEntry testId="b5a2bbb3-e25b-0d71-cef7-0187c592a682" executionId="24e1f135-b1fb-43b0-b915-10d6f653f158" testListId="8c84fa94-04c1-424b-9868-57a2d4851a1d" />
    <TestEntry testId="c6d15831-7dbe-24e6-d39b-4f317a873a34" executionId="bed87870-7a44-4bbb-a081-8cfa8a9f3c70" testListId="8c84fa94-04c1-424b-9868-57a2d4851a1d" />
    <TestEntry testId="75b07048-5201-d631-649a-c012e65b7444" executionId="f8a32e2c-5221-4cc4-af7e-b10246d87478" testListId="8c84fa94-04c1-424b-9868-57a2d4851a1d" />
    <TestEntry testId="9609bc3b-2435-1be2-e2f3-2c6b217c770c" executionId="59d44834-0f1e-4e67-9b16-d28c816b2670" testListId="8c84fa94-04c1-424b-9868-57a2d4851a1d" />
    <TestEntry testId="43169439-e722-3696-654b-e380ed8f351d" executionId="7798427f-adb3-4d19-835d-8710d579a138" testListId="8c84fa94-04c1-424b-9868-57a2d4851a1d" />
    <TestEntry testId="945f4fce-c15e-e09c-9dbf-5879cde58a78" executionId="3f7f88de-2637-4f20-9337-b0073d3eab5b" testListId="8c84fa94-04c1-424b-9868-57a2d4851a1d" />
    <TestEntry testId="3b96b54e-967c-6e8f-1ced-4ff4d8370be3" executionId="c5f8efae-8d31-4446-8c71-9bc693d00cd3" testListId="8c84fa94-04c1-424b-9868-57a2d4851a1d" />
    <TestEntry testId="4fd078d7-61ec-6e3f-be79-cf322012a0cd" executionId="6409860e-003f-49b5-bbb1-8539bb0b73f6" testListId="8c84fa94-04c1-424b-9868-57a2d4851a1d" />
    <TestEntry testId="1450a0ab-3596-66d8-8d08-6506bbe1f61b" executionId="b6e52d36-cbda-4d29-9c6f-d588746e7f21" testListId="8c84fa94-04c1-424b-9868-57a2d4851a1d" />
    <TestEntry testId="b2691cfb-5962-80d6-34ac-12efb31ff88e" executionId="7d361cb2-2b8c-41dd-ba7e-d5ab33bad1d0" testListId="8c84fa94-04c1-424b-9868-57a2d4851a1d" />
    <TestEntry testId="d18898e3-6995-0d27-8e53-1ced81186e2d" executionId="3b98c14b-5d4e-4bae-b1cb-7d6749a66054" testListId="8c84fa94-04c1-424b-9868-57a2d4851a1d" />
    <TestEntry testId="2f8521ee-e0ca-eac4-b453-aa86236fc9b9" executionId="d0771ab4-84be-44d6-b4a6-8c3a23549f5f" testListId="8c84fa94-04c1-424b-9868-57a2d4851a1d" />
    <TestEntry testId="c6abb489-2666-fd84-85be-69873a4c76cc" executionId="a365ef6b-f48d-415d-9e4d-e5f24f41682b" testListId="8c84fa94-04c1-424b-9868-57a2d4851a1d" />
    <TestEntry testId="69a7a014-6241-5f0a-e55d-960890e56595" executionId="f5caabdd-5df3-4558-bb1f-6abb204b2961" testListId="8c84fa94-04c1-424b-9868-57a2d4851a1d" />
    <TestEntry testId="eb8cb345-7707-0e07-1566-f6a04ceb2670" executionId="008acde9-e565-4b85-a515-115cd9ece455" testListId="8c84fa94-04c1-424b-9868-57a2d4851a1d" />
    <TestEntry testId="74f30272-fd7f-9b4e-507d-1c94cc60bb29" executionId="c092e5b0-1bed-4e70-9951-a7fe803d19f0" testListId="8c84fa94-04c1-424b-9868-57a2d4851a1d" />
    <TestEntry testId="fe1c9811-4463-ef95-5296-cdd71ab090b8" executionId="75404793-8b7d-499b-bfbb-40b7096f684d" testListId="8c84fa94-04c1-424b-9868-57a2d4851a1d" />
    <TestEntry testId="0a429b0b-08a8-36a6-5969-3c31a35cc366" executionId="38e0d68f-ddab-4904-b568-7cf5a45e7e47" testListId="8c84fa94-04c1-424b-9868-57a2d4851a1d" />
    <TestEntry testId="64ce4809-e3f8-8d8e-c808-2938f18aa4d4" executionId="6f72e945-c583-4ce5-ad33-7ccb7a9f5bb7" testListId="8c84fa94-04c1-424b-9868-57a2d4851a1d" />
  </TestEntries>
  <TestLists>
    <TestList name="Results Not in a List" id="8c84fa94-04c1-424b-9868-57a2d4851a1d" />
    <TestList name="All Loaded Results" id="19431567-8539-422a-85d7-44ee4e166bda" />
  </TestLists>
  <ResultSummary outcome="Completed">
    <Counters total="24" executed="24" passed="24" failed="0" error="0" timeout="0" aborted="0" inconclusive="0" passedButRunAborted="0" notRunnable="0" notExecuted="0" disconnected="0" warning="0" completed="0" inProgress="0" pending="0" />
    <Output>
      <StdOut>[xUnit.net 00:00:00.05] xUnit.net VSTest Adapter v2.4.3+1b45f5407b (32-bit Desktop .NET 4.0.30319.42000)&#xD;
[xUnit.net 00:00:01.24]   Discovering: IntegrationTests&#xD;
[xUnit.net 00:00:01.61]   Discovered:  IntegrationTests&#xD;
[xUnit.net 00:00:01.61]   Starting:    IntegrationTests&#xD;
[xUnit.net 00:00:08.98]   Finished:    IntegrationTests&#xD;
</StdOut>
    </Output>
  </ResultSummary>
</TestRun>