<?xml version="1.0" encoding="utf-8"?>
<TestRun id="94f8a0dc-3f95-4e55-8d23-3224e6a1f5bf" name="runneradmin@fv-az448-595 2022-03-13 22:53:13" runUser="fv-az448-595\runneradmin" xmlns="http://microsoft.com/schemas/VisualStudio/TeamTest/2010">
  <Times creation="2022-03-13T22:53:13.9116499+00:00" queuing="2022-03-13T22:53:13.9116501+00:00" start="2022-03-13T22:53:02.8732007+00:00" finish="2022-03-13T22:53:18.9862372+00:00" />
  <TestSettings name="default" id="98d74603-46ee-4e01-99c5-5dae56eaffe4">
    <Deployment runDeploymentRoot="runneradmin_fv-az448-595_2022-03-13_22_53_13" />
  </TestSettings>
  <Results>
    <UnitTestResult executionId="85235630-7873-4e6e-bf39-7d7302159b34" testId="4fd078d7-61ec-6e3f-be79-cf322012a0cd" testName="IntegrationTests.Controllers.ItemControllerTests.GetItemsPage_SortsAscending" computerName="fv-az448-595" duration="00:00:05.8740000" startTime="2022-03-13T22:53:17.9392591+00:00" endTime="2022-03-13T22:53:17.9392591+00:00" testType="13cdc9d9-ddb5-4fa4-a97d-d965ccfc6d4b" outcome="Passed" testListId="8c84fa94-04c1-424b-9868-57a2d4851a1d" relativeResultsDirectory="85235630-7873-4e6e-bf39-7d7302159b34" />
    <UnitTestResult executionId="e60204ab-8c7f-42da-ac3d-701d5c0b5bf1" testId="d18898e3-6995-0d27-8e53-1ced81186e2d" testName="IntegrationTests.Controllers.ItemControllerTests.GetItemsPage_PageSize0_DefaultsTo1" computerName="fv-az448-595" duration="00:00:00.0220000" startTime="2022-03-13T22:53:18.7395566+00:00" endTime="2022-03-13T22:53:18.7395566+00:00" testType="13cdc9d9-ddb5-4fa4-a97d-d965ccfc6d4b" outcome="Passed" testListId="8c84fa94-04c1-424b-9868-57a2d4851a1d" relativeResultsDirectory="e60204ab-8c7f-42da-ac3d-701d5c0b5bf1" />
    <UnitTestResult executionId="28a62544-fcec-444f-ab33-565bcc2ca985" testId="6274cd22-d848-61dd-8233-d29a2f361a38" testName="IntegrationTests.Controllers.ItemControllerTests.GetItemsPage_Query_Filters(query: &quot;Name 1&quot;, expectedResults: 12)" computerName="fv-az448-595" duration="00:00:00.0470000" startTime="2022-03-13T22:53:18.0952593+00:00" endTime="2022-03-13T22:53:18.0952593+00:00" testType="13cdc9d9-ddb5-4fa4-a97d-d965ccfc6d4b" outcome="Passed" testListId="8c84fa94-04c1-424b-9868-57a2d4851a1d" relativeResultsDirectory="28a62544-fcec-444f-ab33-565bcc2ca985" />
    <UnitTestResult executionId="97b911d6-8488-41e7-b241-18e4f9074461" testId="b5a2bbb3-e25b-0d71-cef7-0187c592a682" testName="IntegrationTests.Controllers.ItemControllerTests.GetItemsPage_Query_Filters(query: &quot;Name 100&quot;, expectedResults: 1)" computerName="fv-az448-595" duration="00:00:00.0460000" startTime="2022-03-13T22:53:18.1872583+00:00" endTime="2022-03-13T22:53:18.1872583+00:00" testType="13cdc9d9-ddb5-4fa4-a97d-d965ccfc6d4b" outcome="Passed" testListId="8c84fa94-04c1-424b-9868-57a2d4851a1d" relativeResultsDirectory="97b911d6-8488-41e7-b241-18e4f9074461" />
    <UnitTestResult executionId="9a4f5522-7e8a-4649-b2b9-2a7e1590fd27" testId="945f4fce-c15e-e09c-9dbf-5879cde58a78" testName="IntegrationTests.Controllers.ItemControllerTests.GetItemsPage_Page0_DefaultsToPage1" computerName="fv-az448-595" duration="00:00:00.0200000" startTime="2022-03-13T22:53:18.6265589+00:00" endTime="2022-03-13T22:53:18.6265589+00:00" testType="13cdc9d9-ddb5-4fa4-a97d-d965ccfc6d4b" outcome="Passed" testListId="8c84fa94-04c1-424b-9868-57a2d4851a1d" relativeResultsDirectory="9a4f5522-7e8a-4649-b2b9-2a7e1590fd27" />
    <UnitTestResult executionId="5453e86a-413e-4194-902f-af049f424790" testId="31a1a77c-5b35-2c19-9bdc-0ee23e06e8f3" testName="IntegrationTests.Controllers.ItemControllerTests.GetItemsPage_GetsProperPages(amount: 10, expectedPages: 1)" computerName="fv-az448-595" duration="00:00:00.0280000" startTime="2022-03-13T22:53:18.4632580+00:00" endTime="2022-03-13T22:53:18.4632580+00:00" testType="13cdc9d9-ddb5-4fa4-a97d-d965ccfc6d4b" outcome="Passed" testListId="8c84fa94-04c1-424b-9868-57a2d4851a1d" relativeResultsDirectory="5453e86a-413e-4194-902f-af049f424790" />
    <UnitTestResult executionId="448fabd7-16b1-4e0f-b91c-e64130114525" testId="c6abb489-2666-fd84-85be-69873a4c76cc" testName="IntegrationTests.Controllers.ItemControllerTests.CreateItem_Creates(name: &quot;name1&quot;, description: &quot;description1&quot;)" computerName="fv-az448-595" duration="00:00:00.0080000" startTime="2022-03-13T22:53:18.3122584+00:00" endTime="2022-03-13T22:53:18.3122584+00:00" testType="13cdc9d9-ddb5-4fa4-a97d-d965ccfc6d4b" outcome="Passed" testListId="8c84fa94-04c1-424b-9868-57a2d4851a1d" relativeResultsDirectory="448fabd7-16b1-4e0f-b91c-e64130114525" />
    <UnitTestResult executionId="0d78f79f-c425-4ed6-b971-b11ba9cf3f37" testId="0a429b0b-08a8-36a6-5969-3c31a35cc366" testName="IntegrationTests.Controllers.ItemControllerTests.GetItemsPage_GetsProperPages(amount: 9, expectedPages: 1)" computerName="fv-az448-595" duration="00:00:00.0210000" startTime="2022-03-13T22:53:18.4842573+00:00" endTime="2022-03-13T22:53:18.4842573+00:00" testType="13cdc9d9-ddb5-4fa4-a97d-d965ccfc6d4b" outcome="Passed" testListId="8c84fa94-04c1-424b-9868-57a2d4851a1d" relativeResultsDirectory="0d78f79f-c425-4ed6-b971-b11ba9cf3f37" />
    <UnitTestResult executionId="88c71e51-a260-4318-ba3f-b444cabf9176" testId="64ce4809-e3f8-8d8e-c808-2938f18aa4d4" testName="IntegrationTests.Controllers.ItemControllerTests.GetItemsPage_Query_Filters(query: &quot;Name 2&quot;, expectedResults: 11)" computerName="fv-az448-595" duration="00:00:00.0390000" startTime="2022-03-13T22:53:18.2262584+00:00" endTime="2022-03-13T22:53:18.2262584+00:00" testType="13cdc9d9-ddb5-4fa4-a97d-d965ccfc6d4b" outcome="Passed" testListId="8c84fa94-04c1-424b-9868-57a2d4851a1d" relativeResultsDirectory="88c71e51-a260-4318-ba3f-b444cabf9176" />
    <UnitTestResult executionId="2ca8de17-ad96-4ca4-b81d-44582189febc" testId="1450a0ab-3596-66d8-8d08-6506bbe1f61b" testName="IntegrationTests.Controllers.ItemControllerTests.GetItemsPage_50Items_GetsProperly" computerName="fv-az448-595" duration="00:00:00.0490000" startTime="2022-03-13T22:53:18.3612588+00:00" endTime="2022-03-13T22:53:18.3612588+00:00" testType="13cdc9d9-ddb5-4fa4-a97d-d965ccfc6d4b" outcome="Passed" testListId="8c84fa94-04c1-424b-9868-57a2d4851a1d" relativeResultsDirectory="2ca8de17-ad96-4ca4-b81d-44582189febc" />
    <UnitTestResult executionId="d234cf76-9426-4fa8-9de8-f34209fc6079" testId="b2691cfb-5962-80d6-34ac-12efb31ff88e" testName="IntegrationTests.Controllers.ItemControllerTests.DeleteItem_Deletes" computerName="fv-az448-595" duration="00:00:00.0910000" startTime="2022-03-13T22:53:18.7175584+00:00" endTime="2022-03-13T22:53:18.7175584+00:00" testType="13cdc9d9-ddb5-4fa4-a97d-d965ccfc6d4b" outcome="Passed" testListId="8c84fa94-04c1-424b-9868-57a2d4851a1d" relativeResultsDirectory="d234cf76-9426-4fa8-9de8-f34209fc6079" />
    <UnitTestResult executionId="a72e7cca-a84a-45ae-921d-d31d976af4b3" testId="74f30272-fd7f-9b4e-507d-1c94cc60bb29" testName="IntegrationTests.Controllers.ItemControllerTests.GetItemsPage_Query_Filters(query: &quot;1&quot;, expectedResults: 20)" computerName="fv-az448-595" duration="00:00:00.0500000" startTime="2022-03-13T22:53:18.0492646+00:00" endTime="2022-03-13T22:53:18.0492646+00:00" testType="13cdc9d9-ddb5-4fa4-a97d-d965ccfc6d4b" outcome="Passed" testListId="8c84fa94-04c1-424b-9868-57a2d4851a1d" relativeResultsDirectory="a72e7cca-a84a-45ae-921d-d31d976af4b3" />
    <UnitTestResult executionId="7159d7f6-7751-450d-a854-4e05ff82b6ee" testId="06f0962d-466b-0634-113e-f3863f9b599c" testName="IntegrationTests.Controllers.ItemControllerTests.GetItemsPage_GetsProperPages(amount: 99, expectedPages: 10)" computerName="fv-az448-595" duration="00:00:00.0360000" startTime="2022-03-13T22:53:18.4412587+00:00" endTime="2022-03-13T22:53:18.4412587+00:00" testType="13cdc9d9-ddb5-4fa4-a97d-d965ccfc6d4b" outcome="Passed" testListId="8c84fa94-04c1-424b-9868-57a2d4851a1d" relativeResultsDirectory="7159d7f6-7751-450d-a854-4e05ff82b6ee" />
    <UnitTestResult executionId="1985aa6d-070d-40ad-b06a-d4dafe73907e" testId="fe1c9811-4463-ef95-5296-cdd71ab090b8" testName="IntegrationTests.Controllers.ItemControllerTests.DeleteItem_DeletesMissingItem" computerName="fv-az448-595" duration="00:00:00.0190000" startTime="2022-03-13T22:53:18.7845552+00:00" endTime="2022-03-13T22:53:18.7845552+00:00" testType="13cdc9d9-ddb5-4fa4-a97d-d965ccfc6d4b" outcome="Passed" testListId="8c84fa94-04c1-424b-9868-57a2d4851a1d" relativeResultsDirectory="1985aa6d-070d-40ad-b06a-d4dafe73907e" />
    <UnitTestResult executionId="67f87802-cfaa-41de-907f-608f0a3a1393" testId="1ec97a71-0b29-f7c5-72ce-8cf48efa2e36" testName="IntegrationTests.Controllers.ItemControllerTests.CreateItem_Creates(name: &quot;name2&quot;, description: &quot;description2&quot;)" computerName="fv-az448-595" duration="00:00:00.0330000" startTime="2022-03-13T22:53:18.3042590+00:00" endTime="2022-03-13T22:53:18.3042590+00:00" testType="13cdc9d9-ddb5-4fa4-a97d-d965ccfc6d4b" outcome="Passed" testListId="8c84fa94-04c1-424b-9868-57a2d4851a1d" relativeResultsDirectory="67f87802-cfaa-41de-907f-608f0a3a1393" />
    <UnitTestResult executionId="ff051218-49f5-4029-900a-f4ffcbf9b6c8" testId="c6d15831-7dbe-24e6-d39b-4f317a873a34" testName="IntegrationTests.Controllers.ItemControllerTests.GetItemsPage_GetsProperPages(amount: 1, expectedPages: 1)" computerName="fv-az448-595" duration="00:00:00.0310000" startTime="2022-03-13T22:53:18.3982588+00:00" endTime="2022-03-13T22:53:18.3982588+00:00" testType="13cdc9d9-ddb5-4fa4-a97d-d965ccfc6d4b" outcome="Passed" testListId="8c84fa94-04c1-424b-9868-57a2d4851a1d" relativeResultsDirectory="ff051218-49f5-4029-900a-f4ffcbf9b6c8" />
    <UnitTestResult executionId="a50cb46f-7b94-4e0b-ad20-e24391a1bbff" testId="3b96b54e-967c-6e8f-1ced-4ff4d8370be3" testName="IntegrationTests.Controllers.ItemControllerTests.GetItemsPage_Query_Filters(query: &quot;&quot;, expectedResults: 100)" computerName="fv-az448-595" duration="00:00:00.0580000" startTime="2022-03-13T22:53:17.9982593+00:00" endTime="2022-03-13T22:53:17.9982593+00:00" testType="13cdc9d9-ddb5-4fa4-a97d-d965ccfc6d4b" outcome="Passed" testListId="8c84fa94-04c1-424b-9868-57a2d4851a1d" relativeResultsDirectory="a50cb46f-7b94-4e0b-ad20-e24391a1bbff" />
    <UnitTestResult executionId="60464716-f0e3-4303-bf03-2febe73cc781" testId="69a7a014-6241-5f0a-e55d-960890e56595" testName="IntegrationTests.Controllers.ServiceRouteMapperTests.RegisterRoutes_RegistersAtLestOneRoute" computerName="fv-az448-595" duration="00:00:01.4850000" startTime="2022-03-13T22:53:13.5893334+00:00" endTime="2022-03-13T22:53:13.5893334+00:00" testType="13cdc9d9-ddb5-4fa4-a97d-d965ccfc6d4b" outcome="Passed" testListId="8c84fa94-04c1-424b-9868-57a2d4851a1d" relativeResultsDirectory="60464716-f0e3-4303-bf03-2febe73cc781" />
    <UnitTestResult executionId="cd375101-5d79-461f-99be-4b60d5c0777b" testId="43169439-e722-3696-654b-e380ed8f351d" testName="IntegrationTests.Controllers.ItemControllerTests.EditItem_Saves" computerName="fv-az448-595" duration="00:00:00.0780000" startTime="2022-03-13T22:53:18.6065584+00:00" endTime="2022-03-13T22:53:18.6065584+00:00" testType="13cdc9d9-ddb5-4fa4-a97d-d965ccfc6d4b" outcome="Passed" testListId="8c84fa94-04c1-424b-9868-57a2d4851a1d" relativeResultsDirectory="cd375101-5d79-461f-99be-4b60d5c0777b" />
    <UnitTestResult executionId="17c64e37-8172-4f57-bee7-10bdfbe0687a" testId="35a21cfd-ad2b-b819-14e0-5151fe414a07" testName="IntegrationTests.Controllers.ItemControllerTests.GetItemsPage_GetsProperPages(amount: 101, expectedPages: 11)" computerName="fv-az448-595" duration="00:00:00.0450000" startTime="2022-03-13T22:53:18.5282583+00:00" endTime="2022-03-13T22:53:18.5282583+00:00" testType="13cdc9d9-ddb5-4fa4-a97d-d965ccfc6d4b" outcome="Passed" testListId="8c84fa94-04c1-424b-9868-57a2d4851a1d" relativeResultsDirectory="17c64e37-8172-4f57-bee7-10bdfbe0687a" />
    <UnitTestResult executionId="8b7e350a-eda4-4899-841c-d4dec48cbbda" testId="2f8521ee-e0ca-eac4-b453-aa86236fc9b9" testName="IntegrationTests.Controllers.ItemControllerTests.GetItemsPage_SortsDescending" computerName="fv-az448-595" duration="00:00:00.0220000" startTime="2022-03-13T22:53:18.7625585+00:00" endTime="2022-03-13T22:53:18.7625585+00:00" testType="13cdc9d9-ddb5-4fa4-a97d-d965ccfc6d4b" outcome="Passed" testListId="8c84fa94-04c1-424b-9868-57a2d4851a1d" relativeResultsDirectory="8b7e350a-eda4-4899-841c-d4dec48cbbda" />
    <UnitTestResult executionId="42afb0da-4e0a-41aa-a3e6-d085096add55" testId="eb8cb345-7707-0e07-1566-f6a04ceb2670" testName="IntegrationTests.Controllers.ItemControllerTests.CanEdit_Defaults_To_False" computerName="fv-az448-595" duration="00:00:00.0050000" startTime="2022-03-13T22:53:18.3662552+00:00" endTime="2022-03-13T22:53:18.3662552+00:00" testType="13cdc9d9-ddb5-4fa4-a97d-d965ccfc6d4b" outcome="Passed" testListId="8c84fa94-04c1-424b-9868-57a2d4851a1d" relativeResultsDirectory="42afb0da-4e0a-41aa-a3e6-d085096add55" />
    <UnitTestResult executionId="61bf94d1-6663-474c-95e7-5683ef6410a6" testId="9609bc3b-2435-1be2-e2f3-2c6b217c770c" testName="IntegrationTests.Controllers.ItemControllerTests.GetItemsPage_Query_Filters(query: &quot;Missing&quot;, expectedResults: 0)" computerName="fv-az448-595" duration="00:00:00.0460000" startTime="2022-03-13T22:53:18.1412583+00:00" endTime="2022-03-13T22:53:18.1412583+00:00" testType="13cdc9d9-ddb5-4fa4-a97d-d965ccfc6d4b" outcome="Passed" testListId="8c84fa94-04c1-424b-9868-57a2d4851a1d" relativeResultsDirectory="61bf94d1-6663-474c-95e7-5683ef6410a6" />
    <UnitTestResult executionId="2420cfdc-a84d-4752-b788-59ed6db009be" testId="75b07048-5201-d631-649a-c012e65b7444" testName="IntegrationTests.Controllers.ItemControllerTests.GetItemsPage_Query_Filters(query: &quot;Name 10&quot;, expectedResults: 2)" computerName="fv-az448-595" duration="00:00:00.0450000" startTime="2022-03-13T22:53:18.2712587+00:00" endTime="2022-03-13T22:53:18.2712587+00:00" testType="13cdc9d9-ddb5-4fa4-a97d-d965ccfc6d4b" outcome="Passed" testListId="8c84fa94-04c1-424b-9868-57a2d4851a1d" relativeResultsDirectory="2420cfdc-a84d-4752-b788-59ed6db009be" />
  </Results>
  <TestDefinitions>
    <UnitTest name="IntegrationTests.Controllers.ItemControllerTests.GetItemsPage_Query_Filters(query: &quot;Name 10&quot;, expectedResults: 2)" storage="d:\a\mymodule20220313\mymodule20220313\integrationtests\bin\integrationtests.dll" id="75b07048-5201-d631-649a-c012e65b7444">
      <Execution id="2420cfdc-a84d-4752-b788-59ed6db009be" />
      <TestMethod codeBase="D:\a\MyModule20220313\MyModule20220313\IntegrationTests\bin\IntegrationTests.dll" adapterTypeName="executor://xunit/VsTestRunner2/net" className="IntegrationTests.Controllers.ItemControllerTests" name="GetItemsPage_Query_Filters" />
    </UnitTest>
    <UnitTest name="IntegrationTests.Controllers.ItemControllerTests.GetItemsPage_Query_Filters(query: &quot;1&quot;, expectedResults: 20)" storage="d:\a\mymodule20220313\mymodule20220313\integrationtests\bin\integrationtests.dll" id="74f30272-fd7f-9b4e-507d-1c94cc60bb29">
      <Execution id="a72e7cca-a84a-45ae-921d-d31d976af4b3" />
      <TestMethod codeBase="D:\a\MyModule20220313\MyModule20220313\IntegrationTests\bin\IntegrationTests.dll" adapterTypeName="executor://xunit/VsTestRunner2/net" className="IntegrationTests.Controllers.ItemControllerTests" name="GetItemsPage_Query_Filters" />
    </UnitTest>
    <UnitTest name="IntegrationTests.Controllers.ItemControllerTests.GetItemsPage_GetsProperPages(amount: 99, expectedPages: 10)" storage="d:\a\mymodule20220313\mymodule20220313\integrationtests\bin\integrationtests.dll" id="06f0962d-466b-0634-113e-f3863f9b599c">
      <Execution id="7159d7f6-7751-450d-a854-4e05ff82b6ee" />
      <TestMethod codeBase="D:\a\MyModule20220313\MyModule20220313\IntegrationTests\bin\IntegrationTests.dll" adapterTypeName="executor://xunit/VsTestRunner2/net" className="IntegrationTests.Controllers.ItemControllerTests" name="GetItemsPage_GetsProperPages" />
    </UnitTest>
    <UnitTest name="IntegrationTests.Controllers.ItemControllerTests.DeleteItem_DeletesMissingItem" storage="d:\a\mymodule20220313\mymodule20220313\integrationtests\bin\integrationtests.dll" id="fe1c9811-4463-ef95-5296-cdd71ab090b8">
      <Execution id="1985aa6d-070d-40ad-b06a-d4dafe73907e" />
      <TestMethod codeBase="D:\a\MyModule20220313\MyModule20220313\IntegrationTests\bin\IntegrationTests.dll" adapterTypeName="executor://xunit/VsTestRunner2/net" className="IntegrationTests.Controllers.ItemControllerTests" name="DeleteItem_DeletesMissingItem" />
    </UnitTest>
    <UnitTest name="IntegrationTests.Controllers.ItemControllerTests.EditItem_Saves" storage="d:\a\mymodule20220313\mymodule20220313\integrationtests\bin\integrationtests.dll" id="43169439-e722-3696-654b-e380ed8f351d">
      <Execution id="cd375101-5d79-461f-99be-4b60d5c0777b" />
      <TestMethod codeBase="D:\a\MyModule20220313\MyModule20220313\IntegrationTests\bin\IntegrationTests.dll" adapterTypeName="executor://xunit/VsTestRunner2/net" className="IntegrationTests.Controllers.ItemControllerTests" name="EditItem_Saves" />
    </UnitTest>
    <UnitTest name="IntegrationTests.Controllers.ItemControllerTests.CreateItem_Creates(name: &quot;name1&quot;, description: &quot;description1&quot;)" storage="d:\a\mymodule20220313\mymodule20220313\integrationtests\bin\integrationtests.dll" id="c6abb489-2666-fd84-85be-69873a4c76cc">
      <Execution id="448fabd7-16b1-4e0f-b91c-e64130114525" />
      <TestMethod codeBase="D:\a\MyModule20220313\MyModule20220313\IntegrationTests\bin\IntegrationTests.dll" adapterTypeName="executor://xunit/VsTestRunner2/net" className="IntegrationTests.Controllers.ItemControllerTests" name="CreateItem_Creates" />
    </UnitTest>
    <UnitTest name="IntegrationTests.Controllers.ItemControllerTests.GetItemsPage_Query_Filters(query: &quot;&quot;, expectedResults: 100)" storage="d:\a\mymodule20220313\mymodule20220313\integrationtests\bin\integrationtests.dll" id="3b96b54e-967c-6e8f-1ced-4ff4d8370be3">
      <Execution id="a50cb46f-7b94-4e0b-ad20-e24391a1bbff" />
      <TestMethod codeBase="D:\a\MyModule20220313\MyModule20220313\IntegrationTests\bin\IntegrationTests.dll" adapterTypeName="executor://xunit/VsTestRunner2/net" className="IntegrationTests.Controllers.ItemControllerTests" name="GetItemsPage_Query_Filters" />
    </UnitTest>
    <UnitTest name="IntegrationTests.Controllers.ItemControllerTests.GetItemsPage_SortsDescending" storage="d:\a\mymodule20220313\mymodule20220313\integrationtests\bin\integrationtests.dll" id="2f8521ee-e0ca-eac4-b453-aa86236fc9b9">
      <Execution id="8b7e350a-eda4-4899-841c-d4dec48cbbda" />
      <TestMethod codeBase="D:\a\MyModule20220313\MyModule20220313\IntegrationTests\bin\IntegrationTests.dll" adapterTypeName="executor://xunit/VsTestRunner2/net" className="IntegrationTests.Controllers.ItemControllerTests" name="GetItemsPage_SortsDescending" />
    </UnitTest>
    <UnitTest name="IntegrationTests.Controllers.ItemControllerTests.GetItemsPage_Page0_DefaultsToPage1" storage="d:\a\mymodule20220313\mymodule20220313\integrationtests\bin\integrationtests.dll" id="945f4fce-c15e-e09c-9dbf-5879cde58a78">
      <Execution id="9a4f5522-7e8a-4649-b2b9-2a7e1590fd27" />
      <TestMethod codeBase="D:\a\MyModule20220313\MyModule20220313\IntegrationTests\bin\IntegrationTests.dll" adapterTypeName="executor://xunit/VsTestRunner2/net" className="IntegrationTests.Controllers.ItemControllerTests" name="GetItemsPage_Page0_DefaultsToPage1" />
    </UnitTest>
    <UnitTest name="IntegrationTests.Controllers.ItemControllerTests.GetItemsPage_50Items_GetsProperly" storage="d:\a\mymodule20220313\mymodule20220313\integrationtests\bin\integrationtests.dll" id="1450a0ab-3596-66d8-8d08-6506bbe1f61b">
      <Execution id="2ca8de17-ad96-4ca4-b81d-44582189febc" />
      <TestMethod codeBase="D:\a\MyModule20220313\MyModule20220313\IntegrationTests\bin\IntegrationTests.dll" adapterTypeName="executor://xunit/VsTestRunner2/net" className="IntegrationTests.Controllers.ItemControllerTests" name="GetItemsPage_50Items_GetsProperly" />
    </UnitTest>
    <UnitTest name="IntegrationTests.Controllers.ItemControllerTests.GetItemsPage_GetsProperPages(amount: 101, expectedPages: 11)" storage="d:\a\mymodule20220313\mymodule20220313\integrationtests\bin\integrationtests.dll" id="35a21cfd-ad2b-b819-14e0-5151fe414a07">
      <Execution id="17c64e37-8172-4f57-bee7-10bdfbe0687a" />
      <TestMethod codeBase="D:\a\MyModule20220313\MyModule20220313\IntegrationTests\bin\IntegrationTests.dll" adapterTypeName="executor://xunit/VsTestRunner2/net" className="IntegrationTests.Controllers.ItemControllerTests" name="GetItemsPage_GetsProperPages" />
    </UnitTest>
    <UnitTest name="IntegrationTests.Controllers.ItemControllerTests.GetItemsPage_GetsProperPages(amount: 1, expectedPages: 1)" storage="d:\a\mymodule20220313\mymodule20220313\integrationtests\bin\integrationtests.dll" id="c6d15831-7dbe-24e6-d39b-4f317a873a34">
      <Execution id="ff051218-49f5-4029-900a-f4ffcbf9b6c8" />
      <TestMethod codeBase="D:\a\MyModule20220313\MyModule20220313\IntegrationTests\bin\IntegrationTests.dll" adapterTypeName="executor://xunit/VsTestRunner2/net" className="IntegrationTests.Controllers.ItemControllerTests" name="GetItemsPage_GetsProperPages" />
    </UnitTest>
    <UnitTest name="IntegrationTests.Controllers.ItemControllerTests.CreateItem_Creates(name: &quot;name2&quot;, description: &quot;description2&quot;)" storage="d:\a\mymodule20220313\mymodule20220313\integrationtests\bin\integrationtests.dll" id="1ec97a71-0b29-f7c5-72ce-8cf48efa2e36">
      <Execution id="67f87802-cfaa-41de-907f-608f0a3a1393" />
      <TestMethod codeBase="D:\a\MyModule20220313\MyModule20220313\IntegrationTests\bin\IntegrationTests.dll" adapterTypeName="executor://xunit/VsTestRunner2/net" className="IntegrationTests.Controllers.ItemControllerTests" name="CreateItem_Creates" />
    </UnitTest>
    <UnitTest name="IntegrationTests.Controllers.ItemControllerTests.GetItemsPage_SortsAscending" storage="d:\a\mymodule20220313\mymodule20220313\integrationtests\bin\integrationtests.dll" id="4fd078d7-61ec-6e3f-be79-cf322012a0cd">
      <Execution id="85235630-7873-4e6e-bf39-7d7302159b34" />
      <TestMethod codeBase="D:\a\MyModule20220313\MyModule20220313\IntegrationTests\bin\IntegrationTests.dll" adapterTypeName="executor://xunit/VsTestRunner2/net" className="IntegrationTests.Controllers.ItemControllerTests" name="GetItemsPage_SortsAscending" />
    </UnitTest>
    <UnitTest name="IntegrationTests.Controllers.ItemControllerTests.GetItemsPage_PageSize0_DefaultsTo1" storage="d:\a\mymodule20220313\mymodule20220313\integrationtests\bin\integrationtests.dll" id="d18898e3-6995-0d27-8e53-1ced81186e2d">
      <Execution id="e60204ab-8c7f-42da-ac3d-701d5c0b5bf1" />
      <TestMethod codeBase="D:\a\MyModule20220313\MyModule20220313\IntegrationTests\bin\IntegrationTests.dll" adapterTypeName="executor://xunit/VsTestRunner2/net" className="IntegrationTests.Controllers.ItemControllerTests" name="GetItemsPage_PageSize0_DefaultsTo1" />
    </UnitTest>
    <UnitTest name="IntegrationTests.Controllers.ItemControllerTests.GetItemsPage_GetsProperPages(amount: 9, expectedPages: 1)" storage="d:\a\mymodule20220313\mymodule20220313\integrationtests\bin\integrationtests.dll" id="0a429b0b-08a8-36a6-5969-3c31a35cc366">
      <Execution id="0d78f79f-c425-4ed6-b971-b11ba9cf3f37" />
      <TestMethod codeBase="D:\a\MyModule20220313\MyModule20220313\IntegrationTests\bin\IntegrationTests.dll" adapterTypeName="executor://xunit/VsTestRunner2/net" className="IntegrationTests.Controllers.ItemControllerTests" name="GetItemsPage_GetsProperPages" />
    </UnitTest>
    <UnitTest name="IntegrationTests.Controllers.ItemControllerTests.GetItemsPage_GetsProperPages(amount: 10, expectedPages: 1)" storage="d:\a\mymodule20220313\mymodule20220313\integrationtests\bin\integrationtests.dll" id="31a1a77c-5b35-2c19-9bdc-0ee23e06e8f3">
      <Execution id="5453e86a-413e-4194-902f-af049f424790" />
      <TestMethod codeBase="D:\a\MyModule20220313\MyModule20220313\IntegrationTests\bin\IntegrationTests.dll" adapterTypeName="executor://xunit/VsTestRunner2/net" className="IntegrationTests.Controllers.ItemControllerTests" name="GetItemsPage_GetsProperPages" />
    </UnitTest>
    <UnitTest name="IntegrationTests.Controllers.ItemControllerTests.GetItemsPage_Query_Filters(query: &quot;Missing&quot;, expectedResults: 0)" storage="d:\a\mymodule20220313\mymodule20220313\integrationtests\bin\integrationtests.dll" id="9609bc3b-2435-1be2-e2f3-2c6b217c770c">
      <Execution id="61bf94d1-6663-474c-95e7-5683ef6410a6" />
      <TestMethod codeBase="D:\a\MyModule20220313\MyModule20220313\IntegrationTests\bin\IntegrationTests.dll" adapterTypeName="executor://xunit/VsTestRunner2/net" className="IntegrationTests.Controllers.ItemControllerTests" name="GetItemsPage_Query_Filters" />
    </UnitTest>
    <UnitTest name="IntegrationTests.Controllers.ItemControllerTests.DeleteItem_Deletes" storage="d:\a\mymodule20220313\mymodule20220313\integrationtests\bin\integrationtests.dll" id="b2691cfb-5962-80d6-34ac-12efb31ff88e">
      <Execution id="d234cf76-9426-4fa8-9de8-f34209fc6079" />
      <TestMethod codeBase="D:\a\MyModule20220313\MyModule20220313\IntegrationTests\bin\IntegrationTests.dll" adapterTypeName="executor://xunit/VsTestRunner2/net" className="IntegrationTests.Controllers.ItemControllerTests" name="DeleteItem_Deletes" />
    </UnitTest>
    <UnitTest name="IntegrationTests.Controllers.ItemControllerTests.GetItemsPage_Query_Filters(query: &quot;Name 2&quot;, expectedResults: 11)" storage="d:\a\mymodule20220313\mymodule20220313\integrationtests\bin\integrationtests.dll" id="64ce4809-e3f8-8d8e-c808-2938f18aa4d4">
      <Execution id="88c71e51-a260-4318-ba3f-b444cabf9176" />
      <TestMethod codeBase="D:\a\MyModule20220313\MyModule20220313\IntegrationTests\bin\IntegrationTests.dll" adapterTypeName="executor://xunit/VsTestRunner2/net" className="IntegrationTests.Controllers.ItemControllerTests" name="GetItemsPage_Query_Filters" />
    </UnitTest>
    <UnitTest name="IntegrationTests.Controllers.ItemControllerTests.GetItemsPage_Query_Filters(query: &quot;Name 100&quot;, expectedResults: 1)" storage="d:\a\mymodule20220313\mymodule20220313\integrationtests\bin\integrationtests.dll" id="b5a2bbb3-e25b-0d71-cef7-0187c592a682">
      <Execution id="97b911d6-8488-41e7-b241-18e4f9074461" />
      <TestMethod codeBase="D:\a\MyModule20220313\MyModule20220313\IntegrationTests\bin\IntegrationTests.dll" adapterTypeName="executor://xunit/VsTestRunner2/net" className="IntegrationTests.Controllers.ItemControllerTests" name="GetItemsPage_Query_Filters" />
    </UnitTest>
    <UnitTest name="IntegrationTests.Controllers.ServiceRouteMapperTests.RegisterRoutes_RegistersAtLestOneRoute" storage="d:\a\mymodule20220313\mymodule20220313\integrationtests\bin\integrationtests.dll" id="69a7a014-6241-5f0a-e55d-960890e56595">
      <Execution id="60464716-f0e3-4303-bf03-2febe73cc781" />
      <TestMethod codeBase="D:\a\MyModule20220313\MyModule20220313\IntegrationTests\bin\IntegrationTests.dll" adapterTypeName="executor://xunit/VsTestRunner2/net" className="IntegrationTests.Controllers.ServiceRouteMapperTests" name="RegisterRoutes_RegistersAtLestOneRoute" />
    </UnitTest>
    <UnitTest name="IntegrationTests.Controllers.ItemControllerTests.GetItemsPage_Query_Filters(query: &quot;Name 1&quot;, expectedResults: 12)" storage="d:\a\mymodule20220313\mymodule20220313\integrationtests\bin\integrationtests.dll" id="6274cd22-d848-61dd-8233-d29a2f361a38">
      <Execution id="28a62544-fcec-444f-ab33-565bcc2ca985" />
      <TestMethod codeBase="D:\a\MyModule20220313\MyModule20220313\IntegrationTests\bin\IntegrationTests.dll" adapterTypeName="executor://xunit/VsTestRunner2/net" className="IntegrationTests.Controllers.ItemControllerTests" name="GetItemsPage_Query_Filters" />
    </UnitTest>
    <UnitTest name="IntegrationTests.Controllers.ItemControllerTests.CanEdit_Defaults_To_False" storage="d:\a\mymodule20220313\mymodule20220313\integrationtests\bin\integrationtests.dll" id="eb8cb345-7707-0e07-1566-f6a04ceb2670">
      <Execution id="42afb0da-4e0a-41aa-a3e6-d085096add55" />
      <TestMethod codeBase="D:\a\MyModule20220313\MyModule20220313\IntegrationTests\bin\IntegrationTests.dll" adapterTypeName="executor://xunit/VsTestRunner2/net" className="IntegrationTests.Controllers.ItemControllerTests" name="CanEdit_Defaults_To_False" />
    </UnitTest>
  </TestDefinitions>
  <TestEntries>
    <TestEntry testId="4fd078d7-61ec-6e3f-be79-cf322012a0cd" executionId="85235630-7873-4e6e-bf39-7d7302159b34" testListId="8c84fa94-04c1-424b-9868-57a2d4851a1d" />
    <TestEntry testId="d18898e3-6995-0d27-8e53-1ced81186e2d" executionId="e60204ab-8c7f-42da-ac3d-701d5c0b5bf1" testListId="8c84fa94-04c1-424b-9868-57a2d4851a1d" />
    <TestEntry testId="6274cd22-d848-61dd-8233-d29a2f361a38" executionId="28a62544-fcec-444f-ab33-565bcc2ca985" testListId="8c84fa94-04c1-424b-9868-57a2d4851a1d" />
    <TestEntry testId="b5a2bbb3-e25b-0d71-cef7-0187c592a682" executionId="97b911d6-8488-41e7-b241-18e4f9074461" testListId="8c84fa94-04c1-424b-9868-57a2d4851a1d" />
    <TestEntry testId="945f4fce-c15e-e09c-9dbf-5879cde58a78" executionId="9a4f5522-7e8a-4649-b2b9-2a7e1590fd27" testListId="8c84fa94-04c1-424b-9868-57a2d4851a1d" />
    <TestEntry testId="31a1a77c-5b35-2c19-9bdc-0ee23e06e8f3" executionId="5453e86a-413e-4194-902f-af049f424790" testListId="8c84fa94-04c1-424b-9868-57a2d4851a1d" />
    <TestEntry testId="c6abb489-2666-fd84-85be-69873a4c76cc" executionId="448fabd7-16b1-4e0f-b91c-e64130114525" testListId="8c84fa94-04c1-424b-9868-57a2d4851a1d" />
    <TestEntry testId="0a429b0b-08a8-36a6-5969-3c31a35cc366" executionId="0d78f79f-c425-4ed6-b971-b11ba9cf3f37" testListId="8c84fa94-04c1-424b-9868-57a2d4851a1d" />
    <TestEntry testId="64ce4809-e3f8-8d8e-c808-2938f18aa4d4" executionId="88c71e51-a260-4318-ba3f-b444cabf9176" testListId="8c84fa94-04c1-424b-9868-57a2d4851a1d" />
    <TestEntry testId="1450a0ab-3596-66d8-8d08-6506bbe1f61b" executionId="2ca8de17-ad96-4ca4-b81d-44582189febc" testListId="8c84fa94-04c1-424b-9868-57a2d4851a1d" />
    <TestEntry testId="b2691cfb-5962-80d6-34ac-12efb31ff88e" executionId="d234cf76-9426-4fa8-9de8-f34209fc6079" testListId="8c84fa94-04c1-424b-9868-57a2d4851a1d" />
    <TestEntry testId="74f30272-fd7f-9b4e-507d-1c94cc60bb29" executionId="a72e7cca-a84a-45ae-921d-d31d976af4b3" testListId="8c84fa94-04c1-424b-9868-57a2d4851a1d" />
    <TestEntry testId="06f0962d-466b-0634-113e-f3863f9b599c" executionId="7159d7f6-7751-450d-a854-4e05ff82b6ee" testListId="8c84fa94-04c1-424b-9868-57a2d4851a1d" />
    <TestEntry testId="fe1c9811-4463-ef95-5296-cdd71ab090b8" executionId="1985aa6d-070d-40ad-b06a-d4dafe73907e" testListId="8c84fa94-04c1-424b-9868-57a2d4851a1d" />
    <TestEntry testId="1ec97a71-0b29-f7c5-72ce-8cf48efa2e36" executionId="67f87802-cfaa-41de-907f-608f0a3a1393" testListId="8c84fa94-04c1-424b-9868-57a2d4851a1d" />
    <TestEntry testId="c6d15831-7dbe-24e6-d39b-4f317a873a34" executionId="ff051218-49f5-4029-900a-f4ffcbf9b6c8" testListId="8c84fa94-04c1-424b-9868-57a2d4851a1d" />
    <TestEntry testId="3b96b54e-967c-6e8f-1ced-4ff4d8370be3" executionId="a50cb46f-7b94-4e0b-ad20-e24391a1bbff" testListId="8c84fa94-04c1-424b-9868-57a2d4851a1d" />
    <TestEntry testId="69a7a014-6241-5f0a-e55d-960890e56595" executionId="60464716-f0e3-4303-bf03-2febe73cc781" testListId="8c84fa94-04c1-424b-9868-57a2d4851a1d" />
    <TestEntry testId="43169439-e722-3696-654b-e380ed8f351d" executionId="cd375101-5d79-461f-99be-4b60d5c0777b" testListId="8c84fa94-04c1-424b-9868-57a2d4851a1d" />
    <TestEntry testId="35a21cfd-ad2b-b819-14e0-5151fe414a07" executionId="17c64e37-8172-4f57-bee7-10bdfbe0687a" testListId="8c84fa94-04c1-424b-9868-57a2d4851a1d" />
    <TestEntry testId="2f8521ee-e0ca-eac4-b453-aa86236fc9b9" executionId="8b7e350a-eda4-4899-841c-d4dec48cbbda" testListId="8c84fa94-04c1-424b-9868-57a2d4851a1d" />
    <TestEntry testId="eb8cb345-7707-0e07-1566-f6a04ceb2670" executionId="42afb0da-4e0a-41aa-a3e6-d085096add55" testListId="8c84fa94-04c1-424b-9868-57a2d4851a1d" />
    <TestEntry testId="9609bc3b-2435-1be2-e2f3-2c6b217c770c" executionId="61bf94d1-6663-474c-95e7-5683ef6410a6" testListId="8c84fa94-04c1-424b-9868-57a2d4851a1d" />
    <TestEntry testId="75b07048-5201-d631-649a-c012e65b7444" executionId="2420cfdc-a84d-4752-b788-59ed6db009be" testListId="8c84fa94-04c1-424b-9868-57a2d4851a1d" />
  </TestEntries>
  <TestLists>
    <TestList name="Results Not in a List" id="8c84fa94-04c1-424b-9868-57a2d4851a1d" />
    <TestList name="All Loaded Results" id="19431567-8539-422a-85d7-44ee4e166bda" />
  </TestLists>
  <ResultSummary outcome="Completed">
    <Counters total="24" executed="24" passed="24" failed="0" error="0" timeout="0" aborted="0" inconclusive="0" passedButRunAborted="0" notRunnable="0" notExecuted="0" disconnected="0" warning="0" completed="0" inProgress="0" pending="0" />
    <Output>
      <StdOut>[xUnit.net 00:00:00.04] xUnit.net VSTest Adapter v2.4.3+1b45f5407b (32-bit Desktop .NET 4.0.30319.42000)&#xD;
[xUnit.net 00:00:01.06]   Discovering: IntegrationTests&#xD;
[xUnit.net 00:00:01.38]   Discovered:  IntegrationTests&#xD;
[xUnit.net 00:00:01.38]   Starting:    IntegrationTests&#xD;
[xUnit.net 00:00:08.31]   Finished:    IntegrationTests&#xD;
</StdOut>
    </Output>
  </ResultSummary>
</TestRun>